

!!!!!!!!!!!!!!!!!!!!!!!!!!!!Sending message1!!!!!!!!!!!!!!!!!!!!!!!!!!!!


\ sending message1:


220 mx-172-26-202-87.openwave.com ESMTP server (InterMail vM.9.05.00.00 201-2473-137-116) ready Sun, 11 Jun 2017 18:51:24 -0700
250 Sender <xx2> Ok
250 Recipient <xx1> Ok
354 Ok Send data ending with <CRLF>.<CRLF>
250 Message received: 20170612015125.AFI32283.mx-172-26-202-87.openwave.com@[10.37.2.214]
221 mx-172-26-202-87.openwave.com ESMTP server closing connection


!!!!!!!!!!!!!!!!!!!!!!!!!!!!Sending message2!!!!!!!!!!!!!!!!!!!!!!!!!!!!


\ sending message2:


220 mx-172-26-202-87.openwave.com ESMTP server (InterMail vM.9.05.00.00 201-2473-137-116) ready Sun, 11 Jun 2017 18:51:26 -0700
250 Sender <xx2> Ok
250 Recipient <xx1> Ok
354 Ok Send data ending with <CRLF>.<CRLF>
250 Message received: 20170612015126.AFJ32283.mx-172-26-202-87.openwave.com@[10.37.2.214]
221 mx-172-26-202-87.openwave.com ESMTP server closing connection


!!!!!!!!!!!!!!!!!!!!!!!!!!!!Sending message3!!!!!!!!!!!!!!!!!!!!!!!!!!!!


\ sending message3:


220 mx-172-26-202-87.openwave.com ESMTP server (InterMail vM.9.05.00.00 201-2473-137-116) ready Sun, 11 Jun 2017 18:51:27 -0700
250 Sender <xx2> Ok
250 Recipient <xx1> Ok
354 Ok Send data ending with <CRLF>.<CRLF>
250 Message received: 20170612015128.AFK32283.mx-172-26-202-87.openwave.com@[10.37.2.214]
221 mx-172-26-202-87.openwave.com ESMTP server closing connection


!!!!!!!!!!!!!!!!!!!!!!!!!!!!Sending message4!!!!!!!!!!!!!!!!!!!!!!!!!!!!


\ sending message4:


220 mx-172-26-202-87.openwave.com ESMTP server (InterMail vM.9.05.00.00 201-2473-137-116) ready Sun, 11 Jun 2017 18:51:29 -0700
250 Sender <xx2> Ok
250 Recipient <xx1> Ok
354 Ok Send data ending with <CRLF>.<CRLF>
250 Message received: 20170612015130.AFL32283.mx-172-26-202-87.openwave.com@[10.37.2.214]
221 mx-172-26-202-87.openwave.com ESMTP server closing connection


!!!!!!!!!!!!!!!!!!!!!!!!!!!!Sending message5!!!!!!!!!!!!!!!!!!!!!!!!!!!!


\ sending message5:


220 mx-172-26-202-87.openwave.com ESMTP server (InterMail vM.9.05.00.00 201-2473-137-116) ready Sun, 11 Jun 2017 18:51:31 -0700
250 Sender <xx2> Ok
250 Recipient <xx1> Ok
354 Ok Send data ending with <CRLF>.<CRLF>
250 Message received: 20170612015131.AFM32283.mx-172-26-202-87.openwave.com@[10.37.2.214]
221 mx-172-26-202-87.openwave.com ESMTP server closing connection


!!!!!!!!!!!!!!!!!!!!!!!!!!!!Sending message6!!!!!!!!!!!!!!!!!!!!!!!!!!!!


\ sending message6:


220 mx-172-26-202-87.openwave.com ESMTP server (InterMail vM.9.05.00.00 201-2473-137-116) ready Sun, 11 Jun 2017 18:51:32 -0700
250 Sender <xx2> Ok
250 Recipient <xx1> Ok
354 Ok Send data ending with <CRLF>.<CRLF>
250 Message received: 20170612015133.AFN32283.mx-172-26-202-87.openwave.com@[10.37.2.214]
221 mx-172-26-202-87.openwave.com ESMTP server closing connection


!!!!!!!!!!!!!!!!!!!!!!!!!!!!Sending message7!!!!!!!!!!!!!!!!!!!!!!!!!!!!


\ sending message7:


220 mx-172-26-202-87.openwave.com ESMTP server (InterMail vM.9.05.00.00 201-2473-137-116) ready Sun, 11 Jun 2017 18:51:34 -0700
250 Sender <xx2> Ok
250 Recipient <xx1> Ok
354 Ok Send data ending with <CRLF>.<CRLF>
250 Message received: 20170612015134.AFO32283.mx-172-26-202-87.openwave.com@[10.37.2.214]
221 mx-172-26-202-87.openwave.com ESMTP server closing connection


!!!!!!!!!!!!!!!!!!!!!!!!!!!!Sending message8!!!!!!!!!!!!!!!!!!!!!!!!!!!!


\ sending message8:


220 mx-172-26-202-87.openwave.com ESMTP server (InterMail vM.9.05.00.00 201-2473-137-116) ready Sun, 11 Jun 2017 18:51:35 -0700
250 Sender <xx2> Ok
250 Recipient <xx1> Ok
354 Ok Send data ending with <CRLF>.<CRLF>
250 Message received: 20170612015136.AFP32283.mx-172-26-202-87.openwave.com@[10.37.2.214]
221 mx-172-26-202-87.openwave.com ESMTP server closing connection


!!!!!!!!!!!!!!!!!!!!!!!!!!!!Sending message9!!!!!!!!!!!!!!!!!!!!!!!!!!!!


\ sending message9:


220 mx-172-26-202-87.openwave.com ESMTP server (InterMail vM.9.05.00.00 201-2473-137-116) ready Sun, 11 Jun 2017 18:51:37 -0700
250 Sender <xx2> Ok
250 Recipient <xx1> Ok
354 Ok Send data ending with <CRLF>.<CRLF>
250 Message received: 20170612015137.AFQ32283.mx-172-26-202-87.openwave.com@[10.37.2.214]
221 mx-172-26-202-87.openwave.com ESMTP server closing connection


!!!!!!!!!!!!!!!!!!!!!!!!!!!!Sending message10!!!!!!!!!!!!!!!!!!!!!!!!!!!!


\ sending message10:


220 mx-172-26-202-87.openwave.com ESMTP server (InterMail vM.9.05.00.00 201-2473-137-116) ready Sun, 11 Jun 2017 18:51:38 -0700
250 Sender <xx2> Ok
250 Recipient <xx1> Ok
354 Ok Send data ending with <CRLF>.<CRLF>
250 Message received: 20170612015139.AFR32283.mx-172-26-202-87.openwave.com@[10.37.2.214]
221 mx-172-26-202-87.openwave.com ESMTP server closing connection


!!!!!!!!!!!!!!!!!!!!!!!!!!!!Sending message11!!!!!!!!!!!!!!!!!!!!!!!!!!!!


\ sending message11:


220 mx-172-26-202-87.openwave.com ESMTP server (InterMail vM.9.05.00.00 201-2473-137-116) ready Sun, 11 Jun 2017 18:51:40 -0700
250 Sender <xx2> Ok
250 Recipient <xx1> Ok
354 Ok Send data ending with <CRLF>.<CRLF>
250 Message received: 20170612015141.AFS32283.mx-172-26-202-87.openwave.com@[10.37.2.214]
221 mx-172-26-202-87.openwave.com ESMTP server closing connection


!!!!!!!!!!!!!!!!!!!!!!!!!!!!Sending message12!!!!!!!!!!!!!!!!!!!!!!!!!!!!


\ sending message12:


220 mx-172-26-202-87.openwave.com ESMTP server (InterMail vM.9.05.00.00 201-2473-137-116) ready Sun, 11 Jun 2017 18:51:42 -0700
250 Sender <xx2> Ok
250 Recipient <xx1> Ok
354 Ok Send data ending with <CRLF>.<CRLF>
250 Message received: 20170612015142.AFT32283.mx-172-26-202-87.openwave.com@[10.37.2.214]
221 mx-172-26-202-87.openwave.com ESMTP server closing connection


!!!!!!!!!!!!!!!!!!!!!!!!!!!!Sending message13!!!!!!!!!!!!!!!!!!!!!!!!!!!!


\ sending message13:


220 mx-172-26-202-87.openwave.com ESMTP server (InterMail vM.9.05.00.00 201-2473-137-116) ready Sun, 11 Jun 2017 18:51:43 -0700
250 Sender <xx2> Ok
250 Recipient <xx1> Ok
354 Ok Send data ending with <CRLF>.<CRLF>
250 Message received: 20170612015144.AFU32283.mx-172-26-202-87.openwave.com@[10.37.2.214]
221 mx-172-26-202-87.openwave.com ESMTP server closing connection


!!!!!!!!!!!!!!!!!!!!!!!!!!!!Sending message14!!!!!!!!!!!!!!!!!!!!!!!!!!!!


\ sending message14:


220 mx-172-26-202-87.openwave.com ESMTP server (InterMail vM.9.05.00.00 201-2473-137-116) ready Sun, 11 Jun 2017 18:51:45 -0700
250 Sender <xx2> Ok
250 Recipient <xx1> Ok
354 Ok Send data ending with <CRLF>.<CRLF>
250 Message received: 20170612015145.AFV32283.mx-172-26-202-87.openwave.com@[10.37.2.214]
221 mx-172-26-202-87.openwave.com ESMTP server closing connection


!!!!!!!!!!!!!!!!!!!!!!!!!!!!Sending message15!!!!!!!!!!!!!!!!!!!!!!!!!!!!


\ sending message15:


220 mx-172-26-202-87.openwave.com ESMTP server (InterMail vM.9.05.00.00 201-2473-137-116) ready Sun, 11 Jun 2017 18:51:46 -0700
250 Sender <xx2> Ok
250 Recipient <xx1> Ok
354 Ok Send data ending with <CRLF>.<CRLF>
250 Message received: 20170612015147.AFW32283.mx-172-26-202-87.openwave.com@[10.37.2.214]
221 mx-172-26-202-87.openwave.com ESMTP server closing connection


!!!!!!!!!!!!!!!!!!!!!!!!!!!!Sending message16!!!!!!!!!!!!!!!!!!!!!!!!!!!!


\ sending message16:


220 mx-172-26-202-87.openwave.com ESMTP server (InterMail vM.9.05.00.00 201-2473-137-116) ready Sun, 11 Jun 2017 18:51:48 -0700
250 Sender <xx2> Ok
250 Recipient <xx1> Ok
354 Ok Send data ending with <CRLF>.<CRLF>
250 Message received: 20170612015148.AFX32283.mx-172-26-202-87.openwave.com@[10.37.2.214]
221 mx-172-26-202-87.openwave.com ESMTP server closing connection


!!!!!!!!!!!!!!!!!!!!!!!!!!!!Sending message17!!!!!!!!!!!!!!!!!!!!!!!!!!!!


\ sending message17:


220 mx-172-26-202-87.openwave.com ESMTP server (InterMail vM.9.05.00.00 201-2473-137-116) ready Sun, 11 Jun 2017 18:51:49 -0700
250 Sender <xx2> Ok
250 Recipient <xx1> Ok
354 Ok Send data ending with <CRLF>.<CRLF>
250 Message received: 20170612015150.AFY32283.mx-172-26-202-87.openwave.com@[10.37.2.214]
221 mx-172-26-202-87.openwave.com ESMTP server closing connection


!!!!!!!!!!!!!!!!!!!!!!!!!!!!Sending message18!!!!!!!!!!!!!!!!!!!!!!!!!!!!


\ sending message18:


220 mx-172-26-202-87.openwave.com ESMTP server (InterMail vM.9.05.00.00 201-2473-137-116) ready Sun, 11 Jun 2017 18:51:51 -0700
250 Sender <xx2> Ok
250 Recipient <xx1> Ok
354 Ok Send data ending with <CRLF>.<CRLF>
250 Message received: 20170612015151.AFZ32283.mx-172-26-202-87.openwave.com@[10.37.2.214]
221 mx-172-26-202-87.openwave.com ESMTP server closing connection


!!!!!!!!!!!!!!!!!!!!!!!!!!!!Sending message19!!!!!!!!!!!!!!!!!!!!!!!!!!!!


\ sending message19:


220 mx-172-26-202-87.openwave.com ESMTP server (InterMail vM.9.05.00.00 201-2473-137-116) ready Sun, 11 Jun 2017 18:51:52 -0700
250 Sender <xx2> Ok
250 Recipient <xx1> Ok
354 Ok Send data ending with <CRLF>.<CRLF>
250 Message received: 20170612015153.AGA32283.mx-172-26-202-87.openwave.com@[10.37.2.214]
221 mx-172-26-202-87.openwave.com ESMTP server closing connection


!!!!!!!!!!!!!!!!!!!!!!!!!!!!Sending message20!!!!!!!!!!!!!!!!!!!!!!!!!!!!


\ sending message20:


220 mx-172-26-202-87.openwave.com ESMTP server (InterMail vM.9.05.00.00 201-2473-137-116) ready Sun, 11 Jun 2017 18:51:54 -0700
250 Sender <xx2> Ok
250 Recipient <xx1> Ok
354 Ok Send data ending with <CRLF>.<CRLF>
250 Message received: 20170612015154.AGB32283.mx-172-26-202-87.openwave.com@[10.37.2.214]
221 mx-172-26-202-87.openwave.com ESMTP server closing connection


!!!!!!!!!!!!!!!!!!!!!!!!!!!!Sending message21!!!!!!!!!!!!!!!!!!!!!!!!!!!!


\ sending message21:


220 mx-172-26-202-87.openwave.com ESMTP server (InterMail vM.9.05.00.00 201-2473-137-116) ready Sun, 11 Jun 2017 18:51:55 -0700
250 Sender <xx2> Ok
250 Recipient <xx1> Ok
354 Ok Send data ending with <CRLF>.<CRLF>
250 Message received: 20170612015156.AGC32283.mx-172-26-202-87.openwave.com@[10.37.2.214]
221 mx-172-26-202-87.openwave.com ESMTP server closing connection


!!!!!!!!!!!!!!!!!!!!!!!!!!!!Sending message22!!!!!!!!!!!!!!!!!!!!!!!!!!!!


\ sending message22:


220 mx-172-26-202-87.openwave.com ESMTP server (InterMail vM.9.05.00.00 201-2473-137-116) ready Sun, 11 Jun 2017 18:51:57 -0700
250 Sender <xx2> Ok
250 Recipient <xx1> Ok
354 Ok Send data ending with <CRLF>.<CRLF>
250 Message received: 20170612015157.AGD32283.mx-172-26-202-87.openwave.com@[10.37.2.214]
221 mx-172-26-202-87.openwave.com ESMTP server closing connection


!!!!!!!!!!!!!!!!!!!!!!!!!!!!Sending message23!!!!!!!!!!!!!!!!!!!!!!!!!!!!


\ sending message23:


220 mx-172-26-202-87.openwave.com ESMTP server (InterMail vM.9.05.00.00 201-2473-137-116) ready Sun, 11 Jun 2017 18:51:58 -0700
250 Sender <xx2> Ok
250 Recipient <xx1> Ok
354 Ok Send data ending with <CRLF>.<CRLF>
250 Message received: 20170612015159.AGE32283.mx-172-26-202-87.openwave.com@[10.37.2.214]
221 mx-172-26-202-87.openwave.com ESMTP server closing connection


!!!!!!!!!!!!!!!!!!!!!!!!!!!!Sending message24!!!!!!!!!!!!!!!!!!!!!!!!!!!!


\ sending message24:


220 mx-172-26-202-87.openwave.com ESMTP server (InterMail vM.9.05.00.00 201-2473-137-116) ready Sun, 11 Jun 2017 18:52:00 -0700
250 Sender <xx2> Ok
250 Recipient <xx1> Ok
354 Ok Send data ending with <CRLF>.<CRLF>
250 Message received: 20170612015200.AGF32283.mx-172-26-202-87.openwave.com@[10.37.2.214]
221 mx-172-26-202-87.openwave.com ESMTP server closing connection


!!!!!!!!!!!!!!!!!!!!!!!!!!!!Sending message25!!!!!!!!!!!!!!!!!!!!!!!!!!!!


\ sending message25:


220 mx-172-26-202-87.openwave.com ESMTP server (InterMail vM.9.05.00.00 201-2473-137-116) ready Sun, 11 Jun 2017 18:52:01 -0700
250 Sender <xx2> Ok
250 Recipient <xx1> Ok
354 Ok Send data ending with <CRLF>.<CRLF>
250 Message received: 20170612015202.AGG32283.mx-172-26-202-87.openwave.com@[10.37.2.214]
221 mx-172-26-202-87.openwave.com ESMTP server closing connection


!!!!!!!!!!!!!!!!!!!!!!!!!!!!Sending message26!!!!!!!!!!!!!!!!!!!!!!!!!!!!


\ sending message26:


220 mx-172-26-202-87.openwave.com ESMTP server (InterMail vM.9.05.00.00 201-2473-137-116) ready Sun, 11 Jun 2017 18:52:03 -0700
250 Sender <xx2> Ok
250 Recipient <xx1> Ok
354 Ok Send data ending with <CRLF>.<CRLF>
250 Message received: 20170612015203.AGH32283.mx-172-26-202-87.openwave.com@[10.37.2.214]
221 mx-172-26-202-87.openwave.com ESMTP server closing connection
