
!!!!!!!!!!!!!!!!!!!!!!!!!!!!fetching first line data!!!!!!!!!!!!!!!!!!!!!!!!!!!!!
* OK IMAP4 server (InterMail vM.9.05.01.00 201-2473-137-123) ready Thu, 16 Nov 2017 08:28:43 +0000 (GMT)
a OK LOGIN completed
* 26 EXISTS
* OK [UNSEEN 1] First unseen message
* OK [UIDVALIDITY 1510820600] UIDs valid
* OK [UIDNEXT 1209] Predicted next UID
* FLAGS (\Answered \Flagged \Deleted \Draft \Seen)
* OK [PERMANENTFLAGS (\* \Answered \Flagged \Deleted \Draft \Seen)] Permanent flags
* 26 RECENT
a OK [READ-WRITE] SELECT completed
* 1 FETCH (RFC822 {607}
Return-Path: <xx2@openwave.com>
Received: from [10.37.2.214] by mx-10-49-58-127.openwave.com
          (InterMail vM.9.05.01.00 201-2473-137-123) with SMTP
          id <20171116082820.ADA522.mx-10-49-58-127.openwave.com@[10.37.2.214]>
          for <xx1@openwave.com>; Thu, 16 Nov 2017 08:28:20 +0000
subject: testemail-Ascii-CRLF-quoted-printable
MIME-Version: 1.0
Content-Type: text/plain; charset=utf-8
Content-Transfer-Encoding: quoted-printable
Date: Thu, 16 Nov 2017 08:28:20 +0000
Message-Id: <20171116082820.ADA522.mx-10-49-58-127.openwave.com@[10.37.2.214]>
From: <xx2@openwave.com>

 FLAGS (\Recent \Seen))
* 2 FETCH (RFC822 {648}
Return-Path: <xx2@openwave.com>
Received: from [10.37.2.214] by mx-10-49-58-127.openwave.com
          (InterMail vM.9.05.01.00 201-2473-137-123) with SMTP
          id <20171116082821.ADB522.mx-10-49-58-127.openwave.com@[10.37.2.214]>
          for <xx1@openwave.com>; Thu, 16 Nov 2017 08:28:21 +0000
subject: testemail-Ascii-CRLF-quoted-printable
MIME-Version: 1.0
Content-Type: text/plain; charset=utf-8
Content-Transfer-Encoding: quoted-printable
Date: Thu, 16 Nov 2017 08:28:21 +0000
Message-Id: <20171116082821.ADB522.mx-10-49-58-127.openwave.com@[10.37.2.214]>
From: <xx2@openwave.com>

To be or not to be.That is a question.=
 FLAGS (\Recent \Seen))
* 3 FETCH (RFC822 {653}
Return-Path: <xx2@openwave.com>
Received: from [10.37.2.214] by mx-10-49-58-127.openwave.com
          (InterMail vM.9.05.01.00 201-2473-137-123) with SMTP
          id <20171116082822.ADC522.mx-10-49-58-127.openwave.com@[10.37.2.214]>
          for <xx1@openwave.com>; Thu, 16 Nov 2017 08:28:22 +0000
subject: testemail-Ascii-CRLF-quoted-printable
MIME-Version: 1.0
Content-Type: text/plain; charset=utf-8
Content-Transfer-Encoding: quoted-printable
Date: Thu, 16 Nov 2017 08:28:22 +0000
Message-Id: <20171116082822.ADC522.mx-10-49-58-127.openwave.com@[10.37.2.214]>
From: <xx2@openwave.com>

     To be or not to be.That is a question.=
 FLAGS (\Recent \Seen))
* 4 FETCH (RFC822 {653}
Return-Path: <xx2@openwave.com>
Received: from [10.37.2.214] by mx-10-49-58-127.openwave.com
          (InterMail vM.9.05.01.00 201-2473-137-123) with SMTP
          id <20171116082822.ADD522.mx-10-49-58-127.openwave.com@[10.37.2.214]>
          for <xx1@openwave.com>; Thu, 16 Nov 2017 08:28:22 +0000
subject: testemail-Ascii-CRLF-quoted-printable
MIME-Version: 1.0
Content-Type: text/plain; charset=utf-8
Content-Transfer-Encoding: quoted-printable
Date: Thu, 16 Nov 2017 08:28:22 +0000
Message-Id: <20171116082822.ADD522.mx-10-49-58-127.openwave.com@[10.37.2.214]>
From: <xx2@openwave.com>

To be or not to be     .That is a question.=
 FLAGS (\Recent \Seen))
* 5 FETCH (RFC822 {655}
Return-Path: <xx2@openwave.com>
Received: from [10.37.2.214] by mx-10-49-58-127.openwave.com
          (InterMail vM.9.05.01.00 201-2473-137-123) with SMTP
          id <20171116082823.ADE522.mx-10-49-58-127.openwave.com@[10.37.2.214]>
          for <xx1@openwave.com>; Thu, 16 Nov 2017 08:28:23 +0000
subject: testemail-Ascii-CRLF-quoted-printable
MIME-Version: 1.0
Content-Type: text/plain; charset=utf-8
Content-Transfer-Encoding: quoted-printable
Date: Thu, 16 Nov 2017 08:28:23 +0000
Message-Id: <20171116082823.ADE522.mx-10-49-58-127.openwave.com@[10.37.2.214]>
From: <xx2@openwave.com>

To be or not to be.That is a question.    =20=
 FLAGS (\Recent \Seen))
* 6 FETCH (RFC822 {678}
Return-Path: <xx2@openwave.com>
Received: from [10.37.2.214] by mx-10-49-58-127.openwave.com
          (InterMail vM.9.05.01.00 201-2473-137-123) with SMTP
          id <20171116082824.ADF522.mx-10-49-58-127.openwave.com@[10.37.2.214]>
          for <xx1@openwave.com>; Thu, 16 Nov 2017 08:28:24 +0000
subject: testemail-Ascii-CRLF-quoted-printable
MIME-Version: 1.0
Content-Type: text/plain; charset=utf-8
Content-Transfer-Encoding: quoted-printable
Date: Thu, 16 Nov 2017 08:28:24 +0000
Message-Id: <20171116082824.ADF522.mx-10-49-58-127.openwave.com@[10.37.2.214]>
From: <xx2@openwave.com>

The lunatic,
the lover and the poet are of imagination all compact.=
 FLAGS (\Recent \Seen))
* 7 FETCH (RFC822 {683}
Return-Path: <xx2@openwave.com>
Received: from [10.37.2.214] by mx-10-49-58-127.openwave.com
          (InterMail vM.9.05.01.00 201-2473-137-123) with SMTP
          id <20171116082825.ADG522.mx-10-49-58-127.openwave.com@[10.37.2.214]>
          for <xx1@openwave.com>; Thu, 16 Nov 2017 08:28:25 +0000
subject: testemail-Ascii-CRLF-quoted-printable
MIME-Version: 1.0
Content-Type: text/plain; charset=utf-8
Content-Transfer-Encoding: quoted-printable
Date: Thu, 16 Nov 2017 08:28:25 +0000
Message-Id: <20171116082825.ADG522.mx-10-49-58-127.openwave.com@[10.37.2.214]>
From: <xx2@openwave.com>

     The lunatic,
the lover and the poet are of imagination all compact.=
 FLAGS (\Recent \Seen))
* 8 FETCH (RFC822 {683}
Return-Path: <xx2@openwave.com>
Received: from [10.37.2.214] by mx-10-49-58-127.openwave.com
          (InterMail vM.9.05.01.00 201-2473-137-123) with SMTP
          id <20171116082826.ADH522.mx-10-49-58-127.openwave.com@[10.37.2.214]>
          for <xx1@openwave.com>; Thu, 16 Nov 2017 08:28:26 +0000
subject: testemail-Ascii-CRLF-quoted-printable
MIME-Version: 1.0
Content-Type: text/plain; charset=utf-8
Content-Transfer-Encoding: quoted-printable
Date: Thu, 16 Nov 2017 08:28:26 +0000
Message-Id: <20171116082826.ADH522.mx-10-49-58-127.openwave.com@[10.37.2.214]>
From: <xx2@openwave.com>

The lunatic,
     the lover and the poet are of imagination all compact.=
 FLAGS (\Recent \Seen))
* 9 FETCH (RFC822 {685}
Return-Path: <xx2@openwave.com>
Received: from [10.37.2.214] by mx-10-49-58-127.openwave.com
          (InterMail vM.9.05.01.00 201-2473-137-123) with SMTP
          id <20171116082827.ADI522.mx-10-49-58-127.openwave.com@[10.37.2.214]>
          for <xx1@openwave.com>; Thu, 16 Nov 2017 08:28:27 +0000
subject: testemail-Ascii-CRLF-quoted-printable
MIME-Version: 1.0
Content-Type: text/plain; charset=utf-8
Content-Transfer-Encoding: quoted-printable
Date: Thu, 16 Nov 2017 08:28:27 +0000
Message-Id: <20171116082827.ADI522.mx-10-49-58-127.openwave.com@[10.37.2.214]>
From: <xx2@openwave.com>

The lunatic,
the lover and the poet are of imagination all compact.    =20=
 FLAGS (\Recent \Seen))
* 10 FETCH (RFC822 {693}
Return-Path: <xx2@openwave.com>
Received: from [10.37.2.214] by mx-10-49-58-127.openwave.com
          (InterMail vM.9.05.01.00 201-2473-137-123) with SMTP
          id <20171116082828.ADJ522.mx-10-49-58-127.openwave.com@[10.37.2.214]>
          for <xx1@openwave.com>; Thu, 16 Nov 2017 08:28:28 +0000
subject: testemail-Ascii-CRLF-quoted-printable
MIME-Version: 1.0
Content-Type: text/plain; charset=utf-8
Content-Transfer-Encoding: quoted-printable
Date: Thu, 16 Nov 2017 08:28:28 +0000
Message-Id: <20171116082828.ADJ522.mx-10-49-58-127.openwave.com@[10.37.2.214]>
From: <xx2@openwave.com>

The lunatic, the lover and the poet are of imagination all compact. (A Mids=
ummer=
 FLAGS (\Recent \Seen))
* 11 FETCH (RFC822 {693}
Return-Path: <xx2@openwave.com>
Received: from [10.37.2.214] by mx-10-49-58-127.openwave.com
          (InterMail vM.9.05.01.00 201-2473-137-123) with SMTP
          id <20171116082828.ADK522.mx-10-49-58-127.openwave.com@[10.37.2.214]>
          for <xx1@openwave.com>; Thu, 16 Nov 2017 08:28:28 +0000
subject: testemail-Ascii-CRLF-quoted-printable
MIME-Version: 1.0
Content-Type: text/plain; charset=utf-8
Content-Transfer-Encoding: quoted-printable
Date: Thu, 16 Nov 2017 08:28:28 +0000
Message-Id: <20171116082828.ADK522.mx-10-49-58-127.openwave.com@[10.37.2.214]>
From: <xx2@openwave.com>

     The lunatic, the lover and the poet are of imagination all compact. (A=
 Mids=
 FLAGS (\Recent \Seen))
* 12 FETCH (RFC822 {693}
Return-Path: <xx2@openwave.com>
Received: from [10.37.2.214] by mx-10-49-58-127.openwave.com
          (InterMail vM.9.05.01.00 201-2473-137-123) with SMTP
          id <20171116082829.ADL522.mx-10-49-58-127.openwave.com@[10.37.2.214]>
          for <xx1@openwave.com>; Thu, 16 Nov 2017 08:28:29 +0000
subject: testemail-Ascii-CRLF-quoted-printable
MIME-Version: 1.0
Content-Type: text/plain; charset=utf-8
Content-Transfer-Encoding: quoted-printable
Date: Thu, 16 Nov 2017 08:28:29 +0000
Message-Id: <20171116082829.ADL522.mx-10-49-58-127.openwave.com@[10.37.2.214]>
From: <xx2@openwave.com>

The lunatic, the lover and the po     et are of imagination all compact. (A=
 Mids=
 FLAGS (\Recent \Seen))
* 13 FETCH (RFC822 {695}
Return-Path: <xx2@openwave.com>
Received: from [10.37.2.214] by mx-10-49-58-127.openwave.com
          (InterMail vM.9.05.01.00 201-2473-137-123) with SMTP
          id <20171116082830.ADM522.mx-10-49-58-127.openwave.com@[10.37.2.214]>
          for <xx1@openwave.com>; Thu, 16 Nov 2017 08:28:30 +0000
subject: testemail-Ascii-CRLF-quoted-printable
MIME-Version: 1.0
Content-Type: text/plain; charset=utf-8
Content-Transfer-Encoding: quoted-printable
Date: Thu, 16 Nov 2017 08:28:30 +0000
Message-Id: <20171116082830.ADM522.mx-10-49-58-127.openwave.com@[10.37.2.214]>
From: <xx2@openwave.com>

The lunatic, the lover and the poet are of imagination all compact. (A Mids=
    =20=
 FLAGS (\Recent \Seen))
* 14 FETCH (RFC822 {690}
Return-Path: <xx2@openwave.com>
Received: from [10.37.2.214] by mx-10-49-58-127.openwave.com
          (InterMail vM.9.05.01.00 201-2473-137-123) with SMTP
          id <20171116082831.ADN522.mx-10-49-58-127.openwave.com@[10.37.2.214]>
          for <xx1@openwave.com>; Thu, 16 Nov 2017 08:28:31 +0000
subject: testemail-Ascii-CRLF-quoted-printable
MIME-Version: 1.0
Content-Type: text/plain; charset=utf-8
Content-Transfer-Encoding: quoted-printable
Date: Thu, 16 Nov 2017 08:28:31 +0000
Message-Id: <20171116082831.ADN522.mx-10-49-58-127.openwave.com@[10.37.2.214]>
From: <xx2@openwave.com>

The lunatic
, the lover and the poet are of imagination all compact. (A Midsumm=
 FLAGS (\Recent \Seen))
* 15 FETCH (RFC822 {690}
Return-Path: <xx2@openwave.com>
Received: from [10.37.2.214] by mx-10-49-58-127.openwave.com
          (InterMail vM.9.05.01.00 201-2473-137-123) with SMTP
          id <20171116082832.ADO522.mx-10-49-58-127.openwave.com@[10.37.2.214]>
          for <xx1@openwave.com>; Thu, 16 Nov 2017 08:28:32 +0000
subject: testemail-Ascii-CRLF-quoted-printable
MIME-Version: 1.0
Content-Type: text/plain; charset=utf-8
Content-Transfer-Encoding: quoted-printable
Date: Thu, 16 Nov 2017 08:28:32 +0000
Message-Id: <20171116082832.ADO522.mx-10-49-58-127.openwave.com@[10.37.2.214]>
From: <xx2@openwave.com>

     The lunatic
, the lover and the poet are of imagination all compact. (A Mi=
 FLAGS (\Recent \Seen))
* 16 FETCH (RFC822 {690}
Return-Path: <xx2@openwave.com>
Received: from [10.37.2.214] by mx-10-49-58-127.openwave.com
          (InterMail vM.9.05.01.00 201-2473-137-123) with SMTP
          id <20171116082834.ADP522.mx-10-49-58-127.openwave.com@[10.37.2.214]>
          for <xx1@openwave.com>; Thu, 16 Nov 2017 08:28:34 +0000
subject: testemail-Ascii-CRLF-quoted-printable
MIME-Version: 1.0
Content-Type: text/plain; charset=utf-8
Content-Transfer-Encoding: quoted-printable
Date: Thu, 16 Nov 2017 08:28:34 +0000
Message-Id: <20171116082834.ADP522.mx-10-49-58-127.openwave.com@[10.37.2.214]>
From: <xx2@openwave.com>

The lunatic
, the lover and the po     et are of imagination all compact. (A Mi=
 FLAGS (\Recent \Seen))
* 17 FETCH (RFC822 {692}
Return-Path: <xx2@openwave.com>
Received: from [10.37.2.214] by mx-10-49-58-127.openwave.com
          (InterMail vM.9.05.01.00 201-2473-137-123) with SMTP
          id <20171116082834.ADQ522.mx-10-49-58-127.openwave.com@[10.37.2.214]>
          for <xx1@openwave.com>; Thu, 16 Nov 2017 08:28:34 +0000
subject: testemail-Ascii-CRLF-quoted-printable
MIME-Version: 1.0
Content-Type: text/plain; charset=utf-8
Content-Transfer-Encoding: quoted-printable
Date: Thu, 16 Nov 2017 08:28:34 +0000
Message-Id: <20171116082834.ADQ522.mx-10-49-58-127.openwave.com@[10.37.2.214]>
From: <xx2@openwave.com>

The lunatic
, the lover and the poet are of imagination all compact. (A Mi    =20=
 FLAGS (\Recent \Seen))
* 18 FETCH (RFC822 {733}
Return-Path: <xx2@openwave.com>
Received: from [10.37.2.214] by mx-10-49-58-127.openwave.com
          (InterMail vM.9.05.01.00 201-2473-137-123) with SMTP
          id <20171116082835.ADR522.mx-10-49-58-127.openwave.com@[10.37.2.214]>
          for <xx1@openwave.com>; Thu, 16 Nov 2017 08:28:35 +0000
subject: testemail-Ascii-CRLF-quoted-printable
MIME-Version: 1.0
Content-Type: text/plain; charset=utf-8
Content-Transfer-Encoding: quoted-printable
Date: Thu, 16 Nov 2017 08:28:35 +0000
Message-Id: <20171116082835.ADR522.mx-10-49-58-127.openwave.com@[10.37.2.214]>
From: <xx2@openwave.com>

You gods divine! Make Cressida's name the very crown of falsehood, if ever =
she leave Troilus. (Troilus and Cressida 4.2)=
 FLAGS (\Recent \Seen))
* 19 FETCH (RFC822 {738}
Return-Path: <xx2@openwave.com>
Received: from [10.37.2.214] by mx-10-49-58-127.openwave.com
          (InterMail vM.9.05.01.00 201-2473-137-123) with SMTP
          id <20171116082836.ADS522.mx-10-49-58-127.openwave.com@[10.37.2.214]>
          for <xx1@openwave.com>; Thu, 16 Nov 2017 08:28:36 +0000
subject: testemail-Ascii-CRLF-quoted-printable
MIME-Version: 1.0
Content-Type: text/plain; charset=utf-8
Content-Transfer-Encoding: quoted-printable
Date: Thu, 16 Nov 2017 08:28:36 +0000
Message-Id: <20171116082836.ADS522.mx-10-49-58-127.openwave.com@[10.37.2.214]>
From: <xx2@openwave.com>

     You gods divine! Make Cressida's name the very crown of falsehood, if =
ever she leave Troilus. (Troilus and Cressida 4.2)=
 FLAGS (\Recent \Seen))
* 20 FETCH (RFC822 {738}
Return-Path: <xx2@openwave.com>
Received: from [10.37.2.214] by mx-10-49-58-127.openwave.com
          (InterMail vM.9.05.01.00 201-2473-137-123) with SMTP
          id <20171116082837.ADT522.mx-10-49-58-127.openwave.com@[10.37.2.214]>
          for <xx1@openwave.com>; Thu, 16 Nov 2017 08:28:37 +0000
subject: testemail-Ascii-CRLF-quoted-printable
MIME-Version: 1.0
Content-Type: text/plain; charset=utf-8
Content-Transfer-Encoding: quoted-printable
Date: Thu, 16 Nov 2017 08:28:37 +0000
Message-Id: <20171116082837.ADT522.mx-10-49-58-127.openwave.com@[10.37.2.214]>
From: <xx2@openwave.com>

You gods divine! Make Cressida'     s name the very crown of falsehood, if =
ever she leave Troilus. (Troilus and Cressida 4.2)=
 FLAGS (\Recent \Seen))
* 21 FETCH (RFC822 {740}
Return-Path: <xx2@openwave.com>
Received: from [10.37.2.214] by mx-10-49-58-127.openwave.com
          (InterMail vM.9.05.01.00 201-2473-137-123) with SMTP
          id <20171116082838.ADU522.mx-10-49-58-127.openwave.com@[10.37.2.214]>
          for <xx1@openwave.com>; Thu, 16 Nov 2017 08:28:38 +0000
subject: testemail-Ascii-CRLF-quoted-printable
MIME-Version: 1.0
Content-Type: text/plain; charset=utf-8
Content-Transfer-Encoding: quoted-printable
Date: Thu, 16 Nov 2017 08:28:38 +0000
Message-Id: <20171116082838.ADU522.mx-10-49-58-127.openwave.com@[10.37.2.214]>
From: <xx2@openwave.com>

You gods divine! Make Cressida's name the very crown of falsehood, if ever =
she leave Troilus. (Troilus and Cressida 4.2)    =20=
 FLAGS (\Recent \Seen))
* 22 FETCH (RFC822 {734}
Return-Path: <xx2@openwave.com>
Received: from [10.37.2.214] by mx-10-49-58-127.openwave.com
          (InterMail vM.9.05.01.00 201-2473-137-123) with SMTP
          id <20171116082839.ADV522.mx-10-49-58-127.openwave.com@[10.37.2.214]>
          for <xx1@openwave.com>; Thu, 16 Nov 2017 08:28:39 +0000
subject: testemail-Ascii-CRLF-quoted-printable
MIME-Version: 1.0
Content-Type: text/plain; charset=utf-8
Content-Transfer-Encoding: quoted-printable
Date: Thu, 16 Nov 2017 08:28:39 +0000
Message-Id: <20171116082839.ADV522.mx-10-49-58-127.openwave.com@[10.37.2.214]>
From: <xx2@openwave.com>

You gods divine
! Make Cressida's name the very crown of falsehood
, if ever she leave Troilus. (Troilus and Cressida 4.2)=
 FLAGS (\Recent \Seen))
* 23 FETCH (RFC822 {739}
Return-Path: <xx2@openwave.com>
Received: from [10.37.2.214] by mx-10-49-58-127.openwave.com
          (InterMail vM.9.05.01.00 201-2473-137-123) with SMTP
          id <20171116082840.ADW522.mx-10-49-58-127.openwave.com@[10.37.2.214]>
          for <xx1@openwave.com>; Thu, 16 Nov 2017 08:28:40 +0000
subject: testemail-Ascii-CRLF-quoted-printable
MIME-Version: 1.0
Content-Type: text/plain; charset=utf-8
Content-Transfer-Encoding: quoted-printable
Date: Thu, 16 Nov 2017 08:28:40 +0000
Message-Id: <20171116082840.ADW522.mx-10-49-58-127.openwave.com@[10.37.2.214]>
From: <xx2@openwave.com>

     You gods divine
! Make Cressida's name the very crown of falsehood
, if ever she leave Troilus. (Troilus and Cressida 4.2)=
 FLAGS (\Recent \Seen))
* 24 FETCH (RFC822 {739}
Return-Path: <xx2@openwave.com>
Received: from [10.37.2.214] by mx-10-49-58-127.openwave.com
          (InterMail vM.9.05.01.00 201-2473-137-123) with SMTP
          id <20171116082840.ADX522.mx-10-49-58-127.openwave.com@[10.37.2.214]>
          for <xx1@openwave.com>; Thu, 16 Nov 2017 08:28:40 +0000
subject: testemail-Ascii-CRLF-quoted-printable
MIME-Version: 1.0
Content-Type: text/plain; charset=utf-8
Content-Transfer-Encoding: quoted-printable
Date: Thu, 16 Nov 2017 08:28:40 +0000
Message-Id: <20171116082840.ADX522.mx-10-49-58-127.openwave.com@[10.37.2.214]>
From: <xx2@openwave.com>

You gods divine
! Make Cressida'     s name the very crown of falsehood
, if ever she leave Troilus. (Troilus and Cressida 4.2)=
 FLAGS (\Recent \Seen))
* 25 FETCH (RFC822 {741}
Return-Path: <xx2@openwave.com>
Received: from [10.37.2.214] by mx-10-49-58-127.openwave.com
          (InterMail vM.9.05.01.00 201-2473-137-123) with SMTP
          id <20171116082841.ADY522.mx-10-49-58-127.openwave.com@[10.37.2.214]>
          for <xx1@openwave.com>; Thu, 16 Nov 2017 08:28:41 +0000
subject: testemail-Ascii-CRLF-quoted-printable
MIME-Version: 1.0
Content-Type: text/plain; charset=utf-8
Content-Transfer-Encoding: quoted-printable
Date: Thu, 16 Nov 2017 08:28:41 +0000
Message-Id: <20171116082841.ADY522.mx-10-49-58-127.openwave.com@[10.37.2.214]>
From: <xx2@openwave.com>

You gods divine
! Make Cressida's name the very crown of falsehood
, if ever she leave Troilus. (Troilus and Cressida 4.2)    =20=
 FLAGS (\Recent \Seen))
* 26 FETCH (RFC822 {647}
Return-Path: <xx2@openwave.com>
Received: from [10.37.2.214] by mx-10-49-58-127.openwave.com
          (InterMail vM.9.05.01.00 201-2473-137-123) with SMTP
          id <20171116082842.ADZ522.mx-10-49-58-127.openwave.com@[10.37.2.214]>
          for <xx1@openwave.com>; Thu, 16 Nov 2017 08:28:42 +0000
subject: testemail-Ascii-CRLF-quoted-printable
MIME-Version: 1.0
Content-Type: text/plain; charset=utf-8
Content-Transfer-Encoding: quoted-printable
Date: Thu, 16 Nov 2017 08:28:42 +0000
Message-Id: <20171116082842.ADZ522.mx-10-49-58-127.openwave.com@[10.37.2.214]>
From: <xx2@openwave.com>

my people




youe people.hahaha=
 FLAGS (\Recent \Seen))
a OK FETCH completed
* 1 FETCH (FIRSTLINE (""))
* 2 FETCH (FIRSTLINE ("To be or not to be.That is a question."))
* 3 FETCH (FIRSTLINE ("To be or not to be.That is a question."))
* 4 FETCH (FIRSTLINE ("To be or not to be .That is a question."))
* 5 FETCH (FIRSTLINE ("To be or not to be.That is a question. "))
* 6 FETCH (FIRSTLINE ("The lunatic, the lover and the poet are of imagination all compact."))
* 7 FETCH (FIRSTLINE ("The lunatic, the lover and the poet are of imagination all compact."))
* 8 FETCH (FIRSTLINE ("The lunatic,  the lover and the poet are of imagination all compact."))
* 9 FETCH (FIRSTLINE ("The lunatic, the lover and the poet are of imagination all compact. "))
* 10 FETCH (FIRSTLINE ("The lunatic, the lover and the poet are of imagination all compact. (A Midsummer"))
* 11 FETCH (FIRSTLINE ("The lunatic, the lover and the poet are of imagination all compact. (A Mids"))
* 12 FETCH (FIRSTLINE ("The lunatic, the lover and the po et are of imagination all compact. (A Mids"))
* 13 FETCH (FIRSTLINE ("The lunatic, the lover and the poet are of imagination all compact. (A Mids "))
* 14 FETCH (FIRSTLINE ("The lunatic , the lover and the poet are of imagination all compact. (A Midsumm"))
* 15 FETCH (FIRSTLINE ("The lunatic , the lover and the poet are of imagination all compact. (A Mi"))
* 16 FETCH (FIRSTLINE ("The lunatic , the lover and the po et are of imagination all compact. (A Mi"))
* 17 FETCH (FIRSTLINE ("The lunatic , the lover and the poet are of imagination all compact. (A Mi "))
* 18 FETCH (FIRSTLINE ("You gods divine! Make Cressida's name the very crown of falsehood, if ever she l"))
* 19 FETCH (FIRSTLINE ("You gods divine! Make Cressida's name the very crown of falsehood, if ever she l"))
* 20 FETCH (FIRSTLINE ("You gods divine! Make Cressida' s name the very crown of falsehood, if ever she "))
* 21 FETCH (FIRSTLINE ("You gods divine! Make Cressida's name the very crown of falsehood, if ever she l"))
* 22 FETCH (FIRSTLINE ("You gods divine ! Make Cressida's name the very crown of falsehood , if ever she"))
* 23 FETCH (FIRSTLINE ("You gods divine ! Make Cressida's name the very crown of falsehood , if ever she"))
* 24 FETCH (FIRSTLINE ("You gods divine ! Make Cressida' s name the very crown of falsehood , if ever sh"))
* 25 FETCH (FIRSTLINE ("You gods divine ! Make Cressida's name the very crown of falsehood , if ever she"))
* 26 FETCH (FIRSTLINE ("my people youe people.hahaha"))
a OK FETCH completed
* 1 FETCH (FIRSTLINE ("") UID 1183)
* 2 FETCH (FIRSTLINE ("To be or not to be.That is a question.") UID 1184)
* 3 FETCH (FIRSTLINE ("To be or not to be.That is a question.") UID 1185)
* 4 FETCH (FIRSTLINE ("To be or not to be .That is a question.") UID 1186)
* 5 FETCH (FIRSTLINE ("To be or not to be.That is a question. ") UID 1187)
* 6 FETCH (FIRSTLINE ("The lunatic, the lover and the poet are of imagination all compact.") UID 1188)
* 7 FETCH (FIRSTLINE ("The lunatic, the lover and the poet are of imagination all compact.") UID 1189)
* 8 FETCH (FIRSTLINE ("The lunatic,  the lover and the poet are of imagination all compact.") UID 1190)
* 9 FETCH (FIRSTLINE ("The lunatic, the lover and the poet are of imagination all compact. ") UID 1191)
* 10 FETCH (FIRSTLINE ("The lunatic, the lover and the poet are of imagination all compact. (A Midsummer") UID 1192)
* 11 FETCH (FIRSTLINE ("The lunatic, the lover and the poet are of imagination all compact. (A Mids") UID 1193)
* 12 FETCH (FIRSTLINE ("The lunatic, the lover and the po et are of imagination all compact. (A Mids") UID 1194)
* 13 FETCH (FIRSTLINE ("The lunatic, the lover and the poet are of imagination all compact. (A Mids ") UID 1195)
* 14 FETCH (FIRSTLINE ("The lunatic , the lover and the poet are of imagination all compact. (A Midsumm") UID 1196)
* 15 FETCH (FIRSTLINE ("The lunatic , the lover and the poet are of imagination all compact. (A Mi") UID 1197)
* 16 FETCH (FIRSTLINE ("The lunatic , the lover and the po et are of imagination all compact. (A Mi") UID 1198)
* 17 FETCH (FIRSTLINE ("The lunatic , the lover and the poet are of imagination all compact. (A Mi ") UID 1199)
* 18 FETCH (FIRSTLINE ("You gods divine! Make Cressida's name the very crown of falsehood, if ever she l") UID 1200)
* 19 FETCH (FIRSTLINE ("You gods divine! Make Cressida's name the very crown of falsehood, if ever she l") UID 1201)
* 20 FETCH (FIRSTLINE ("You gods divine! Make Cressida' s name the very crown of falsehood, if ever she ") UID 1202)
* 21 FETCH (FIRSTLINE ("You gods divine! Make Cressida's name the very crown of falsehood, if ever she l") UID 1203)
* 22 FETCH (FIRSTLINE ("You gods divine ! Make Cressida's name the very crown of falsehood , if ever she") UID 1204)
* 23 FETCH (FIRSTLINE ("You gods divine ! Make Cressida's name the very crown of falsehood , if ever she") UID 1205)
* 24 FETCH (FIRSTLINE ("You gods divine ! Make Cressida' s name the very crown of falsehood , if ever sh") UID 1206)
* 25 FETCH (FIRSTLINE ("You gods divine ! Make Cressida's name the very crown of falsehood , if ever she") UID 1207)
* 26 FETCH (FIRSTLINE ("my people youe people.hahaha") UID 1208)
a OK UID FETCH completed
* BYE IMAP4 server terminating connection
a OK LOGOUT completed
