imapmail: host[10.49.58.118] port[20143] user[ar17838] pass[p] folder[inbox] message[2]
xx OK LOGIN completed
* 2 EXISTS
* OK [UNSEEN 1] First unseen message
* OK [UIDVALIDITY 1510214400] UIDs valid
* OK [UIDNEXT 1002] Predicted next UID
* FLAGS (\Answered \Flagged \Deleted \Draft \Seen)
* OK [PERMANENTFLAGS (\* \Answered \Flagged \Deleted \Draft \Seen)] Permanent flags
* 1 RECENT
xx OK [READ-WRITE] SELECT completed
* 2 FETCH (BODY[] {539}
Return-Path: <>
Subject: Re: test message about autoreply feature
To: ar17838@openwave.com
From: "Auto-reply from ar10968@openwave.com" <ar10968@openwave.com>
In-Reply-To: <20171109080237.AAS4894.mx-10-49-58-118.openwave.com@ar17838>
Precedence: bulk
Date: Thu, 9 Nov 2017 03:02:38 -0500
Message-ID: <20171109080238.AAT4894.mx-10-49-58-118.openwave.com@mx-10-49-58-118>
MIME-Version: 1.0
Content-Type: text/plain;
		charset=UTF-8
Content-Transfer-Encoding: 7bit


Vacation,This is an autoreply message for internal senders!
 FLAGS (\Recent \Seen))
xx OK FETCH completed
* BYE IMAP4 server terminating connection
xx OK LOGOUT completed
