spawn ssh imail2@10.49.58.118
Password: 
<<<<<<< HEAD
Last login: Sun Nov 19 21:45:49 2017 from 10.6.105.135
=======
Last login: Fri Nov 17 23:11:52 2017 from 10.6.105.91
>>>>>>> 4cd6d4568dd2058de905f55c2a9f454b8d84212b
[?1034hmx-10-49-58-118:imail2:Mx9.5:~$ echo 'internal:' >data.txt
mx-10-49-58-118:imail2:Mx9.5:~$ echo 'Reply,This is an autoreply message for internal senders!' >>data.txt
mx-10-49-58-118:imail2:Mx9.5:~$ echo 'external:' >>data.txt
mx-10-49-58-118:imail2:Mx9.5:~$ echo 'Reply,This is an external autoreply message for external senders!' >>data.txt
<<<<<<< HEAD
mx-10-49-58-118:imail2:Mx9.5:~$ autoreplyctrl ar14675@openwave.com reply data.txt 1511146006 1511147801
AutoReply data updated Successfully.
mx-10-49-58-118:imail2:Mx9.5:~$ autoreplyctrl ar5543@openwave.com reply data.txt 1511146006 1511147801
=======
mx-10-49-58-118:imail2:Mx9.5:~$ autoreplyctrl ar22244@openwave.com reply data.txt 1510978370 1510980165
AutoReply data updated Successfully.
mx-10-49-58-118:imail2:Mx9.5:~$ autoreplyctrl ar24709@openwave.com reply data.txt 1510978370 1510980165
>>>>>>> 4cd6d4568dd2058de905f55c2a9f454b8d84212b
AutoReply data updated Successfully.
mx-10-49-58-118:imail2:Mx9.5:~$ 