imapmail: host[10.49.58.118] port[20143] user[ar24709] pass[p] folder[inbox] message[2]
xx OK LOGIN completed
* 2 EXISTS
* OK [UNSEEN 1] First unseen message
* OK [UIDVALIDITY 1510978314] UIDs valid
* OK [UIDNEXT 1002] Predicted next UID
* FLAGS (\Answered \Flagged \Deleted \Draft \Seen)
* OK [PERMANENTFLAGS (\* \Answered \Flagged \Deleted \Draft \Seen)] Permanent flags
* 0 RECENT
xx OK [READ-WRITE] SELECT completed
* 2 FETCH (BODY[] {1144}
Return-Path: <>
From: admin
Subject: ATTENTION: Bounced Message Notification, bytes in the message!!
Date: Fri, 17 Nov 2017 23:13:23 -0500
Message-ID: d14bfb0c-cc16-11e7-902d-15da393edb00

A message was sent to you that was returned to the sender(bounced)
because it would have caused your mailbox quota to be exceeded.

The following is the reason that the message was over quota:

       Quota Type: bytes in the message
  Quota Available: 100.0KB
      Total Quota: 100.0KB

The following is the information on the message that was bounced:

      Sender: Mail Administrator <Postmaster@openwave.com>
     Subject:  Mail System Error - Returned Mail with Subject: 
        Size: 1130195
  Message ID: d145e79e-cc16-11e7-8316-7a48171b502d
        Date: Fri Nov 17 23:13:23 2017

    Reply-To:  <Postmaster@openwave.com>

The message was bounced from the following folder:

    INBOX

To fix this problem, delete some messages from your mailbox, and contact
the sender to resend the message.

If the size of the message is too big, contact the sender to reduce the
size of the message and resend the message.
 FLAGS (\Seen))
xx OK FETCH completed
* BYE IMAP4 server terminating connection
xx OK LOGOUT completed
imapmail: host[10.49.58.118] port[20143] user[ar22244] pass[p] folder[inbox] message[2]
xx OK LOGIN completed
* 2 EXISTS
* OK [UNSEEN 1] First unseen message
* OK [UIDVALIDITY 1510978314] UIDs valid
* OK [UIDNEXT 1002] Predicted next UID
* FLAGS (\Answered \Flagged \Deleted \Draft \Seen)
* OK [PERMANENTFLAGS (\* \Answered \Flagged \Deleted \Draft \Seen)] Permanent flags
* 0 RECENT
xx OK [READ-WRITE] SELECT completed
* 2 FETCH (BODY[] {1072}
Return-Path: <>
From: admin
Subject: ATTENTION: Bounced Message Notification, bytes in the message!!
Date: Fri, 17 Nov 2017 23:13:23 -0500
Message-ID: d1414a9a-cc16-11e7-a297-28f634e7b3cd

A message was sent to you that was returned to the sender(bounced)
because it would have caused your mailbox quota to be exceeded.

The following is the reason that the message was over quota:

       Quota Type: bytes in the message
  Quota Available: 100.0KB
      Total Quota: 100.0KB

The following is the information on the message that was bounced:

      Sender: <ar24709@openwave.com>
     Subject: [No Subject]
        Size: 1128966
  Message ID: d13b6c74-cc16-11e7-9a7f-2270a753bed8
        Date: Fri Nov 17 23:13:22 2017

    Reply-To: [No Reply-To]

The message was bounced from the following folder:

    INBOX

To fix this problem, delete some messages from your mailbox, and contact
the sender to resend the message.

If the size of the message is too big, contact the sender to reduce the
size of the message and resend the message.
 FLAGS (\Seen))
xx OK FETCH completed
* BYE IMAP4 server terminating connection
xx OK LOGOUT completed
