	**********  Starting /home/whsasf/workspace/bohem/bin/..  **********
Test started: Thu Feb  8 21:41:20 CST 2018
spawn ssh root@10.49.58.239
Password: 
Last login: Thu Feb  8 08:37:15 2018 from 10.6.104.136
#########################################################################################################################################################
#                                                  Synchronoss Technologies - Confidential                                                              #
#                                                                                                                                                       #
# Welcome to Openstack Deployment.                                                                                                                      #
#                                                                                                                                                       #
# Openstack Instance has to be registered with spacewalk to get the repos.                                                                              #
#                                                                                                                                                       #
# Run the following command to register the instance with Spacewalk:                                                                                    #
#                                                                                                                                                       #
#   rhnreg_ks --serverUrl=https://spacewalk.sncrcorp.net/XMLRPC --sslCACert=/usr/share/rhn/RHN-ORG-TRUSTED-SSL-CERT --activationkey=<activation-keys>   #
#                                                                                                                                                       #
#   Dev activation-key for CentOS7: 1-612b859ba0b2af4e6db2cdccc3373c70	                                                                                #
#                                                                                                                                                       #
#   Please contact servicedesk at:<servicedesk@Synchronoss.com> for additional key requirements.                                                        #
#                                                             © Synchronoss 2017                                                                        #
#########################################################################################################################################################
]0;root@mx1:~[?1034h[root@mx1 ~]# su - imail
Last login: Thu Feb  8 08:37:27 EST 2018 on pts/9
[?1034hmx1:imail:Mx9.5:~$ ls -al
total 124
drwx------  22 imail imail  4096 Feb  8 08:39 [0m[38;5;27m.[0m
drwxr-xr-x. 16 root  root   4096 Feb  8 04:34 [38;5;27m..[0m
-rw-------   1 imail imail   115 Feb  8 05:10 .bash_history
-rwxr-xr-x   1 imail imail    22 Feb  8 04:42 [38;5;34m.bash_profile[0m
-rwxr-x--x   1 imail imail   805 Feb  8 04:42 [38;5;34m.cshrc[0m
drwxrwx---   2 imail imail  4096 Feb  8 05:08 [38;5;27m.oracle_jre_usage[0m
drwxrw----   3 imail imail  4096 Feb  8 07:28 [38;5;27m.pki[0m
-rwxr-x--x   1 imail imail   773 Feb  8 05:03 [38;5;34m.profile[0m
drwx------   2 imail imail  4096 Feb  8 07:30 [38;5;27m.ssh[0m
-rw-------   1 imail imail  1296 Feb  8 08:38 .viminfo
drwxr-x---   2 imail imail  4096 Feb  8 04:58 [38;5;27mbin[0m
drwxrwx---  11 imail imail  4096 Feb  8 08:39 [38;5;27mbohem[0m
drwxr-x---   4 imail imail 12288 Feb  8 05:04 [38;5;27mconfig[0m
drwxr-----  10 imail imail  4096 Feb  8 05:04 [38;5;27mdb[0m
drwxr-x---   2 imail imail  4096 Feb  8 04:42 [38;5;27metc[0m
drwxr-x---   6 imail imail  4096 Feb  8 05:04 [38;5;27mlib[0m
drwxr-x---   2 imail imail 12288 Feb  8 08:04 [38;5;27mlog[0m
drwxr-x---   3 imail imail  4096 Feb  8 04:42 [38;5;27mman[0m
drwxr-x--x   5 imail imail  4096 Feb  8 04:42 [38;5;27mperl[0m
drwxr-xr-x   5 imail imail  4096 Feb  8 05:03 [38;5;27mplatformtools[0m
drwxrwx---   3 imail imail  4096 Feb  8 04:58 [38;5;27mqueue[0m
drwxrwx---   7 imail imail  4096 Feb  8 04:43 [38;5;27mscdb[0m
drwxr-xr-x   2 root  root   4096 Feb  8 04:58 [38;5;27mscripts[0m
drwxr-x---   4 imail imail  4096 Feb  8 04:43 [38;5;27msleepycat[0m
drwxr-x---   3 imail imail  4096 Feb  8 04:42 [38;5;27msnmp[0m
drwxrwx---   6 imail imail  4096 Feb  8 04:57 [38;5;27mspool[0m
drwxr-x---  13 imail imail  4096 Feb  8 05:04 [38;5;27mtmp[0m
mx1:imail:Mx9.5:~$ cal
    February 2018   
Su Mo Tu We Th Fr Sa
             1  2  3
 4  5  6  7 [7m 8[27m  9 10
11 12 13 14 15 16 17
18 19 20 21 22 23 24
25 26 27 28

mx1:imail:Mx9.5:~$ date
Thu Feb  8 08:40:58 EST 2018
mx1:imail:Mx9.5:~$ df -h
Filesystem      Size  Used Avail Use% Mounted on
/dev/vda1        79G   20G   56G  27% /
devtmpfs        3.9G     0  3.9G   0% /dev
tmpfs           3.9G     0  3.9G   0% /dev/shm
tmpfs           3.9G  130M  3.7G   4% /run
tmpfs           3.9G     0  3.9G   0% /sys/fs/cgroup
tmpfs           783M     0  783M   0% /run/user/0
tmpfs           783M     0  783M   0% /run/user/5502
mx1:imail:Mx9.5:~$ ps
  PID TTY          TIME CMD
32717 pts/10   00:00:00 bash
32748 pts/10   00:00:00 ps
mx1:imail:Mx9.5:~$ TESTFAILED: ..: Test didn't report success or failure or skipped (9 sec.)
FAILED: .. [20180208-214120] (9 sec.)
Test ended: Thu Feb  8 21:41:29 CST 2018


Test-suite ended: Thu Feb  8 21:41:29 CST 2018

bohem 2.9.5 Info:
	Entire test-suite took 0 minutes.
	Total number of tests passed:	0
	Total number of tests failed:	1
	Total number of tests ran:	1
	Total number of tests broken:	0

