0a1
> * 1 FETCH (FIRSTLINE (""))
0a1
> * 1 FETCH (FIRSTLINE (""))
====current path is:/home/ram/Desktop/MX9.5/Testcases/body_preview/3-Logic of selecting the firstline data/Testcases-body-preview-deal-spaces-encode-enhanced-new/good/Type-attachment-pure-tar-IMAP-and-SMTP================

================Type-attachment-pure-tar-IMAP-and-SMTP Test finished===============

====current path is:Type-attachment-pure-tar-IMAP-and-SMTP================
====running logic-messagesend-IMAP-append-7bit ========
====running logic-messagesend-IMAP-append-8bit ========
====running logic-messagesend-IMAP-append-base64 ========
====running logic-messagesend-IMAP-append-quoted-printable ========
====running logic-messagesend-SMTP-7bit ========
====running logic-messagesend-SMTP-8bit ========
====running logic-messagesend-SMTP-base64 ========
====running logic-messagesend-SMTP-quoted-printable ========
================Type-attachment-pure-tar-IMAP-and-SMTP Test finished===============
====current path is:Type-attachment-pure-tar-IMAP-and-SMTP====================current path is:Type-attachment-pure-tar-IMAP-and-SMTP================
====running logic-messagesend-IMAP-append-7bit ============running logic-messagesend-IMAP-append-7bit ========
Total  testcases  are:0
Success testcases are:0
Failed  testcases are:0
====running logic-messagesend-IMAP-append-8bit ============running logic-messagesend-IMAP-append-8bit ========
Total  testcases  are:2
Success testcases are:1
Failed  testcases are:1
====running logic-messagesend-IMAP-append-base64 ========
Total  testcases  are:4
Success testcases are:2
Failed  testcases are:2
====running logic-messagesend-IMAP-append-quoted-printable ========
Total  testcases  are:6
Success testcases are:3
Failed  testcases are:3
====running logic-messagesend-SMTP-7bit ========
Total  testcases  are:8
Success testcases are:4
Failed  testcases are:4
====running logic-messagesend-SMTP-8bit ========
Total  testcases  are:10
Success testcases are:5
Failed  testcases are:5
====running logic-messagesend-SMTP-base64 ========
Total  testcases  are:12
Success testcases are:6
Failed  testcases are:6
====running logic-messagesend-SMTP-quoted-printable ========
Total  testcases  are:14
Success testcases are:7
Failed  testcases are:7
================Type-attachment-pure-tar-IMAP-and-SMTP Test finished===============
====current path is:Type-attachment-pure-tar-IMAP-and-SMTP====================current path is:Type-attachment-pure-tar-IMAP-and-SMTP================
====running logic-messagesend-IMAP-append-7bit ============running logic-messagesend-IMAP-append-7bit ========
====running logic-messagesend-IMAP-append-8bit ============running logic-messagesend-IMAP-append-8bit ========
====running logic-messagesend-IMAP-append-base64 ========
====running logic-messagesend-IMAP-append-quoted-printable ========
====running logic-messagesend-SMTP-7bit ========
====running logic-messagesend-SMTP-8bit ========
====running logic-messagesend-SMTP-base64 ========
====running logic-messagesend-SMTP-quoted-printable ========
================Type-attachment-pure-tar-IMAP-and-SMTP Test finished===============
====current path is:Type-attachment-pure-tar-IMAP-and-SMTP====================current path is:Type-attachment-pure-tar-IMAP-and-SMTP================
====running logic-messagesend-IMAP-append-7bit ============running logic-messagesend-IMAP-append-7bit ========
====running logic-messagesend-IMAP-append-8bit ============running logic-messagesend-IMAP-append-8bit ========
====running logic-messagesend-IMAP-append-base64 ========
====running logic-messagesend-IMAP-append-quoted-printable ========
====running logic-messagesend-SMTP-7bit ========
====running logic-messagesend-SMTP-8bit ========
====running logic-messagesend-SMTP-base64 ========
====running logic-messagesend-SMTP-quoted-printable ========
================Type-attachment-pure-tar-IMAP-and-SMTP Test finished===============
====current path is:Type-attachment-pure-tar-IMAP-and-SMTP====================current path is:Type-attachment-pure-tar-IMAP-and-SMTP================
====running logic-messagesend-IMAP-append-7bit ============running logic-messagesend-IMAP-append-7bit ========
====running logic-messagesend-IMAP-append-8bit ============running logic-messagesend-IMAP-append-8bit ========
====running logic-messagesend-IMAP-append-base64 ========
====running logic-messagesend-IMAP-append-quoted-printable ========
====running logic-messagesend-SMTP-7bit ========
====running logic-messagesend-SMTP-8bit ========
====running logic-messagesend-SMTP-base64 ========
====running logic-messagesend-SMTP-quoted-printable ========
================Type-attachment-pure-tar-IMAP-and-SMTP Test finished===============
