<<<<<<< HEAD
imapmail: host[10.49.58.118] port[20143] user[ar3470] pass[p] folder[inbox] message[2]
xx OK LOGIN completed
* 1 EXISTS
* OK [UNSEEN 1] First unseen message
* OK [UIDVALIDITY 1511142907] UIDs valid
=======
imapmail: host[10.49.58.118] port[20143] user[ar23781] pass[p] folder[inbox] message[2]
xx OK LOGIN completed
* 1 EXISTS
* OK [UNSEEN 1] First unseen message
* OK [UIDVALIDITY 1510973353] UIDs valid
>>>>>>> 4cd6d4568dd2058de905f55c2a9f454b8d84212b
* OK [UIDNEXT 1001] Predicted next UID
* FLAGS (\Answered \Flagged \Deleted \Draft \Seen)
* OK [PERMANENTFLAGS (\* \Answered \Flagged \Deleted \Draft \Seen)] Permanent flags
* 0 RECENT
xx OK [READ-WRITE] SELECT completed
xx NO FETCH failed
Didn't get OK for FETCH
Not Connected...
<<<<<<< HEAD
imapmail: host[10.49.58.118] port[20143] user[ar2267] pass[p] folder[inbox] message[2]
xx OK LOGIN completed
* 1 EXISTS
* OK [UNSEEN 1] First unseen message
* OK [UIDVALIDITY 1511142753] UIDs valid
=======
imapmail: host[10.49.58.118] port[20143] user[ar20342] pass[p] folder[inbox] message[2]
xx OK LOGIN completed
* 1 EXISTS
* OK [UNSEEN 1] First unseen message
* OK [UIDVALIDITY 1510973354] UIDs valid
>>>>>>> 4cd6d4568dd2058de905f55c2a9f454b8d84212b
* OK [UIDNEXT 1001] Predicted next UID
* FLAGS (\Answered \Flagged \Deleted \Draft \Seen)
* OK [PERMANENTFLAGS (\* \Answered \Flagged \Deleted \Draft \Seen)] Permanent flags
* 0 RECENT
xx OK [READ-WRITE] SELECT completed
xx NO FETCH failed
Didn't get OK for FETCH
Not Connected...
<<<<<<< HEAD
imapmail: host[10.49.58.118] port[20143] user[ar30243] pass[p] folder[inbox] message[2]
xx OK LOGIN completed
* 1 EXISTS
* OK [UNSEEN 1] First unseen message
* OK [UIDVALIDITY 1511142753] UIDs valid
=======
imapmail: host[10.49.58.118] port[20143] user[ar6464] pass[p] folder[inbox] message[2]
xx OK LOGIN completed
* 1 EXISTS
* OK [UNSEEN 1] First unseen message
* OK [UIDVALIDITY 1510973354] UIDs valid
>>>>>>> 4cd6d4568dd2058de905f55c2a9f454b8d84212b
* OK [UIDNEXT 1001] Predicted next UID
* FLAGS (\Answered \Flagged \Deleted \Draft \Seen)
* OK [PERMANENTFLAGS (\* \Answered \Flagged \Deleted \Draft \Seen)] Permanent flags
* 0 RECENT
xx OK [READ-WRITE] SELECT completed
xx NO FETCH failed
Didn't get OK for FETCH
Not Connected...
<<<<<<< HEAD
imapmail: host[10.49.58.118] port[20143] user[ar19645] pass[p] folder[inbox] message[2]
xx OK LOGIN completed
* 1 EXISTS
* OK [UNSEEN 1] First unseen message
* OK [UIDVALIDITY 1511142909] UIDs valid
=======
imapmail: host[10.49.58.118] port[20143] user[ar20000] pass[p] folder[inbox] message[2]
xx OK LOGIN completed
* 1 EXISTS
* OK [UNSEEN 1] First unseen message
* OK [UIDVALIDITY 1510973507] UIDs valid
>>>>>>> 4cd6d4568dd2058de905f55c2a9f454b8d84212b
* OK [UIDNEXT 1001] Predicted next UID
* FLAGS (\Answered \Flagged \Deleted \Draft \Seen)
* OK [PERMANENTFLAGS (\* \Answered \Flagged \Deleted \Draft \Seen)] Permanent flags
* 0 RECENT
xx OK [READ-WRITE] SELECT completed
xx NO FETCH failed
Didn't get OK for FETCH
Not Connected...
