

!!!!!!!!!!!!!!!!!!!!!!!!!!!!Sending message1!!!!!!!!!!!!!!!!!!!!!!!!!!!!


\ sending message1:


220 mx-172-26-202-87.openwave.com ESMTP server (InterMail vM.9.05.00.00 201-2473-137-116) ready Sun, 11 Jun 2017 19:05:23 -0700
250 Sender <xx2> Ok
250 Recipient <xx1> Ok
354 Ok Send data ending with <CRLF>.<CRLF>
250 Message received: 20170612020524.ANB32283.mx-172-26-202-87.openwave.com@[10.37.2.214]
221 mx-172-26-202-87.openwave.com ESMTP server closing connection


!!!!!!!!!!!!!!!!!!!!!!!!!!!!Sending message2!!!!!!!!!!!!!!!!!!!!!!!!!!!!


\ sending message2:


220 mx-172-26-202-87.openwave.com ESMTP server (InterMail vM.9.05.00.00 201-2473-137-116) ready Sun, 11 Jun 2017 19:05:25 -0700
250 Sender <xx2> Ok
250 Recipient <xx1> Ok
354 Ok Send data ending with <CRLF>.<CRLF>
250 Message received: 20170612020525.ANC32283.mx-172-26-202-87.openwave.com@[10.37.2.214]
221 mx-172-26-202-87.openwave.com ESMTP server closing connection


!!!!!!!!!!!!!!!!!!!!!!!!!!!!Sending message3!!!!!!!!!!!!!!!!!!!!!!!!!!!!


\ sending message3:


220 mx-172-26-202-87.openwave.com ESMTP server (InterMail vM.9.05.00.00 201-2473-137-116) ready Sun, 11 Jun 2017 19:05:26 -0700
250 Sender <xx2> Ok
250 Recipient <xx1> Ok
354 Ok Send data ending with <CRLF>.<CRLF>
250 Message received: 20170612020527.AND32283.mx-172-26-202-87.openwave.com@[10.37.2.214]
221 mx-172-26-202-87.openwave.com ESMTP server closing connection


!!!!!!!!!!!!!!!!!!!!!!!!!!!!Sending message4!!!!!!!!!!!!!!!!!!!!!!!!!!!!


\ sending message4:


220 mx-172-26-202-87.openwave.com ESMTP server (InterMail vM.9.05.00.00 201-2473-137-116) ready Sun, 11 Jun 2017 19:05:28 -0700
250 Sender <xx2> Ok
250 Recipient <xx1> Ok
354 Ok Send data ending with <CRLF>.<CRLF>
250 Message received: 20170612020529.ANE32283.mx-172-26-202-87.openwave.com@[10.37.2.214]
221 mx-172-26-202-87.openwave.com ESMTP server closing connection


!!!!!!!!!!!!!!!!!!!!!!!!!!!!Sending message5!!!!!!!!!!!!!!!!!!!!!!!!!!!!


\ sending message5:


220 mx-172-26-202-87.openwave.com ESMTP server (InterMail vM.9.05.00.00 201-2473-137-116) ready Sun, 11 Jun 2017 19:05:30 -0700
250 Sender <xx2> Ok
250 Recipient <xx1> Ok
354 Ok Send data ending with <CRLF>.<CRLF>
250 Message received: 20170612020530.ANF32283.mx-172-26-202-87.openwave.com@[10.37.2.214]
221 mx-172-26-202-87.openwave.com ESMTP server closing connection


!!!!!!!!!!!!!!!!!!!!!!!!!!!!Sending message6!!!!!!!!!!!!!!!!!!!!!!!!!!!!


\ sending message6:


220 mx-172-26-202-87.openwave.com ESMTP server (InterMail vM.9.05.00.00 201-2473-137-116) ready Sun, 11 Jun 2017 19:05:31 -0700
250 Sender <xx2> Ok
250 Recipient <xx1> Ok
354 Ok Send data ending with <CRLF>.<CRLF>
250 Message received: 20170612020532.ANG32283.mx-172-26-202-87.openwave.com@[10.37.2.214]
221 mx-172-26-202-87.openwave.com ESMTP server closing connection


!!!!!!!!!!!!!!!!!!!!!!!!!!!!Sending message7!!!!!!!!!!!!!!!!!!!!!!!!!!!!


\ sending message7:


220 mx-172-26-202-87.openwave.com ESMTP server (InterMail vM.9.05.00.00 201-2473-137-116) ready Sun, 11 Jun 2017 19:05:33 -0700
250 Sender <xx2> Ok
250 Recipient <xx1> Ok
354 Ok Send data ending with <CRLF>.<CRLF>
250 Message received: 20170612020533.ANH32283.mx-172-26-202-87.openwave.com@[10.37.2.214]
221 mx-172-26-202-87.openwave.com ESMTP server closing connection


!!!!!!!!!!!!!!!!!!!!!!!!!!!!Sending message8!!!!!!!!!!!!!!!!!!!!!!!!!!!!


\ sending message8:


220 mx-172-26-202-87.openwave.com ESMTP server (InterMail vM.9.05.00.00 201-2473-137-116) ready Sun, 11 Jun 2017 19:05:34 -0700
250 Sender <xx2> Ok
250 Recipient <xx1> Ok
354 Ok Send data ending with <CRLF>.<CRLF>
250 Message received: 20170612020535.ANI32283.mx-172-26-202-87.openwave.com@[10.37.2.214]
221 mx-172-26-202-87.openwave.com ESMTP server closing connection


!!!!!!!!!!!!!!!!!!!!!!!!!!!!Sending message9!!!!!!!!!!!!!!!!!!!!!!!!!!!!


\ sending message9:


220 mx-172-26-202-87.openwave.com ESMTP server (InterMail vM.9.05.00.00 201-2473-137-116) ready Sun, 11 Jun 2017 19:05:36 -0700
250 Sender <xx2> Ok
250 Recipient <xx1> Ok
354 Ok Send data ending with <CRLF>.<CRLF>
250 Message received: 20170612020536.ANJ32283.mx-172-26-202-87.openwave.com@[10.37.2.214]
221 mx-172-26-202-87.openwave.com ESMTP server closing connection


!!!!!!!!!!!!!!!!!!!!!!!!!!!!Sending message10!!!!!!!!!!!!!!!!!!!!!!!!!!!!


\ sending message10:


220 mx-172-26-202-87.openwave.com ESMTP server (InterMail vM.9.05.00.00 201-2473-137-116) ready Sun, 11 Jun 2017 19:05:37 -0700
250 Sender <xx2> Ok
250 Recipient <xx1> Ok
354 Ok Send data ending with <CRLF>.<CRLF>
250 Message received: 20170612020538.ANK32283.mx-172-26-202-87.openwave.com@[10.37.2.214]
221 mx-172-26-202-87.openwave.com ESMTP server closing connection


!!!!!!!!!!!!!!!!!!!!!!!!!!!!Sending message11!!!!!!!!!!!!!!!!!!!!!!!!!!!!


\ sending message11:


220 mx-172-26-202-87.openwave.com ESMTP server (InterMail vM.9.05.00.00 201-2473-137-116) ready Sun, 11 Jun 2017 19:05:39 -0700
250 Sender <xx2> Ok
250 Recipient <xx1> Ok
354 Ok Send data ending with <CRLF>.<CRLF>
250 Message received: 20170612020539.ANL32283.mx-172-26-202-87.openwave.com@[10.37.2.214]
221 mx-172-26-202-87.openwave.com ESMTP server closing connection


!!!!!!!!!!!!!!!!!!!!!!!!!!!!Sending message12!!!!!!!!!!!!!!!!!!!!!!!!!!!!


\ sending message12:


220 mx-172-26-202-87.openwave.com ESMTP server (InterMail vM.9.05.00.00 201-2473-137-116) ready Sun, 11 Jun 2017 19:05:40 -0700
250 Sender <xx2> Ok
250 Recipient <xx1> Ok
354 Ok Send data ending with <CRLF>.<CRLF>
250 Message received: 20170612020541.ANM32283.mx-172-26-202-87.openwave.com@[10.37.2.214]
221 mx-172-26-202-87.openwave.com ESMTP server closing connection


!!!!!!!!!!!!!!!!!!!!!!!!!!!!Sending message13!!!!!!!!!!!!!!!!!!!!!!!!!!!!


\ sending message13:


220 mx-172-26-202-87.openwave.com ESMTP server (InterMail vM.9.05.00.00 201-2473-137-116) ready Sun, 11 Jun 2017 19:05:42 -0700
250 Sender <xx2> Ok
250 Recipient <xx1> Ok
354 Ok Send data ending with <CRLF>.<CRLF>
250 Message received: 20170612020542.ANN32283.mx-172-26-202-87.openwave.com@[10.37.2.214]
221 mx-172-26-202-87.openwave.com ESMTP server closing connection


!!!!!!!!!!!!!!!!!!!!!!!!!!!!Sending message14!!!!!!!!!!!!!!!!!!!!!!!!!!!!


\ sending message14:


220 mx-172-26-202-87.openwave.com ESMTP server (InterMail vM.9.05.00.00 201-2473-137-116) ready Sun, 11 Jun 2017 19:05:43 -0700
250 Sender <xx2> Ok
250 Recipient <xx1> Ok
354 Ok Send data ending with <CRLF>.<CRLF>
250 Message received: 20170612020544.ANO32283.mx-172-26-202-87.openwave.com@[10.37.2.214]
221 mx-172-26-202-87.openwave.com ESMTP server closing connection


!!!!!!!!!!!!!!!!!!!!!!!!!!!!Sending message15!!!!!!!!!!!!!!!!!!!!!!!!!!!!


\ sending message15:


220 mx-172-26-202-87.openwave.com ESMTP server (InterMail vM.9.05.00.00 201-2473-137-116) ready Sun, 11 Jun 2017 19:05:45 -0700
250 Sender <xx2> Ok
250 Recipient <xx1> Ok
354 Ok Send data ending with <CRLF>.<CRLF>
250 Message received: 20170612020545.ANP32283.mx-172-26-202-87.openwave.com@[10.37.2.214]
221 mx-172-26-202-87.openwave.com ESMTP server closing connection


!!!!!!!!!!!!!!!!!!!!!!!!!!!!Sending message16!!!!!!!!!!!!!!!!!!!!!!!!!!!!


\ sending message16:


220 mx-172-26-202-87.openwave.com ESMTP server (InterMail vM.9.05.00.00 201-2473-137-116) ready Sun, 11 Jun 2017 19:05:46 -0700
250 Sender <xx2> Ok
250 Recipient <xx1> Ok
354 Ok Send data ending with <CRLF>.<CRLF>
250 Message received: 20170612020547.ANQ32283.mx-172-26-202-87.openwave.com@[10.37.2.214]
221 mx-172-26-202-87.openwave.com ESMTP server closing connection


!!!!!!!!!!!!!!!!!!!!!!!!!!!!Sending message17!!!!!!!!!!!!!!!!!!!!!!!!!!!!


\ sending message17:


220 mx-172-26-202-87.openwave.com ESMTP server (InterMail vM.9.05.00.00 201-2473-137-116) ready Sun, 11 Jun 2017 19:05:48 -0700
250 Sender <xx2> Ok
250 Recipient <xx1> Ok
354 Ok Send data ending with <CRLF>.<CRLF>
250 Message received: 20170612020548.ANR32283.mx-172-26-202-87.openwave.com@[10.37.2.214]
221 mx-172-26-202-87.openwave.com ESMTP server closing connection


!!!!!!!!!!!!!!!!!!!!!!!!!!!!Sending message18!!!!!!!!!!!!!!!!!!!!!!!!!!!!


\ sending message18:


220 mx-172-26-202-87.openwave.com ESMTP server (InterMail vM.9.05.00.00 201-2473-137-116) ready Sun, 11 Jun 2017 19:05:49 -0700
250 Sender <xx2> Ok
250 Recipient <xx1> Ok
354 Ok Send data ending with <CRLF>.<CRLF>
250 Message received: 20170612020550.ANS32283.mx-172-26-202-87.openwave.com@[10.37.2.214]
221 mx-172-26-202-87.openwave.com ESMTP server closing connection


!!!!!!!!!!!!!!!!!!!!!!!!!!!!Sending message19!!!!!!!!!!!!!!!!!!!!!!!!!!!!


\ sending message19:


220 mx-172-26-202-87.openwave.com ESMTP server (InterMail vM.9.05.00.00 201-2473-137-116) ready Sun, 11 Jun 2017 19:05:51 -0700
250 Sender <xx2> Ok
250 Recipient <xx1> Ok
354 Ok Send data ending with <CRLF>.<CRLF>
250 Message received: 20170612020552.ANT32283.mx-172-26-202-87.openwave.com@[10.37.2.214]
221 mx-172-26-202-87.openwave.com ESMTP server closing connection


!!!!!!!!!!!!!!!!!!!!!!!!!!!!Sending message20!!!!!!!!!!!!!!!!!!!!!!!!!!!!


\ sending message20:


220 mx-172-26-202-87.openwave.com ESMTP server (InterMail vM.9.05.00.00 201-2473-137-116) ready Sun, 11 Jun 2017 19:05:53 -0700
250 Sender <xx2> Ok
250 Recipient <xx1> Ok
354 Ok Send data ending with <CRLF>.<CRLF>
250 Message received: 20170612020553.ANU32283.mx-172-26-202-87.openwave.com@[10.37.2.214]
221 mx-172-26-202-87.openwave.com ESMTP server closing connection


!!!!!!!!!!!!!!!!!!!!!!!!!!!!Sending message21!!!!!!!!!!!!!!!!!!!!!!!!!!!!


\ sending message21:


220 mx-172-26-202-87.openwave.com ESMTP server (InterMail vM.9.05.00.00 201-2473-137-116) ready Sun, 11 Jun 2017 19:05:54 -0700
250 Sender <xx2> Ok
250 Recipient <xx1> Ok
354 Ok Send data ending with <CRLF>.<CRLF>
250 Message received: 20170612020555.ANV32283.mx-172-26-202-87.openwave.com@[10.37.2.214]
221 mx-172-26-202-87.openwave.com ESMTP server closing connection


!!!!!!!!!!!!!!!!!!!!!!!!!!!!Sending message22!!!!!!!!!!!!!!!!!!!!!!!!!!!!


\ sending message22:


220 mx-172-26-202-87.openwave.com ESMTP server (InterMail vM.9.05.00.00 201-2473-137-116) ready Sun, 11 Jun 2017 19:05:56 -0700
250 Sender <xx2> Ok
250 Recipient <xx1> Ok
354 Ok Send data ending with <CRLF>.<CRLF>
250 Message received: 20170612020556.ANW32283.mx-172-26-202-87.openwave.com@[10.37.2.214]
221 mx-172-26-202-87.openwave.com ESMTP server closing connection


!!!!!!!!!!!!!!!!!!!!!!!!!!!!Sending message23!!!!!!!!!!!!!!!!!!!!!!!!!!!!


\ sending message23:


220 mx-172-26-202-87.openwave.com ESMTP server (InterMail vM.9.05.00.00 201-2473-137-116) ready Sun, 11 Jun 2017 19:05:57 -0700
250 Sender <xx2> Ok
250 Recipient <xx1> Ok
354 Ok Send data ending with <CRLF>.<CRLF>
250 Message received: 20170612020558.ANX32283.mx-172-26-202-87.openwave.com@[10.37.2.214]
221 mx-172-26-202-87.openwave.com ESMTP server closing connection


!!!!!!!!!!!!!!!!!!!!!!!!!!!!Sending message24!!!!!!!!!!!!!!!!!!!!!!!!!!!!


\ sending message24:


220 mx-172-26-202-87.openwave.com ESMTP server (InterMail vM.9.05.00.00 201-2473-137-116) ready Sun, 11 Jun 2017 19:05:59 -0700
250 Sender <xx2> Ok
250 Recipient <xx1> Ok
354 Ok Send data ending with <CRLF>.<CRLF>
250 Message received: 20170612020559.ANY32283.mx-172-26-202-87.openwave.com@[10.37.2.214]
221 mx-172-26-202-87.openwave.com ESMTP server closing connection


!!!!!!!!!!!!!!!!!!!!!!!!!!!!Sending message25!!!!!!!!!!!!!!!!!!!!!!!!!!!!


\ sending message25:


220 mx-172-26-202-87.openwave.com ESMTP server (InterMail vM.9.05.00.00 201-2473-137-116) ready Sun, 11 Jun 2017 19:06:00 -0700
250 Sender <xx2> Ok
250 Recipient <xx1> Ok
354 Ok Send data ending with <CRLF>.<CRLF>
250 Message received: 20170612020601.ANZ32283.mx-172-26-202-87.openwave.com@[10.37.2.214]
221 mx-172-26-202-87.openwave.com ESMTP server closing connection
