/////////////////////////////////// -1- Chinese words \\\\\\\\\\\\\\\\\\"
echo /////////////////////////////////// -1- Chinese words \\\\\\\\\\\\\\\\\\"

!!!!!!!!!!!!!!!!!!!!!!!!!!!!fetching first line data!!!!!!!!!!!!!!!!!!!!!!!!!!!!!
* OK IMAP4 server (InterMail vM.9.05.00.00 201-2473-137-116) ready Sun, 11 Jun 2017 19:06:02 -0700 (PDT)
a OK LOGIN completed
* 25 EXISTS
* OK [UNSEEN 1] First unseen message
* OK [UIDVALIDITY 1497231880] UIDs valid
* OK [UIDNEXT 1609] Predicted next UID
* FLAGS (\Answered \Flagged \Deleted \Draft \Seen)
* OK [PERMANENTFLAGS (\* \Answered \Flagged \Deleted \Draft \Seen)] Permanent flags
* 25 RECENT
a OK [READ-WRITE] SELECT completed
* 1 FETCH (RFC822 {714}
Return-Path: <xx2@openwave.com>
Received: from [10.37.2.214] by mx-172-26-202-87.openwave.com
          (InterMail vM.9.05.00.00 201-2473-137-116) with SMTP
          id <20170612020524.ANB32283.mx-172-26-202-87.openwave.com@[10.37.2.214]>
          for <xx1@openwave.com>; Sun, 11 Jun 2017 19:05:24 -0700
subject: testemail-Chinese-GB2312-CRLF-quoted-printable
MIME-Version: 1.0
Content-Type: text/plain; charset=gb2312
Content-Transfer-Encoding: quoted-printable
Date: Sun, 11 Jun 2017 19:05:24 -0700
Message-Id: <20170612020524.ANB32283.mx-172-26-202-87.openwave.com@[10.37.2.214]>
From: <xx2@openwave.com>

=C5=AD=B7=A2=B3=E5=B9=DA=A3=AC=C6=BE=C0=BB=B4=A6=A1=A2=E4=EC=E4=EC=D3=EA=D0=
=AA=A1=A3=
 FLAGS (\Recent \Seen))
* 2 FETCH (RFC822 {719}
Return-Path: <xx2@openwave.com>
Received: from [10.37.2.214] by mx-172-26-202-87.openwave.com
          (InterMail vM.9.05.00.00 201-2473-137-116) with SMTP
          id <20170612020525.ANC32283.mx-172-26-202-87.openwave.com@[10.37.2.214]>
          for <xx1@openwave.com>; Sun, 11 Jun 2017 19:05:25 -0700
subject: testemail-Chinese-GB2312-CRLF-quoted-printable
MIME-Version: 1.0
Content-Type: text/plain; charset=gb2312
Content-Transfer-Encoding: quoted-printable
Date: Sun, 11 Jun 2017 19:05:25 -0700
Message-Id: <20170612020525.ANC32283.mx-172-26-202-87.openwave.com@[10.37.2.214]>
From: <xx2@openwave.com>

     =C5=AD=B7=A2=B3=E5=B9=DA=A3=AC=C6=BE=C0=BB=B4=A6=A1=A2=E4=EC=E4=EC=D3=
=EA=D0=AA=A1=A3=
 FLAGS (\Recent \Seen))
* 3 FETCH (RFC822 {719}
Return-Path: <xx2@openwave.com>
Received: from [10.37.2.214] by mx-172-26-202-87.openwave.com
          (InterMail vM.9.05.00.00 201-2473-137-116) with SMTP
          id <20170612020527.AND32283.mx-172-26-202-87.openwave.com@[10.37.2.214]>
          for <xx1@openwave.com>; Sun, 11 Jun 2017 19:05:27 -0700
subject: testemail-Chinese-GB2312-CRLF-quoted-printable
MIME-Version: 1.0
Content-Type: text/plain; charset=gb2312
Content-Transfer-Encoding: quoted-printable
Date: Sun, 11 Jun 2017 19:05:27 -0700
Message-Id: <20170612020527.AND32283.mx-172-26-202-87.openwave.com@[10.37.2.214]>
From: <xx2@openwave.com>

=C5=AD=B7=A2=B3=E5=B9=DA=A3=AC=C6=BE=C0=BB     =B4=A6=A1=A2=E4=EC=E4=EC=D3=
=EA=D0=AA=A1=A3=
 FLAGS (\Recent \Seen))
* 4 FETCH (RFC822 {721}
Return-Path: <xx2@openwave.com>
Received: from [10.37.2.214] by mx-172-26-202-87.openwave.com
          (InterMail vM.9.05.00.00 201-2473-137-116) with SMTP
          id <20170612020529.ANE32283.mx-172-26-202-87.openwave.com@[10.37.2.214]>
          for <xx1@openwave.com>; Sun, 11 Jun 2017 19:05:29 -0700
subject: testemail-Chinese-GB2312-CRLF-quoted-printable
MIME-Version: 1.0
Content-Type: text/plain; charset=gb2312
Content-Transfer-Encoding: quoted-printable
Date: Sun, 11 Jun 2017 19:05:29 -0700
Message-Id: <20170612020529.ANE32283.mx-172-26-202-87.openwave.com@[10.37.2.214]>
From: <xx2@openwave.com>

=C5=AD=B7=A2=B3=E5=B9=DA=A3=AC=C6=BE=C0=BB=B4=A6=A1=A2=E4=EC=E4=EC=D3=EA=D0=
=AA=A1=A3    =20=
 FLAGS (\Recent \Seen))
* 5 FETCH (RFC822 {800}
Return-Path: <xx2@openwave.com>
Received: from [10.37.2.214] by mx-172-26-202-87.openwave.com
          (InterMail vM.9.05.00.00 201-2473-137-116) with SMTP
          id <20170612020530.ANF32283.mx-172-26-202-87.openwave.com@[10.37.2.214]>
          for <xx1@openwave.com>; Sun, 11 Jun 2017 19:05:30 -0700
subject: testemail-Chinese-GB2312-CRLF-quoted-printable
MIME-Version: 1.0
Content-Type: text/plain; charset=gb2312
Content-Transfer-Encoding: quoted-printable
Date: Sun, 11 Jun 2017 19:05:30 -0700
Message-Id: <20170612020530.ANF32283.mx-172-26-202-87.openwave.com@[10.37.2.214]>
From: <xx2@openwave.com>

=C5=AD=B7=A2=B3=E5=B9=DA=A3=AC=C6=BE=C0=BB=B4=A6=A1=A2
=E4=EC=E4=EC=D3=EA=D0=AA=A1=A3=CC=A7=CD=FB=D1=DB=A1=A2=D1=F6=CC=EC=B3=A4=D0=
=A5=A3=AC=D7=B3=BB=B3=BC=A4=C1=D2=A1=A3=
 FLAGS (\Recent \Seen))
* 6 FETCH (RFC822 {805}
Return-Path: <xx2@openwave.com>
Received: from [10.37.2.214] by mx-172-26-202-87.openwave.com
          (InterMail vM.9.05.00.00 201-2473-137-116) with SMTP
          id <20170612020532.ANG32283.mx-172-26-202-87.openwave.com@[10.37.2.214]>
          for <xx1@openwave.com>; Sun, 11 Jun 2017 19:05:32 -0700
subject: testemail-Chinese-GB2312-CRLF-quoted-printable
MIME-Version: 1.0
Content-Type: text/plain; charset=gb2312
Content-Transfer-Encoding: quoted-printable
Date: Sun, 11 Jun 2017 19:05:32 -0700
Message-Id: <20170612020532.ANG32283.mx-172-26-202-87.openwave.com@[10.37.2.214]>
From: <xx2@openwave.com>

     =C5=AD=B7=A2=B3=E5=B9=DA=A3=AC=C6=BE=C0=BB=B4=A6=A1=A2
=E4=EC=E4=EC=D3=EA=D0=AA=A1=A3=CC=A7=CD=FB=D1=DB=A1=A2=D1=F6=CC=EC=B3=A4=D0=
=A5=A3=AC=D7=B3=BB=B3=BC=A4=C1=D2=A1=A3=
 FLAGS (\Recent \Seen))
* 7 FETCH (RFC822 {805}
Return-Path: <xx2@openwave.com>
Received: from [10.37.2.214] by mx-172-26-202-87.openwave.com
          (InterMail vM.9.05.00.00 201-2473-137-116) with SMTP
          id <20170612020533.ANH32283.mx-172-26-202-87.openwave.com@[10.37.2.214]>
          for <xx1@openwave.com>; Sun, 11 Jun 2017 19:05:33 -0700
subject: testemail-Chinese-GB2312-CRLF-quoted-printable
MIME-Version: 1.0
Content-Type: text/plain; charset=gb2312
Content-Transfer-Encoding: quoted-printable
Date: Sun, 11 Jun 2017 19:05:33 -0700
Message-Id: <20170612020533.ANH32283.mx-172-26-202-87.openwave.com@[10.37.2.214]>
From: <xx2@openwave.com>

=C5=AD=B7=A2=B3=E5=B9=DA=A3=AC=C6=BE=C0=BB=B4=A6=A1=A2
     =E4=EC=E4=EC=D3=EA=D0=AA=A1=A3=CC=A7=CD=FB=D1=DB=A1=A2=D1=F6=CC=EC=B3=
=A4=D0=A5=A3=AC=D7=B3=BB=B3=BC=A4=C1=D2=A1=A3=
 FLAGS (\Recent \Seen))
* 8 FETCH (RFC822 {807}
Return-Path: <xx2@openwave.com>
Received: from [10.37.2.214] by mx-172-26-202-87.openwave.com
          (InterMail vM.9.05.00.00 201-2473-137-116) with SMTP
          id <20170612020535.ANI32283.mx-172-26-202-87.openwave.com@[10.37.2.214]>
          for <xx1@openwave.com>; Sun, 11 Jun 2017 19:05:35 -0700
subject: testemail-Chinese-GB2312-CRLF-quoted-printable
MIME-Version: 1.0
Content-Type: text/plain; charset=gb2312
Content-Transfer-Encoding: quoted-printable
Date: Sun, 11 Jun 2017 19:05:35 -0700
Message-Id: <20170612020535.ANI32283.mx-172-26-202-87.openwave.com@[10.37.2.214]>
From: <xx2@openwave.com>

=C5=AD=B7=A2=B3=E5=B9=DA=A3=AC=C6=BE=C0=BB=B4=A6=A1=A2
=E4=EC=E4=EC=D3=EA=D0=AA=A1=A3=CC=A7=CD=FB=D1=DB=A1=A2=D1=F6=CC=EC=B3=A4=D0=
=A5=A3=AC=D7=B3=BB=B3=BC=A4=C1=D2=A1=A3    =20=
 FLAGS (\Recent \Seen))
* 9 FETCH (RFC822 {876}
Return-Path: <xx2@openwave.com>
Received: from [10.37.2.214] by mx-172-26-202-87.openwave.com
          (InterMail vM.9.05.00.00 201-2473-137-116) with SMTP
          id <20170612020536.ANJ32283.mx-172-26-202-87.openwave.com@[10.37.2.214]>
          for <xx1@openwave.com>; Sun, 11 Jun 2017 19:05:36 -0700
subject: testemail-Chinese-GB2312-CRLF-quoted-printable
MIME-Version: 1.0
Content-Type: text/plain; charset=gb2312
Content-Transfer-Encoding: quoted-printable
Date: Sun, 11 Jun 2017 19:05:36 -0700
Message-Id: <20170612020536.ANJ32283.mx-172-26-202-87.openwave.com@[10.37.2.214]>
From: <xx2@openwave.com>

=C5=AD=B7=A2=B3=E5=B9=DA=A3=AC=C6=BE=C0=BB=B4=A6=A1=A2=E4=EC=E4=EC=D3=EA=D0=
=AA=A1=A3=CC=A7=CD=FB=D1=DB=A3=AC=D1=F6=CC=EC=B3=A4=D0=A5=A3=AC=D7=B3=BB=B3=
=BC=A4=C1=D2=A1=A3=C8=FD=CA=AE=B9=A6=C3=FB=B3=BE=D3=EB=CD=C1=A3=AC=B0=CB=C7=
=A7=C0=EF=C2=B7=
 FLAGS (\Recent \Seen))
* 10 FETCH (RFC822 {864}
Return-Path: <xx2@openwave.com>
Received: from [10.37.2.214] by mx-172-26-202-87.openwave.com
          (InterMail vM.9.05.00.00 201-2473-137-116) with SMTP
          id <20170612020538.ANK32283.mx-172-26-202-87.openwave.com@[10.37.2.214]>
          for <xx1@openwave.com>; Sun, 11 Jun 2017 19:05:38 -0700
subject: testemail-Chinese-GB2312-CRLF-quoted-printable
MIME-Version: 1.0
Content-Type: text/plain; charset=gb2312
Content-Transfer-Encoding: quoted-printable
Date: Sun, 11 Jun 2017 19:05:38 -0700
Message-Id: <20170612020538.ANK32283.mx-172-26-202-87.openwave.com@[10.37.2.214]>
From: <xx2@openwave.com>

     =C5=AD=B7=A2=B3=E5=B9=DA=A3=AC=C6=BE=C0=BB=B4=A6=A1=A2=E4=EC=E4=EC=D3=
=EA=D0=AA=A1=A3=CC=A7=CD=FB=D1=DB=A3=AC=D1=F6=CC=EC=B3=A4=D0=A5=A3=AC=D7=B3=
=BB=B3,=BC=A4=C1=D2=A1=A3=C8=FD=CA=AE=B9=A6=C3=FB=B3=BE=D3=EB=CD=C1=A3=AC=
=B0=CB=
 FLAGS (\Recent \Seen))
* 11 FETCH (RFC822 {864}
Return-Path: <xx2@openwave.com>
Received: from [10.37.2.214] by mx-172-26-202-87.openwave.com
          (InterMail vM.9.05.00.00 201-2473-137-116) with SMTP
          id <20170612020539.ANL32283.mx-172-26-202-87.openwave.com@[10.37.2.214]>
          for <xx1@openwave.com>; Sun, 11 Jun 2017 19:05:39 -0700
subject: testemail-Chinese-GB2312-CRLF-quoted-printable
MIME-Version: 1.0
Content-Type: text/plain; charset=gb2312
Content-Transfer-Encoding: quoted-printable
Date: Sun, 11 Jun 2017 19:05:39 -0700
Message-Id: <20170612020539.ANL32283.mx-172-26-202-87.openwave.com@[10.37.2.214]>
From: <xx2@openwave.com>

=C5=AD=B7=A2=B3=E5=B9=DA=A3=AC=C6=BE=C0=BB=B4=A6=A1=A2=E4=EC=E4=EC     =D3=
=EA=D0=AA=A1=A3=CC=A7=CD=FB=D1=DB=A3=AC=D1=F6=CC=EC=B3=A4=D0=A5=A3=AC=D7=B3=
=BB=B3,=BC=A4=C1=D2=A1=A3=C8=FD=CA=AE=B9=A6=C3=FB=B3=BE=D3=EB=CD=C1=A3=AC=
=B0=CB=
 FLAGS (\Recent \Seen))
* 12 FETCH (RFC822 {866}
Return-Path: <xx2@openwave.com>
Received: from [10.37.2.214] by mx-172-26-202-87.openwave.com
          (InterMail vM.9.05.00.00 201-2473-137-116) with SMTP
          id <20170612020541.ANM32283.mx-172-26-202-87.openwave.com@[10.37.2.214]>
          for <xx1@openwave.com>; Sun, 11 Jun 2017 19:05:41 -0700
subject: testemail-Chinese-GB2312-CRLF-quoted-printable
MIME-Version: 1.0
Content-Type: text/plain; charset=gb2312
Content-Transfer-Encoding: quoted-printable
Date: Sun, 11 Jun 2017 19:05:41 -0700
Message-Id: <20170612020541.ANM32283.mx-172-26-202-87.openwave.com@[10.37.2.214]>
From: <xx2@openwave.com>

=C5=AD=B7=A2=B3=E5=B9=DA=A3=AC=C6=BE=C0=BB=B4=A6=A1=A2=E4=EC=E4=EC=D3=EA=D0=
=AA=A1=A3=CC=A7=CD=FB=D1=DB=A3=AC=D1=F6=CC=EC=B3=A4=D0=A5=A3=AC=D7=B3=BB=B3=
,=BC=A4=C1=D2=A1=A3=C8=FD=CA=AE=B9=A6=C3=FB=B3=BE=D3=EB=CD=C1=A3=AC=B0=CB  =
  =20=
 FLAGS (\Recent \Seen))
* 13 FETCH (RFC822 {858}
Return-Path: <xx2@openwave.com>
Received: from [10.37.2.214] by mx-172-26-202-87.openwave.com
          (InterMail vM.9.05.00.00 201-2473-137-116) with SMTP
          id <20170612020542.ANN32283.mx-172-26-202-87.openwave.com@[10.37.2.214]>
          for <xx1@openwave.com>; Sun, 11 Jun 2017 19:05:42 -0700
subject: testemail-Chinese-GB2312-CRLF-quoted-printable
MIME-Version: 1.0
Content-Type: text/plain; charset=gb2312
Content-Transfer-Encoding: quoted-printable
Date: Sun, 11 Jun 2017 19:05:42 -0700
Message-Id: <20170612020542.ANN32283.mx-172-26-202-87.openwave.com@[10.37.2.214]>
From: <xx2@openwave.com>

=C5=AD=B7=A2=B3=E5=B9=DA=A3=AC
=C6=BE=C0=BB=B4=A6=A1=A2=E4=EC=E4=EC=D3=EA=D0=AA=A1=A3
=CC=A7=CD=FB=D1=DB=A3=AC=D1=F6=CC=EC=B3=A4=D0=A5=A3=AC=D7=B3=BB=B3,=BC=A4=
=C1=D2=A1=A3=C8=FD=CA=AE=B9=A6=C3=FB=B3=BE=D3=EB=CD=C1=A3=AC=B0=CB,=
 FLAGS (\Recent \Seen))
* 14 FETCH (RFC822 {850}
Return-Path: <xx2@openwave.com>
Received: from [10.37.2.214] by mx-172-26-202-87.openwave.com
          (InterMail vM.9.05.00.00 201-2473-137-116) with SMTP
          id <20170612020544.ANO32283.mx-172-26-202-87.openwave.com@[10.37.2.214]>
          for <xx1@openwave.com>; Sun, 11 Jun 2017 19:05:44 -0700
subject: testemail-Chinese-GB2312-CRLF-quoted-printable
MIME-Version: 1.0
Content-Type: text/plain; charset=gb2312
Content-Transfer-Encoding: quoted-printable
Date: Sun, 11 Jun 2017 19:05:44 -0700
Message-Id: <20170612020544.ANO32283.mx-172-26-202-87.openwave.com@[10.37.2.214]>
From: <xx2@openwave.com>

     =C5=AD=B7=A2=B3=E5=B9=DA=A3=AC
=C6=BE=C0=BB=B4=A6=A1=A2=E4=EC=E4=EC=D3=EA=D0=AA=A1=A3
=CC=A7=CD=FB=D1=DB=A3=AC=D1=F6=CC=EC=B3=A4=D0=A5=A3=AC=D7=B3=BB=B3,=BC=A4=
=C1=D2=A1=A3=C8=FD=CA=AE=B9=A6=C3=FB=B3=BE=D3=EB=A3=AC=
 FLAGS (\Recent \Seen))
* 15 FETCH (RFC822 {850}
Return-Path: <xx2@openwave.com>
Received: from [10.37.2.214] by mx-172-26-202-87.openwave.com
          (InterMail vM.9.05.00.00 201-2473-137-116) with SMTP
          id <20170612020545.ANP32283.mx-172-26-202-87.openwave.com@[10.37.2.214]>
          for <xx1@openwave.com>; Sun, 11 Jun 2017 19:05:45 -0700
subject: testemail-Chinese-GB2312-CRLF-quoted-printable
MIME-Version: 1.0
Content-Type: text/plain; charset=gb2312
Content-Transfer-Encoding: quoted-printable
Date: Sun, 11 Jun 2017 19:05:45 -0700
Message-Id: <20170612020545.ANP32283.mx-172-26-202-87.openwave.com@[10.37.2.214]>
From: <xx2@openwave.com>

=C5=AD=B7=A2=B3=E5=B9=DA=A3=AC
     =C6=BE=C0=BB=B4=A6=A1=A2=E4=EC=E4=EC=D3=EA=D0=AA=A1=A3
=CC=A7=CD=FB=D1=DB=A3=AC=D1=F6=CC=EC=B3=A4=D0=A5=A3=AC=D7=B3=BB=B3,=BC=A4=
=C1=D2=A1=A3=C8=FD=CA=AE=B9=A6=C3=FB=B3=BE=D3=EB=A3=AC=
 FLAGS (\Recent \Seen))
* 16 FETCH (RFC822 {852}
Return-Path: <xx2@openwave.com>
Received: from [10.37.2.214] by mx-172-26-202-87.openwave.com
          (InterMail vM.9.05.00.00 201-2473-137-116) with SMTP
          id <20170612020547.ANQ32283.mx-172-26-202-87.openwave.com@[10.37.2.214]>
          for <xx1@openwave.com>; Sun, 11 Jun 2017 19:05:47 -0700
subject: testemail-Chinese-GB2312-CRLF-quoted-printable
MIME-Version: 1.0
Content-Type: text/plain; charset=gb2312
Content-Transfer-Encoding: quoted-printable
Date: Sun, 11 Jun 2017 19:05:47 -0700
Message-Id: <20170612020547.ANQ32283.mx-172-26-202-87.openwave.com@[10.37.2.214]>
From: <xx2@openwave.com>

=C5=AD=B7=A2=B3=E5=B9=DA=A3=AC
=C6=BE=C0=BB=B4=A6=A1=A2=E4=EC=E4=EC=D3=EA=D0=AA=A1=A3
=CC=A7=CD=FB=D1=DB=A3=AC=D1=F6=CC=EC=B3=A4=D0=A5=A3=AC=D7=B3=BB=B3,=BC=A4=
=C1=D2=A1=A3=C8=FD=CA=AE=B9=A6=C3=FB=B3=BE=D3=EB=A3=AC    =20=
 FLAGS (\Recent \Seen))
* 17 FETCH (RFC822 {987}
Return-Path: <xx2@openwave.com>
Received: from [10.37.2.214] by mx-172-26-202-87.openwave.com
          (InterMail vM.9.05.00.00 201-2473-137-116) with SMTP
          id <20170612020548.ANR32283.mx-172-26-202-87.openwave.com@[10.37.2.214]>
          for <xx1@openwave.com>; Sun, 11 Jun 2017 19:05:48 -0700
subject: testemail-Chinese-GB2312-CRLF-quoted-printable
MIME-Version: 1.0
Content-Type: text/plain; charset=gb2312
Content-Transfer-Encoding: quoted-printable
Date: Sun, 11 Jun 2017 19:05:48 -0700
Message-Id: <20170612020548.ANR32283.mx-172-26-202-87.openwave.com@[10.37.2.214]>
From: <xx2@openwave.com>

=C5=AD=B7=A2=B3=E5=B9=DA=A3=AC=C6=BE=C0=BB=B4=A6=A1=A2=E4=EC=E4=EC=D3=EA=D0=
=AA=A1=A3=CC=A7=CD=FB=D1=DB=A1=A2=D1=F6=CC=EC=B3=A4=D0=A5=A3=AC=D7=B3=BB=B3=
=BC=A4=C1=D2=A1=A3=C8=FD=CA=AE=B9=A6=C3=FB=B3=BE=D3=EB=CD=C1=A3=AC=B0=CB=C7=
=A7=C0=EF=C2=B7=D4=C6=BA=CD=D4=C2=A1=A3=C4=AA=B5=C8=CF=D0=A3=AC=B0=D7=C1=CB=
=C9=D9=C4=EA=CD=B7=A3=AC=BF=D5=B1=AF=C7=D0=A1=A3=
 FLAGS (\Recent \Seen))
* 18 FETCH (RFC822 {992}
Return-Path: <xx2@openwave.com>
Received: from [10.37.2.214] by mx-172-26-202-87.openwave.com
          (InterMail vM.9.05.00.00 201-2473-137-116) with SMTP
          id <20170612020550.ANS32283.mx-172-26-202-87.openwave.com@[10.37.2.214]>
          for <xx1@openwave.com>; Sun, 11 Jun 2017 19:05:50 -0700
subject: testemail-Chinese-GB2312-CRLF-quoted-printable
MIME-Version: 1.0
Content-Type: text/plain; charset=gb2312
Content-Transfer-Encoding: quoted-printable
Date: Sun, 11 Jun 2017 19:05:50 -0700
Message-Id: <20170612020550.ANS32283.mx-172-26-202-87.openwave.com@[10.37.2.214]>
From: <xx2@openwave.com>

     =C5=AD=B7=A2=B3=E5=B9=DA=A3=AC=C6=BE=C0=BB=B4=A6=A1=A2=E4=EC=E4=EC=D3=
=EA=D0=AA=A1=A3=CC=A7=CD=FB=D1=DB=A1=A2=D1=F6=CC=EC=B3=A4=D0=A5=A3=AC=D7=B3=
=BB=B3=BC=A4=C1=D2=A1=A3=C8=FD=CA=AE=B9=A6=C3=FB=B3=BE=D3=EB=CD=C1=A3=AC=B0=
=CB=C7=A7=C0=EF=C2=B7=D4=C6=BA=CD=D4=C2=A1=A3=C4=AA=B5=C8=CF=D0=A3=AC=B0=D7=
=C1=CB=C9=D9=C4=EA=CD=B7=A3=AC=BF=D5=B1=AF=C7=D0=A1=A3=
 FLAGS (\Recent \Seen))
* 19 FETCH (RFC822 {992}
Return-Path: <xx2@openwave.com>
Received: from [10.37.2.214] by mx-172-26-202-87.openwave.com
          (InterMail vM.9.05.00.00 201-2473-137-116) with SMTP
          id <20170612020552.ANT32283.mx-172-26-202-87.openwave.com@[10.37.2.214]>
          for <xx1@openwave.com>; Sun, 11 Jun 2017 19:05:52 -0700
subject: testemail-Chinese-GB2312-CRLF-quoted-printable
MIME-Version: 1.0
Content-Type: text/plain; charset=gb2312
Content-Transfer-Encoding: quoted-printable
Date: Sun, 11 Jun 2017 19:05:52 -0700
Message-Id: <20170612020552.ANT32283.mx-172-26-202-87.openwave.com@[10.37.2.214]>
From: <xx2@openwave.com>

=C5=AD=B7=A2=B3=E5=B9=DA=A3=AC=C6=BE=C0=BB=B4=A6=A1=A2=E4=EC=E4=EC     =D3=
=EA=D0=AA=A1=A3=CC=A7=CD=FB=D1=DB=A1=A2=D1=F6=CC=EC=B3=A4=D0=A5=A3=AC=D7=B3=
=BB=B3=BC=A4=C1=D2=A1=A3=C8=FD=CA=AE=B9=A6=C3=FB=B3=BE=D3=EB=CD=C1=A3=AC=B0=
=CB=C7=A7=C0=EF=C2=B7=D4=C6=BA=CD=D4=C2=A1=A3=C4=AA=B5=C8=CF=D0=A3=AC=B0=D7=
=C1=CB=C9=D9=C4=EA=CD=B7=A3=AC=BF=D5=B1=AF=C7=D0=A1=A3=
 FLAGS (\Recent \Seen))
* 20 FETCH (RFC822 {994}
Return-Path: <xx2@openwave.com>
Received: from [10.37.2.214] by mx-172-26-202-87.openwave.com
          (InterMail vM.9.05.00.00 201-2473-137-116) with SMTP
          id <20170612020553.ANU32283.mx-172-26-202-87.openwave.com@[10.37.2.214]>
          for <xx1@openwave.com>; Sun, 11 Jun 2017 19:05:53 -0700
subject: testemail-Chinese-GB2312-CRLF-quoted-printable
MIME-Version: 1.0
Content-Type: text/plain; charset=gb2312
Content-Transfer-Encoding: quoted-printable
Date: Sun, 11 Jun 2017 19:05:53 -0700
Message-Id: <20170612020553.ANU32283.mx-172-26-202-87.openwave.com@[10.37.2.214]>
From: <xx2@openwave.com>

=C5=AD=B7=A2=B3=E5=B9=DA=A3=AC=C6=BE=C0=BB=B4=A6=A1=A2=E4=EC=E4=EC=D3=EA=D0=
=AA=A1=A3=CC=A7=CD=FB=D1=DB=A1=A2=D1=F6=CC=EC=B3=A4=D0=A5=A3=AC=D7=B3=BB=B3=
=BC=A4=C1=D2=A1=A3=C8=FD=CA=AE=B9=A6=C3=FB=B3=BE=D3=EB=CD=C1=A3=AC=B0=CB=C7=
=A7=C0=EF=C2=B7=D4=C6=BA=CD=D4=C2=A1=A3=C4=AA=B5=C8=CF=D0=A3=AC=B0=D7=C1=CB=
=C9=D9=C4=EA=CD=B7=A3=AC=BF=D5=B1=AF=C7=D0=A1=A3    =20=
 FLAGS (\Recent \Seen))
* 21 FETCH (RFC822 {990}
Return-Path: <xx2@openwave.com>
Received: from [10.37.2.214] by mx-172-26-202-87.openwave.com
          (InterMail vM.9.05.00.00 201-2473-137-116) with SMTP
          id <20170612020555.ANV32283.mx-172-26-202-87.openwave.com@[10.37.2.214]>
          for <xx1@openwave.com>; Sun, 11 Jun 2017 19:05:55 -0700
subject: testemail-Chinese-GB2312-CRLF-quoted-printable
MIME-Version: 1.0
Content-Type: text/plain; charset=gb2312
Content-Transfer-Encoding: quoted-printable
Date: Sun, 11 Jun 2017 19:05:55 -0700
Message-Id: <20170612020555.ANV32283.mx-172-26-202-87.openwave.com@[10.37.2.214]>
From: <xx2@openwave.com>

=C5=AD=B7=A2=B3=E5=B9=DA=A3=AC
=C6=BE=C0=BB=B4=A6=A1=A2=E4=EC=E4=EC=D3=EA=D0=AA=A1=A3=CC=A7=CD=FB=D1=DB=A1=
=A2=D1=F6=CC=EC=B3=A4=D0=A5=A3=AC
=D7=B3=BB=B3=BC=A4=C1=D2=A1=A3=C8=FD=CA=AE=B9=A6=C3=FB=B3=BE=D3=EB=CD=C1=A3=
=AC=B0=CB=C7=A7=C0=EF=C2=B7=D4=C6=BA=CD=D4=C2=A1=A3
=C4=AA=B5=C8=CF=D0=A3=AC=B0=D7=C1=CB=C9=D9=C4=EA=CD=B7=A3=AC=BF=D5=B1=AF=C7=
=D0=A1=A3=
 FLAGS (\Recent \Seen))
* 22 FETCH (RFC822 {995}
Return-Path: <xx2@openwave.com>
Received: from [10.37.2.214] by mx-172-26-202-87.openwave.com
          (InterMail vM.9.05.00.00 201-2473-137-116) with SMTP
          id <20170612020556.ANW32283.mx-172-26-202-87.openwave.com@[10.37.2.214]>
          for <xx1@openwave.com>; Sun, 11 Jun 2017 19:05:56 -0700
subject: testemail-Chinese-GB2312-CRLF-quoted-printable
MIME-Version: 1.0
Content-Type: text/plain; charset=gb2312
Content-Transfer-Encoding: quoted-printable
Date: Sun, 11 Jun 2017 19:05:56 -0700
Message-Id: <20170612020556.ANW32283.mx-172-26-202-87.openwave.com@[10.37.2.214]>
From: <xx2@openwave.com>

     =C5=AD=B7=A2=B3=E5=B9=DA=A3=AC
=C6=BE=C0=BB=B4=A6=A1=A2=E4=EC=E4=EC=D3=EA=D0=AA=A1=A3=CC=A7=CD=FB=D1=DB=A1=
=A2=D1=F6=CC=EC=B3=A4=D0=A5=A3=AC
=D7=B3=BB=B3=BC=A4=C1=D2=A1=A3=C8=FD=CA=AE=B9=A6=C3=FB=B3=BE=D3=EB=CD=C1=A3=
=AC=B0=CB=C7=A7=C0=EF=C2=B7=D4=C6=BA=CD=D4=C2=A1=A3
=C4=AA=B5=C8=CF=D0=A3=AC=B0=D7=C1=CB=C9=D9=C4=EA=CD=B7=A3=AC=BF=D5=B1=AF=C7=
=D0=A1=A3=
 FLAGS (\Recent \Seen))
* 23 FETCH (RFC822 {995}
Return-Path: <xx2@openwave.com>
Received: from [10.37.2.214] by mx-172-26-202-87.openwave.com
          (InterMail vM.9.05.00.00 201-2473-137-116) with SMTP
          id <20170612020558.ANX32283.mx-172-26-202-87.openwave.com@[10.37.2.214]>
          for <xx1@openwave.com>; Sun, 11 Jun 2017 19:05:58 -0700
subject: testemail-Chinese-GB2312-CRLF-quoted-printable
MIME-Version: 1.0
Content-Type: text/plain; charset=gb2312
Content-Transfer-Encoding: quoted-printable
Date: Sun, 11 Jun 2017 19:05:58 -0700
Message-Id: <20170612020558.ANX32283.mx-172-26-202-87.openwave.com@[10.37.2.214]>
From: <xx2@openwave.com>

=C5=AD=B7=A2=B3=E5=B9=DA=A3=AC
     =C6=BE=C0=BB=B4=A6=A1=A2=E4=EC=E4=EC=D3=EA=D0=AA=A1=A3=CC=A7=CD=FB=D1=
=DB=A1=A2=D1=F6=CC=EC=B3=A4=D0=A5=A3=AC
=D7=B3=BB=B3=BC=A4=C1=D2=A1=A3=C8=FD=CA=AE=B9=A6=C3=FB=B3=BE=D3=EB=CD=C1=A3=
=AC=B0=CB=C7=A7=C0=EF=C2=B7=D4=C6=BA=CD=D4=C2=A1=A3
=C4=AA=B5=C8=CF=D0=A3=AC=B0=D7=C1=CB=C9=D9=C4=EA=CD=B7=A3=AC=BF=D5=B1=AF=C7=
=D0=A1=A3=
 FLAGS (\Recent \Seen))
* 24 FETCH (RFC822 {997}
Return-Path: <xx2@openwave.com>
Received: from [10.37.2.214] by mx-172-26-202-87.openwave.com
          (InterMail vM.9.05.00.00 201-2473-137-116) with SMTP
          id <20170612020559.ANY32283.mx-172-26-202-87.openwave.com@[10.37.2.214]>
          for <xx1@openwave.com>; Sun, 11 Jun 2017 19:05:59 -0700
subject: testemail-Chinese-GB2312-CRLF-quoted-printable
MIME-Version: 1.0
Content-Type: text/plain; charset=gb2312
Content-Transfer-Encoding: quoted-printable
Date: Sun, 11 Jun 2017 19:05:59 -0700
Message-Id: <20170612020559.ANY32283.mx-172-26-202-87.openwave.com@[10.37.2.214]>
From: <xx2@openwave.com>

=C5=AD=B7=A2=B3=E5=B9=DA=A3=AC
=C6=BE=C0=BB=B4=A6=A1=A2=E4=EC=E4=EC=D3=EA=D0=AA=A1=A3=CC=A7=CD=FB=D1=DB=A1=
=A2=D1=F6=CC=EC=B3=A4=D0=A5=A3=AC
=D7=B3=BB=B3=BC=A4=C1=D2=A1=A3=C8=FD=CA=AE=B9=A6=C3=FB=B3=BE=D3=EB=CD=C1=A3=
=AC=B0=CB=C7=A7=C0=EF=C2=B7=D4=C6=BA=CD=D4=C2=A1=A3
=C4=AA=B5=C8=CF=D0=A3=AC=B0=D7=C1=CB=C9=D9=C4=EA=CD=B7=A3=AC=BF=D5=B1=AF=C7=
=D0=A1=A3    =20=
 FLAGS (\Recent \Seen))
* 25 FETCH (RFC822 {741}
Return-Path: <xx2@openwave.com>
Received: from [10.37.2.214] by mx-172-26-202-87.openwave.com
          (InterMail vM.9.05.00.00 201-2473-137-116) with SMTP
          id <20170612020601.ANZ32283.mx-172-26-202-87.openwave.com@[10.37.2.214]>
          for <xx1@openwave.com>; Sun, 11 Jun 2017 19:06:01 -0700
subject: testemail-Chinese-GB2312-CRLF-quoted-printable
MIME-Version: 1.0
Content-Type: text/plain; charset=gb2312
Content-Transfer-Encoding: quoted-printable
Date: Sun, 11 Jun 2017 19:06:01 -0700
Message-Id: <20170612020601.ANZ32283.mx-172-26-202-87.openwave.com@[10.37.2.214]>
From: <xx2@openwave.com>

=CE=D2=CA=C7=D6=D0=B9=FA=C8=CB


=C4=E3=C4=D8=A3=BF=B9=FE=B9=FE=B9=FE=B9=FE=B9=FE=B9=FE=B9=FE=A3=A1=A3=A1=A3=A1=
 FLAGS (\Recent \Seen))
a OK FETCH completed
* 1 FETCH (FIRSTLINE ("怒发冲冠，凭阑处、潇潇雨歇。"))
* 2 FETCH (FIRSTLINE ("怒发冲冠，凭阑处、潇潇雨歇。"))
* 3 FETCH (FIRSTLINE ("怒发冲冠，凭阑 处、潇潇雨歇。"))
* 4 FETCH (FIRSTLINE ("怒发冲冠，凭阑处、潇潇雨歇。 "))
* 5 FETCH (FIRSTLINE ("怒发冲冠，凭阑处、 潇潇雨歇。抬望眼、仰天长啸，壮怀激"))
* 6 FETCH (FIRSTLINE ("怒发冲冠，凭阑处、 潇潇雨歇。抬望眼、仰天长啸，壮怀激"))
* 7 FETCH (FIRSTLINE ("怒发冲冠，凭阑处、  潇潇雨歇。抬望眼、仰天长啸，壮怀激"))
* 8 FETCH (FIRSTLINE ("怒发冲冠，凭阑处、 潇潇雨歇。抬望眼、仰天长啸，壮怀激"))
* 9 FETCH (FIRSTLINE ("怒发冲冠，凭阑处、潇潇雨歇。抬望眼，仰天长啸，壮怀激"))
* 10 FETCH (FIRSTLINE ("怒发冲冠，凭阑处、潇潇雨歇。抬望眼，仰天长啸，壮怀,激"))
* 11 FETCH (FIRSTLINE ("怒发冲冠，凭阑处、潇潇 雨歇。抬望眼，仰天长啸，壮怀,激"))
* 12 FETCH (FIRSTLINE ("怒发冲冠，凭阑处、潇潇雨歇。抬望眼，仰天长啸，壮怀,激"))
* 13 FETCH (FIRSTLINE ("怒发冲冠， 凭阑处、潇潇雨歇。 抬望眼，仰天长啸，壮怀,"))
* 14 FETCH (FIRSTLINE ("怒发冲冠， 凭阑处、潇潇雨歇。 抬望眼，仰天长啸，壮怀,"))
* 15 FETCH (FIRSTLINE ("怒发冲冠，  凭阑处、潇潇雨歇。 抬望眼，仰天长啸，壮怀,"))
* 16 FETCH (FIRSTLINE ("怒发冲冠， 凭阑处、潇潇雨歇。 抬望眼，仰天长啸，壮怀,"))
* 17 FETCH (FIRSTLINE ("怒发冲冠，凭阑处、潇潇雨歇。抬望眼、仰天长啸，壮怀激"))
* 18 FETCH (FIRSTLINE ("怒发冲冠，凭阑处、潇潇雨歇。抬望眼、仰天长啸，壮怀激"))
* 19 FETCH (FIRSTLINE ("怒发冲冠，凭阑处、潇潇 雨歇。抬望眼、仰天长啸，壮怀激"))
* 20 FETCH (FIRSTLINE ("怒发冲冠，凭阑处、潇潇雨歇。抬望眼、仰天长啸，壮怀激"))
* 21 FETCH (FIRSTLINE ("怒发冲冠， 凭阑处、潇潇雨歇。抬望眼、仰天长啸， 壮怀激"))
* 22 FETCH (FIRSTLINE ("怒发冲冠， 凭阑处、潇潇雨歇。抬望眼、仰天长啸， 壮怀激"))
* 23 FETCH (FIRSTLINE ("怒发冲冠，  凭阑处、潇潇雨歇。抬望眼、仰天长啸， 壮怀"))
* 24 FETCH (FIRSTLINE ("怒发冲冠， 凭阑处、潇潇雨歇。抬望眼、仰天长啸， 壮怀激"))
* 25 FETCH (FIRSTLINE ("我是中国人 你呢？哈哈哈哈哈哈哈！！！"))
a OK FETCH completed
* 1 FETCH (FIRSTLINE ("怒发冲冠，凭阑处、潇潇雨歇。") UID 1584)
* 2 FETCH (FIRSTLINE ("怒发冲冠，凭阑处、潇潇雨歇。") UID 1585)
* 3 FETCH (FIRSTLINE ("怒发冲冠，凭阑 处、潇潇雨歇。") UID 1586)
* 4 FETCH (FIRSTLINE ("怒发冲冠，凭阑处、潇潇雨歇。 ") UID 1587)
* 5 FETCH (FIRSTLINE ("怒发冲冠，凭阑处、 潇潇雨歇。抬望眼、仰天长啸，壮怀激") UID 1588)
* 6 FETCH (FIRSTLINE ("怒发冲冠，凭阑处、 潇潇雨歇。抬望眼、仰天长啸，壮怀激") UID 1589)
* 7 FETCH (FIRSTLINE ("怒发冲冠，凭阑处、  潇潇雨歇。抬望眼、仰天长啸，壮怀激") UID 1590)
* 8 FETCH (FIRSTLINE ("怒发冲冠，凭阑处、 潇潇雨歇。抬望眼、仰天长啸，壮怀激") UID 1591)
* 9 FETCH (FIRSTLINE ("怒发冲冠，凭阑处、潇潇雨歇。抬望眼，仰天长啸，壮怀激") UID 1592)
* 10 FETCH (FIRSTLINE ("怒发冲冠，凭阑处、潇潇雨歇。抬望眼，仰天长啸，壮怀,激") UID 1593)
* 11 FETCH (FIRSTLINE ("怒发冲冠，凭阑处、潇潇 雨歇。抬望眼，仰天长啸，壮怀,激") UID 1594)
* 12 FETCH (FIRSTLINE ("怒发冲冠，凭阑处、潇潇雨歇。抬望眼，仰天长啸，壮怀,激") UID 1595)
* 13 FETCH (FIRSTLINE ("怒发冲冠， 凭阑处、潇潇雨歇。 抬望眼，仰天长啸，壮怀,") UID 1596)
* 14 FETCH (FIRSTLINE ("怒发冲冠， 凭阑处、潇潇雨歇。 抬望眼，仰天长啸，壮怀,") UID 1597)
* 15 FETCH (FIRSTLINE ("怒发冲冠，  凭阑处、潇潇雨歇。 抬望眼，仰天长啸，壮怀,") UID 1598)
* 16 FETCH (FIRSTLINE ("怒发冲冠， 凭阑处、潇潇雨歇。 抬望眼，仰天长啸，壮怀,") UID 1599)
* 17 FETCH (FIRSTLINE ("怒发冲冠，凭阑处、潇潇雨歇。抬望眼、仰天长啸，壮怀激") UID 1600)
* 18 FETCH (FIRSTLINE ("怒发冲冠，凭阑处、潇潇雨歇。抬望眼、仰天长啸，壮怀激") UID 1601)
* 19 FETCH (FIRSTLINE ("怒发冲冠，凭阑处、潇潇 雨歇。抬望眼、仰天长啸，壮怀激") UID 1602)
* 20 FETCH (FIRSTLINE ("怒发冲冠，凭阑处、潇潇雨歇。抬望眼、仰天长啸，壮怀激") UID 1603)
* 21 FETCH (FIRSTLINE ("怒发冲冠， 凭阑处、潇潇雨歇。抬望眼、仰天长啸， 壮怀激") UID 1604)
* 22 FETCH (FIRSTLINE ("怒发冲冠， 凭阑处、潇潇雨歇。抬望眼、仰天长啸， 壮怀激") UID 1605)
* 23 FETCH (FIRSTLINE ("怒发冲冠，  凭阑处、潇潇雨歇。抬望眼、仰天长啸， 壮怀") UID 1606)
* 24 FETCH (FIRSTLINE ("怒发冲冠， 凭阑处、潇潇雨歇。抬望眼、仰天长啸， 壮怀激") UID 1607)
* 25 FETCH (FIRSTLINE ("我是中国人 你呢？哈哈哈哈哈哈哈！！！") UID 1608)
a OK UID FETCH completed
* BYE IMAP4 server terminating connection
a OK LOGOUT completed
