imapmail: host[10.49.58.118] port[20143] user[ar16723] pass[p] folder[inbox] message[2]
xx OK LOGIN completed
* 2 EXISTS
* OK [UNSEEN 1] First unseen message
* OK [UIDVALIDITY 1510498889] UIDs valid
* OK [UIDNEXT 1002] Predicted next UID
* FLAGS (\Answered \Flagged \Deleted \Draft \Seen)
* OK [PERMANENTFLAGS (\* \Answered \Flagged \Deleted \Draft \Seen)] Permanent flags
* 1 RECENT
xx OK [READ-WRITE] SELECT completed
* 2 FETCH (BODY[] {545}
Return-Path: <>
Subject: Re: test message about autoreply feature
To: ar16723@openwave.com
From: "Auto-reply from ar9109@openwave.com" <ar9109@openwave.com>
In-Reply-To: <20171112150206.AAP18839.mx-10-49-58-118.openwave.com@openwave.com>
Precedence: bulk
Date: Sun, 12 Nov 2017 10:02:07 -0500
Message-ID: <20171112150207.AAS18839.mx-10-49-58-118.openwave.com@mx-10-49-58-118>
MIME-Version: 1.0
Content-Type: text/plain;
		charset=UTF-8
Content-Transfer-Encoding: 7bit


Vacation,This is an autoreply message for internal senders!
 FLAGS (\Recent \Seen))
xx OK FETCH completed
* BYE IMAP4 server terminating connection
xx OK LOGOUT completed
imapmail: host[10.49.58.118] port[20143] user[ar26710] pass[p] folder[inbox] message[2]
xx OK LOGIN completed
* 2 EXISTS
* OK [UNSEEN 1] First unseen message
* OK [UIDVALIDITY 1510498890] UIDs valid
* OK [UIDNEXT 1002] Predicted next UID
* FLAGS (\Answered \Flagged \Deleted \Draft \Seen)
* OK [PERMANENTFLAGS (\* \Answered \Flagged \Deleted \Draft \Seen)] Permanent flags
* 1 RECENT
xx OK [READ-WRITE] SELECT completed
* 2 FETCH (BODY[] {545}
Return-Path: <>
Subject: Re: test message about autoreply feature
To: ar26710@openwave.com
From: "Auto-reply from ar9109@openwave.com" <ar9109@openwave.com>
In-Reply-To: <20171112150206.AAN18839.mx-10-49-58-118.openwave.com@openwave.com>
Precedence: bulk
Date: Sun, 12 Nov 2017 10:02:07 -0500
Message-ID: <20171112150207.AAR18839.mx-10-49-58-118.openwave.com@mx-10-49-58-118>
MIME-Version: 1.0
Content-Type: text/plain;
		charset=UTF-8
Content-Transfer-Encoding: 7bit


Vacation,This is an autoreply message for internal senders!
 FLAGS (\Recent \Seen))
xx OK FETCH completed
* BYE IMAP4 server terminating connection
xx OK LOGOUT completed
imapmail: host[10.49.58.118] port[20143] user[ar9194] pass[p] folder[inbox] message[2]
xx OK LOGIN completed
* 2 EXISTS
* OK [UNSEEN 1] First unseen message
* OK [UIDVALIDITY 1510498891] UIDs valid
* OK [UIDNEXT 1002] Predicted next UID
* FLAGS (\Answered \Flagged \Deleted \Draft \Seen)
* OK [PERMANENTFLAGS (\* \Answered \Flagged \Deleted \Draft \Seen)] Permanent flags
* 1 RECENT
xx OK [READ-WRITE] SELECT completed
* 2 FETCH (BODY[] {549}
Return-Path: <>
Subject: Re: test message about autoreply feature
To: ar9194@whsasf.com
From: "Auto-reply from ar9109@openwave.com" <ar9109@openwave.com>
In-Reply-To: <20171112150206.AAM18839.mx-10-49-58-118.openwave.com@whsasf.com>
Precedence: bulk
Date: Sun, 12 Nov 2017 10:02:07 -0500
Message-ID: <20171112150207.AAQ18839.mx-10-49-58-118.openwave.com@mx-10-49-58-118>
MIME-Version: 1.0
Content-Type: text/plain;
		charset=UTF-8
Content-Transfer-Encoding: 7bit


Vacation,This is an external autoreply message for external senders!
 FLAGS (\Recent \Seen))
xx OK FETCH completed
* BYE IMAP4 server terminating connection
xx OK LOGOUT completed
imapmail: host[10.49.58.118] port[20143] user[ar19514] pass[p] folder[inbox] message[2]
xx OK LOGIN completed
* 2 EXISTS
* OK [UNSEEN 1] First unseen message
* OK [UIDVALIDITY 1510498749] UIDs valid
* OK [UIDNEXT 1002] Predicted next UID
* FLAGS (\Answered \Flagged \Deleted \Draft \Seen)
* OK [PERMANENTFLAGS (\* \Answered \Flagged \Deleted \Draft \Seen)] Permanent flags
* 1 RECENT
xx OK [READ-WRITE] SELECT completed
* 2 FETCH (BODY[] {550}
Return-Path: <>
Subject: Re: test message about autoreply feature
To: ar19514@whsasf.com
From: "Auto-reply from ar9109@openwave.com" <ar9109@openwave.com>
In-Reply-To: <20171112150206.AAO18839.mx-10-49-58-118.openwave.com@whsasf.com>
Precedence: bulk
Date: Sun, 12 Nov 2017 10:02:07 -0500
Message-ID: <20171112150207.AAT18839.mx-10-49-58-118.openwave.com@mx-10-49-58-118>
MIME-Version: 1.0
Content-Type: text/plain;
		charset=UTF-8
Content-Transfer-Encoding: 7bit


Vacation,This is an external autoreply message for external senders!
 FLAGS (\Recent \Seen))
xx OK FETCH completed
* BYE IMAP4 server terminating connection
xx OK LOGOUT completed
