* OK IMAP4 server (InterMail vM.9.05.01.00 201-2473-137-123) ready Thu, 16 Nov 2017 02:12:11 -0500 (EST)
a OK LOGIN completed
* 2 EXISTS
* OK [UNSEEN 1] First unseen message
* OK [UIDVALIDITY 1510816309] UIDs valid
* OK [UIDNEXT 1003] Predicted next UID
* FLAGS (\Answered \Flagged \Deleted \Draft \Seen)
* OK [PERMANENTFLAGS (\* \Answered \Flagged \Deleted \Draft \Seen)] Permanent flags
* 0 RECENT
a OK [READ-WRITE] SELECT completed
* 1 FETCH (FLAGS (\Answered))
a OK FETCH completed
* 2 FETCH (FLAGS (\Answered))
a OK FETCH completed
a OK STORE completed
a OK STORE completed
* 1 FETCH (FLAGS (\Seen \Deleted \Answered))
a OK FETCH completed
a OK STORE completed
a OK STORE completed
* 2 FETCH (FLAGS (\Seen \Deleted \Answered))
a OK FETCH completed
* 1 FETCH (MODSEQ (7))
* 2 FETCH (MODSEQ (9))
a OK FETCH completed
* BYE IMAP4 server terminating connection
a OK LOGOUT completed
