#############################################################################################
######################################SUMMARY################################################
#############################################################################################


running X-THREAD commands now :


1----for u1 ,there should have 4 messages total,all unseen,belongs to 3 conversions,each has 2,1,1 messages:

(1)######X-THREAD  COMMAND###########
#real command: a UID X-THREAD (PARTICIPANTS) UTF-8 ALL
* X-THREAD ("14968@openwave.com;20984@openwave.com" 1003 1 1 "æˆåŠŸè€…ã«ãªã‚‹ãŸã‚ã§ã¯ãªãã€ä¾¡å€¤ã®ã‚ã‚‹è€…ã«ãªã‚‹ãŸã‚ã«åŠª")
* X-THREAD ("20984@openwave.com;32731@openwave.com" 1002 2 2 "ï¼²eally, that's great!hahahah 	I do believe so.thanks.hahahhahah 		wefwefwefwef")
* X-THREAD (";<info@owmessaging.com>" 1000 1 1 "============================================================================ Wel")
a OK UID X-THREAD completed
[32m###################### X-THREAD for u1 successfully!! ##################[0m


(2)######X-THREAD LIST COMMAND###########
#real command: a UID X-THREAD (PARTICIPANTS) LIST ("20984@openwave.com;32731@openwave.com") UTF-8 ALL
* X-THREAD (1002 1001)
a OK UID X-THREAD completed
[32m###################### X-THREAD LIST for u1 successfully!! ##################[0m


(3)######X-THREAD STORE COMMAND###########
#real command: a UID X-THREAD (PARTICIPANTS) STORE ("20984@openwave.com;32731@openwave.com") +flags \Seen
* FLAGS (\Answered \Flagged \Deleted \Draft \Seen)
* OK [PERMANENTFLAGS (\* \Answered \Flagged \Deleted \Draft \Seen)] Permanent flags
* 2 FETCH (FLAGS (\Seen) UID 1001)
* 3 FETCH (FLAGS (\Seen) UID 1002)
#real command: a UID X-THREAD (PARTICIPANTS) UTF-8 ALL
* X-THREAD ("14968@openwave.com;20984@openwave.com" 1003 1 1 "æˆåŠŸè€…ã«ãªã‚‹ãŸã‚ã§ã¯ãªãã€ä¾¡å€¤ã®ã‚ã‚‹è€…ã«ãªã‚‹ãŸã‚ã«åŠª")
* X-THREAD ("20984@openwave.com;32731@openwave.com" 1002 2 0 "ï¼²eally, that's great!hahahah 	I do believe so.thanks.hahahhahah 		wefwefwefwef")
* X-THREAD (";<info@owmessaging.com>" 1000 1 1 "============================================================================ Wel")
a OK UID X-THREAD completed
[32m###################### X-THREAD STORE for u1 successfully!! ##################[0m


++++++++++++++++++++++++++++++++++++++++++++++++++++++++++++++++++++++++++++++++++++++++++
2----for u2 ,there should have 4 messages total,all unseen,belongs to 3 conversions,each has 2,1,1 messages:

(1)######X-THREAD  COMMAND###########
#real command: a UID X-THREAD (PARTICIPANTS) UTF-8 ALL
* X-THREAD ("14968@openwave.com;32731@openwave.com" 1003 2 2 "é–åº·è€»ï¼ŒçŠ¹æœªé›ªï¼›è‡£å­æ¨ï¼Œä½•æ—¶ç­ã€‚é©¾é•¿è½¦	 	ä¸‰ååŠŸåå°˜ä¸")
* X-THREAD ("20984@openwave.com;32731@openwave.com" 1001 1 1 "I do believe so.thanks.hahahhahah 	wefwefwefwefwefwefwef ")
* X-THREAD (";<info@owmessaging.com>" 1000 1 1 "============================================================================ Wel")
a OK UID X-THREAD completed
[32m###################### X-THREAD for u2 successfully!! ##################[0m


(2)######X-THREAD LIST COMMAND###########
#real command: a UID X-THREAD (PARTICIPANTS) LIST ("14968@openwave.com;32731@openwave.com") UTF-8 ALL
* X-THREAD (1003 1002)
a OK UID X-THREAD completed
[32m###################### X-THREAD LIST for u2 successfully!! ##################[0m


(3)######X-THREAD STORE COMMAND###########
#real command: a UID X-THREAD (PARTICIPANTS) STORE ("14968@openwave.com;32731@openwave.com") +flags \Seen
* FLAGS (\Answered \Flagged \Deleted \Draft \Seen)
* OK [PERMANENTFLAGS (\* \Answered \Flagged \Deleted \Draft \Seen)] Permanent flags
* 3 FETCH (FLAGS (\Seen) UID 1002)
* 4 FETCH (FLAGS (\Seen) UID 1003)
#real command: a UID X-THREAD (PARTICIPANTS) UTF-8 ALL
* X-THREAD ("14968@openwave.com;32731@openwave.com" 1003 2 0 "é–åº·è€»ï¼ŒçŠ¹æœªé›ªï¼›è‡£å­æ¨ï¼Œä½•æ—¶ç­ã€‚é©¾é•¿è½¦	 	ä¸‰ååŠŸåå°˜ä¸")
* X-THREAD ("20984@openwave.com;32731@openwave.com" 1001 1 1 "I do believe so.thanks.hahahhahah 	wefwefwefwefwefwefwef ")
* X-THREAD (";<info@owmessaging.com>" 1000 1 1 "============================================================================ Wel")
a OK UID X-THREAD completed
[32m###################### X-THREAD STORE for u2 successfully!! ##################[0m


++++++++++++++++++++++++++++++++++++++++++++++++++++++++++++++++++++++++++++++++++++++++++
3----for u3 ,there should have 4 messages total,all unseen,belongs to 3 conversions,each has 2,1,1 messages:

(1)######X-THREAD  COMMAND###########
#real command: a UID X-THREAD (PARTICIPANTS) UTF-8 ALL
* X-THREAD ("14968@openwave.com;20984@openwave.com" 1003 2 2 "ã™ã¹ã¦å®Ÿç¾ã§ã 	æˆåŠŸè€…ã«ãªã‚‹ãŸã‚ã§ã¯ãªãã€ä¾¡å€¤ã®ã‚ã‚‹è€…")
* X-THREAD ("14968@openwave.com;32731@openwave.com" 1001 1 1 "ä¸‰ååŠŸåå°˜ä¸åœŸï¼Œå…«åƒé‡Œè·¯äº‘å’Œæœˆã€‚è«ç­‰é—²ï¼Œç™½äº†å°‘å¹´å¤´ï¼Œ")
* X-THREAD (";<info@owmessaging.com>" 1000 1 1 "============================================================================ Wel")
a OK UID X-THREAD completed
[32m###################### X-THREAD for u3 successfully!! ##################[0m


(2)######X-THREAD LIST COMMAND###########
#real command: a UID X-THREAD (PARTICIPANTS) LIST ("14968@openwave.com;20984@openwave.com") UTF-8 ALL
* X-THREAD (1003 1002)
a OK UID X-THREAD completed
[32m###################### X-THREAD LIST for u3 successfully!! ##################[0m


(3)######X-THREAD STORE COMMAND###########
#real command: a UID X-THREAD (PARTICIPANTS) STORE ("14968@openwave.com;20984@openwave.com") +flags \Seen
* FLAGS (\Answered \Flagged \Deleted \Draft \Seen)
* OK [PERMANENTFLAGS (\* \Answered \Flagged \Deleted \Draft \Seen)] Permanent flags
* 3 FETCH (FLAGS (\Seen) UID 1002)
* 4 FETCH (FLAGS (\Seen) UID 1003)
#real command: a UID X-THREAD (PARTICIPANTS) UTF-8 ALL
* X-THREAD ("14968@openwave.com;20984@openwave.com" 1003 2 0 "ã™ã¹ã¦å®Ÿç¾ã§ã 	æˆåŠŸè€…ã«ãªã‚‹ãŸã‚ã§ã¯ãªãã€ä¾¡å€¤ã®ã‚ã‚‹è€…")
* X-THREAD ("14968@openwave.com;32731@openwave.com" 1001 1 1 "ä¸‰ååŠŸåå°˜ä¸åœŸï¼Œå…«åƒé‡Œè·¯äº‘å’Œæœˆã€‚è«ç­‰é—²ï¼Œç™½äº†å°‘å¹´å¤´ï¼Œ")
* X-THREAD (";<info@owmessaging.com>" 1000 1 1 "============================================================================ Wel")
a OK UID X-THREAD completed
[32m###################### X-THREAD STORE for u3 successfully!! ##################[0m


++++++++++++++++++++++++++++++++++++++++++++++++++++++++++++++++++++++++++++++++++++++++++
