
!!!!!!!!!!!!!!!!!!!!!!!!!!!!fetching first line data!!!!!!!!!!!!!!!!!!!!!!!!!!!!!
* OK IMAP4 server (InterMail vM.9.05.01.00 201-2473-137-123) ready Thu, 16 Nov 2017 10:54:12 +0000 (GMT)
a OK LOGIN completed
* 25 EXISTS
* OK [UNSEEN 1] First unseen message
* OK [UIDVALIDITY 1510820600] UIDs valid
* OK [UIDNEXT 2709] Predicted next UID
* FLAGS (\Answered \Flagged \Deleted \Draft \Seen)
* OK [PERMANENTFLAGS (\* \Answered \Flagged \Deleted \Draft \Seen)] Permanent flags
* 25 RECENT
a OK [READ-WRITE] SELECT completed
* 1 FETCH (RFC822 {788}
Return-Path: <xx2@openwave.com>
Received: from [10.37.2.214] by mx-10-49-58-127.openwave.com
          (InterMail vM.9.05.01.00 201-2473-137-123) with SMTP
          id <20171116105351.BAD522.mx-10-49-58-127.openwave.com@[10.37.2.214]>
          for <xx1@openwave.com>; Thu, 16 Nov 2017 10:53:51 +0000
subject: testemail-Arabic-UTF-8-CRLF-quoted-printable
MIME-Version: 1.0
Content-Type: text/plain; charset=utf-8
Content-Transfer-Encoding: quoted-printable
Date: Thu, 16 Nov 2017 10:53:51 +0000
Message-Id: <20171116105351.BAD522.mx-10-49-58-127.openwave.com@[10.37.2.214]>
From: <xx2@openwave.com>

=D9=84=D8=A7 =D8=AA=D8=A8=D9=83 =D9=84=D8=A7=D9=86=D9=87 =D8=A7=D9=86=D8=AA=
=D9=87=D9=8A  =D8=A7=D8=A8=D8=AA=D8=B3=D9=85 ! =D9=85=D8=B9 =D8=A7=D9=84=D8=
=AD=D8=AF=D8=AB=
 FLAGS (\Recent \Seen))
* 2 FETCH (RFC822 {793}
Return-Path: <xx2@openwave.com>
Received: from [10.37.2.214] by mx-10-49-58-127.openwave.com
          (InterMail vM.9.05.01.00 201-2473-137-123) with SMTP
          id <20171116105352.BAE522.mx-10-49-58-127.openwave.com@[10.37.2.214]>
          for <xx1@openwave.com>; Thu, 16 Nov 2017 10:53:52 +0000
subject: testemail-Arabic-UTF-8-CRLF-quoted-printable
MIME-Version: 1.0
Content-Type: text/plain; charset=utf-8
Content-Transfer-Encoding: quoted-printable
Date: Thu, 16 Nov 2017 10:53:52 +0000
Message-Id: <20171116105352.BAE522.mx-10-49-58-127.openwave.com@[10.37.2.214]>
From: <xx2@openwave.com>

     =D9=84=D8=A7 =D8=AA=D8=A8=D9=83 =D9=84=D8=A7=D9=86=D9=87 =D8=A7=D9=86=
=D8=AA=D9=87=D9=8A  =D8=A7=D8=A8=D8=AA=D8=B3=D9=85 ! =D9=85=D8=B9 =D8=A7=D9=
=84=D8=AD=D8=AF=D8=AB=
 FLAGS (\Recent \Seen))
* 3 FETCH (RFC822 {793}
Return-Path: <xx2@openwave.com>
Received: from [10.37.2.214] by mx-10-49-58-127.openwave.com
          (InterMail vM.9.05.01.00 201-2473-137-123) with SMTP
          id <20171116105353.BAF522.mx-10-49-58-127.openwave.com@[10.37.2.214]>
          for <xx1@openwave.com>; Thu, 16 Nov 2017 10:53:53 +0000
subject: testemail-Arabic-UTF-8-CRLF-quoted-printable
MIME-Version: 1.0
Content-Type: text/plain; charset=utf-8
Content-Transfer-Encoding: quoted-printable
Date: Thu, 16 Nov 2017 10:53:53 +0000
Message-Id: <20171116105353.BAF522.mx-10-49-58-127.openwave.com@[10.37.2.214]>
From: <xx2@openwave.com>

=D9=84=D8=A7 =D8=AA=D8=A8=D9=83 =D9=84=D8=A7=D9=86=D9=87 =D8=A7=D9=86=D8=AA=
=D9=87     =D9=8A  =D8=A7=D8=A8=D8=AA=D8=B3=D9=85 ! =D9=85=D8=B9 =D8=A7=D9=
=84=D8=AD=D8=AF=D8=AB=
 FLAGS (\Recent \Seen))
* 4 FETCH (RFC822 {795}
Return-Path: <xx2@openwave.com>
Received: from [10.37.2.214] by mx-10-49-58-127.openwave.com
          (InterMail vM.9.05.01.00 201-2473-137-123) with SMTP
          id <20171116105354.BAG522.mx-10-49-58-127.openwave.com@[10.37.2.214]>
          for <xx1@openwave.com>; Thu, 16 Nov 2017 10:53:54 +0000
subject: testemail-Arabic-UTF-8-CRLF-quoted-printable
MIME-Version: 1.0
Content-Type: text/plain; charset=utf-8
Content-Transfer-Encoding: quoted-printable
Date: Thu, 16 Nov 2017 10:53:54 +0000
Message-Id: <20171116105354.BAG522.mx-10-49-58-127.openwave.com@[10.37.2.214]>
From: <xx2@openwave.com>

=D9=84=D8=A7 =D8=AA=D8=A8=D9=83 =D9=84=D8=A7=D9=86=D9=87 =D8=A7=D9=86=D8=AA=
=D9=87=D9=8A  =D8=A7=D8=A8=D8=AA=D8=B3=D9=85 ! =D9=85=D8=B9 =D8=A7=D9=84=D8=
=AD=D8=AF=D8=AB    =20=
 FLAGS (\Recent \Seen))
* 5 FETCH (RFC822 {798}
Return-Path: <xx2@openwave.com>
Received: from [10.37.2.214] by mx-10-49-58-127.openwave.com
          (InterMail vM.9.05.01.00 201-2473-137-123) with SMTP
          id <20171116105354.BAH522.mx-10-49-58-127.openwave.com@[10.37.2.214]>
          for <xx1@openwave.com>; Thu, 16 Nov 2017 10:53:54 +0000
subject: testemail-Arabic-UTF-8-CRLF-quoted-printable
MIME-Version: 1.0
Content-Type: text/plain; charset=utf-8
Content-Transfer-Encoding: quoted-printable
Date: Thu, 16 Nov 2017 10:53:54 +0000
Message-Id: <20171116105354.BAH522.mx-10-49-58-127.openwave.com@[10.37.2.214]>
From: <xx2@openwave.com>

=D9=84=D9=8A=D8=B3 =D9=84=D8=A7=D9=86=D9=83
=D9=85=D9=86 =D8=A7=D9=86=D8=AA  =D9=88=D9=84=D9=83=D9=86 =D9=84=D8=A7=D9=
=86 =D8=B9=D9=86=D8=AF=D9=85=D8=A7  =D8=A7=D9=83=D9=88=D9=86=
 FLAGS (\Recent \Seen))
* 6 FETCH (RFC822 {803}
Return-Path: <xx2@openwave.com>
Received: from [10.37.2.214] by mx-10-49-58-127.openwave.com
          (InterMail vM.9.05.01.00 201-2473-137-123) with SMTP
          id <20171116105355.BAI522.mx-10-49-58-127.openwave.com@[10.37.2.214]>
          for <xx1@openwave.com>; Thu, 16 Nov 2017 10:53:55 +0000
subject: testemail-Arabic-UTF-8-CRLF-quoted-printable
MIME-Version: 1.0
Content-Type: text/plain; charset=utf-8
Content-Transfer-Encoding: quoted-printable
Date: Thu, 16 Nov 2017 10:53:55 +0000
Message-Id: <20171116105355.BAI522.mx-10-49-58-127.openwave.com@[10.37.2.214]>
From: <xx2@openwave.com>

     =D9=84=D9=8A=D8=B3 =D9=84=D8=A7=D9=86=D9=83
=D9=85=D9=86 =D8=A7=D9=86=D8=AA  =D9=88=D9=84=D9=83=D9=86 =D9=84=D8=A7=D9=
=86 =D8=B9=D9=86=D8=AF=D9=85=D8=A7  =D8=A7=D9=83=D9=88=D9=86=
 FLAGS (\Recent \Seen))
* 7 FETCH (RFC822 {803}
Return-Path: <xx2@openwave.com>
Received: from [10.37.2.214] by mx-10-49-58-127.openwave.com
          (InterMail vM.9.05.01.00 201-2473-137-123) with SMTP
          id <20171116105356.BAJ522.mx-10-49-58-127.openwave.com@[10.37.2.214]>
          for <xx1@openwave.com>; Thu, 16 Nov 2017 10:53:56 +0000
subject: testemail-Arabic-UTF-8-CRLF-quoted-printable
MIME-Version: 1.0
Content-Type: text/plain; charset=utf-8
Content-Transfer-Encoding: quoted-printable
Date: Thu, 16 Nov 2017 10:53:56 +0000
Message-Id: <20171116105356.BAJ522.mx-10-49-58-127.openwave.com@[10.37.2.214]>
From: <xx2@openwave.com>

=D9=84=D9=8A=D8=B3 =D9=84=D8=A7=D9=86=D9=83
     =D9=85=D9=86 =D8=A7=D9=86=D8=AA  =D9=88=D9=84=D9=83=D9=86 =D9=84=D8=A7=
=D9=86 =D8=B9=D9=86=D8=AF=D9=85=D8=A7  =D8=A7=D9=83=D9=88=D9=86=
 FLAGS (\Recent \Seen))
* 8 FETCH (RFC822 {808}
Return-Path: <xx2@openwave.com>
Received: from [10.37.2.214] by mx-10-49-58-127.openwave.com
          (InterMail vM.9.05.01.00 201-2473-137-123) with SMTP
          id <20171116105357.BAK522.mx-10-49-58-127.openwave.com@[10.37.2.214]>
          for <xx1@openwave.com>; Thu, 16 Nov 2017 10:53:57 +0000
subject: testemail-Arabic-UTF-8-CRLF-quoted-printable
MIME-Version: 1.0
Content-Type: text/plain; charset=utf-8
Content-Transfer-Encoding: quoted-printable
Date: Thu, 16 Nov 2017 10:53:57 +0000
Message-Id: <20171116105357.BAK522.mx-10-49-58-127.openwave.com@[10.37.2.214]>
From: <xx2@openwave.com>

=D9=84=D9=8A=D8=B3 =D9=84=D8=A7=D9=86=D9=83
=D9=85=D9=86 =D8=A7=D9=86=D8=AA  =D9=88=D9=84=D9=83=D9=86 =D9=84=D8=A7=D9=
=86 =D8=B9=D9=86=D8=AF=D9=85=D8=A7  =D8=A7=D9=83=D9=88=D9=86       =20=
 FLAGS (\Recent \Seen))
* 9 FETCH (RFC822 {843}
Return-Path: <xx2@openwave.com>
Received: from [10.37.2.214] by mx-10-49-58-127.openwave.com
          (InterMail vM.9.05.01.00 201-2473-137-123) with SMTP
          id <20171116105358.BAL522.mx-10-49-58-127.openwave.com@[10.37.2.214]>
          for <xx1@openwave.com>; Thu, 16 Nov 2017 10:53:58 +0000
subject: testemail-Arabic-UTF-8-CRLF-quoted-printable
MIME-Version: 1.0
Content-Type: text/plain; charset=utf-8
Content-Transfer-Encoding: quoted-printable
Date: Thu, 16 Nov 2017 10:53:58 +0000
Message-Id: <20171116105358.BAL522.mx-10-49-58-127.openwave.com@[10.37.2.214]>
From: <xx2@openwave.com>

=D9=84=D8=A7 =D8=A7=D9=84=D9=81=D8=AA=D9=8A  =D9=88=D9=84=D8=A7 =D8=A7=D9=
=84=D9=81=D8=AA=D8=A7=D8=A9 =D9=8A=D8=B3=D8=AA=D8=AD=D9=82 =D8=AF=D9=85=D9=
=88=D8=B9=D9=83  =D8=A8=D9=84 =D9=8A=D8=B3=D8=AA=D8=AD=D9=82 =D9=84=D9=85=
 FLAGS (\Recent \Seen))
* 10 FETCH (RFC822 {831}
Return-Path: <xx2@openwave.com>
Received: from [10.37.2.214] by mx-10-49-58-127.openwave.com
          (InterMail vM.9.05.01.00 201-2473-137-123) with SMTP
          id <20171116105359.BAM522.mx-10-49-58-127.openwave.com@[10.37.2.214]>
          for <xx1@openwave.com>; Thu, 16 Nov 2017 10:53:59 +0000
subject: testemail-Arabic-UTF-8-CRLF-quoted-printable
MIME-Version: 1.0
Content-Type: text/plain; charset=utf-8
Content-Transfer-Encoding: quoted-printable
Date: Thu, 16 Nov 2017 10:53:59 +0000
Message-Id: <20171116105359.BAM522.mx-10-49-58-127.openwave.com@[10.37.2.214]>
From: <xx2@openwave.com>

     =D9=84=D8=A7 =D8=A7=D9=84=D9=81=D8=AA=D9=8A  =D9=88=D9=84=D8=A7 =D8=A7=
=D9=84=D9=81=D8=AA=D8=A7=D8=A9 =D9=8A=D8=B3=D8=AA=D8=AD=D9=82 =D8=AF=D9=85 =
=D8=B9=D9=83  =D8=A8=D9=84 =D9=8A=D8=AD=D9=82 =D9=84=D9=85=
 FLAGS (\Recent \Seen))
* 11 FETCH (RFC822 {835}
Return-Path: <xx2@openwave.com>
Received: from [10.37.2.214] by mx-10-49-58-127.openwave.com
          (InterMail vM.9.05.01.00 201-2473-137-123) with SMTP
          id <20171116105400.BAN522.mx-10-49-58-127.openwave.com@[10.37.2.214]>
          for <xx1@openwave.com>; Thu, 16 Nov 2017 10:54:00 +0000
subject: testemail-Arabic-UTF-8-CRLF-quoted-printable
MIME-Version: 1.0
Content-Type: text/plain; charset=utf-8
Content-Transfer-Encoding: quoted-printable
Date: Thu, 16 Nov 2017 10:54:00 +0000
Message-Id: <20171116105400.BAN522.mx-10-49-58-127.openwave.com@[10.37.2.214]>
From: <xx2@openwave.com>

=D9=84=D8=A7 =D8=A7=D9=84=D9=81=D8=AA=D9=8A  =D9=88=D9=84=D8=A7 =D8=A7=D9=
=84=D9=81=D8=AA=D8=A7=D8=A9 =D9=8A=D8=B3     =D8=AA=D8=AD=D9=82 =D8=AF=D9=
=85=D9=88=D8=B9=D9=83  =D8=A8=D9=84 =D9=8A=D8=B3=D8=AA=D8=AD=D9=82=
 FLAGS (\Recent \Seen))
* 12 FETCH (RFC822 {837}
Return-Path: <xx2@openwave.com>
Received: from [10.37.2.214] by mx-10-49-58-127.openwave.com
          (InterMail vM.9.05.01.00 201-2473-137-123) with SMTP
          id <20171116105400.BAO522.mx-10-49-58-127.openwave.com@[10.37.2.214]>
          for <xx1@openwave.com>; Thu, 16 Nov 2017 10:54:00 +0000
subject: testemail-Arabic-UTF-8-CRLF-quoted-printable
MIME-Version: 1.0
Content-Type: text/plain; charset=utf-8
Content-Transfer-Encoding: quoted-printable
Date: Thu, 16 Nov 2017 10:54:00 +0000
Message-Id: <20171116105400.BAO522.mx-10-49-58-127.openwave.com@[10.37.2.214]>
From: <xx2@openwave.com>

=D9=84=D8=A7 =D8=A7=D9=84=D9=81=D8=AA=D9=8A  =D9=88=D9=84=D8=A7 =D8=A7=D9=
=84=D9=81=D8=AA=D8=A7=D8=A9 =D9=8A=D8=B3=D8=AA=D8=AD=D9=82 =D9=88=D8=B9=D9=
=83 =D8=A8=D9=84 =D9=8A=D8=B3=D8=AA=D8=AD=D9=82 =D9=84=D9=85    =20=
 FLAGS (\Recent \Seen))
* 13 FETCH (RFC822 {830}
Return-Path: <xx2@openwave.com>
Received: from [10.37.2.214] by mx-10-49-58-127.openwave.com
          (InterMail vM.9.05.01.00 201-2473-137-123) with SMTP
          id <20171116105401.BAP522.mx-10-49-58-127.openwave.com@[10.37.2.214]>
          for <xx1@openwave.com>; Thu, 16 Nov 2017 10:54:01 +0000
subject: testemail-Arabic-UTF-8-CRLF-quoted-printable
MIME-Version: 1.0
Content-Type: text/plain; charset=utf-8
Content-Transfer-Encoding: quoted-printable
Date: Thu, 16 Nov 2017 10:54:01 +0000
Message-Id: <20171116105401.BAP522.mx-10-49-58-127.openwave.com@[10.37.2.214]>
From: <xx2@openwave.com>

=D9=84=D8=A7 =D8=AA=D8=B9=D8=A8=D8=B3 =D8=A7
=D8=A8=D8=AF=D8=A7  =D8=AD=D8=AA=D9=8A =D8=A7=D9=86=D8=AA =D8=AD=D8=B2=D9=
=8A=D9=86  =D9=84=D8=A7=D9=86=D9=83 =D9=84
=D8=A7 =D8=AA=D8=AF=D8=B1=D9=8A =D9=85=D9=86=20=
 FLAGS (\Recent \Seen))
* 14 FETCH (RFC822 {823}
Return-Path: <xx2@openwave.com>
Received: from [10.37.2.214] by mx-10-49-58-127.openwave.com
          (InterMail vM.9.05.01.00 201-2473-137-123) with SMTP
          id <20171116105402.BAQ522.mx-10-49-58-127.openwave.com@[10.37.2.214]>
          for <xx1@openwave.com>; Thu, 16 Nov 2017 10:54:02 +0000
subject: testemail-Arabic-UTF-8-CRLF-quoted-printable
MIME-Version: 1.0
Content-Type: text/plain; charset=utf-8
Content-Transfer-Encoding: quoted-printable
Date: Thu, 16 Nov 2017 10:54:02 +0000
Message-Id: <20171116105402.BAQ522.mx-10-49-58-127.openwave.com@[10.37.2.214]>
From: <xx2@openwave.com>

     =D9=84=D8=A7 =D8=AA=D8=B9=D8=A8=D8=B3 =D8=A7
=D8=A8=D8=AF=D8=A7  =D8=AD=D8=AA=D9=8A =D8=A7=D9=86=D8=AA =D8=AD=D8=B2=D9=
=8A=D9=86  =D9=84=D8=A7=D9=86=D9=83 =0D
=D8=A7 =D8=AA=D8=AF=D8=B1=D9=8A =D9=85=
 FLAGS (\Recent \Seen))
* 15 FETCH (RFC822 {822}
Return-Path: <xx2@openwave.com>
Received: from [10.37.2.214] by mx-10-49-58-127.openwave.com
          (InterMail vM.9.05.01.00 201-2473-137-123) with SMTP
          id <20171116105403.BAR522.mx-10-49-58-127.openwave.com@[10.37.2.214]>
          for <xx1@openwave.com>; Thu, 16 Nov 2017 10:54:03 +0000
subject: testemail-Arabic-UTF-8-CRLF-quoted-printable
MIME-Version: 1.0
Content-Type: text/plain; charset=utf-8
Content-Transfer-Encoding: quoted-printable
Date: Thu, 16 Nov 2017 10:54:03 +0000
Message-Id: <20171116105403.BAR522.mx-10-49-58-127.openwave.com@[10.37.2.214]>
From: <xx2@openwave.com>

=D9=84=D8=A7 =D8=AA=D8=B9=D8=A8=D8=B3 =D8=A7
     =D8=A8=D8=AF=D8=A7  =D8=AD=D8=AA=D9=8A =D8=A7=D9=86=D8=AA =D8=AD=D8=B2=
=D9=8A=D9=86  =D9=84=D8=A7=D9=86=D9=83 =D9=84
=D8=A7 =D8=AA=D8=AF=D8=B1=D9=8A=20=
 FLAGS (\Recent \Seen))
* 16 FETCH (RFC822 {825}
Return-Path: <xx2@openwave.com>
Received: from [10.37.2.214] by mx-10-49-58-127.openwave.com
          (InterMail vM.9.05.01.00 201-2473-137-123) with SMTP
          id <20171116105404.BAS522.mx-10-49-58-127.openwave.com@[10.37.2.214]>
          for <xx1@openwave.com>; Thu, 16 Nov 2017 10:54:04 +0000
subject: testemail-Arabic-UTF-8-CRLF-quoted-printable
MIME-Version: 1.0
Content-Type: text/plain; charset=utf-8
Content-Transfer-Encoding: quoted-printable
Date: Thu, 16 Nov 2017 10:54:04 +0000
Message-Id: <20171116105404.BAS522.mx-10-49-58-127.openwave.com@[10.37.2.214]>
From: <xx2@openwave.com>

=D9=84=D8=A7 =D8=AA=D8=B9=D8=A8=D8=B3 =D8=A7
=D8=A8=D8=AF=D8=A7  =D8=AD=D8=AA=D9=8A =D8=A7=D9=86=D8=AA =D8=AD=D8=B2=D9=
=8A=D9=86  =D9=84=D8=A7=D9=86=D9=83 =0D
=D8=A7 =D8=AA=D8=AF=D8=B1=D9=8A =D9=85    =20=
 FLAGS (\Recent \Seen))
* 17 FETCH (RFC822 {1181}
Return-Path: <xx2@openwave.com>
Received: from [10.37.2.214] by mx-10-49-58-127.openwave.com
          (InterMail vM.9.05.01.00 201-2473-137-123) with SMTP
          id <20171116105405.BAT522.mx-10-49-58-127.openwave.com@[10.37.2.214]>
          for <xx1@openwave.com>; Thu, 16 Nov 2017 10:54:05 +0000
subject: testemail-Arabic-UTF-8-CRLF-quoted-printable
MIME-Version: 1.0
Content-Type: text/plain; charset=utf-8
Content-Transfer-Encoding: quoted-printable
Date: Thu, 16 Nov 2017 10:54:05 +0000
Message-Id: <20171116105405.BAT522.mx-10-49-58-127.openwave.com@[10.37.2.214]>
From: <xx2@openwave.com>

=D8=B1=D8=A8=D9=85=D8=A7  =D8=A7=D9=84=D9=84=D9=87 =D9=8A=D8=B1=D9=8A=D8=AF=
=D9=86=D8=A7 =D8=A7=D9=86 =D9=86=D9=84=D8=AA=D9=82=D9=8A =D8=A8=D8=B9=D8=B6=
 =D8=A7=D9=84=D9=86=D8=A7=D8=B3 =D8=A7=D9=84=D8=B3=D9=8A=D8=A4=D9=88=D9=86 =
 =D9=82=D8=A8=D9=84 =D8=A7=D9=81=D8=B6=D9=84  =D9=84=D9=83=D9=8A =D8=B9=D9=
=86=D8=AF=D9=85=D8=A7 =D9=86=D9=82=D8=A7=D8=A8=D9=84 =D8=A7=D9=84=D8=AD=D8=
=A8=D9=8A=D8=A8 =D8=A7=D8=AE=D9=8A=D8=B1=D8=A7 =D8=B3=D9=86=D8=B9=D8=B1=D9=
=81 =D9=83=D9=8A=D9=81 =D9=86=D9=83=D9=88=D9=86 =D8=A7=D9=84=D9=85=D9=85=D8=
=AA=D9=86=D9=8A=D9=86=
 FLAGS (\Recent \Seen))
* 18 FETCH (RFC822 {1159}
Return-Path: <xx2@openwave.com>
Received: from [10.37.2.214] by mx-10-49-58-127.openwave.com
          (InterMail vM.9.05.01.00 201-2473-137-123) with SMTP
          id <20171116105405.BAU522.mx-10-49-58-127.openwave.com@[10.37.2.214]>
          for <xx1@openwave.com>; Thu, 16 Nov 2017 10:54:05 +0000
subject: testemail-Arabic-UTF-8-CRLF-quoted-printable
MIME-Version: 1.0
Content-Type: text/plain; charset=utf-8
Content-Transfer-Encoding: quoted-printable
Date: Thu, 16 Nov 2017 10:54:05 +0000
Message-Id: <20171116105405.BAU522.mx-10-49-58-127.openwave.com@[10.37.2.214]>
From: <xx2@openwave.com>

     =D8=B1=D8=A8=D9=85=D8=A7  =D8=A7=D9=84=D9=84=D9=87 =D9=8A=D8=B1=D9=8A=
=D8=AF=D9=86=D8=A7 =D8=A7=D9=86 =D9=86=D9=84=D8=AA=D9=82=D9=8A =D8=A8=D8=B9=
=D8=B6 =D8=A7=D9=84=D9=86=D8=A7=D8=B3 =D8=A7=D9=84=D8=B3=D9=8A=D8=A4=D9=88=
=D9=86  =D9=82=D8=A8=D9=84 =D8=A7=D9=81=D8=B6=D9=84  =D9=84=D9=83=D9=8A =D8=
=B9=D9=86=D8=AF=D9=85=D8=A7 =D9=86=D9=82=D8=A7=D8=A8=D9=84 =D8=A7=D9=84=D8=
=AD=D8=A8=D9=8A=D8=A8 =D8=A7=D8=AE=D9=8A=D8=B1=D8=A7 =D8=B3=D9=86=D8=B9=D8=
=B1=D9=81 =D9=83=D9=8A=D9=81 =D9=86=D9=83=D9=88=D9=86 =D8=A7=D9=84=D9=85=D9=85=
 FLAGS (\Recent \Seen))
* 19 FETCH (RFC822 {1186}
Return-Path: <xx2@openwave.com>
Received: from [10.37.2.214] by mx-10-49-58-127.openwave.com
          (InterMail vM.9.05.01.00 201-2473-137-123) with SMTP
          id <20171116105406.BAV522.mx-10-49-58-127.openwave.com@[10.37.2.214]>
          for <xx1@openwave.com>; Thu, 16 Nov 2017 10:54:06 +0000
subject: testemail-Arabic-UTF-8-CRLF-quoted-printable
MIME-Version: 1.0
Content-Type: text/plain; charset=utf-8
Content-Transfer-Encoding: quoted-printable
Date: Thu, 16 Nov 2017 10:54:06 +0000
Message-Id: <20171116105406.BAV522.mx-10-49-58-127.openwave.com@[10.37.2.214]>
From: <xx2@openwave.com>

=D8=B1=D8=A8=D9=85=D8=A7  =D8=A7=D9=84=D9=84=D9=87 =D9=8A=D8=B1=D9=8A=D8=AF=
=D9=86=D8=A7 =D8=A7=D9=86 =D9=86=D9=84=D8=AA=D9=82=D9=8A =D8=A8=D8=B9=D8=B6=
 =D8=A7=D9=84=D9=86=D8=A7=D8=B3 =D8=A7=D9=84=D8=B3=D9=8A=D8=A4=D9=88=D9=86 =
 =D9=82=D8=A8=D9=84 =D8=A7=D9=81=D8=B6=D9=84  =D9=84=D9=83=D9=8A =D8=B9=D9=
=86=D8=AF=D9=85=D8=A7 =D9=86=D9=82=D8=A7=D8=A8=D9=84 =D8=A7=D9=84=D8=AD=D8=
=A8=D9=8A=D8=A8 =D8=A7=D8=AE=D9=8A=D8=B1=D8=A7 =D8=B3=D9=86=D8=B9=D8=B1=D9=
=81 =D9=83=D9=8A=D9=81 =D9=86=D9=83=D9=88=D9=86      =D8=A7=D9=84=D9=85=D9=
=85=D8=AA=D9=86=D9=8A=D9=86=
 FLAGS (\Recent \Seen))
* 20 FETCH (RFC822 {1188}
Return-Path: <xx2@openwave.com>
Received: from [10.37.2.214] by mx-10-49-58-127.openwave.com
          (InterMail vM.9.05.01.00 201-2473-137-123) with SMTP
          id <20171116105407.BAW522.mx-10-49-58-127.openwave.com@[10.37.2.214]>
          for <xx1@openwave.com>; Thu, 16 Nov 2017 10:54:07 +0000
subject: testemail-Arabic-UTF-8-CRLF-quoted-printable
MIME-Version: 1.0
Content-Type: text/plain; charset=utf-8
Content-Transfer-Encoding: quoted-printable
Date: Thu, 16 Nov 2017 10:54:07 +0000
Message-Id: <20171116105407.BAW522.mx-10-49-58-127.openwave.com@[10.37.2.214]>
From: <xx2@openwave.com>

=D8=B1=D8=A8=D9=85=D8=A7  =D8=A7=D9=84=D9=84=D9=87 =D9=8A=D8=B1=D9=8A=D8=AF=
=D9=86=D8=A7 =D8=A7=D9=86 =D9=86=D9=84=D8=AA=D9=82=D9=8A =D8=A8=D8=B9=D8=B6=
 =D8=A7=D9=84=D9=86=D8=A7=D8=B3 =D8=A7=D9=84=D8=B3=D9=8A=D8=A4=D9=88=D9=86 =
 =D9=82=D8=A8=D9=84 =D8=A7=D9=81=D8=B6=D9=84  =D9=84=D9=83=D9=8A =D8=B9=D9=
=86=D8=AF=D9=85=D8=A7 =D9=86=D9=82=D8=A7=D8=A8=D9=84 =D8=A7=D9=84=D8=AD=D8=
=A8=D9=8A=D8=A8 =D8=A7=D8=AE=D9=8A=D8=B1=D8=A7 =D8=B3=D9=86=D8=B9=D8=B1=D9=
=81 =D9=83=D9=8A=D9=81 =D9=86=D9=83=D9=88=D9=86 =D8=A7=D9=84=D9=85=D9=85=D8=
=AA=D9=86=D9=8A=D9=86    =20=
 FLAGS (\Recent \Seen))
* 21 FETCH (RFC822 {1181}
Return-Path: <xx2@openwave.com>
Received: from [10.37.2.214] by mx-10-49-58-127.openwave.com
          (InterMail vM.9.05.01.00 201-2473-137-123) with SMTP
          id <20171116105408.BAX522.mx-10-49-58-127.openwave.com@[10.37.2.214]>
          for <xx1@openwave.com>; Thu, 16 Nov 2017 10:54:08 +0000
subject: testemail-Arabic-UTF-8-CRLF-quoted-printable
MIME-Version: 1.0
Content-Type: text/plain; charset=utf-8
Content-Transfer-Encoding: quoted-printable
Date: Thu, 16 Nov 2017 10:54:08 +0000
Message-Id: <20171116105408.BAX522.mx-10-49-58-127.openwave.com@[10.37.2.214]>
From: <xx2@openwave.com>

=D8=B1=D8=A8=D9=85=D8=A7  =D8=A7=D9=84=D9=84
=D9=87 =D9=8A=D8=B1=D9=8A=D8=AF=D9=86=D8=A7 =D8=A7=D9=86 =D9=86=D9=84=D8=AA=
=D9=82=D9=8A =D8=A8=D8=B9=D8=B6 =D8=A7=D9=84=D9=86=D8=A7
=D8=B3 =D8=A7=D9=84=D8=B3=D9=8A=D8=A4=D9=88=D9=86  =D9=82=D8=A8=D9=84 =D8=
=A7=D9=81=D8=B6=D9=84  =D9=84=D9=83=D9=8A =D8=B9=D9=86=D8=AF=D9=85=D8=A7 =
=D9=86=D9=82=D8=A7
=D8=A8=D9=84 =D8=A7=D9=84=D8=AD=D8=A8=D9=8A=D8=A8 =D8=A7=D8=AE=D9=8A=D8=B1=
=D8=A7 =D8=B3=D9=86=D8=B9=D8=B1=D9=81 =D9=83=D9=8A=D9=81 =D9=86=D9=83=D9=88=
=D9=86 =D8=A7=D9=84=D9=85=D9=85=D8=AA=D9=86=D9=8A=D9=86=
 FLAGS (\Recent \Seen))
* 22 FETCH (RFC822 {1186}
Return-Path: <xx2@openwave.com>
Received: from [10.37.2.214] by mx-10-49-58-127.openwave.com
          (InterMail vM.9.05.01.00 201-2473-137-123) with SMTP
          id <20171116105409.BAY522.mx-10-49-58-127.openwave.com@[10.37.2.214]>
          for <xx1@openwave.com>; Thu, 16 Nov 2017 10:54:09 +0000
subject: testemail-Arabic-UTF-8-CRLF-quoted-printable
MIME-Version: 1.0
Content-Type: text/plain; charset=utf-8
Content-Transfer-Encoding: quoted-printable
Date: Thu, 16 Nov 2017 10:54:09 +0000
Message-Id: <20171116105409.BAY522.mx-10-49-58-127.openwave.com@[10.37.2.214]>
From: <xx2@openwave.com>

     =D8=B1=D8=A8=D9=85=D8=A7  =D8=A7=D9=84=D9=84
=D9=87 =D9=8A=D8=B1=D9=8A=D8=AF=D9=86=D8=A7 =D8=A7=D9=86 =D9=86=D9=84=D8=AA=
=D9=82=D9=8A =D8=A8=D8=B9=D8=B6 =D8=A7=D9=84=D9=86=D8=A7
=D8=B3 =D8=A7=D9=84=D8=B3=D9=8A=D8=A4=D9=88=D9=86  =D9=82=D8=A8=D9=84 =D8=
=A7=D9=81=D8=B6=D9=84  =D9=84=D9=83=D9=8A =D8=B9=D9=86=D8=AF=D9=85=D8=A7 =
=D9=86=D9=82=D8=A7
=D8=A8=D9=84 =D8=A7=D9=84=D8=AD=D8=A8=D9=8A=D8=A8 =D8=A7=D8=AE=D9=8A=D8=B1=
=D8=A7 =D8=B3=D9=86=D8=B9=D8=B1=D9=81 =D9=83=D9=8A=D9=81 =D9=86=D9=83=D9=88=
=D9=86 =D8=A7=D9=84=D9=85=D9=85=D8=AA=D9=86=D9=8A=D9=86=
 FLAGS (\Recent \Seen))
* 23 FETCH (RFC822 {1186}
Return-Path: <xx2@openwave.com>
Received: from [10.37.2.214] by mx-10-49-58-127.openwave.com
          (InterMail vM.9.05.01.00 201-2473-137-123) with SMTP
          id <20171116105410.BAZ522.mx-10-49-58-127.openwave.com@[10.37.2.214]>
          for <xx1@openwave.com>; Thu, 16 Nov 2017 10:54:10 +0000
subject: testemail-Arabic-UTF-8-CRLF-quoted-printable
MIME-Version: 1.0
Content-Type: text/plain; charset=utf-8
Content-Transfer-Encoding: quoted-printable
Date: Thu, 16 Nov 2017 10:54:10 +0000
Message-Id: <20171116105410.BAZ522.mx-10-49-58-127.openwave.com@[10.37.2.214]>
From: <xx2@openwave.com>

=D8=B1=D8=A8=D9=85=D8=A7  =D8=A7=D9=84=D9=84
     =D9=87 =D9=8A=D8=B1=D9=8A=D8=AF=D9=86=D8=A7 =D8=A7=D9=86 =D9=86=D9=84=
=D8=AA=D9=82=D9=8A =D8=A8=D8=B9=D8=B6 =D8=A7=D9=84=D9=86=D8=A7
=D8=B3 =D8=A7=D9=84=D8=B3=D9=8A=D8=A4=D9=88=D9=86  =D9=82=D8=A8=D9=84 =D8=
=A7=D9=81=D8=B6=D9=84  =D9=84=D9=83=D9=8A =D8=B9=D9=86=D8=AF=D9=85=D8=A7 =
=D9=86=D9=82=D8=A7
=D8=A8=D9=84 =D8=A7=D9=84=D8=AD=D8=A8=D9=8A=D8=A8 =D8=A7=D8=AE=D9=8A=D8=B1=
=D8=A7 =D8=B3=D9=86=D8=B9=D8=B1=D9=81 =D9=83=D9=8A=D9=81 =D9=86=D9=83=D9=88=
=D9=86 =D8=A7=D9=84=D9=85=D9=85=D8=AA=D9=86=D9=8A=D9=86=
 FLAGS (\Recent \Seen))
* 24 FETCH (RFC822 {1189}
Return-Path: <xx2@openwave.com>
Received: from [10.37.2.214] by mx-10-49-58-127.openwave.com
          (InterMail vM.9.05.01.00 201-2473-137-123) with SMTP
          id <20171116105411.BBA522.mx-10-49-58-127.openwave.com@[10.37.2.214]>
          for <xx1@openwave.com>; Thu, 16 Nov 2017 10:54:11 +0000
subject: testemail-Arabic-UTF-8-CRLF-quoted-printable
MIME-Version: 1.0
Content-Type: text/plain; charset=utf-8
Content-Transfer-Encoding: quoted-printable
Date: Thu, 16 Nov 2017 10:54:11 +0000
Message-Id: <20171116105411.BBA522.mx-10-49-58-127.openwave.com@[10.37.2.214]>
From: <xx2@openwave.com>

=D8=B1=D8=A8=D9=85=D8=A7  =D8=A7=D9=84=D9=84
=D9=87 =D9=8A=D8=B1=D9=8A=D8=AF=D9=86=D8=A7 =D8=A7=D9=86 =D9=86=D9=84=D8=AA=
=D9=82=D9=8A =D8=A8=D8=B9=D8=B6 =D8=A7=D9=84=D9=86=D8=A7
=D8=B3 =D8=A7=D9=84=D8=B3=D9=8A=D8=A4=D9=88=D9=86  =D9=82=D8=A8=D9=84 =D8=
=A7=D9=81=D8=B6=D9=84  =D9=84=D9=83=D9=8A =D8=B9=D9=86=D8=AF=D9=85=D8=A7 =
=D9=86=D9=82=D8=A7
=D8=A8=D9=84 =D8=A7=D9=84=D8=AD=D8=A8=D9=8A=D8=A8 =D8=A7=D8=AE=D9=8A=D8=B1=
=D8=A7 =D8=B3=D9=86=D8=B9=D8=B1=D9=81 =D9=83=D9=8A=D9=81 =D9=86=D9=83=D9=88=
=D9=86 =D8=A7=D9=84=D9=85=D9=85=D8=AA=D9=86=D9=8A=D9=86     =20=
 FLAGS (\Recent \Seen))
* 25 FETCH (RFC822 {1199}
Return-Path: <xx2@openwave.com>
Received: from [10.37.2.214] by mx-10-49-58-127.openwave.com
          (InterMail vM.9.05.01.00 201-2473-137-123) with SMTP
          id <20171116105411.BBB522.mx-10-49-58-127.openwave.com@[10.37.2.214]>
          for <xx1@openwave.com>; Thu, 16 Nov 2017 10:54:11 +0000
subject: testemail-Arabic-UTF-8-CRLF-quoted-printable
MIME-Version: 1.0
Content-Type: text/plain; charset=utf-8
Content-Transfer-Encoding: quoted-printable
Date: Thu, 16 Nov 2017 10:54:11 +0000
Message-Id: <20171116105411.BBB522.mx-10-49-58-127.openwave.com@[10.37.2.214]>
From: <xx2@openwave.com>

=D8=B1=D8=A8=D9=85=D8=A7  =D8=A7=D9=84=D9=84
=D9=87 =D9=8A=D8=B1=D9=8A=D8=AF=D9=86=D8=A7 =D8=A7=D9=86 =D9=86=D9=84=D8=AA=
=D9=82=D9=8A =D8=A8=D8=B9=D8=B6 =D8=A7=D9=84=D9=86=D8=A7





=D8=B3 =D8=A7=D9=84=D8=B3=D9=8A=D8=A4=D9=88=D9=86  =D9=82=D8=A8=D9=84 =D8=
=A7=D9=81=D8=B6=D9=84  =D9=84=D9=83=D9=8A =D8=B9=D9=86=D8=AF=D9=85=D8=A7 =
=D9=86=D9=82=D8=A7
=D8=A8=D9=84 =D8=A7=D9=84=D8=AD=D8=A8=D9=8A=D8=A8 =D8=A7=D8=AE=D9=8A=D8=B1=
=D8=A7 =D8=B3=D9=86=D8=B9=D8=B1=D9=81 =D9=83=D9=8A=D9=81 =D9=86=D9=83=D9=88=
=D9=86 =D8=A7=D9=84=D9=85=D9=85=D8=AA=D9=86=D9=8A=D9=86     =20=
 FLAGS (\Recent \Seen))
a OK FETCH completed
* 1 FETCH (FIRSTLINE ("{60}
لا تبك لانه انتهي ابتسم ! مع الحدث"))
* 2 FETCH (FIRSTLINE ("{60}
لا تبك لانه انتهي ابتسم ! مع الحدث"))
* 3 FETCH (FIRSTLINE ("{61}
لا تبك لانه انته ي ابتسم ! مع الحدث"))
* 4 FETCH (FIRSTLINE ("{61}
لا تبك لانه انتهي ابتسم ! مع الحدث "))
* 5 FETCH (FIRSTLINE ("{63}
ليس لانك من انت ولكن لان عندما اكون"))
* 6 FETCH (FIRSTLINE ("{63}
ليس لانك من انت ولكن لان عندما اكون"))
* 7 FETCH (FIRSTLINE ("{64}
ليس لانك  من انت ولكن لان عندما اكون"))
* 8 FETCH (FIRSTLINE ("{64}
ليس لانك من انت ولكن لان عندما اكون "))
* 9 FETCH (FIRSTLINE ("{78}
لا الفتي ولا الفتاة يستحق دموعك بل يستحق لم"))
* 10 FETCH (FIRSTLINE ("{73}
لا الفتي ولا الفتاة يستحق دم عك بل يحق لم"))
* 11 FETCH (FIRSTLINE ("{74}
لا الفتي ولا الفتاة يس تحق دموعك بل يستحق"))
* 12 FETCH (FIRSTLINE ("{75}
لا الفتي ولا الفتاة يستحق وعك بل يستحق لم "))
* 13 FETCH (FIRSTLINE ("{76}
لا تعبس ا بدا حتي انت حزين لانك ل ا تدري من "))
* 14 FETCH (FIRSTLINE ("{71}
لا تعبس ا بدا حتي انت حزين لانك  ا تدري م"))
* 15 FETCH (FIRSTLINE ("{72}
لا تعبس ا  بدا حتي انت حزين لانك ل ا تدري "))
* 16 FETCH (FIRSTLINE ("{72}
لا تعبس ا بدا حتي انت حزين لانك  ا تدري م "))
* 17 FETCH (FIRSTLINE ("{80}
ربما الله يريدنا ان نلتقي بعض الناس السيؤون "))
* 18 FETCH (FIRSTLINE ("{80}
ربما الله يريدنا ان نلتقي بعض الناس السيؤون "))
* 19 FETCH (FIRSTLINE ("{80}
ربما الله يريدنا ان نلتقي بعض الناس السيؤون "))
* 20 FETCH (FIRSTLINE ("{80}
ربما الله يريدنا ان نلتقي بعض الناس السيؤون "))
* 21 FETCH (FIRSTLINE ("{79}
ربما الل ه يريدنا ان نلتقي بعض النا س السيؤو"))
* 22 FETCH (FIRSTLINE ("{79}
ربما الل ه يريدنا ان نلتقي بعض النا س السيؤو"))
* 23 FETCH (FIRSTLINE ("{80}
ربما الل  ه يريدنا ان نلتقي بعض النا س السيؤو"))
* 24 FETCH (FIRSTLINE ("{79}
ربما الل ه يريدنا ان نلتقي بعض النا س السيؤو"))
* 25 FETCH (FIRSTLINE ("{79}
ربما الل ه يريدنا ان نلتقي بعض النا س السيؤو"))
a OK FETCH completed
* 1 FETCH (FIRSTLINE ("{60}
لا تبك لانه انتهي ابتسم ! مع الحدث") UID 2684)
* 2 FETCH (FIRSTLINE ("{60}
لا تبك لانه انتهي ابتسم ! مع الحدث") UID 2685)
* 3 FETCH (FIRSTLINE ("{61}
لا تبك لانه انته ي ابتسم ! مع الحدث") UID 2686)
* 4 FETCH (FIRSTLINE ("{61}
لا تبك لانه انتهي ابتسم ! مع الحدث ") UID 2687)
* 5 FETCH (FIRSTLINE ("{63}
ليس لانك من انت ولكن لان عندما اكون") UID 2688)
* 6 FETCH (FIRSTLINE ("{63}
ليس لانك من انت ولكن لان عندما اكون") UID 2689)
* 7 FETCH (FIRSTLINE ("{64}
ليس لانك  من انت ولكن لان عندما اكون") UID 2690)
* 8 FETCH (FIRSTLINE ("{64}
ليس لانك من انت ولكن لان عندما اكون ") UID 2691)
* 9 FETCH (FIRSTLINE ("{78}
لا الفتي ولا الفتاة يستحق دموعك بل يستحق لم") UID 2692)
* 10 FETCH (FIRSTLINE ("{73}
لا الفتي ولا الفتاة يستحق دم عك بل يحق لم") UID 2693)
* 11 FETCH (FIRSTLINE ("{74}
لا الفتي ولا الفتاة يس تحق دموعك بل يستحق") UID 2694)
* 12 FETCH (FIRSTLINE ("{75}
لا الفتي ولا الفتاة يستحق وعك بل يستحق لم ") UID 2695)
* 13 FETCH (FIRSTLINE ("{76}
لا تعبس ا بدا حتي انت حزين لانك ل ا تدري من ") UID 2696)
* 14 FETCH (FIRSTLINE ("{71}
لا تعبس ا بدا حتي انت حزين لانك  ا تدري م") UID 2697)
* 15 FETCH (FIRSTLINE ("{72}
لا تعبس ا  بدا حتي انت حزين لانك ل ا تدري ") UID 2698)
* 16 FETCH (FIRSTLINE ("{72}
لا تعبس ا بدا حتي انت حزين لانك  ا تدري م ") UID 2699)
* 17 FETCH (FIRSTLINE ("{80}
ربما الله يريدنا ان نلتقي بعض الناس السيؤون ") UID 2700)
* 18 FETCH (FIRSTLINE ("{80}
ربما الله يريدنا ان نلتقي بعض الناس السيؤون ") UID 2701)
* 19 FETCH (FIRSTLINE ("{80}
ربما الله يريدنا ان نلتقي بعض الناس السيؤون ") UID 2702)
* 20 FETCH (FIRSTLINE ("{80}
ربما الله يريدنا ان نلتقي بعض الناس السيؤون ") UID 2703)
* 21 FETCH (FIRSTLINE ("{79}
ربما الل ه يريدنا ان نلتقي بعض النا س السيؤو") UID 2704)
* 22 FETCH (FIRSTLINE ("{79}
ربما الل ه يريدنا ان نلتقي بعض النا س السيؤو") UID 2705)
* 23 FETCH (FIRSTLINE ("{80}
ربما الل  ه يريدنا ان نلتقي بعض النا س السيؤو") UID 2706)
* 24 FETCH (FIRSTLINE ("{79}
ربما الل ه يريدنا ان نلتقي بعض النا س السيؤو") UID 2707)
* 25 FETCH (FIRSTLINE ("{79}
ربما الل ه يريدنا ان نلتقي بعض النا س السيؤو") UID 2708)
a OK UID FETCH completed
* BYE IMAP4 server terminating connection
a OK LOGOUT completed
