
!!!!!!!!!!!!!!!!!!!!!!!!!!!!fetching first line data!!!!!!!!!!!!!!!!!!!!!!!!!!!!!
* OK IMAP4 server (InterMail vM.9.05.00.00 201-2473-137-116) ready Sun, 11 Jun 2017 19:51:24 -0700 (PDT)
a OK LOGIN completed
* 1 EXISTS
* OK [UNSEEN 1] First unseen message
* OK [UIDVALIDITY 1497231880] UIDs valid
* OK [UIDNEXT 2817] Predicted next UID
* FLAGS (\Answered \Flagged \Deleted \Draft \Seen)
* OK [PERMANENTFLAGS (\* \Answered \Flagged \Deleted \Draft \Seen)] Permanent flags
* 1 RECENT
a OK [READ-WRITE] SELECT completed
* 1 FETCH (RFC822 {793}
Return-Path: <xx2@openwave.com>
Received: from [10.37.2.214] by mx-172-26-202-87.openwave.com
          (InterMail vM.9.05.00.00 201-2473-137-116) with SMTP
          id <20170612025123.BLF32283.mx-172-26-202-87.openwave.com@[10.37.2.214]>
          for <xx1@openwave.com>; Sun, 11 Jun 2017 19:51:23 -0700
subject: testemail-mixd-UTF-8-CRLF-quoted-printable
MIME-Version: 1.0
Content-Type: text/plain; charset=utf-8
Content-Transfer-Encoding: quoted-printable
Date: Sun, 11 Jun 2017 19:51:23 -0700
Message-Id: <20170612025123.BLF32283.mx-172-26-202-87.openwave.com@[10.37.2.214]>
From: <xx2@openwave.com>

=D8=8C =D9=88=D9=8A=D9=85=D9=83=D9=86 =D8=AA=D8=AD
Nobody!
=E3=81=84=E3=81=8F=E3=81=A4=E3=81=AB=E3=81=AA
=E6=88=91=E4=BB=AC=E6=98=AF=E4=B8=AD=E5=9B=BD=E4=BA=BA=EF=BC=8C=
 FLAGS (\Recent \Seen))
a OK FETCH completed
* 1 FETCH (FIRSTLINE ("، ويمكن تح Nobody! いくつにな 我们是中国人，"))
a OK FETCH completed
* 1 FETCH (FIRSTLINE ("، ويمكن تح Nobody! いくつにな 我们是中国人，") UID 2816)
a OK UID FETCH completed
* BYE IMAP4 server terminating connection
a OK LOGOUT completed
