spawn ssh op-user@10.49.58.239
Last login: Thu Feb  8 20:49:35 2018 from 10.37.2.214
#########################################################################################################################################################
#                                                  Synchronoss Technologies - Confidential                                                              #
#                                                                                                                                                       #
# Welcome to Openstack Deployment.                                                                                                                      #
#                                                                                                                                                       #
# Openstack Instance has to be registered with spacewalk to get the repos.                                                                              #
#                                                                                                                                                       #
# Run the following command to register the instance with Spacewalk:                                                                                    #
#                                                                                                                                                       #
#   rhnreg_ks --serverUrl=https://spacewalk.sncrcorp.net/XMLRPC --sslCACert=/usr/share/rhn/RHN-ORG-TRUSTED-SSL-CERT --activationkey=<activation-keys>   #
#                                                                                                                                                       #
#   Dev activation-key for CentOS7: 1-612b859ba0b2af4e6db2cdccc3373c70	                                                                                #
#                                                                                                                                                       #
#   Please contact servicedesk at:<servicedesk@Synchronoss.com> for additional key requirements.                                                        #
#                                                             © Synchronoss 2017                                                                        #
#########################################################################################################################################################
]0;op-user@mx1:~[?1034h[op-user@mx1 ~]$ ls -al
total 28
drwx------. 3 op-user op-user 4096 Jan 11 22:12 [0m[38;5;27m.[0m
drwxr-xr-x. 3 root    root    4096 Sep  1 14:42 [38;5;27m..[0m
-rw-------. 1 op-user op-user   75 Feb  8 20:45 .bash_history
-rw-r--r--. 1 op-user op-user   18 Dec  6  2016 .bash_logout
-rw-r--r--. 1 op-user op-user  193 Dec  6  2016 .bash_profile
-rw-r--r--. 1 op-user op-user  231 Dec  6  2016 .bashrc
drwx------. 2 op-user op-user 4096 Jan 11 21:03 [38;5;27m.ssh[0m
]0;op-user@mx1:~[op-user@mx1 ~]$ cal
    February 2018   
Su Mo Tu We Th Fr Sa
             1  2  3
 4  5  6  7 [7m 8[27m  9 10
11 12 13 14 15 16 17
18 19 20 21 22 23 24
25 26 27 28

]0;op-user@mx1:~[op-user@mx1 ~]$ 