
!!!!!!!!!!!!!!!!!!!!!!!!!!!!fetching first line data!!!!!!!!!!!!!!!!!!!!!!!!!!!!!
* OK IMAP4 server (InterMail vM.9.05.00.00 201-2473-137-116) ready Sun, 11 Jun 2017 20:19:32 -0700 (PDT)
a OK LOGIN completed
* 1 EXISTS
* OK [UNSEEN 1] First unseen message
* OK [UIDVALIDITY 1497231880] UIDs valid
* OK [UIDNEXT 2945] Predicted next UID
* FLAGS (\Answered \Flagged \Deleted \Draft \Seen)
* OK [PERMANENTFLAGS (\* \Answered \Flagged \Deleted \Draft \Seen)] Permanent flags
* 1 RECENT
a OK [READ-WRITE] SELECT completed
* 1 FETCH (RFC822 {1609}
Return-Path: <xx2@openwave.com>
Received: from [10.37.2.214] by mx-172-26-202-87.openwave.com
          (InterMail vM.9.05.00.00 201-2473-137-116) with SMTP
          id <20170612031931.BNR32283.mx-172-26-202-87.openwave.com@[10.37.2.214]>
          for <xx1@openwave.com>; Sun, 11 Jun 2017 20:19:31 -0700
Received: from [10.13.8.221] by mx-172-26-202-87.openwave.com
          (InterMail vM.9.05.00.00 201-2473-137-108) with ESMTP
          id <20170219030805.BJK23163.mx-172-26-202-87.openwave.com@[10.13.8.221]>
          for <xx1@openwave.com>; Sat, 18 Feb 2017 19:08:05 -0800
Return-Path: <xx2@openwave.com>
Subject: virus in attachment with texts 
Message-ID: <854fc56e-2a40-76b7-6109-8f51aa9a56d5@openwave.com>
Date: Sun, 19 Feb 2017 11:08:04 +0800
User-Agent: MX
MIME-Version: 1.0
Content-Type: multipart/mixed;
 boundary="------------75DC31484EA216D9A6118F7F"
From: <xx2@openwave.com>

This is a multi-part message in MIME format.
--------------75DC31484EA216D9A6118F7F
Content-Type: text/plain; charset=utf-8; format=flowed
Content-Transfer-Encoding: quoted-printable

=D8=8C =D9=88=D9=8A=D9=85=D9=83=D9=86 =D8=AA=D8=AD
Nobody!
=E3=81=84=E3=81=8F=E3=81=A4=E3=81=AB=E3=81=AA
=E6=88=91=E4=BB=AC=E6=98=AF=E4=B8=AD=E5=9B=BD=E4=BA=BA=EF=BC=8C=
--------------75DC31484EA216D9A6118F7F
Content-Type: text/plain; charset=UTF-8;
 name="virus"
Content-Transfer-Encoding: base64
Content-Disposition: attachment;
 filename="virus"

WDVPIVAlQEFQWzRcUFpYNTQoUF4pN0NDKTd9JEVJQ0FSLVNUQU5EQVJELUFOVElWSVJVUy1U
RVNULUZJTEUhJEgrSCogCg==
--------------75DC31484EA216D9A6118F7F--

 FLAGS (\Recent \Seen))
a OK FETCH completed
* 1 FETCH (FIRSTLINE ("، ويمكن تح Nobody! いくつにな 我们是中国人，"))
a OK FETCH completed
* 1 FETCH (FIRSTLINE ("، ويمكن تح Nobody! いくつにな 我们是中国人，") UID 2944)
a OK UID FETCH completed
* BYE IMAP4 server terminating connection
a OK LOGOUT completed
