imapmail: host[10.49.58.118] port[20143] user[ar11413] pass[p] folder[inbox] message[2]
xx OK LOGIN completed
* 2 EXISTS
* OK [UNSEEN 1] First unseen message
* OK [UIDVALIDITY 1510814061] UIDs valid
* OK [UIDNEXT 1002] Predicted next UID
* FLAGS (\Answered \Flagged \Deleted \Draft \Seen)
* OK [PERMANENTFLAGS (\* \Answered \Flagged \Deleted \Draft \Seen)] Permanent flags
* 1 RECENT
xx OK [READ-WRITE] SELECT completed
* 2 FETCH (BODY[] {1421}
Return-Path: <>
Subject: Re: test message about autoreply feature
To: ar11413@openwave.com
From: "Auto-reply from ar12177@openwave.com" <ar12177@openwave.com>
In-Reply-To: <20171116063550.ACA31271.mx-10-49-58-118.openwave.com@openwave.com>
Precedence: bulk
Date: Thu, 16 Nov 2017 01:35:51 -0500
Message-ID: <20171116063551.ACG31271.mx-10-49-58-118.openwave.com@mx-10-49-58-118>
MIME-Version: 1.0
Content-Type: multipart/mixed;
		Boundary="===========================_ _= 9328095(31271)1510814151"


--===========================_ _= 9328095(31271)1510814151
Content-Type: text/plain; charset=UTF-8
Content-Transfer-Encoding: 7bit


Echo,This is an autoreply message for internal senders!

--===========================_ _= 9328095(31271)1510814151
Content-Type: message/rfc822

Received: from openwave.com ([10.37.2.214]) by mx-10-49-58-118.openwave.com
          (InterMail vM.9.05.01.00 201-2473-137-123) with ESMTP
          id <20171116063550.ACA31271.mx-10-49-58-118.openwave.com@openwave.com>
          for <ar12177@openwave.com>; Thu, 16 Nov 2017 01:35:50 -0500
Subject: test message about autoreply feature
To: ar12177@openwave.com
Date: Thu, 16 Nov 2017 01:35:51 -0500
Message-Id: <20171116063550.ACA31271.mx-10-49-58-118.openwave.com@openwave.com>
From: <ar11413@openwave.com>

Echo,This ia a wonderful world!!

--===========================_ _= 9328095(31271)1510814151--

 FLAGS (\Recent \Seen))
xx OK FETCH completed
* BYE IMAP4 server terminating connection
xx OK LOGOUT completed
imapmail: host[10.49.58.118] port[20143] user[ar31087] pass[p] folder[inbox] message[2]
xx OK LOGIN completed
* 2 EXISTS
* OK [UNSEEN 1] First unseen message
* OK [UIDVALIDITY 1510814062] UIDs valid
* OK [UIDNEXT 1002] Predicted next UID
* FLAGS (\Answered \Flagged \Deleted \Draft \Seen)
* OK [PERMANENTFLAGS (\* \Answered \Flagged \Deleted \Draft \Seen)] Permanent flags
* 1 RECENT
xx OK [READ-WRITE] SELECT completed
* 2 FETCH (BODY[] {1421}
Return-Path: <>
Subject: Re: test message about autoreply feature
To: ar31087@openwave.com
From: "Auto-reply from ar12177@openwave.com" <ar12177@openwave.com>
In-Reply-To: <20171116063550.ACB31271.mx-10-49-58-118.openwave.com@openwave.com>
Precedence: bulk
Date: Thu, 16 Nov 2017 01:35:51 -0500
Message-ID: <20171116063551.ACE31271.mx-10-49-58-118.openwave.com@mx-10-49-58-118>
MIME-Version: 1.0
Content-Type: multipart/mixed;
		Boundary="===========================_ _= 9460764(31271)1510814151"


--===========================_ _= 9460764(31271)1510814151
Content-Type: text/plain; charset=UTF-8
Content-Transfer-Encoding: 7bit


Echo,This is an autoreply message for internal senders!

--===========================_ _= 9460764(31271)1510814151
Content-Type: message/rfc822

Received: from openwave.com ([10.37.2.214]) by mx-10-49-58-118.openwave.com
          (InterMail vM.9.05.01.00 201-2473-137-123) with ESMTP
          id <20171116063550.ACB31271.mx-10-49-58-118.openwave.com@openwave.com>
          for <ar12177@openwave.com>; Thu, 16 Nov 2017 01:35:50 -0500
Subject: test message about autoreply feature
To: ar12177@openwave.com
Date: Thu, 16 Nov 2017 01:35:51 -0500
Message-Id: <20171116063550.ACB31271.mx-10-49-58-118.openwave.com@openwave.com>
From: <ar31087@openwave.com>

Echo,This ia a wonderful world!!

--===========================_ _= 9460764(31271)1510814151--

 FLAGS (\Recent \Seen))
xx OK FETCH completed
* BYE IMAP4 server terminating connection
xx OK LOGOUT completed
imapmail: host[10.49.58.118] port[20143] user[ar15716] pass[p] folder[inbox] message[2]
xx OK LOGIN completed
* 2 EXISTS
* OK [UNSEEN 1] First unseen message
* OK [UIDVALIDITY 1510813914] UIDs valid
* OK [UIDNEXT 1002] Predicted next UID
* FLAGS (\Answered \Flagged \Deleted \Draft \Seen)
* OK [PERMANENTFLAGS (\* \Answered \Flagged \Deleted \Draft \Seen)] Permanent flags
* 1 RECENT
xx OK [READ-WRITE] SELECT completed
* 2 FETCH (BODY[] {1418}
Return-Path: <>
Subject: Re: test message about autoreply feature
To: ar15716@whsasf.com
From: "Auto-reply from ar12177@openwave.com" <ar12177@openwave.com>
In-Reply-To: <20171116063550.ACC31271.mx-10-49-58-118.openwave.com@whsasf.com>
Precedence: bulk
Date: Thu, 16 Nov 2017 01:35:51 -0500
Message-ID: <20171116063551.ACF31271.mx-10-49-58-118.openwave.com@mx-10-49-58-118>
MIME-Version: 1.0
Content-Type: multipart/mixed;
		Boundary="===========================_ _= 9842778(31271)1510814151"


--===========================_ _= 9842778(31271)1510814151
Content-Type: text/plain; charset=UTF-8
Content-Transfer-Encoding: 7bit


Echo,This is an external autoreply message for external senders!

--===========================_ _= 9842778(31271)1510814151
Content-Type: message/rfc822

Received: from whsasf.com ([10.37.2.214]) by mx-10-49-58-118.openwave.com
          (InterMail vM.9.05.01.00 201-2473-137-123) with ESMTP
          id <20171116063550.ACC31271.mx-10-49-58-118.openwave.com@whsasf.com>
          for <ar12177@openwave.com>; Thu, 16 Nov 2017 01:35:50 -0500
Subject: test message about autoreply feature
To: ar12177@openwave.com
Date: Thu, 16 Nov 2017 01:35:51 -0500
Message-Id: <20171116063550.ACC31271.mx-10-49-58-118.openwave.com@whsasf.com>
From: <ar15716@whsasf.com>

Echo,This ia a wonderful world!!

--===========================_ _= 9842778(31271)1510814151--

 FLAGS (\Recent \Seen))
xx OK FETCH completed
* BYE IMAP4 server terminating connection
xx OK LOGOUT completed
imapmail: host[10.49.58.118] port[20143] user[ar14903] pass[p] folder[inbox] message[2]
xx OK LOGIN completed
* 2 EXISTS
* OK [UNSEEN 1] First unseen message
* OK [UIDVALIDITY 1510813915] UIDs valid
* OK [UIDNEXT 1002] Predicted next UID
* FLAGS (\Answered \Flagged \Deleted \Draft \Seen)
* OK [PERMANENTFLAGS (\* \Answered \Flagged \Deleted \Draft \Seen)] Permanent flags
* 1 RECENT
xx OK [READ-WRITE] SELECT completed
* 2 FETCH (BODY[] {1418}
Return-Path: <>
Subject: Re: test message about autoreply feature
To: ar14903@whsasf.com
From: "Auto-reply from ar12177@openwave.com" <ar12177@openwave.com>
In-Reply-To: <20171116063550.ABZ31271.mx-10-49-58-118.openwave.com@whsasf.com>
Precedence: bulk
Date: Thu, 16 Nov 2017 01:35:51 -0500
Message-ID: <20171116063551.ACD31271.mx-10-49-58-118.openwave.com@mx-10-49-58-118>
MIME-Version: 1.0
Content-Type: multipart/mixed;
		Boundary="===========================_ _= 3784443(31271)1510814151"


--===========================_ _= 3784443(31271)1510814151
Content-Type: text/plain; charset=UTF-8
Content-Transfer-Encoding: 7bit


Echo,This is an external autoreply message for external senders!

--===========================_ _= 3784443(31271)1510814151
Content-Type: message/rfc822

Received: from whsasf.com ([10.37.2.214]) by mx-10-49-58-118.openwave.com
          (InterMail vM.9.05.01.00 201-2473-137-123) with ESMTP
          id <20171116063550.ABZ31271.mx-10-49-58-118.openwave.com@whsasf.com>
          for <ar12177@openwave.com>; Thu, 16 Nov 2017 01:35:50 -0500
Subject: test message about autoreply feature
To: ar12177@openwave.com
Date: Thu, 16 Nov 2017 01:35:50 -0500
Message-Id: <20171116063550.ABZ31271.mx-10-49-58-118.openwave.com@whsasf.com>
From: <ar14903@whsasf.com>

Echo,This ia a wonderful world!!

--===========================_ _= 3784443(31271)1510814151--

 FLAGS (\Recent \Seen))
xx OK FETCH completed
* BYE IMAP4 server terminating connection
xx OK LOGOUT completed
