<<<<<<< HEAD
imapmail: host[10.49.58.118] port[20143] user[ar22161] pass[p] folder[inbox] message[2]
xx OK LOGIN completed
* 1 EXISTS
* OK [UNSEEN 1] First unseen message
* OK [UIDVALIDITY 1511146000] UIDs valid
=======
imapmail: host[10.49.58.118] port[20143] user[ar27112] pass[p] folder[inbox] message[2]
xx OK LOGIN completed
* 1 EXISTS
* OK [UNSEEN 1] First unseen message
* OK [UIDVALIDITY 1510978346] UIDs valid
>>>>>>> 4cd6d4568dd2058de905f55c2a9f454b8d84212b
* OK [UIDNEXT 1001] Predicted next UID
* FLAGS (\Answered \Flagged \Deleted \Draft \Seen)
* OK [PERMANENTFLAGS (\* \Answered \Flagged \Deleted \Draft \Seen)] Permanent flags
* 0 RECENT
xx OK [READ-WRITE] SELECT completed
xx NO FETCH failed
Didn't get OK for FETCH
Not Connected...
