imapmail: host[10.49.58.118] port[20143] user[ar27638] pass[p] folder[inbox] message[2]
xx OK LOGIN completed
* 2 EXISTS
* OK [UNSEEN 1] First unseen message
* OK [UIDVALIDITY 1510490147] UIDs valid
* OK [UIDNEXT 1002] Predicted next UID
* FLAGS (\Answered \Flagged \Deleted \Draft \Seen)
* OK [PERMANENTFLAGS (\* \Answered \Flagged \Deleted \Draft \Seen)] Permanent flags
* 1 RECENT
xx OK [READ-WRITE] SELECT completed
* 2 FETCH (BODY[] {540}
Return-Path: <>
Subject: Re: test message about autoreply feature
To: ar27638@openwave.com
From: "Auto-reply from ar2658@openwave.com" <ar2658@openwave.com>
In-Reply-To: <20171112123613.AGR4991.mx-10-49-58-118.openwave.com@openwave.com>
Precedence: bulk
Date: Sun, 12 Nov 2017 07:36:14 -0500
Message-ID: <20171112123614.AGV4991.mx-10-49-58-118.openwave.com@mx-10-49-58-118>
MIME-Version: 1.0
Content-Type: text/plain;
		charset=UTF-8
Content-Transfer-Encoding: 7bit


Reply,This is an autoreply message for internal senders!
 FLAGS (\Recent \Seen))
xx OK FETCH completed
* BYE IMAP4 server terminating connection
xx OK LOGOUT completed
imapmail: host[10.49.58.118] port[20143] user[ar16979] pass[p] folder[inbox] message[2]
xx OK LOGIN completed
* 2 EXISTS
* OK [UNSEEN 1] First unseen message
* OK [UIDVALIDITY 1510490148] UIDs valid
* OK [UIDNEXT 1002] Predicted next UID
* FLAGS (\Answered \Flagged \Deleted \Draft \Seen)
* OK [PERMANENTFLAGS (\* \Answered \Flagged \Deleted \Draft \Seen)] Permanent flags
* 1 RECENT
xx OK [READ-WRITE] SELECT completed
* 2 FETCH (BODY[] {540}
Return-Path: <>
Subject: Re: test message about autoreply feature
To: ar16979@openwave.com
From: "Auto-reply from ar2658@openwave.com" <ar2658@openwave.com>
In-Reply-To: <20171112123613.AGS4991.mx-10-49-58-118.openwave.com@openwave.com>
Precedence: bulk
Date: Sun, 12 Nov 2017 07:36:14 -0500
Message-ID: <20171112123614.AGW4991.mx-10-49-58-118.openwave.com@mx-10-49-58-118>
MIME-Version: 1.0
Content-Type: text/plain;
		charset=UTF-8
Content-Transfer-Encoding: 7bit


Reply,This is an autoreply message for internal senders!
 FLAGS (\Recent \Seen))
xx OK FETCH completed
* BYE IMAP4 server terminating connection
xx OK LOGOUT completed
imapmail: host[10.49.58.118] port[20143] user[ar31543] pass[p] folder[inbox] message[2]
xx OK LOGIN completed
* 2 EXISTS
* OK [UNSEEN 1] First unseen message
* OK [UIDVALIDITY 1510490007] UIDs valid
* OK [UIDNEXT 1002] Predicted next UID
* FLAGS (\Answered \Flagged \Deleted \Draft \Seen)
* OK [PERMANENTFLAGS (\* \Answered \Flagged \Deleted \Draft \Seen)] Permanent flags
* 1 RECENT
xx OK [READ-WRITE] SELECT completed
* 2 FETCH (BODY[] {545}
Return-Path: <>
Subject: Re: test message about autoreply feature
To: ar31543@whsasf.com
From: "Auto-reply from ar2658@openwave.com" <ar2658@openwave.com>
In-Reply-To: <20171112123613.AGT4991.mx-10-49-58-118.openwave.com@whsasf.com>
Precedence: bulk
Date: Sun, 12 Nov 2017 07:36:14 -0500
Message-ID: <20171112123614.AGX4991.mx-10-49-58-118.openwave.com@mx-10-49-58-118>
MIME-Version: 1.0
Content-Type: text/plain;
		charset=UTF-8
Content-Transfer-Encoding: 7bit


Reply,This is an external autoreply message for external senders!
 FLAGS (\Recent \Seen))
xx OK FETCH completed
* BYE IMAP4 server terminating connection
xx OK LOGOUT completed
imapmail: host[10.49.58.118] port[20143] user[ar22008] pass[p] folder[inbox] message[2]
xx OK LOGIN completed
* 2 EXISTS
* OK [UNSEEN 1] First unseen message
* OK [UIDVALIDITY 1510490007] UIDs valid
* OK [UIDNEXT 1002] Predicted next UID
* FLAGS (\Answered \Flagged \Deleted \Draft \Seen)
* OK [PERMANENTFLAGS (\* \Answered \Flagged \Deleted \Draft \Seen)] Permanent flags
* 1 RECENT
xx OK [READ-WRITE] SELECT completed
* 2 FETCH (BODY[] {545}
Return-Path: <>
Subject: Re: test message about autoreply feature
To: ar22008@whsasf.com
From: "Auto-reply from ar2658@openwave.com" <ar2658@openwave.com>
In-Reply-To: <20171112123613.AGQ4991.mx-10-49-58-118.openwave.com@whsasf.com>
Precedence: bulk
Date: Sun, 12 Nov 2017 07:36:14 -0500
Message-ID: <20171112123614.AGU4991.mx-10-49-58-118.openwave.com@mx-10-49-58-118>
MIME-Version: 1.0
Content-Type: text/plain;
		charset=UTF-8
Content-Transfer-Encoding: 7bit


Reply,This is an external autoreply message for external senders!
 FLAGS (\Recent \Seen))
xx OK FETCH completed
* BYE IMAP4 server terminating connection
xx OK LOGOUT completed
