

!!!!!!!!!!!!!!!!!!!!!!!!!!!!Sending message1!!!!!!!!!!!!!!!!!!!!!!!!!!!!


\ sending message1:


220 mx-10-49-58-127.openwave.com ESMTP server (InterMail vM.9.05.01.00 201-2473-137-123) ready Thu, 16 Nov 2017 08:28:20 +0000
250 Sender <xx2> Ok
250 Recipient <xx1> Ok
354 Ok Send data ending with <CRLF>.<CRLF>
250 Message received: 20171116082820.ADA522.mx-10-49-58-127.openwave.com@[10.37.2.214]
221 mx-10-49-58-127.openwave.com ESMTP server closing connection


!!!!!!!!!!!!!!!!!!!!!!!!!!!!Sending message2!!!!!!!!!!!!!!!!!!!!!!!!!!!!


\ sending message2:


220 mx-10-49-58-127.openwave.com ESMTP server (InterMail vM.9.05.01.00 201-2473-137-123) ready Thu, 16 Nov 2017 08:28:20 +0000
250 Sender <xx2> Ok
250 Recipient <xx1> Ok
354 Ok Send data ending with <CRLF>.<CRLF>
250 Message received: 20171116082821.ADB522.mx-10-49-58-127.openwave.com@[10.37.2.214]
221 mx-10-49-58-127.openwave.com ESMTP server closing connection


!!!!!!!!!!!!!!!!!!!!!!!!!!!!Sending message3!!!!!!!!!!!!!!!!!!!!!!!!!!!!


\ sending message3:


220 mx-10-49-58-127.openwave.com ESMTP server (InterMail vM.9.05.01.00 201-2473-137-123) ready Thu, 16 Nov 2017 08:28:21 +0000
250 Sender <xx2> Ok
250 Recipient <xx1> Ok
354 Ok Send data ending with <CRLF>.<CRLF>
250 Message received: 20171116082822.ADC522.mx-10-49-58-127.openwave.com@[10.37.2.214]
221 mx-10-49-58-127.openwave.com ESMTP server closing connection


!!!!!!!!!!!!!!!!!!!!!!!!!!!!Sending message4!!!!!!!!!!!!!!!!!!!!!!!!!!!!


\ sending message4:


220 mx-10-49-58-127.openwave.com ESMTP server (InterMail vM.9.05.01.00 201-2473-137-123) ready Thu, 16 Nov 2017 08:28:22 +0000
250 Sender <xx2> Ok
250 Recipient <xx1> Ok
354 Ok Send data ending with <CRLF>.<CRLF>
250 Message received: 20171116082822.ADD522.mx-10-49-58-127.openwave.com@[10.37.2.214]
221 mx-10-49-58-127.openwave.com ESMTP server closing connection


!!!!!!!!!!!!!!!!!!!!!!!!!!!!Sending message5!!!!!!!!!!!!!!!!!!!!!!!!!!!!


\ sending message5:


220 mx-10-49-58-127.openwave.com ESMTP server (InterMail vM.9.05.01.00 201-2473-137-123) ready Thu, 16 Nov 2017 08:28:23 +0000
250 Sender <xx2> Ok
250 Recipient <xx1> Ok
354 Ok Send data ending with <CRLF>.<CRLF>
250 Message received: 20171116082823.ADE522.mx-10-49-58-127.openwave.com@[10.37.2.214]
221 mx-10-49-58-127.openwave.com ESMTP server closing connection


!!!!!!!!!!!!!!!!!!!!!!!!!!!!Sending message6!!!!!!!!!!!!!!!!!!!!!!!!!!!!


\ sending message6:


220 mx-10-49-58-127.openwave.com ESMTP server (InterMail vM.9.05.01.00 201-2473-137-123) ready Thu, 16 Nov 2017 08:28:24 +0000
250 Sender <xx2> Ok
250 Recipient <xx1> Ok
354 Ok Send data ending with <CRLF>.<CRLF>
250 Message received: 20171116082824.ADF522.mx-10-49-58-127.openwave.com@[10.37.2.214]
221 mx-10-49-58-127.openwave.com ESMTP server closing connection


!!!!!!!!!!!!!!!!!!!!!!!!!!!!Sending message7!!!!!!!!!!!!!!!!!!!!!!!!!!!!


\ sending message7:


220 mx-10-49-58-127.openwave.com ESMTP server (InterMail vM.9.05.01.00 201-2473-137-123) ready Thu, 16 Nov 2017 08:28:25 +0000
250 Sender <xx2> Ok
250 Recipient <xx1> Ok
354 Ok Send data ending with <CRLF>.<CRLF>
250 Message received: 20171116082825.ADG522.mx-10-49-58-127.openwave.com@[10.37.2.214]
221 mx-10-49-58-127.openwave.com ESMTP server closing connection


!!!!!!!!!!!!!!!!!!!!!!!!!!!!Sending message8!!!!!!!!!!!!!!!!!!!!!!!!!!!!


\ sending message8:


220 mx-10-49-58-127.openwave.com ESMTP server (InterMail vM.9.05.01.00 201-2473-137-123) ready Thu, 16 Nov 2017 08:28:26 +0000
250 Sender <xx2> Ok
250 Recipient <xx1> Ok
354 Ok Send data ending with <CRLF>.<CRLF>
250 Message received: 20171116082826.ADH522.mx-10-49-58-127.openwave.com@[10.37.2.214]
221 mx-10-49-58-127.openwave.com ESMTP server closing connection


!!!!!!!!!!!!!!!!!!!!!!!!!!!!Sending message9!!!!!!!!!!!!!!!!!!!!!!!!!!!!


\ sending message9:


220 mx-10-49-58-127.openwave.com ESMTP server (InterMail vM.9.05.01.00 201-2473-137-123) ready Thu, 16 Nov 2017 08:28:26 +0000
250 Sender <xx2> Ok
250 Recipient <xx1> Ok
354 Ok Send data ending with <CRLF>.<CRLF>
250 Message received: 20171116082827.ADI522.mx-10-49-58-127.openwave.com@[10.37.2.214]
221 mx-10-49-58-127.openwave.com ESMTP server closing connection


!!!!!!!!!!!!!!!!!!!!!!!!!!!!Sending message10!!!!!!!!!!!!!!!!!!!!!!!!!!!!


\ sending message10:


220 mx-10-49-58-127.openwave.com ESMTP server (InterMail vM.9.05.01.00 201-2473-137-123) ready Thu, 16 Nov 2017 08:28:27 +0000
250 Sender <xx2> Ok
250 Recipient <xx1> Ok
354 Ok Send data ending with <CRLF>.<CRLF>
250 Message received: 20171116082828.ADJ522.mx-10-49-58-127.openwave.com@[10.37.2.214]
221 mx-10-49-58-127.openwave.com ESMTP server closing connection


!!!!!!!!!!!!!!!!!!!!!!!!!!!!Sending message11!!!!!!!!!!!!!!!!!!!!!!!!!!!!


\ sending message11:


220 mx-10-49-58-127.openwave.com ESMTP server (InterMail vM.9.05.01.00 201-2473-137-123) ready Thu, 16 Nov 2017 08:28:28 +0000
250 Sender <xx2> Ok
250 Recipient <xx1> Ok
354 Ok Send data ending with <CRLF>.<CRLF>
250 Message received: 20171116082828.ADK522.mx-10-49-58-127.openwave.com@[10.37.2.214]
221 mx-10-49-58-127.openwave.com ESMTP server closing connection


!!!!!!!!!!!!!!!!!!!!!!!!!!!!Sending message12!!!!!!!!!!!!!!!!!!!!!!!!!!!!


\ sending message12:


220 mx-10-49-58-127.openwave.com ESMTP server (InterMail vM.9.05.01.00 201-2473-137-123) ready Thu, 16 Nov 2017 08:28:29 +0000
250 Sender <xx2> Ok
250 Recipient <xx1> Ok
354 Ok Send data ending with <CRLF>.<CRLF>
250 Message received: 20171116082829.ADL522.mx-10-49-58-127.openwave.com@[10.37.2.214]
221 mx-10-49-58-127.openwave.com ESMTP server closing connection


!!!!!!!!!!!!!!!!!!!!!!!!!!!!Sending message13!!!!!!!!!!!!!!!!!!!!!!!!!!!!


\ sending message13:


220 mx-10-49-58-127.openwave.com ESMTP server (InterMail vM.9.05.01.00 201-2473-137-123) ready Thu, 16 Nov 2017 08:28:30 +0000
250 Sender <xx2> Ok
250 Recipient <xx1> Ok
354 Ok Send data ending with <CRLF>.<CRLF>
250 Message received: 20171116082830.ADM522.mx-10-49-58-127.openwave.com@[10.37.2.214]
221 mx-10-49-58-127.openwave.com ESMTP server closing connection


!!!!!!!!!!!!!!!!!!!!!!!!!!!!Sending message14!!!!!!!!!!!!!!!!!!!!!!!!!!!!


\ sending message14:


220 mx-10-49-58-127.openwave.com ESMTP server (InterMail vM.9.05.01.00 201-2473-137-123) ready Thu, 16 Nov 2017 08:28:31 +0000
250 Sender <xx2> Ok
250 Recipient <xx1> Ok
354 Ok Send data ending with <CRLF>.<CRLF>
250 Message received: 20171116082831.ADN522.mx-10-49-58-127.openwave.com@[10.37.2.214]
221 mx-10-49-58-127.openwave.com ESMTP server closing connection


!!!!!!!!!!!!!!!!!!!!!!!!!!!!Sending message15!!!!!!!!!!!!!!!!!!!!!!!!!!!!


\ sending message15:


220 mx-10-49-58-127.openwave.com ESMTP server (InterMail vM.9.05.01.00 201-2473-137-123) ready Thu, 16 Nov 2017 08:28:31 +0000
250 Sender <xx2> Ok
250 Recipient <xx1> Ok
354 Ok Send data ending with <CRLF>.<CRLF>
250 Message received: 20171116082832.ADO522.mx-10-49-58-127.openwave.com@[10.37.2.214]
221 mx-10-49-58-127.openwave.com ESMTP server closing connection


!!!!!!!!!!!!!!!!!!!!!!!!!!!!Sending message16!!!!!!!!!!!!!!!!!!!!!!!!!!!!


\ sending message16:


220 mx-10-49-58-127.openwave.com ESMTP server (InterMail vM.9.05.01.00 201-2473-137-123) ready Thu, 16 Nov 2017 08:28:32 +0000
250 Sender <xx2> Ok
250 Recipient <xx1> Ok
354 Ok Send data ending with <CRLF>.<CRLF>
250 Message received: 20171116082834.ADP522.mx-10-49-58-127.openwave.com@[10.37.2.214]
221 mx-10-49-58-127.openwave.com ESMTP server closing connection


!!!!!!!!!!!!!!!!!!!!!!!!!!!!Sending message17!!!!!!!!!!!!!!!!!!!!!!!!!!!!


\ sending message17:


220 mx-10-49-58-127.openwave.com ESMTP server (InterMail vM.9.05.01.00 201-2473-137-123) ready Thu, 16 Nov 2017 08:28:34 +0000
250 Sender <xx2> Ok
250 Recipient <xx1> Ok
354 Ok Send data ending with <CRLF>.<CRLF>
250 Message received: 20171116082834.ADQ522.mx-10-49-58-127.openwave.com@[10.37.2.214]
221 mx-10-49-58-127.openwave.com ESMTP server closing connection


!!!!!!!!!!!!!!!!!!!!!!!!!!!!Sending message18!!!!!!!!!!!!!!!!!!!!!!!!!!!!


\ sending message18:


220 mx-10-49-58-127.openwave.com ESMTP server (InterMail vM.9.05.01.00 201-2473-137-123) ready Thu, 16 Nov 2017 08:28:35 +0000
250 Sender <xx2> Ok
250 Recipient <xx1> Ok
354 Ok Send data ending with <CRLF>.<CRLF>
250 Message received: 20171116082835.ADR522.mx-10-49-58-127.openwave.com@[10.37.2.214]
221 mx-10-49-58-127.openwave.com ESMTP server closing connection


!!!!!!!!!!!!!!!!!!!!!!!!!!!!Sending message19!!!!!!!!!!!!!!!!!!!!!!!!!!!!


\ sending message19:


220 mx-10-49-58-127.openwave.com ESMTP server (InterMail vM.9.05.01.00 201-2473-137-123) ready Thu, 16 Nov 2017 08:28:36 +0000
250 Sender <xx2> Ok
250 Recipient <xx1> Ok
354 Ok Send data ending with <CRLF>.<CRLF>
250 Message received: 20171116082836.ADS522.mx-10-49-58-127.openwave.com@[10.37.2.214]
221 mx-10-49-58-127.openwave.com ESMTP server closing connection


!!!!!!!!!!!!!!!!!!!!!!!!!!!!Sending message20!!!!!!!!!!!!!!!!!!!!!!!!!!!!


\ sending message20:


220 mx-10-49-58-127.openwave.com ESMTP server (InterMail vM.9.05.01.00 201-2473-137-123) ready Thu, 16 Nov 2017 08:28:37 +0000
250 Sender <xx2> Ok
250 Recipient <xx1> Ok
354 Ok Send data ending with <CRLF>.<CRLF>
250 Message received: 20171116082837.ADT522.mx-10-49-58-127.openwave.com@[10.37.2.214]
221 mx-10-49-58-127.openwave.com ESMTP server closing connection


!!!!!!!!!!!!!!!!!!!!!!!!!!!!Sending message21!!!!!!!!!!!!!!!!!!!!!!!!!!!!


\ sending message21:


220 mx-10-49-58-127.openwave.com ESMTP server (InterMail vM.9.05.01.00 201-2473-137-123) ready Thu, 16 Nov 2017 08:28:38 +0000
250 Sender <xx2> Ok
250 Recipient <xx1> Ok
354 Ok Send data ending with <CRLF>.<CRLF>
250 Message received: 20171116082838.ADU522.mx-10-49-58-127.openwave.com@[10.37.2.214]
221 mx-10-49-58-127.openwave.com ESMTP server closing connection


!!!!!!!!!!!!!!!!!!!!!!!!!!!!Sending message22!!!!!!!!!!!!!!!!!!!!!!!!!!!!


\ sending message22:


220 mx-10-49-58-127.openwave.com ESMTP server (InterMail vM.9.05.01.00 201-2473-137-123) ready Thu, 16 Nov 2017 08:28:38 +0000
250 Sender <xx2> Ok
250 Recipient <xx1> Ok
354 Ok Send data ending with <CRLF>.<CRLF>
250 Message received: 20171116082839.ADV522.mx-10-49-58-127.openwave.com@[10.37.2.214]
221 mx-10-49-58-127.openwave.com ESMTP server closing connection


!!!!!!!!!!!!!!!!!!!!!!!!!!!!Sending message23!!!!!!!!!!!!!!!!!!!!!!!!!!!!


\ sending message23:


220 mx-10-49-58-127.openwave.com ESMTP server (InterMail vM.9.05.01.00 201-2473-137-123) ready Thu, 16 Nov 2017 08:28:39 +0000
250 Sender <xx2> Ok
250 Recipient <xx1> Ok
354 Ok Send data ending with <CRLF>.<CRLF>
250 Message received: 20171116082840.ADW522.mx-10-49-58-127.openwave.com@[10.37.2.214]
221 mx-10-49-58-127.openwave.com ESMTP server closing connection


!!!!!!!!!!!!!!!!!!!!!!!!!!!!Sending message24!!!!!!!!!!!!!!!!!!!!!!!!!!!!


\ sending message24:


220 mx-10-49-58-127.openwave.com ESMTP server (InterMail vM.9.05.01.00 201-2473-137-123) ready Thu, 16 Nov 2017 08:28:40 +0000
250 Sender <xx2> Ok
250 Recipient <xx1> Ok
354 Ok Send data ending with <CRLF>.<CRLF>
250 Message received: 20171116082840.ADX522.mx-10-49-58-127.openwave.com@[10.37.2.214]
221 mx-10-49-58-127.openwave.com ESMTP server closing connection


!!!!!!!!!!!!!!!!!!!!!!!!!!!!Sending message25!!!!!!!!!!!!!!!!!!!!!!!!!!!!


\ sending message25:


220 mx-10-49-58-127.openwave.com ESMTP server (InterMail vM.9.05.01.00 201-2473-137-123) ready Thu, 16 Nov 2017 08:28:41 +0000
250 Sender <xx2> Ok
250 Recipient <xx1> Ok
354 Ok Send data ending with <CRLF>.<CRLF>
250 Message received: 20171116082841.ADY522.mx-10-49-58-127.openwave.com@[10.37.2.214]
221 mx-10-49-58-127.openwave.com ESMTP server closing connection


!!!!!!!!!!!!!!!!!!!!!!!!!!!!Sending message26!!!!!!!!!!!!!!!!!!!!!!!!!!!!


\ sending message26:


220 mx-10-49-58-127.openwave.com ESMTP server (InterMail vM.9.05.01.00 201-2473-137-123) ready Thu, 16 Nov 2017 08:28:42 +0000
250 Sender <xx2> Ok
250 Recipient <xx1> Ok
354 Ok Send data ending with <CRLF>.<CRLF>
250 Message received: 20171116082842.ADZ522.mx-10-49-58-127.openwave.com@[10.37.2.214]
221 mx-10-49-58-127.openwave.com ESMTP server closing connection
