0a1
> * 1 FETCH (FIRSTLINE (""))
0a1
> * 1 FETCH (FIRSTLINE (""))
0a1
> * 1 FETCH (FIRSTLINE (""))
0a1
> * 1 FETCH (FIRSTLINE (""))
0a1
> * 1 FETCH (FIRSTLINE (""))
0a1
> * 1 FETCH (FIRSTLINE (""))
0a1
> * 1 FETCH (FIRSTLINE (""))
0a1
> * 1 FETCH (FIRSTLINE (""))
0a1
> * 1 FETCH (FIRSTLINE (""))
0a1
> * 1 FETCH (FIRSTLINE (""))
0a1
> * 1 FETCH (FIRSTLINE (""))
0a1
> * 1 FETCH (FIRSTLINE (""))
0a1
> * 1 FETCH (FIRSTLINE (""))
0a1
> * 1 FETCH (FIRSTLINE (""))
0a1
> * 1 FETCH (FIRSTLINE (""))
0a1
> * 1 FETCH (FIRSTLINE (""))
0a1
> * 1 FETCH (FIRSTLINE (""))
0a1
> * 1 FETCH (FIRSTLINE (""))
0a1
> * 1 FETCH (FIRSTLINE (""))
0a1
> * 1 FETCH (FIRSTLINE (""))
0a1
> * 1 FETCH (FIRSTLINE (""))
0a1
> * 1 FETCH (FIRSTLINE (""))
0a1
> * 1 FETCH (FIRSTLINE (""))
0a1
> * 1 FETCH (FIRSTLINE (""))
0a1
> * 1 FETCH (FIRSTLINE (""))
0a1
> * 1 FETCH (FIRSTLINE (""))
0a1
> * 1 FETCH (FIRSTLINE (""))
0a1
> * 1 FETCH (FIRSTLINE (""))
0a1
> * 1 FETCH (FIRSTLINE (""))
0a1
> * 1 FETCH (FIRSTLINE (""))
0a1
> * 1 FETCH (FIRSTLINE (""))
0a1
> * 1 FETCH (FIRSTLINE (""))
0a1
> * 1 FETCH (FIRSTLINE (""))
0a1
> * 1 FETCH (FIRSTLINE (""))
0a1
> * 1 FETCH (FIRSTLINE (""))
0a1
> * 1 FETCH (FIRSTLINE (""))
0a1
> * 1 FETCH (FIRSTLINE (""))
0a1
> * 1 FETCH (FIRSTLINE (""))
0a1
> * 1 FETCH (FIRSTLINE (""))
0a1
> * 1 FETCH (FIRSTLINE (""))
0a1
> * 1 FETCH (FIRSTLINE (""))
0a1
> * 1 FETCH (FIRSTLINE (""))
0a1
> * 1 FETCH (FIRSTLINE (""))
0a1
> * 1 FETCH (FIRSTLINE (""))
0a1
> * 1 FETCH (FIRSTLINE (""))
0a1
> * 1 FETCH (FIRSTLINE (""))
0a1
> * 1 FETCH (FIRSTLINE (""))
0a1
> * 1 FETCH (FIRSTLINE (""))
0a1
> * 1 FETCH (FIRSTLINE (""))
0a1
> * 1 FETCH (FIRSTLINE (""))
0a1
> * 1 FETCH (FIRSTLINE (""))
0a1
> * 1 FETCH (FIRSTLINE (""))
0a1
> * 1 FETCH (FIRSTLINE (""))
0a1
> * 1 FETCH (FIRSTLINE (""))
0a1
> * 1 FETCH (FIRSTLINE (""))
0a1
> * 1 FETCH (FIRSTLINE (""))
0a1
> * 1 FETCH (FIRSTLINE (""))
0a1
> * 1 FETCH (FIRSTLINE (""))
0a1
> * 1 FETCH (FIRSTLINE (""))
0a1
> * 1 FETCH (FIRSTLINE (""))
0a1
> * 1 FETCH (FIRSTLINE (""))
0a1
> * 1 FETCH (FIRSTLINE (""))
0a1
> * 1 FETCH (FIRSTLINE (""))
0a1
> * 1 FETCH (FIRSTLINE (""))
0a1
> * 1 FETCH (FIRSTLINE (""))
0a1
> * 1 FETCH (FIRSTLINE (""))
0a1
> * 1 FETCH (FIRSTLINE (""))
0a1
> * 1 FETCH (FIRSTLINE (""))
0a1
> * 1 FETCH (FIRSTLINE (""))
0a1
> * 1 FETCH (FIRSTLINE (""))
0a1
> * 1 FETCH (FIRSTLINE (""))
0a1
> * 1 FETCH (FIRSTLINE (""))
0a1
> * 1 FETCH (FIRSTLINE (""))
0a1
> * 1 FETCH (FIRSTLINE (""))
0a1
> * 1 FETCH (FIRSTLINE (""))
0a1
> * 1 FETCH (FIRSTLINE (""))
0a1
> * 1 FETCH (FIRSTLINE (""))
0a1
> * 1 FETCH (FIRSTLINE (""))
0a1
> * 1 FETCH (FIRSTLINE (""))
0a1
> * 1 FETCH (FIRSTLINE (""))
0a1
> * 1 FETCH (FIRSTLINE (""))
0a1
> * 1 FETCH (FIRSTLINE (""))
0a1
> * 1 FETCH (FIRSTLINE (""))
0a1
> * 1 FETCH (FIRSTLINE (""))
0a1
> * 1 FETCH (FIRSTLINE (""))
0a1
> * 1 FETCH (FIRSTLINE (""))
0a1
> * 1 FETCH (FIRSTLINE (""))
0a1
> * 1 FETCH (FIRSTLINE (""))
0a1
> * 1 FETCH (FIRSTLINE (""))
0a1
> * 1 FETCH (FIRSTLINE (""))
0a1
> * 1 FETCH (FIRSTLINE (""))
0a1
> * 1 FETCH (FIRSTLINE (""))
0a1
> * 1 FETCH (FIRSTLINE (""))
0a1
> * 1 FETCH (FIRSTLINE (""))
0a1
> * 1 FETCH (FIRSTLINE (""))
0a1
> * 1 FETCH (FIRSTLINE (""))
0a1
> * 1 FETCH (FIRSTLINE (""))
0a1
> * 1 FETCH (FIRSTLINE (""))
0a1
> * 1 FETCH (FIRSTLINE (""))
0a1
> * 1 FETCH (FIRSTLINE (""))
0a1
> * 1 FETCH (FIRSTLINE (""))
0a1
> * 1 FETCH (FIRSTLINE (""))
0a1
> * 1 FETCH (FIRSTLINE (""))
0a1
> * 1 FETCH (FIRSTLINE (""))
0a1
> * 1 FETCH (FIRSTLINE (""))
0a1
> * 1 FETCH (FIRSTLINE (""))
0a1
> * 1 FETCH (FIRSTLINE (""))
0a1
> * 1 FETCH (FIRSTLINE (""))
0a1
> * 1 FETCH (FIRSTLINE (""))
0a1
> * 1 FETCH (FIRSTLINE (""))
0a1
> * 1 FETCH (FIRSTLINE (""))
0a1
> * 1 FETCH (FIRSTLINE (""))
0a1
> * 1 FETCH (FIRSTLINE (""))
0a1
> * 1 FETCH (FIRSTLINE (""))
0a1
> * 1 FETCH (FIRSTLINE (""))
0a1
> * 1 FETCH (FIRSTLINE (""))
0a1
> * 1 FETCH (FIRSTLINE (""))
0a1
> * 1 FETCH (FIRSTLINE (""))
0a1
> * 1 FETCH (FIRSTLINE (""))
0a1
> * 1 FETCH (FIRSTLINE (""))
0a1
> * 1 FETCH (FIRSTLINE (""))
0a1
> * 1 FETCH (FIRSTLINE (""))
0a1
> * 1 FETCH (FIRSTLINE (""))
0a1
> * 1 FETCH (FIRSTLINE (""))
0a1
> * 1 FETCH (FIRSTLINE (""))
0a1
> * 1 FETCH (FIRSTLINE (""))
0a1
> * 1 FETCH (FIRSTLINE (""))
0a1
> * 1 FETCH (FIRSTLINE (""))
0a1
> * 1 FETCH (FIRSTLINE (""))
0a1
> * 1 FETCH (FIRSTLINE (""))
0a1
> * 1 FETCH (FIRSTLINE (""))
0a1
> * 1 FETCH (FIRSTLINE (""))
0a1
> * 1 FETCH (FIRSTLINE (""))
0a1
> * 1 FETCH (FIRSTLINE (""))
0a1
> * 1 FETCH (FIRSTLINE (""))
0a1
> * 1 FETCH (FIRSTLINE (""))
0a1
> * 1 FETCH (FIRSTLINE (""))
0a1
> * 1 FETCH (FIRSTLINE (""))
0a1
> * 1 FETCH (FIRSTLINE (""))
0a1
> * 1 FETCH (FIRSTLINE (""))
0a1
> * 1 FETCH (FIRSTLINE (""))
0a1
> * 1 FETCH (FIRSTLINE (""))
0a1
> * 1 FETCH (FIRSTLINE (""))
0a1
> * 1 FETCH (FIRSTLINE (""))
0a1
> * 1 FETCH (FIRSTLINE (""))
0a1
> * 1 FETCH (FIRSTLINE (""))
0a1
> * 1 FETCH (FIRSTLINE (""))
0a1
> * 1 FETCH (FIRSTLINE (""))
0a1
> * 1 FETCH (FIRSTLINE (""))
0a1
> * 1 FETCH (FIRSTLINE (""))
0a1
> * 1 FETCH (FIRSTLINE (""))
0a1
> * 1 FETCH (FIRSTLINE (""))
0a1
> * 1 FETCH (FIRSTLINE (""))
0a1
> * 1 FETCH (FIRSTLINE (""))
0a1
> * 1 FETCH (FIRSTLINE (""))
0a1
> * 1 FETCH (FIRSTLINE (""))
0a1
> * 1 FETCH (FIRSTLINE (""))
0a1
> * 1 FETCH (FIRSTLINE (""))
====current path is:/home/ram/Desktop/MX9.5/Testcases/body_preview/3-Logic of selecting the firstline data/Testcases-body-preview-deal-spaces-encode-enhanced-new/good/Type-image-Emoji-IMAP-and-SMTP================

================Type-image-Emoji-IMAP-and-SMTP Test finished===============

====current path is:Type-image-Emoji-IMAP-and-SMTP================
====running logic-messagesend-IMAP-append-7bit ========
====running logic-messagesend-IMAP-append-8bit ========
====running logic-messagesend-IMAP-append-base64 ========
====running logic-messagesend-IMAP-append-quoted-printable ========
====running logic-messagesend-SMTP-7bit ========
====running logic-messagesend-SMTP-8bit ========
====running logic-messagesend-SMTP-base64 ========
====running logic-messagesend-SMTP-quoted-printable ========
================Type-image-Emoji-IMAP-and-SMTP Test finished===============
====current path is:Type-image-Emoji-IMAP-and-SMTP====================current path is:Type-image-Emoji-IMAP-and-SMTP================
====running logic-messagesend-IMAP-append-7bit ============running logic-messagesend-IMAP-append-7bit ========
====running logic-messagesend-IMAP-append-8bit ============running logic-messagesend-IMAP-append-8bit ========
====running logic-messagesend-IMAP-append-base64 ========
====running logic-messagesend-IMAP-append-quoted-printable ========
====running logic-messagesend-SMTP-7bit ========
====running logic-messagesend-SMTP-8bit ========
====running logic-messagesend-SMTP-base64 ========
====running logic-messagesend-SMTP-quoted-printable ========
================Type-image-Emoji-IMAP-and-SMTP Test finished===============
====current path is:Type-image-Emoji-IMAP-and-SMTP====================current path is:Type-image-Emoji-IMAP-and-SMTP================
====running logic-messagesend-IMAP-append-7bit ============running logic-messagesend-IMAP-append-7bit ========
====running logic-messagesend-IMAP-append-8bit ============running logic-messagesend-IMAP-append-8bit ========
====running logic-messagesend-IMAP-append-base64 ========
====running logic-messagesend-IMAP-append-quoted-printable ========
====running logic-messagesend-SMTP-7bit ========
====running logic-messagesend-SMTP-8bit ========
====running logic-messagesend-SMTP-base64 ========
====running logic-messagesend-SMTP-quoted-printable ========
================Type-image-Emoji-IMAP-and-SMTP Test finished===============
====current path is:Type-image-Emoji-IMAP-and-SMTP====================current path is:Type-image-Emoji-IMAP-and-SMTP================
====running logic-messagesend-IMAP-append-7bit ============running logic-messagesend-IMAP-append-7bit ========
====running logic-messagesend-IMAP-append-8bit ============running logic-messagesend-IMAP-append-8bit ========
====running logic-messagesend-IMAP-append-base64 ========
====running logic-messagesend-IMAP-append-quoted-printable ========
====running logic-messagesend-SMTP-7bit ========
====running logic-messagesend-SMTP-8bit ========
====running logic-messagesend-SMTP-base64 ========
====running logic-messagesend-SMTP-quoted-printable ========
================Type-image-Emoji-IMAP-and-SMTP Test finished===============
