1c1
< * 1 FETCH (FIRSTLINE (""))
---
> * 1 FETCH (FIRSTLINE (" ، ويمكن تح Nobody! いくつにな 我们是中国人， "))
1c1
< * 1 FETCH (FIRSTLINE (""))
---
> * 1 FETCH (FIRSTLINE (" ، ويمكن تح Nobody! いくつにな 我们是中国人， "))
1c1
< * 1 FETCH (FIRSTLINE ("2Iwg2YjZitmF2YPZhiDYqtitCk5vYm9keSEK44GE44GP44Gk44Gr44GqCuaIkeS7rOaYr+S4reWb ve"))
---
> * 1 FETCH (FIRSTLINE (" ، ويمكن تح Nobody! いくつにな 我们是中国人， "))
1c1
< * 1 FETCH (FIRSTLINE ("2Iwg2YjZitmF2YPZhiDYqtitCk5vYm9keSEK44GE44GP44Gk44Gr44GqCuaIkeS7rOaYr+S4reWb ve"))
---
> * 1 FETCH (FIRSTLINE (" ، ويمكن تح Nobody! いくつにな 我们是中国人， "))
1c1
< * 1 FETCH (FIRSTLINE ("=D8=8C =D9=88=D9=8A=D9=85=D9=83=D9=86 =D8=AA=D8=AD Nobody! =E3=81=84=E3=81=8F="))
---
> * 1 FETCH (FIRSTLINE (" ، ويمكن تح Nobody! いくつにな 我们是中国人， "))
1c1
< * 1 FETCH (FIRSTLINE ("، ويمكن تح Nobody! いくつにな 我们是中国"))
---
> * 1 FETCH (FIRSTLINE (" ، ويمكن تح Nobody! いくつにな 我们是中国人， "))
1c1
< * 1 FETCH (FIRSTLINE ("، ويمكن تح Nobody! いく"))
---
> * 1 FETCH (FIRSTLINE ("، ويمكن تح Nobody! いくつにな 我们是中国"))
1c1
< * 1 FETCH (FIRSTLINE ("2Iwg2YjZitmF2YPZhiDYqtitCk5vYm9keSEK44GE44GP44Gk44Gr44GqCuaIkeS7rOaYr+S4reWb ve"))
---
> * 1 FETCH (FIRSTLINE ("، ويمكن تح Nobody! いくつにな 我们是中国"))
1c1
< * 1 FETCH (FIRSTLINE ("=D8=8C =D9=88=D9=8A=D9=85=D9=83=D9=86 =D8=AA=D8=AD Nobody! =E3=81=84=E3=81=8F="))
---
> * 1 FETCH (FIRSTLINE ("، ويمكن تح Nobody! いく"))
1c1
< * 1 FETCH (FIRSTLINE (""))
---
> * 1 FETCH (FIRSTLINE (" ، ويمكن تح Nobody! いくつにな 我们是中国人， "))
1c1
< * 1 FETCH (FIRSTLINE (""))
---
> * 1 FETCH (FIRSTLINE (" ، ويمكن تح Nobody! いくつにな 我们是中国人， "))
1c1
< * 1 FETCH (FIRSTLINE ("، ويمكن تح Nobody! いくつにな 我们是中国人， "))
---
> * 1 FETCH (FIRSTLINE ("، ويمكن تح Nobody! いくつにな 我们是中国"))
1c1
< * 1 FETCH (FIRSTLINE ("، ويمكن تح Nobody! いくつにな 我们是中国人， "))
---
> * 1 FETCH (FIRSTLINE ("، ويمكن تح Nobody! いくつにな 我们是中国"))
1c1
< * 1 FETCH (FIRSTLINE ("، ويمكن تح Nobody! いくつにな 我们是中国人，"))
---
> * 1 FETCH (FIRSTLINE ("، ويمكن تح Nobody! いくつにな 我们是中国"))
1c1
< * 1 FETCH (FIRSTLINE ("، ويمكن تح Nobody! いくつにな 我们是中国人，"))
---
> * 1 FETCH (FIRSTLINE ("، ويمكن تح Nobody! いく"))
1c1
< * 1 FETCH (FIRSTLINE ("، ويمكن تح Nobody! いくつにな 我们是中国人，"))
---
> * 1 FETCH (FIRSTLINE ("، ويمكن تح Nobody! いく"))
====current path is:/home/ram/Desktop/MX9.5/Testcases/body_preview/3-Logic of selecting the firstline data/Testcases-body-preview-deal-spaces-encode-enhanced-new/good/Type-image-UTF-8-mixed-texts-messagebody-IMAP-and-SMTP================

================Type-image-UTF-8-mixed-texts-messagebody-IMAP-and-SMTP Test finished===============

====current path is:Type-image-UTF-8-mixed-texts-messagebody-IMAP-and-SMTP================
====running logic-messagesend-IMAP-append-7bit ========
====running logic-messagesend-IMAP-append-8bit ========
====running logic-messagesend-IMAP-append-base64 ========
====running logic-messagesend-IMAP-append-quoted-printable ========
====running logic-messagesend-SMTP-7bit ========
====running logic-messagesend-SMTP-8bit ========
====running logic-messagesend-SMTP-base64 ========
====running logic-messagesend-SMTP-quoted-printable ========
================Type-image-UTF-8-mixed-texts-messagebody-IMAP-and-SMTP Test finished===============
====current path is:Type-image-UTF-8-mixed-texts-messagebody-IMAP-and-SMTP====================current path is:Type-image-UTF-8-mixed-texts-messagebody-IMAP-and-SMTP================
====running logic-messagesend-IMAP-append-7bit ============running logic-messagesend-IMAP-append-7bit ========
====running logic-messagesend-IMAP-append-8bit ============running logic-messagesend-IMAP-append-8bit ========
====running logic-messagesend-IMAP-append-base64 ========
====running logic-messagesend-IMAP-append-quoted-printable ========
====running logic-messagesend-SMTP-7bit ========
====running logic-messagesend-SMTP-8bit ========
====running logic-messagesend-SMTP-base64 ========
====running logic-messagesend-SMTP-quoted-printable ========
================Type-image-UTF-8-mixed-texts-messagebody-IMAP-and-SMTP Test finished===============
====current path is:Type-image-UTF-8-mixed-texts-messagebody-IMAP-and-SMTP====================current path is:Type-image-UTF-8-mixed-texts-messagebody-IMAP-and-SMTP================
====running logic-messagesend-IMAP-append-7bit ============running logic-messagesend-IMAP-append-7bit ========
====running logic-messagesend-IMAP-append-8bit ============running logic-messagesend-IMAP-append-8bit ========
====running logic-messagesend-IMAP-append-base64 ========
====running logic-messagesend-IMAP-append-quoted-printable ========
====running logic-messagesend-SMTP-7bit ========
====running logic-messagesend-SMTP-8bit ========
====running logic-messagesend-SMTP-base64 ========
====running logic-messagesend-SMTP-quoted-printable ========
================Type-image-UTF-8-mixed-texts-messagebody-IMAP-and-SMTP Test finished===============
====current path is:Type-image-UTF-8-mixed-texts-messagebody-IMAP-and-SMTP====================current path is:Type-image-UTF-8-mixed-texts-messagebody-IMAP-and-SMTP================
====running logic-messagesend-IMAP-append-7bit ============running logic-messagesend-IMAP-append-7bit ========
====running logic-messagesend-IMAP-append-8bit ============running logic-messagesend-IMAP-append-8bit ========
====running logic-messagesend-IMAP-append-base64 ========
====running logic-messagesend-IMAP-append-quoted-printable ========
====running logic-messagesend-SMTP-7bit ========
====running logic-messagesend-SMTP-8bit ========
====running logic-messagesend-SMTP-base64 ========
====running logic-messagesend-SMTP-quoted-printable ========
================Type-image-UTF-8-mixed-texts-messagebody-IMAP-and-SMTP Test finished===============
