1c1
< * 1 FETCH (FIRSTLINE (""))
---
> * 1 FETCH (FIRSTLINE ("، ويمكن تح Nobody! いくつにな 我们是中国人， "))
1c1
< * 1 FETCH (FIRSTLINE (""))
---
> * 1 FETCH (FIRSTLINE ("، ويمكن تح Nobody! いくつにな 我们是中国人， "))
1c1
< * 1 FETCH (FIRSTLINE ("2Iwg2YjZitmF2YPZhiDYqtitCk5vYm9keSEK44GE44GP44Gk44Gr44GqCuaIkeS7rOaYr+S4reWb ve"))
---
> * 1 FETCH (FIRSTLINE ("، ويمكن تح Nobody! いくつにな 我们是中国人， "))
1c1
< * 1 FETCH (FIRSTLINE ("، ويمكن تح Nobody! いく"))
---
> * 1 FETCH (FIRSTLINE ("، ويمكن تح Nobody! いくつにな 我们是中国人， "))
1c1
< * 1 FETCH (FIRSTLINE ("، ويمكن تح Nobody! いくつにな 我们是中国"))
---
> * 1 FETCH (FIRSTLINE ("، ويمكن تح Nobody! いくつにな 我们是中国人， "))
1c1
< * 1 FETCH (FIRSTLINE ("، ويمكن تح Nobody! いく"))
---
> * 1 FETCH (FIRSTLINE ("، ويمكن تح Nobody! いくつにな 我们是中国人， "))
1c1
< * 1 FETCH (FIRSTLINE ("، ويمكن تح Nobody! いくつにな 我们是中国"))
---
> * 1 FETCH (FIRSTLINE ("، ويمكن تح Nobody! いくつにな 我们是中国人， "))
1c1
< * 1 FETCH (FIRSTLINE ("، ويمكن تح Nobody! いく"))
---
> * 1 FETCH (FIRSTLINE ("، ويمكن تح Nobody! いくつにな 我们是中国人， "))
1c1
< * 1 FETCH (FIRSTLINE ("، ويمكن تح Nobody! いくつにな 我们是中国人，"))
---
> * 1 FETCH (FIRSTLINE ("، ويمكن تح Nobody! いくつにな 我们是中国"))
1c1
< * 1 FETCH (FIRSTLINE ("، ويمكن تح Nobody! いくつにな 我们是中国人， "))
---
> * 1 FETCH (FIRSTLINE ("، ويمكن تح Nobody! いく"))
1c1
< * 1 FETCH (FIRSTLINE ("، ويمكن تح Nobody! いくつにな 我们是中国人，"))
---
> * 1 FETCH (FIRSTLINE ("، ويمكن تح Nobody! いく"))
====current path is:/home/ram/Desktop/MX9.5/Testcases/body_preview/3-Logic of selecting the firstline data/Testcases-body-preview-deal-spaces-encode-enhanced-new/good/Type-black-bg-with-huge-fonts-IMAP-andSMTP================

================Type-black-bg-with-huge-fonts-IMAP-andSMTP Test finished===============

====current path is:Type-black-bg-with-huge-fonts-IMAP-andSMTP================
====running logic-messagesend-IMAP-append-7bit ========
====running logic-messagesend-IMAP-append-8bit ========
====running logic-messagesend-IMAP-append-base64 ========
====running logic-messagesend-IMAP-append-quoted-printable ========
====running logic-messagesend-SMTP-7bit ========
====running logic-messagesend-SMTP-8bit ========
====running logic-messagesend-SMTP-base64 ========
====running logic-messagesend-SMTP-quoted-printable ========
================Type-black-bg-with-huge-fonts-IMAP-andSMTP Test finished===============
====current path is:Type-black-bg-with-huge-fonts-IMAP-andSMTP====================current path is:Type-black-bg-with-huge-fonts-IMAP-andSMTP================
====running logic-messagesend-IMAP-append-7bit ============running logic-messagesend-IMAP-append-7bit ========
====running logic-messagesend-IMAP-append-8bit ============running logic-messagesend-IMAP-append-8bit ========
====running logic-messagesend-IMAP-append-base64 ========
====running logic-messagesend-IMAP-append-quoted-printable ========
====running logic-messagesend-SMTP-7bit ========
====running logic-messagesend-SMTP-8bit ========
====running logic-messagesend-SMTP-base64 ========
====running logic-messagesend-SMTP-quoted-printable ========
================Type-black-bg-with-huge-fonts-IMAP-andSMTP Test finished===============
====current path is:Type-black-bg-with-huge-fonts-IMAP-andSMTP====================current path is:Type-black-bg-with-huge-fonts-IMAP-andSMTP================
====running logic-messagesend-IMAP-append-7bit ============running logic-messagesend-IMAP-append-7bit ========
====running logic-messagesend-IMAP-append-8bit ============running logic-messagesend-IMAP-append-8bit ========
====running logic-messagesend-IMAP-append-base64 ========
====running logic-messagesend-IMAP-append-quoted-printable ========
====running logic-messagesend-SMTP-7bit ========
====running logic-messagesend-SMTP-8bit ========
====running logic-messagesend-SMTP-base64 ========
====running logic-messagesend-SMTP-quoted-printable ========
================Type-black-bg-with-huge-fonts-IMAP-andSMTP Test finished===============
====current path is:Type-black-bg-with-huge-fonts-IMAP-andSMTP====================current path is:Type-black-bg-with-huge-fonts-IMAP-andSMTP================
====running logic-messagesend-IMAP-append-7bit ============running logic-messagesend-IMAP-append-7bit ========
====running logic-messagesend-IMAP-append-8bit ============running logic-messagesend-IMAP-append-8bit ========
====running logic-messagesend-IMAP-append-base64 ========
====running logic-messagesend-IMAP-append-quoted-printable ========
====running logic-messagesend-SMTP-7bit ========
====running logic-messagesend-SMTP-8bit ========
====running logic-messagesend-SMTP-base64 ========
====running logic-messagesend-SMTP-quoted-printable ========
================Type-black-bg-with-huge-fonts-IMAP-andSMTP Test finished===============
1c1
< ، ويمكن تح Nobody! いくつにな 我们是中国人， "))
---
> * 1 FETCH (FIRSTLINE ("، ويمكن تح Nobody! いくつにな 我们是中国人， "))
1c1
< ، ويمكن تح Nobody! いくつにな 我们是中国人，"))
---
> * 1 FETCH (FIRSTLINE ("، ويمكن تح Nobody! いくつにな 我们是中国人，"))
1c1
< ، ويمكن تح Nobody! いくつにな 我们是中国人，"))
---
> * 1 FETCH (FIRSTLINE ("، ويمكن تح Nobody! いくつにな 我们是中国人，"))
1c1
< ، ويمكن تح Nobody! いくつにな 我们是中国人， "))
---
> ، ويمكن تح Nobody! いくつにな 我们是中国人，"))
