1,8c1,8
< * 1 FETCH (FIRSTLINE ("д«  »г д«жз «ж зк «» ”е ! еў «дЌѕЋ "))
< * 2 FETCH (FIRSTLINE ("д«  »г д«жз «ж зк «» ”е ! еў «дЌѕЋ "))
< * 3 FETCH (FIRSTLINE ("д«  »г д«жз «ж з к «» ”е ! еў «дЌѕЋ "))
< * 4 FETCH (FIRSTLINE ("д«  »г д«жз «ж зк «» ”е ! еў «дЌѕЋ  "))
< * 5 FETCH (FIRSTLINE ("дк” д«жг еж «ж  идгж д«ж ўжѕе« «гиж "))
< * 6 FETCH (FIRSTLINE ("дк” д«жг еж «ж  идгж д«ж ўжѕе« «гиж "))
< * 7 FETCH (FIRSTLINE ("дк” д«жг  еж «ж  идгж д«ж ўжѕе« «гиж "))
< * 8 FETCH (FIRSTLINE ("дк” д«жг еж «ж  идгж д«ж ўжѕе« «гиж  "))
---
> * 1 FETCH (FIRSTLINE ("д«  »г д«жз «ж зк  «» ”е ! еў «дЌѕЋ "))
> * 2 FETCH (FIRSTLINE ("     д«  »г д«жз «ж зк  «» ”е ! еў «дЌѕЋ "))
> * 3 FETCH (FIRSTLINE ("д«  »г д«жз «ж з     к  «» ”е ! еў «дЌѕЋ "))
> * 4 FETCH (FIRSTLINE ("д«  »г д«жз «ж зк  «» ”е ! еў «дЌѕЋ      "))
> * 5 FETCH (FIRSTLINE ("дк” д«жг еж «ж   идгж д«ж ўжѕе«  «гиж "))
> * 6 FETCH (FIRSTLINE ("     дк” д«жг еж «ж   идгж д«ж ўжѕе«  «гиж "))
> * 7 FETCH (FIRSTLINE ("дк” д«жг      еж «ж   идгж д«ж ўжѕе«  «гиж "))
> * 8 FETCH (FIRSTLINE ("дк” д«жг еж «ж   идгж д«ж ўжѕе«  «гиж      "))
10,12c10,12
< * 10 FETCH (FIRSTLINE ("ђ ўж  жек з д« к” „кўиж ‘—«Ѕ «д√‘к«Ѕ ђ иЏ«д»« е« д« к ЌѕЋ ўж идкж двѕ г » б"))
< * 11 FETCH (FIRSTLINE ("ђ ўж  жек з д« к” „кўиж ‘—«Ѕ «д√‘к«Ѕ ђ иЏ«д»« е« д« к ЌѕЋ ўж идкж двѕ г » б"))
< * 12 FETCH (FIRSTLINE ("ђ ўж  жек з д« к” „кўиж ‘—«Ѕ «д√‘к«Ѕ ђ иЏ«д»« е« д« к ЌѕЋ ўж идкж двѕ г » б "))
---
> * 10 FETCH (FIRSTLINE ("     ђ ўж  жек з д« к” „кўиж ‘—«Ѕ «д√‘к«Ѕ ђ иЏ«д»« е« д« к ЌѕЋ ўж идкж двѕ г » б"))
> * 11 FETCH (FIRSTLINE ("ђ ўж  жек з д« к” „кўиж      ‘—«Ѕ «д√‘к«Ѕ ђ иЏ«д»« е« д« к ЌѕЋ ўж идкж двѕ г » б"))
> * 12 FETCH (FIRSTLINE ("ђ ўж  жек з д« к” „кўиж ‘—«Ѕ «д√‘к«Ѕ ђ иЏ«д»« е« д« к ЌѕЋ ўж идкж двѕ г » б     "))
14,25c14,25
< * 14 FETCH (FIRSTLINE ("ђ ўж  жек з д« к” „к ўиж ‘—«Ѕ «д√‘к«Ѕ ђ иЏ«д»« е« д«  к ЌѕЋ ўж идкж двѕ г"))
< * 15 FETCH (FIRSTLINE ("ђ ўж  жек з д« к” „к  ўиж ‘—«Ѕ «д√‘к«Ѕ ђ иЏ«д»« е« д«  к ЌѕЋ ўж идкж двѕ г"))
< * 16 FETCH (FIRSTLINE ("ђ ўж  жек з д« к” „к ўиж ‘—«Ѕ «д√‘к«Ѕ ђ иЏ«д»« е« д к ЌѕЋ ўж идкж двѕ г » "))
< * 17 FETCH (FIRSTLINE ("—»е« «ддз к—кѕж« «ж жд вк »ў÷ «дж«” «д”кƒиж в»д «б÷д дгк ўжѕе« жв«»д «дЌ»к» «"))
< * 18 FETCH (FIRSTLINE ("—»е« «ддз к—кѕж« «ж жд вк »ў÷ «дж«” «д”кƒиж в»д «б÷д дгк ўжѕе« жв«»д «дЌ"))
< * 19 FETCH (FIRSTLINE ("—»е« «ддз к—кѕж« «ж жд вк »ў÷ «дж«” «д”кƒиж в»д «б÷д дгк ўжѕе« жв«»д «дЌ»к» «"))
< * 20 FETCH (FIRSTLINE ("—»е« «ддз к—кѕж« «ж жд вк »ў÷ «дж«” «д”кƒиж в»д «б÷д дгк ўжѕе« жв«»д «дЌ»к» «"))
< * 21 FETCH (FIRSTLINE ("—»е« «дд з к—кѕж« «ж жд вк »ў÷ «дж« ” «д”кƒиж в»д «б÷д дгк ўжѕе« жв« »д «д"))
< * 22 FETCH (FIRSTLINE ("—»е« «дд з к—кѕж« «ж жд вк »ў÷ «дж« ” «д”кƒиж в»д «б÷д дгк ўжѕе« жв« "))
< * 23 FETCH (FIRSTLINE ("—»е« «дд  з к—кѕж« «ж жд вк »ў÷ «дж« ” «д”кƒиж в»д «б÷д дгк ўжѕе« жв« "))
< * 24 FETCH (FIRSTLINE ("—»е« «дд з к—кѕж« «ж жд вк »ў÷ «дж« ” «д”кƒиж в»д «б÷д дгк ўжѕе« жв« »д «д"))
< * 25 FETCH (FIRSTLINE ("—»е« «дд з к—кѕж« «ж жд вк »ў÷ «дж« ” «д”кƒиж в»д «б÷д дгк ўжѕе« "))
---
> * 14 FETCH (FIRSTLINE ("     ђ ўж  жек з д« к” „к ўиж ‘—«Ѕ «д√‘к«Ѕ ђ иЏ«д»« е« д«  к ЌѕЋ ўж идкж двѕ г"))
> * 15 FETCH (FIRSTLINE ("ђ ўж  жек з д« к” „к      ўиж ‘—«Ѕ «д√‘к«Ѕ ђ иЏ«д»« е« д«  к ЌѕЋ ўж идкж двѕ г"))
> * 16 FETCH (FIRSTLINE ("ђ ўж  жек з д« к” „к ўиж ‘—«Ѕ «д√‘к«Ѕ ђ иЏ«д»« е« д к ЌѕЋ ўж идкж двѕ г »     "))
> * 17 FETCH (FIRSTLINE ("—»е«  «ддз к—кѕж« «ж жд вк »ў÷ «дж«” «д”кƒиж  в»д «б÷д  дгк ўжѕе« жв«»д «дЌ»к» «"))
> * 18 FETCH (FIRSTLINE ("     —»е«  «ддз к—кѕж« «ж жд вк »ў÷ «дж«” «д”кƒиж  в»д «б÷д  дгк ўжѕе« жв«»д «дЌ"))
> * 19 FETCH (FIRSTLINE ("—»е«  «ддз к—кѕж« «ж жд вк »ў÷ «дж«” «д”кƒиж  в»д «б÷д  дгк ўжѕе« жв«»д «дЌ»к» «"))
> * 20 FETCH (FIRSTLINE ("—»е«  «ддз к—кѕж« «ж жд вк »ў÷ «дж«” «д”кƒиж  в»д «б÷д  дгк ўжѕе« жв«»д «дЌ»к» «"))
> * 21 FETCH (FIRSTLINE ("—»е«  «дд з к—кѕж« «ж жд вк »ў÷ «дж« ” «д”кƒиж  в»д «б÷д  дгк ўжѕе« жв« »д «д"))
> * 22 FETCH (FIRSTLINE ("     —»е«  «дд з к—кѕж« «ж жд вк »ў÷ «дж« ” «д”кƒиж  в»д «б÷д  дгк ўжѕе« жв« "))
> * 23 FETCH (FIRSTLINE ("—»е«  «дд      з к—кѕж« «ж жд вк »ў÷ «дж« ” «д”кƒиж  в»д «б÷д  дгк ўжѕе« жв« "))
> * 24 FETCH (FIRSTLINE ("—»е«  «дд з к—кѕж« «ж жд вк »ў÷ «дж« ” «д”кƒиж  в»д «б÷д  дгк ўжѕе« жв« »д «д"))
> * 25 FETCH (FIRSTLINE ("—»е«  «дд з к—кѕж« «ж жд вк »ў÷ «дж« ” «д”кƒиж  в»д «б÷д  дгк ўжѕе« "))
1,25c1,25
< * 1 FETCH (FIRSTLINE ("5McgysjjIOTH5ucgx+bK5+ogIMfIytPlICEg5dkgx+TNz8s= "))
< * 2 FETCH (FIRSTLINE ("ICAgICDkxyDKyOMg5Mfm5yDH5srn6iAgx8jK0+UgISDl2SDH5M3Pyw== "))
< * 3 FETCH (FIRSTLINE ("5McgysjjIOTH5ucgx+bK5yAgICAg6iAgx8jK0+UgISDl2SDH5M3Pyw== "))
< * 4 FETCH (FIRSTLINE ("5McgysjjIOTH5ucgx+bK5+ogIMfIytPlICEg5dkgx+TNz8sgICAgIA== "))
< * 5 FETCH (FIRSTLINE ("5OrTIOTH5uMNCuXmIMfmyiAg6OTj5iDkx+Yg2ebP5ccgIMfj6OY= "))
< * 6 FETCH (FIRSTLINE ("ICAgICDk6tMg5Mfm4w0K5eYgx+bKICDo5OPmIOTH5iDZ5s/lxyAgx+Po5g== "))
< * 7 FETCH (FIRSTLINE ("5OrTIOTH5uMNCiAgICAg5eYgx+bKICDo5OPmIOTH5iDZ5s/lxyAgx+Po5g== "))
< * 8 FETCH (FIRSTLINE ("5OrTIOTH5uMNCuXmIMfmyiAg6OTj5iDkx+Yg2ebP5ccgIMfj6OYgICAgIA== "))
< * 9 FETCH (FIRSTLINE ("rCDZ5iDK5uXqyucg5Mcg6tPK1+rZ6OYg1NHHwSDH5MPU6sfBIKwg6NrH5MjHIOXHIOTHIOrKzc/L IN"))
< * 10 FETCH (FIRSTLINE ("ICAgICCsINnmIMrm5erK5yDkxyDq08rX6tno5iDU0cfBIMfkw9Tqx8EgrCDo2sfkyMcg5ccg5Mcg 6s"))
< * 11 FETCH (FIRSTLINE ("rCDZ5iDK5uXqyucg5Mcg6tPK1+rZ6OYgICAgICDU0cfBIMfkw9Tqx8EgrCDo2sfkyMcg5ccg5Mcg 6s"))
< * 12 FETCH (FIRSTLINE ("rCDZ5iDK5uXqyucg5Mcg6tPK1+rZ6OYg1NHHwSDH5MPU6sfBIKwg6NrH5MjHIOXHIOTHIOrKzc/L IN"))
< * 13 FETCH (FIRSTLINE ("rCDZ5iDK5uXqyucg5Mcg6tPK1+oNCtno5iDU0cfBIMfkw9Tqx8EgrCDo2sfkyMcg5ccg5McgDQrq ys"))
< * 14 FETCH (FIRSTLINE ("ICAgICCsINnmIMrm5erK5yDkxyDq08rX6g0K2ejmINTRx8Egx+TD1OrHwSCsIOjax+TIxyDlxyDk xy"))
< * 15 FETCH (FIRSTLINE ("rCDZ5iDK5uXqyucg5Mcg6tPK1+oNCiAgICAg2ejmINTRx8Egx+TD1OrHwSCsIOjax+TIxyDlxyDk xy"))
< * 16 FETCH (FIRSTLINE ("rCDZ5iDK5uXqyucg5Mcg6tPK1+oNCtno5iDU0cfBIMfkw9Tqx8EgrCDo2sfkyMcg5ccg5A0K6srN z8"))
< * 17 FETCH (FIRSTLINE ("0cjlxyAgx+Tk5yDq0erP5scgx+Yg5uTK4uogyNnWIMfk5sfTIMfk0+rE6OYgIOLI5CDH4dbkICDk 4+"))
< * 18 FETCH (FIRSTLINE ("ICAgICDRyOXHICDH5OTnIOrR6s/mxyDH5iDm5Mri6iDI2dYgx+Tmx9Mgx+TT6sTo5iAg4sjkIMfh 1u"))
< * 19 FETCH (FIRSTLINE ("0cjlxyAgx+Tk5yDq0erP5scgx+Yg5uTK4uogyNnWIMfk5sfTIMfk0+rE6OYgIOLI5CDH4dbkICDk 4+"))
< * 20 FETCH (FIRSTLINE ("0cjlxyAgx+Tk5yDq0erP5scgx+Yg5uTK4uogyNnWIMfk5sfTIMfk0+rE6OYgIOLI5CDH4dbkICDk 4+"))
< * 21 FETCH (FIRSTLINE ("0cjlxyAgx+TkDQrnIOrR6s/mxyDH5iDm5Mri6iDI2dYgx+Tmxw0K0yDH5NPqxOjmICDiyOQgx+HW 5C"))
< * 22 FETCH (FIRSTLINE ("ICAgICDRyOXHICDH5OQNCucg6tHqz+bHIMfmIObkyuLqIMjZ1iDH5ObHDQrTIMfk0+rE6OYgIOLI 5C"))
< * 23 FETCH (FIRSTLINE ("0cjlxyAgx+TkDQogICAgIOcg6tHqz+bHIMfmIObkyuLqIMjZ1iDH5ObHDQrTIMfk0+rE6OYgIOLI 5C"))
< * 24 FETCH (FIRSTLINE ("0cjlxyAgx+TkDQrnIOrR6s/mxyDH5iDm5Mri6iDI2dYgx+Tmxw0K0yDH5NPqxOjmICDiyOQgx+HW 5C"))
< * 25 FETCH (FIRSTLINE ("0cjlxyAgx+TkDQrnIOrR6s/mxyDH5iDm5Mri6iDI2dYgx+Tmxw0KDQoNCg0KDQoNCtMgx+TT6sTo 5i"))
---
> * 1 FETCH (FIRSTLINE ("д«  »г д«жз «ж зк «» ”е ! еў «дЌѕЋ "))
> * 2 FETCH (FIRSTLINE ("д«  »г д«жз «ж зк «» ”е ! еў «дЌѕЋ "))
> * 3 FETCH (FIRSTLINE ("д«  »г д«жз «ж з к «» ”е ! еў «дЌѕЋ "))
> * 4 FETCH (FIRSTLINE ("д«  »г д«жз «ж зк «» ”е ! еў «дЌѕЋ  "))
> * 5 FETCH (FIRSTLINE ("дк” д«жг еж «ж  идгж д«ж ўжѕе« «гиж "))
> * 6 FETCH (FIRSTLINE ("дк” д«жг еж «ж  идгж д«ж ўжѕе« «гиж "))
> * 7 FETCH (FIRSTLINE ("дк” д«жг  еж «ж  идгж д«ж ўжѕе« «гиж "))
> * 8 FETCH (FIRSTLINE ("дк” д«жг еж «ж  идгж д«ж ўжѕе« «гиж  "))
> * 9 FETCH (FIRSTLINE ("ђ ўж  жек з д« к” „кўиж ‘—«Ѕ «д√‘к«Ѕ ђ иЏ«д»« е« д« к ЌѕЋ ўж идкж двѕ г » бк «дж"))
> * 10 FETCH (FIRSTLINE ("ђ ўж  жек з д« к” „кўиж ‘—«Ѕ «д√‘к«Ѕ ђ иЏ«д»« е« д« к ЌѕЋ ўж идкж двѕ г » б"))
> * 11 FETCH (FIRSTLINE ("ђ ўж  жек з д« к” „кўиж ‘—«Ѕ «д√‘к«Ѕ ђ иЏ«д»« е« д« к ЌѕЋ ўж идкж двѕ г » б"))
> * 12 FETCH (FIRSTLINE ("ђ ўж  жек з д« к” „кўиж ‘—«Ѕ «д√‘к«Ѕ ђ иЏ«д»« е« д« к ЌѕЋ ўж идкж двѕ г » б "))
> * 13 FETCH (FIRSTLINE ("ђ ўж  жек з д« к” „к ўиж ‘—«Ѕ «д√‘к«Ѕ ђ иЏ«д»« е« д«  к ЌѕЋ ўж идкж двѕ г » бк"))
> * 14 FETCH (FIRSTLINE ("ђ ўж  жек з д« к” „к ўиж ‘—«Ѕ «д√‘к«Ѕ ђ иЏ«д»« е« д«  к ЌѕЋ ўж идкж двѕ г"))
> * 15 FETCH (FIRSTLINE ("ђ ўж  жек з д« к” „к  ўиж ‘—«Ѕ «д√‘к«Ѕ ђ иЏ«д»« е« д«  к ЌѕЋ ўж идкж двѕ г"))
> * 16 FETCH (FIRSTLINE ("ђ ўж  жек з д« к” „к ўиж ‘—«Ѕ «д√‘к«Ѕ ђ иЏ«д»« е« д к ЌѕЋ ўж идкж двѕ г » "))
> * 17 FETCH (FIRSTLINE ("—»е« «ддз к—кѕж« «ж жд вк »ў÷ «дж«” «д”кƒиж в»д «б÷д дгк ўжѕе« жв«»д «дЌ»к» «"))
> * 18 FETCH (FIRSTLINE ("—»е« «ддз к—кѕж« «ж жд вк »ў÷ «дж«” «д”кƒиж в»д «б÷д дгк ўжѕе« жв«»д «дЌ"))
> * 19 FETCH (FIRSTLINE ("—»е« «ддз к—кѕж« «ж жд вк »ў÷ «дж«” «д”кƒиж в»д «б÷д дгк ўжѕе« жв«»д «дЌ»к» «"))
> * 20 FETCH (FIRSTLINE ("—»е« «ддз к—кѕж« «ж жд вк »ў÷ «дж«” «д”кƒиж в»д «б÷д дгк ўжѕе« жв«»д «дЌ»к» «"))
> * 21 FETCH (FIRSTLINE ("—»е« «дд з к—кѕж« «ж жд вк »ў÷ «дж« ” «д”кƒиж в»д «б÷д дгк ўжѕе« жв« »д «д"))
> * 22 FETCH (FIRSTLINE ("—»е« «дд з к—кѕж« «ж жд вк »ў÷ «дж« ” «д”кƒиж в»д «б÷д дгк ўжѕе« жв« "))
> * 23 FETCH (FIRSTLINE ("—»е« «дд  з к—кѕж« «ж жд вк »ў÷ «дж« ” «д”кƒиж в»д «б÷д дгк ўжѕе« жв« "))
> * 24 FETCH (FIRSTLINE ("—»е« «дд з к—кѕж« «ж жд вк »ў÷ «дж« ” «д”кƒиж в»д «б÷д дгк ўжѕе« жв« »д «д"))
> * 25 FETCH (FIRSTLINE ("—»е« «дд з к—кѕж« «ж жд вк »ў÷ «дж« ” «д”кƒиж в»д «б÷д дгк ўжѕе« "))
1,25c1,25
< * 1 FETCH (FIRSTLINE ("=E4=C7 =CA=C8=E3 =E4=C7=E6=E7 =C7=E6=CA=E7=EA =C7=C8=CA=D3=E5 ! =E5=D9 =C7= =E"))
< * 2 FETCH (FIRSTLINE ("=E4=C7 =CA=C8=E3 =E4=C7=E6=E7 =C7=E6=CA=E7=EA =C7=C8=CA=D3=E5 ! =E5= =D9 "))
< * 3 FETCH (FIRSTLINE ("=E4=C7 =CA=C8=E3 =E4=C7=E6=E7 =C7=E6=CA=E7 =EA =C7=C8=CA=D3=E5 ! =E5= =D9 "))
< * 4 FETCH (FIRSTLINE ("=E4=C7 =CA=C8=E3 =E4=C7=E6=E7 =C7=E6=CA=E7=EA =C7=C8=CA=D3=E5 ! =E5=D9 =C7= =E"))
< * 5 FETCH (FIRSTLINE ("=E4=EA=D3 =E4=C7=E6=E3=0D =E5=E6 =C7=E6=CA =E8=E4=E3=E6 =E4=C7=E6 =D9=E6=CF=E5"))
< * 6 FETCH (FIRSTLINE ("=E4=EA=D3 =E4=C7=E6=E3=0D =E5=E6 =C7=E6=CA =E8=E4=E3=E6 =E4=C7=E6 =D9=E6="))
< * 7 FETCH (FIRSTLINE ("=E4=EA=D3 =E4=C7=E6=E3=0D  =E5=E6 =C7=E6=CA =E8=E4=E3=E6 =E4=C7=E6 =D9=E6="))
< * 8 FETCH (FIRSTLINE ("=E4=EA=D3 =E4=C7=E6=E3=0D =E5=E6 =C7=E6=CA =E8=E4=E3=E6 =E4=C7=E6 =D9=E6=CF=E5"))
< * 9 FETCH (FIRSTLINE ("=AC =D9=E6 =CA=E6=E5=EA=CA=E7 =E4=C7 =EA=D3=CA=D7=EA=D9=E8=E6 =D4=D1=C7=C1 = =C"))
< * 10 FETCH (FIRSTLINE ("=AC =D9=E6 =CA=E6=E5=EA=CA=E7 =E4=C7 =EA=D3=CA=D7=EA=D9=E8=E6 =D4=D1= =C7="))
< * 11 FETCH (FIRSTLINE ("=AC =D9=E6 =CA=E6=E5=EA=CA=E7 =E4=C7 =EA=D3=CA=D7=EA=D9=E8=E6 =D4=D1= =C7="))
< * 12 FETCH (FIRSTLINE ("=AC =D9=E6 =CA=E6=E5=EA=CA=E7 =E4=C7 =EA=D3=CA=D7=EA=D9=E8=E6 =D4=D1=C7=C1 = =C"))
< * 13 FETCH (FIRSTLINE ("=AC =D9=E6 =CA=E6=E5=EA=CA=E7 =E4=C7 =EA=D3=CA=D7=EA=0D =D9=E8=E6 =D4=D1=C7=C1 "))
< * 14 FETCH (FIRSTLINE ("=AC =D9=E6 =CA=E6=E5=EA=CA=E7 =E4=C7 =EA=D3=CA=D7=EA=0D =D9=E8=E6 =D4=D1=C"))
< * 15 FETCH (FIRSTLINE ("=AC =D9=E6 =CA=E6=E5=EA=CA=E7 =E4=C7 =EA=D3=CA=D7=EA=0D  =D9=E8=E6 =D4=D1=C"))
< * 16 FETCH (FIRSTLINE ("=AC =D9=E6 =CA=E6=E5=EA=CA=E7 =E4=C7 =EA=D3=CA=D7=EA=0D =D9=E8=E6 =D4=D1=C7=C1 "))
< * 17 FETCH (FIRSTLINE ("=D1=C8=E5=C7 =C7=E4=E4=E7 =EA=D1=EA=CF=E6=C7 =C7=E6 =E6=E4=CA=E2=EA =C8=D9= =D"))
< * 18 FETCH (FIRSTLINE ("=D1=C8=E5=C7 =C7=E4=E4=E7 =EA=D1=EA=CF=E6=C7 =C7=E6 =E6=E4=CA=E2=EA = =C8"))
< * 19 FETCH (FIRSTLINE ("=D1=C8=E5=C7 =C7=E4=E4=E7 =EA=D1=EA=CF=E6=C7 =C7=E6 =E6=E4=CA=E2=EA =C8=D9= =D"))
< * 20 FETCH (FIRSTLINE ("=D1=C8=E5=C7 =C7=E4=E4=E7 =EA=D1=EA=CF=E6=C7 =C7=E6 =E6=E4=CA=E2=EA =C8=D9= =D"))
< * 21 FETCH (FIRSTLINE ("=D1=C8=E5=C7 =C7=E4=E4=0D =E7 =EA=D1=EA=CF=E6=C7 =C7=E6 =E6=E4=CA=E2=EA =C8=D9"))
< * 22 FETCH (FIRSTLINE ("=D1=C8=E5=C7 =C7=E4=E4=0D =E7 =EA=D1=EA=CF=E6=C7 =C7=E6 =E6=E4=CA=E2=EA ="))
< * 23 FETCH (FIRSTLINE ("=D1=C8=E5=C7 =C7=E4=E4=0D  =E7 =EA=D1=EA=CF=E6=C7 =C7=E6 =E6=E4=CA=E2=EA ="))
< * 24 FETCH (FIRSTLINE ("=D1=C8=E5=C7 =C7=E4=E4=0D =E7 =EA=D1=EA=CF=E6=C7 =C7=E6 =E6=E4=CA=E2=EA =C8=D9"))
< * 25 FETCH (FIRSTLINE ("=D1=C8=E5=C7 =C7=E4=E4=0D =E7 =EA=D1=EA=CF=E6=C7 =C7=E6 =E6=E4=CA=E2=EA =C8=D9"))
---
> * 1 FETCH (FIRSTLINE ("д«  »г д«жз «ж зк «» ”е ! еў «дЌѕЋ "))
> * 2 FETCH (FIRSTLINE ("д«  »г д«жз «ж зк «» ”е ! еў «дЌѕЋ "))
> * 3 FETCH (FIRSTLINE ("д«  »г д«жз «ж з к «» ”е ! еў «дЌѕЋ "))
> * 4 FETCH (FIRSTLINE ("д«  »г д«жз «ж зк «» ”е ! еў «дЌѕЋ  "))
> * 5 FETCH (FIRSTLINE ("дк” д«жг еж «ж  идгж д«ж ўжѕе« «гиж "))
> * 6 FETCH (FIRSTLINE ("дк” д«жг еж «ж  идгж д«ж ўжѕе« «гиж "))
> * 7 FETCH (FIRSTLINE ("дк” д«жг  еж «ж  идгж д«ж ўжѕе« «гиж "))
> * 8 FETCH (FIRSTLINE ("дк” д«жг еж «ж  идгж д«ж ўжѕе« «гиж  "))
> * 9 FETCH (FIRSTLINE ("ђ ўж  жек з д« к” „кўиж ‘—«Ѕ «д√‘к«Ѕ ђ иЏ«д»« е« д« к ЌѕЋ ўж идкж двѕ г » бк «дж"))
> * 10 FETCH (FIRSTLINE ("ђ ўж  жек з д« к” „кўиж ‘—«Ѕ «д√‘к«Ѕ ђ иЏ«д»« е« д« к ЌѕЋ ўж идкж двѕ г » б"))
> * 11 FETCH (FIRSTLINE ("ђ ўж  жек з д« к” „кўиж ‘—«Ѕ «д√‘к«Ѕ ђ иЏ«д»« е« д« к ЌѕЋ ўж идкж двѕ г » б"))
> * 12 FETCH (FIRSTLINE ("ђ ўж  жек з д« к” „кўиж ‘—«Ѕ «д√‘к«Ѕ ђ иЏ«д»« е« д« к ЌѕЋ ўж идкж двѕ г » б "))
> * 13 FETCH (FIRSTLINE ("ђ ўж  жек з д« к” „к ўиж ‘—«Ѕ «д√‘к«Ѕ ђ иЏ«д»« е« д«  к ЌѕЋ ўж идкж двѕ г » бк"))
> * 14 FETCH (FIRSTLINE ("ђ ўж  жек з д« к” „к ўиж ‘—«Ѕ «д√‘к«Ѕ ђ иЏ«д»« е« д«  к ЌѕЋ ўж идкж двѕ г"))
> * 15 FETCH (FIRSTLINE ("ђ ўж  жек з д« к” „к  ўиж ‘—«Ѕ «д√‘к«Ѕ ђ иЏ«д»« е« д«  к ЌѕЋ ўж идкж двѕ г"))
> * 16 FETCH (FIRSTLINE ("ђ ўж  жек з д« к” „к ўиж ‘—«Ѕ «д√‘к«Ѕ ђ иЏ«д»« е« д к ЌѕЋ ўж идкж двѕ г » "))
> * 17 FETCH (FIRSTLINE ("—»е« «ддз к—кѕж« «ж жд вк »ў÷ «дж«” «д”кƒиж в»д «б÷д дгк ўжѕе« жв«»д «дЌ»к» «"))
> * 18 FETCH (FIRSTLINE ("—»е« «ддз к—кѕж« «ж жд вк »ў÷ «дж«” «д”кƒиж в»д «б÷д дгк ўжѕе« жв«»д «дЌ"))
> * 19 FETCH (FIRSTLINE ("—»е« «ддз к—кѕж« «ж жд вк »ў÷ «дж«” «д”кƒиж в»д «б÷д дгк ўжѕе« жв«»д «дЌ»к» «"))
> * 20 FETCH (FIRSTLINE ("—»е« «ддз к—кѕж« «ж жд вк »ў÷ «дж«” «д”кƒиж в»д «б÷д дгк ўжѕе« жв«»д «дЌ»к» «"))
> * 21 FETCH (FIRSTLINE ("—»е« «дд з к—кѕж« «ж жд вк »ў÷ «дж« ” «д”кƒиж в»д «б÷д дгк ўжѕе« жв« »д «д"))
> * 22 FETCH (FIRSTLINE ("—»е« «дд з к—кѕж« «ж жд вк »ў÷ «дж« ” «д”кƒиж в»д «б÷д дгк ўжѕе« жв« "))
> * 23 FETCH (FIRSTLINE ("—»е« «дд  з к—кѕж« «ж жд вк »ў÷ «дж« ” «д”кƒиж в»д «б÷д дгк ўжѕе« жв« "))
> * 24 FETCH (FIRSTLINE ("—»е« «дд з к—кѕж« «ж жд вк »ў÷ «дж« ” «д”кƒиж в»д «б÷д дгк ўжѕе« жв« »д «д"))
> * 25 FETCH (FIRSTLINE ("—»е« «дд з к—кѕж« «ж жд вк »ў÷ «дж« ” «д”кƒиж в»д «б÷д дгк ўжѕе« "))
1,50c1,25
< * 1 FETCH (FIRSTLINE ("=E4=C7 =CA=C8=E3 =E4=C7=E6=E7 =C7=E6=CA=E7=EA =C7=C8=CA=D3=E5 ! =E5=D9 =C7= =E"))
< * 2 FETCH (FIRSTLINE ("=E4=C7 =CA=C8=E3 =E4=C7=E6=E7 =C7=E6=CA=E7=EA =C7=C8=CA=D3=E5 ! =E5= =D9 "))
< * 3 FETCH (FIRSTLINE ("=E4=C7 =CA=C8=E3 =E4=C7=E6=E7 =C7=E6=CA=E7 =EA =C7=C8=CA=D3=E5 ! =E5= =D9 "))
< * 4 FETCH (FIRSTLINE ("=E4=C7 =CA=C8=E3 =E4=C7=E6=E7 =C7=E6=CA=E7=EA =C7=C8=CA=D3=E5 ! =E5=D9 =C7= =E"))
< * 5 FETCH (FIRSTLINE ("=E4=EA=D3 =E4=C7=E6=E3=0D =E5=E6 =C7=E6=CA =E8=E4=E3=E6 =E4=C7=E6 =D9=E6=CF=E5"))
< * 6 FETCH (FIRSTLINE ("=E4=EA=D3 =E4=C7=E6=E3=0D =E5=E6 =C7=E6=CA =E8=E4=E3=E6 =E4=C7=E6 =D9=E6="))
< * 7 FETCH (FIRSTLINE ("=E4=EA=D3 =E4=C7=E6=E3=0D  =E5=E6 =C7=E6=CA =E8=E4=E3=E6 =E4=C7=E6 =D9=E6="))
< * 8 FETCH (FIRSTLINE ("=E4=EA=D3 =E4=C7=E6=E3=0D =E5=E6 =C7=E6=CA =E8=E4=E3=E6 =E4=C7=E6 =D9=E6=CF=E5"))
< * 9 FETCH (FIRSTLINE ("=AC =D9=E6 =CA=E6=E5=EA=CA=E7 =E4=C7 =EA=D3=CA=D7=EA=D9=E8=E6 =D4=D1=C7=C1 = =C"))
< * 10 FETCH (FIRSTLINE ("=AC =D9=E6 =CA=E6=E5=EA=CA=E7 =E4=C7 =EA=D3=CA=D7=EA=D9=E8=E6 =D4=D1= =C7="))
< * 11 FETCH (FIRSTLINE ("=AC =D9=E6 =CA=E6=E5=EA=CA=E7 =E4=C7 =EA=D3=CA=D7=EA=D9=E8=E6 =D4=D1= =C7="))
< * 12 FETCH (FIRSTLINE ("=AC =D9=E6 =CA=E6=E5=EA=CA=E7 =E4=C7 =EA=D3=CA=D7=EA=D9=E8=E6 =D4=D1=C7=C1 = =C"))
< * 13 FETCH (FIRSTLINE ("=AC =D9=E6 =CA=E6=E5=EA=CA=E7 =E4=C7 =EA=D3=CA=D7=EA=0D =D9=E8=E6 =D4=D1=C7=C1 "))
< * 14 FETCH (FIRSTLINE ("=AC =D9=E6 =CA=E6=E5=EA=CA=E7 =E4=C7 =EA=D3=CA=D7=EA=0D =D9=E8=E6 =D4=D1=C"))
< * 15 FETCH (FIRSTLINE ("=AC =D9=E6 =CA=E6=E5=EA=CA=E7 =E4=C7 =EA=D3=CA=D7=EA=0D  =D9=E8=E6 =D4=D1=C"))
< * 16 FETCH (FIRSTLINE ("=AC =D9=E6 =CA=E6=E5=EA=CA=E7 =E4=C7 =EA=D3=CA=D7=EA=0D =D9=E8=E6 =D4=D1=C7=C1 "))
< * 17 FETCH (FIRSTLINE ("=D1=C8=E5=C7 =C7=E4=E4=E7 =EA=D1=EA=CF=E6=C7 =C7=E6 =E6=E4=CA=E2=EA =C8=D9= =D"))
< * 18 FETCH (FIRSTLINE ("=D1=C8=E5=C7 =C7=E4=E4=E7 =EA=D1=EA=CF=E6=C7 =C7=E6 =E6=E4=CA=E2=EA = =C8"))
< * 19 FETCH (FIRSTLINE ("=D1=C8=E5=C7 =C7=E4=E4=E7 =EA=D1=EA=CF=E6=C7 =C7=E6 =E6=E4=CA=E2=EA =C8=D9= =D"))
< * 20 FETCH (FIRSTLINE ("=D1=C8=E5=C7 =C7=E4=E4=E7 =EA=D1=EA=CF=E6=C7 =C7=E6 =E6=E4=CA=E2=EA =C8=D9= =D"))
< * 21 FETCH (FIRSTLINE ("=D1=C8=E5=C7 =C7=E4=E4=0D =E7 =EA=D1=EA=CF=E6=C7 =C7=E6 =E6=E4=CA=E2=EA =C8=D9"))
< * 22 FETCH (FIRSTLINE ("=D1=C8=E5=C7 =C7=E4=E4=0D =E7 =EA=D1=EA=CF=E6=C7 =C7=E6 =E6=E4=CA=E2=EA ="))
< * 23 FETCH (FIRSTLINE ("=D1=C8=E5=C7 =C7=E4=E4=0D  =E7 =EA=D1=EA=CF=E6=C7 =C7=E6 =E6=E4=CA=E2=EA ="))
< * 24 FETCH (FIRSTLINE ("=D1=C8=E5=C7 =C7=E4=E4=0D =E7 =EA=D1=EA=CF=E6=C7 =C7=E6 =E6=E4=CA=E2=EA =C8=D9"))
< * 25 FETCH (FIRSTLINE ("=D1=C8=E5=C7 =C7=E4=E4=0D =E7 =EA=D1=EA=CF=E6=C7 =C7=E6 =E6=E4=CA=E2=EA =C8=D9"))
< * 26 FETCH (FIRSTLINE ("д«  »г д«жз «ж зк «» ”е ! еў «дЌѕЋ "))
< * 27 FETCH (FIRSTLINE ("д«  »г д«жз «ж зк «» ”е ! еў «дЌѕЋ "))
< * 28 FETCH (FIRSTLINE ("д«  »г д«жз «ж з к «» ”е ! еў «дЌѕЋ "))
< * 29 FETCH (FIRSTLINE ("д«  »г д«жз «ж зк «» ”е ! еў «дЌѕЋ  "))
< * 30 FETCH (FIRSTLINE ("дк” д«жг еж «ж  идгж д«ж ўжѕе« «гиж "))
< * 31 FETCH (FIRSTLINE ("дк” д«жг еж «ж  идгж д«ж ўжѕе« «гиж "))
< * 32 FETCH (FIRSTLINE ("дк” д«жг  еж «ж  идгж д«ж ўжѕе« «гиж "))
< * 33 FETCH (FIRSTLINE ("дк” д«жг еж «ж  идгж д«ж ўжѕе« «гиж  "))
< * 34 FETCH (FIRSTLINE ("ђ ўж  жек з д« к” „кўиж ‘—«Ѕ «д√‘к«Ѕ ђ иЏ«д»« е« д« к ЌѕЋ ўж идкж двѕ г » бк «дж"))
< * 35 FETCH (FIRSTLINE ("ђ ўж  жек з д« к” „кўиж ‘—«Ѕ «д√‘к«Ѕ ђ иЏ«д»« е« д« к ЌѕЋ ўж идкж двѕ г » б"))
< * 36 FETCH (FIRSTLINE ("ђ ўж  жек з д« к” „кўиж ‘—«Ѕ «д√‘к«Ѕ ђ иЏ«д»« е« д« к ЌѕЋ ўж идкж двѕ г » б"))
< * 37 FETCH (FIRSTLINE ("ђ ўж  жек з д« к” „кўиж ‘—«Ѕ «д√‘к«Ѕ ђ иЏ«д»« е« д« к ЌѕЋ ўж идкж двѕ г » б "))
< * 38 FETCH (FIRSTLINE ("ђ ўж  жек з д« к” „к ўиж ‘—«Ѕ «д√‘к«Ѕ ђ иЏ«д»« е« д«  к ЌѕЋ ўж идкж двѕ г » бк"))
< * 39 FETCH (FIRSTLINE ("ђ ўж  жек з д« к” „к ўиж ‘—«Ѕ «д√‘к«Ѕ ђ иЏ«д»« е« д«  к ЌѕЋ ўж идкж двѕ г"))
< * 40 FETCH (FIRSTLINE ("ђ ўж  жек з д« к” „к  ўиж ‘—«Ѕ «д√‘к«Ѕ ђ иЏ«д»« е« д«  к ЌѕЋ ўж идкж двѕ г"))
< * 41 FETCH (FIRSTLINE ("ђ ўж  жек з д« к” „к ўиж ‘—«Ѕ «д√‘к«Ѕ ђ иЏ«д»« е« д к ЌѕЋ ўж идкж двѕ г » "))
< * 42 FETCH (FIRSTLINE ("—»е« «ддз к—кѕж« «ж жд вк »ў÷ «дж«” «д”кƒиж в»д «б÷д дгк ўжѕе« жв«»д «дЌ»к» «"))
< * 43 FETCH (FIRSTLINE ("—»е« «ддз к—кѕж« «ж жд вк »ў÷ «дж«” «д”кƒиж в»д «б÷д дгк ўжѕе« жв«»д «дЌ"))
< * 44 FETCH (FIRSTLINE ("—»е« «ддз к—кѕж« «ж жд вк »ў÷ «дж«” «д”кƒиж в»д «б÷д дгк ўжѕе« жв«»д «дЌ»к» «"))
< * 45 FETCH (FIRSTLINE ("—»е« «ддз к—кѕж« «ж жд вк »ў÷ «дж«” «д”кƒиж в»д «б÷д дгк ўжѕе« жв«»д «дЌ»к» «"))
< * 46 FETCH (FIRSTLINE ("—»е« «дд з к—кѕж« «ж жд вк »ў÷ «дж« ” «д”кƒиж в»д «б÷д дгк ўжѕе« жв« »д «д"))
< * 47 FETCH (FIRSTLINE ("—»е« «дд з к—кѕж« «ж жд вк »ў÷ «дж« ” «д”кƒиж в»д «б÷д дгк ўжѕе« жв« "))
< * 48 FETCH (FIRSTLINE ("—»е« «дд  з к—кѕж« «ж жд вк »ў÷ «дж« ” «д”кƒиж в»д «б÷д дгк ўжѕе« жв« "))
< * 49 FETCH (FIRSTLINE ("—»е« «дд з к—кѕж« «ж жд вк »ў÷ «дж« ” «д”кƒиж в»д «б÷д дгк ўжѕе« жв« »д «д"))
< * 50 FETCH (FIRSTLINE ("—»е« «дд з к—кѕж« «ж жд вк »ў÷ «дж« ” «д”кƒиж в»д «б÷д дгк ўжѕе« "))
---
> * 1 FETCH (FIRSTLINE ("д«  »г д«жз «ж зк «» ”е ! еў «дЌѕЋ "))
> * 2 FETCH (FIRSTLINE ("д«  »г д«жз «ж зк «» ”е ! еў «дЌѕЋ "))
> * 3 FETCH (FIRSTLINE ("д«  »г д«жз «ж з к «» ”е ! еў «дЌѕЋ "))
> * 4 FETCH (FIRSTLINE ("д«  »г д«жз «ж зк «» ”е ! еў «дЌѕЋ  "))
> * 5 FETCH (FIRSTLINE ("дк” д«жг еж «ж  идгж д«ж ўжѕе« «гиж "))
> * 6 FETCH (FIRSTLINE ("дк” д«жг еж «ж  идгж д«ж ўжѕе« «гиж "))
> * 7 FETCH (FIRSTLINE ("дк” д«жг  еж «ж  идгж д«ж ўжѕе« «гиж "))
> * 8 FETCH (FIRSTLINE ("дк” д«жг еж «ж  идгж д«ж ўжѕе« «гиж  "))
> * 9 FETCH (FIRSTLINE ("ђ ўж  жек з д« к” „кўиж ‘—«Ѕ «д√‘к«Ѕ ђ иЏ«д»« е« д« к ЌѕЋ ўж идкж двѕ г » бк «дж"))
> * 10 FETCH (FIRSTLINE ("ђ ўж  жек з д« к” „кўиж ‘—«Ѕ «д√‘к«Ѕ ђ иЏ«д»« е« д« к ЌѕЋ ўж идкж двѕ г » б"))
> * 11 FETCH (FIRSTLINE ("ђ ўж  жек з д« к” „кўиж ‘—«Ѕ «д√‘к«Ѕ ђ иЏ«д»« е« д« к ЌѕЋ ўж идкж двѕ г » б"))
> * 12 FETCH (FIRSTLINE ("ђ ўж  жек з д« к” „кўиж ‘—«Ѕ «д√‘к«Ѕ ђ иЏ«д»« е« д« к ЌѕЋ ўж идкж двѕ г » б "))
> * 13 FETCH (FIRSTLINE ("ђ ўж  жек з д« к” „к ўиж ‘—«Ѕ «д√‘к«Ѕ ђ иЏ«д»« е« д«  к ЌѕЋ ўж идкж двѕ г » бк"))
> * 14 FETCH (FIRSTLINE ("ђ ўж  жек з д« к” „к ўиж ‘—«Ѕ «д√‘к«Ѕ ђ иЏ«д»« е« д«  к ЌѕЋ ўж идкж двѕ г"))
> * 15 FETCH (FIRSTLINE ("ђ ўж  жек з д« к” „к  ўиж ‘—«Ѕ «д√‘к«Ѕ ђ иЏ«д»« е« д«  к ЌѕЋ ўж идкж двѕ г"))
> * 16 FETCH (FIRSTLINE ("ђ ўж  жек з д« к” „к ўиж ‘—«Ѕ «д√‘к«Ѕ ђ иЏ«д»« е« д к ЌѕЋ ўж идкж двѕ г » "))
> * 17 FETCH (FIRSTLINE ("—»е« «ддз к—кѕж« «ж жд вк »ў÷ «дж«” «д”кƒиж в»д «б÷д дгк ўжѕе« жв«»д «дЌ»к» «"))
> * 18 FETCH (FIRSTLINE ("—»е« «ддз к—кѕж« «ж жд вк »ў÷ «дж«” «д”кƒиж в»д «б÷д дгк ўжѕе« жв«»д «дЌ"))
> * 19 FETCH (FIRSTLINE ("—»е« «ддз к—кѕж« «ж жд вк »ў÷ «дж«” «д”кƒиж в»д «б÷д дгк ўжѕе« жв«»д «дЌ»к» «"))
> * 20 FETCH (FIRSTLINE ("—»е« «ддз к—кѕж« «ж жд вк »ў÷ «дж«” «д”кƒиж в»д «б÷д дгк ўжѕе« жв«»д «дЌ»к» «"))
> * 21 FETCH (FIRSTLINE ("—»е« «дд з к—кѕж« «ж жд вк »ў÷ «дж« ” «д”кƒиж в»д «б÷д дгк ўжѕе« жв« »д «д"))
> * 22 FETCH (FIRSTLINE ("—»е« «дд з к—кѕж« «ж жд вк »ў÷ «дж« ” «д”кƒиж в»д «б÷д дгк ўжѕе« жв« "))
> * 23 FETCH (FIRSTLINE ("—»е« «дд  з к—кѕж« «ж жд вк »ў÷ «дж« ” «д”кƒиж в»д «б÷д дгк ўжѕе« жв« "))
> * 24 FETCH (FIRSTLINE ("—»е« «дд з к—кѕж« «ж жд вк »ў÷ «дж« ” «д”кƒиж в»д «б÷д дгк ўжѕе« жв« »д «д"))
> * 25 FETCH (FIRSTLINE ("—»е« «дд з к—кѕж« «ж жд вк »ў÷ «дж« ” «д”кƒиж в»д «б÷д дгк ўжѕе« "))
1,25c1,25
< * 1 FETCH (FIRSTLINE ("5McgysjjIOTH5ucgx+bK5+ogIMfIytPlICEg5dkgx+TNz8s= "))
< * 2 FETCH (FIRSTLINE ("ICAgICDkxyDKyOMg5Mfm5yDH5srn6iAgx8jK0+UgISDl2SDH5M3Pyw== "))
< * 3 FETCH (FIRSTLINE ("5McgysjjIOTH5ucgx+bK5yAgICAg6iAgx8jK0+UgISDl2SDH5M3Pyw== "))
< * 4 FETCH (FIRSTLINE ("5McgysjjIOTH5ucgx+bK5+ogIMfIytPlICEg5dkgx+TNz8sgICAgIA== "))
< * 5 FETCH (FIRSTLINE ("5OrTIOTH5uMNCuXmIMfmyiAg6OTj5iDkx+Yg2ebP5ccgIMfj6OY= "))
< * 6 FETCH (FIRSTLINE ("ICAgICDk6tMg5Mfm4w0K5eYgx+bKICDo5OPmIOTH5iDZ5s/lxyAgx+Po5g== "))
< * 7 FETCH (FIRSTLINE ("5OrTIOTH5uMNCiAgICAg5eYgx+bKICDo5OPmIOTH5iDZ5s/lxyAgx+Po5g== "))
< * 8 FETCH (FIRSTLINE ("5OrTIOTH5uMNCuXmIMfmyiAg6OTj5iDkx+Yg2ebP5ccgIMfj6OYgICAgIA== "))
< * 9 FETCH (FIRSTLINE ("rCDZ5iDK5uXqyucg5Mcg6tPK1+rZ6OYg1NHHwSDH5MPU6sfBIKwg6NrH5MjHIOXHIOTHIOrKzc/L IN"))
< * 10 FETCH (FIRSTLINE ("ICAgICCsINnmIMrm5erK5yDkxyDq08rX6tno5iDU0cfBIMfkw9Tqx8EgrCDo2sfkyMcg5ccg5Mcg 6s"))
< * 11 FETCH (FIRSTLINE ("rCDZ5iDK5uXqyucg5Mcg6tPK1+rZ6OYgICAgICDU0cfBIMfkw9Tqx8EgrCDo2sfkyMcg5ccg5Mcg 6s"))
< * 12 FETCH (FIRSTLINE ("rCDZ5iDK5uXqyucg5Mcg6tPK1+rZ6OYg1NHHwSDH5MPU6sfBIKwg6NrH5MjHIOXHIOTHIOrKzc/L IN"))
< * 13 FETCH (FIRSTLINE ("rCDZ5iDK5uXqyucg5Mcg6tPK1+oNCtno5iDU0cfBIMfkw9Tqx8EgrCDo2sfkyMcg5ccg5McgDQrq ys"))
< * 14 FETCH (FIRSTLINE ("ICAgICCsINnmIMrm5erK5yDkxyDq08rX6g0K2ejmINTRx8Egx+TD1OrHwSCsIOjax+TIxyDlxyDk xy"))
< * 15 FETCH (FIRSTLINE ("rCDZ5iDK5uXqyucg5Mcg6tPK1+oNCiAgICAg2ejmINTRx8Egx+TD1OrHwSCsIOjax+TIxyDlxyDk xy"))
< * 16 FETCH (FIRSTLINE ("rCDZ5iDK5uXqyucg5Mcg6tPK1+oNCtno5iDU0cfBIMfkw9Tqx8EgrCDo2sfkyMcg5ccg5A0K6srN z8"))
< * 17 FETCH (FIRSTLINE ("0cjlxyAgx+Tk5yDq0erP5scgx+Yg5uTK4uogyNnWIMfk5sfTIMfk0+rE6OYgIOLI5CDH4dbkICDk 4+"))
< * 18 FETCH (FIRSTLINE ("ICAgICDRyOXHICDH5OTnIOrR6s/mxyDH5iDm5Mri6iDI2dYgx+Tmx9Mgx+TT6sTo5iAg4sjkIMfh 1u"))
< * 19 FETCH (FIRSTLINE ("0cjlxyAgx+Tk5yDq0erP5scgx+Yg5uTK4uogyNnWIMfk5sfTIMfk0+rE6OYgIOLI5CDH4dbkICDk 4+"))
< * 20 FETCH (FIRSTLINE ("0cjlxyAgx+Tk5yDq0erP5scgx+Yg5uTK4uogyNnWIMfk5sfTIMfk0+rE6OYgIOLI5CDH4dbkICDk 4+"))
< * 21 FETCH (FIRSTLINE ("0cjlxyAgx+TkDQrnIOrR6s/mxyDH5iDm5Mri6iDI2dYgx+Tmxw0K0yDH5NPqxOjmICDiyOQgx+HW 5C"))
< * 22 FETCH (FIRSTLINE ("ICAgICDRyOXHICDH5OQNCucg6tHqz+bHIMfmIObkyuLqIMjZ1iDH5ObHDQrTIMfk0+rE6OYgIOLI 5C"))
< * 23 FETCH (FIRSTLINE ("0cjlxyAgx+TkDQogICAgIOcg6tHqz+bHIMfmIObkyuLqIMjZ1iDH5ObHDQrTIMfk0+rE6OYgIOLI 5C"))
< * 24 FETCH (FIRSTLINE ("0cjlxyAgx+TkDQrnIOrR6s/mxyDH5iDm5Mri6iDI2dYgx+Tmxw0K0yDH5NPqxOjmICDiyOQgx+HW 5C"))
< * 25 FETCH (FIRSTLINE ("0cjlxyAgx+TkDQrnIOrR6s/mxyDH5iDm5Mri6iDI2dYgx+Tmxw0KDQoNCg0KDQoNCtMgx+TT6sTo 5i"))
---
> * 1 FETCH (FIRSTLINE ("д«  »г д«жз «ж зк «» ”е ! еў «дЌѕЋ "))
> * 2 FETCH (FIRSTLINE ("д«  »г д«жз «ж зк «» ”е ! еў «дЌѕЋ "))
> * 3 FETCH (FIRSTLINE ("д«  »г д«жз «ж з к «» ”е ! еў «дЌѕЋ "))
> * 4 FETCH (FIRSTLINE ("д«  »г д«жз «ж зк «» ”е ! еў «дЌѕЋ  "))
> * 5 FETCH (FIRSTLINE ("дк” д«жг еж «ж  идгж д«ж ўжѕе« «гиж "))
> * 6 FETCH (FIRSTLINE ("дк” д«жг еж «ж  идгж д«ж ўжѕе« «гиж "))
> * 7 FETCH (FIRSTLINE ("дк” д«жг  еж «ж  идгж д«ж ўжѕе« «гиж "))
> * 8 FETCH (FIRSTLINE ("дк” д«жг еж «ж  идгж д«ж ўжѕе« «гиж  "))
> * 9 FETCH (FIRSTLINE ("ђ ўж  жек з д« к” „кўиж ‘—«Ѕ «д√‘к«Ѕ ђ иЏ«д»« е« д« к ЌѕЋ ўж идкж двѕ г » бк «дж"))
> * 10 FETCH (FIRSTLINE ("ђ ўж  жек з д« к” „кўиж ‘—«Ѕ «д√‘к«Ѕ ђ иЏ«д»« е« д« к ЌѕЋ ўж идкж двѕ г » б"))
> * 11 FETCH (FIRSTLINE ("ђ ўж  жек з д« к” „кўиж ‘—«Ѕ «д√‘к«Ѕ ђ иЏ«д»« е« д« к ЌѕЋ ўж идкж двѕ г » б"))
> * 12 FETCH (FIRSTLINE ("ђ ўж  жек з д« к” „кўиж ‘—«Ѕ «д√‘к«Ѕ ђ иЏ«д»« е« д« к ЌѕЋ ўж идкж двѕ г » б "))
> * 13 FETCH (FIRSTLINE ("ђ ўж  жек з д« к” „к ўиж ‘—«Ѕ «д√‘к«Ѕ ђ иЏ«д»« е« д«  к ЌѕЋ ўж идкж двѕ г » бк"))
> * 14 FETCH (FIRSTLINE ("ђ ўж  жек з д« к” „к ўиж ‘—«Ѕ «д√‘к«Ѕ ђ иЏ«д»« е« д«  к ЌѕЋ ўж идкж двѕ г"))
> * 15 FETCH (FIRSTLINE ("ђ ўж  жек з д« к” „к  ўиж ‘—«Ѕ «д√‘к«Ѕ ђ иЏ«д»« е« д«  к ЌѕЋ ўж идкж двѕ г"))
> * 16 FETCH (FIRSTLINE ("ђ ўж  жек з д« к” „к ўиж ‘—«Ѕ «д√‘к«Ѕ ђ иЏ«д»« е« д к ЌѕЋ ўж идкж двѕ г » "))
> * 17 FETCH (FIRSTLINE ("—»е« «ддз к—кѕж« «ж жд вк »ў÷ «дж«” «д”кƒиж в»д «б÷д дгк ўжѕе« жв«»д «дЌ»к» «"))
> * 18 FETCH (FIRSTLINE ("—»е« «ддз к—кѕж« «ж жд вк »ў÷ «дж«” «д”кƒиж в»д «б÷д дгк ўжѕе« жв«»д «дЌ"))
> * 19 FETCH (FIRSTLINE ("—»е« «ддз к—кѕж« «ж жд вк »ў÷ «дж«” «д”кƒиж в»д «б÷д дгк ўжѕе« жв«»д «дЌ»к» «"))
> * 20 FETCH (FIRSTLINE ("—»е« «ддз к—кѕж« «ж жд вк »ў÷ «дж«” «д”кƒиж в»д «б÷д дгк ўжѕе« жв«»д «дЌ»к» «"))
> * 21 FETCH (FIRSTLINE ("—»е« «дд з к—кѕж« «ж жд вк »ў÷ «дж« ” «д”кƒиж в»д «б÷д дгк ўжѕе« жв« »д «д"))
> * 22 FETCH (FIRSTLINE ("—»е« «дд з к—кѕж« «ж жд вк »ў÷ «дж« ” «д”кƒиж в»д «б÷д дгк ўжѕе« жв« "))
> * 23 FETCH (FIRSTLINE ("—»е« «дд  з к—кѕж« «ж жд вк »ў÷ «дж« ” «д”кƒиж в»д «б÷д дгк ўжѕе« жв« "))
> * 24 FETCH (FIRSTLINE ("—»е« «дд з к—кѕж« «ж жд вк »ў÷ «дж« ” «д”кƒиж в»д «б÷д дгк ўжѕе« жв« »д «д"))
> * 25 FETCH (FIRSTLINE ("—»е« «дд з к—кѕж« «ж жд вк »ў÷ «дж« ” «д”кƒиж в»д «б÷д дгк ўжѕе« "))
1,25c1,25
< * 1 FETCH (FIRSTLINE ("=E4=C7 =CA=C8=E3 =E4=C7=E6=E7 =C7=E6=CA=E7=EA =C7=C8=CA=D3=E5 ! =E5=D9 =C7= =E"))
< * 2 FETCH (FIRSTLINE ("=E4=C7 =CA=C8=E3 =E4=C7=E6=E7 =C7=E6=CA=E7=EA =C7=C8=CA=D3=E5 ! =E5= =D9 "))
< * 3 FETCH (FIRSTLINE ("=E4=C7 =CA=C8=E3 =E4=C7=E6=E7 =C7=E6=CA=E7 =EA =C7=C8=CA=D3=E5 ! =E5= =D9 "))
< * 4 FETCH (FIRSTLINE ("=E4=C7 =CA=C8=E3 =E4=C7=E6=E7 =C7=E6=CA=E7=EA =C7=C8=CA=D3=E5 ! =E5=D9 =C7= =E"))
< * 5 FETCH (FIRSTLINE ("=E4=EA=D3 =E4=C7=E6=E3=0D =E5=E6 =C7=E6=CA =E8=E4=E3=E6 =E4=C7=E6 =D9=E6=CF=E5"))
< * 6 FETCH (FIRSTLINE ("=E4=EA=D3 =E4=C7=E6=E3=0D =E5=E6 =C7=E6=CA =E8=E4=E3=E6 =E4=C7=E6 =D9=E6="))
< * 7 FETCH (FIRSTLINE ("=E4=EA=D3 =E4=C7=E6=E3=0D  =E5=E6 =C7=E6=CA =E8=E4=E3=E6 =E4=C7=E6 =D9=E6="))
< * 8 FETCH (FIRSTLINE ("=E4=EA=D3 =E4=C7=E6=E3=0D =E5=E6 =C7=E6=CA =E8=E4=E3=E6 =E4=C7=E6 =D9=E6=CF=E5"))
< * 9 FETCH (FIRSTLINE ("=AC =D9=E6 =CA=E6=E5=EA=CA=E7 =E4=C7 =EA=D3=CA=D7=EA=D9=E8=E6 =D4=D1=C7=C1 = =C"))
< * 10 FETCH (FIRSTLINE ("=AC =D9=E6 =CA=E6=E5=EA=CA=E7 =E4=C7 =EA=D3=CA=D7=EA=D9=E8=E6 =D4=D1= =C7="))
< * 11 FETCH (FIRSTLINE ("=AC =D9=E6 =CA=E6=E5=EA=CA=E7 =E4=C7 =EA=D3=CA=D7=EA=D9=E8=E6 =D4=D1= =C7="))
< * 12 FETCH (FIRSTLINE ("=AC =D9=E6 =CA=E6=E5=EA=CA=E7 =E4=C7 =EA=D3=CA=D7=EA=D9=E8=E6 =D4=D1=C7=C1 = =C"))
< * 13 FETCH (FIRSTLINE ("=AC =D9=E6 =CA=E6=E5=EA=CA=E7 =E4=C7 =EA=D3=CA=D7=EA=0D =D9=E8=E6 =D4=D1=C7=C1 "))
< * 14 FETCH (FIRSTLINE ("=AC =D9=E6 =CA=E6=E5=EA=CA=E7 =E4=C7 =EA=D3=CA=D7=EA=0D =D9=E8=E6 =D4=D1=C"))
< * 15 FETCH (FIRSTLINE ("=AC =D9=E6 =CA=E6=E5=EA=CA=E7 =E4=C7 =EA=D3=CA=D7=EA=0D  =D9=E8=E6 =D4=D1=C"))
< * 16 FETCH (FIRSTLINE ("=AC =D9=E6 =CA=E6=E5=EA=CA=E7 =E4=C7 =EA=D3=CA=D7=EA=0D =D9=E8=E6 =D4=D1=C7=C1 "))
< * 17 FETCH (FIRSTLINE ("=D1=C8=E5=C7 =C7=E4=E4=E7 =EA=D1=EA=CF=E6=C7 =C7=E6 =E6=E4=CA=E2=EA =C8=D9= =D"))
< * 18 FETCH (FIRSTLINE ("=D1=C8=E5=C7 =C7=E4=E4=E7 =EA=D1=EA=CF=E6=C7 =C7=E6 =E6=E4=CA=E2=EA = =C8"))
< * 19 FETCH (FIRSTLINE ("=D1=C8=E5=C7 =C7=E4=E4=E7 =EA=D1=EA=CF=E6=C7 =C7=E6 =E6=E4=CA=E2=EA =C8=D9= =D"))
< * 20 FETCH (FIRSTLINE ("=D1=C8=E5=C7 =C7=E4=E4=E7 =EA=D1=EA=CF=E6=C7 =C7=E6 =E6=E4=CA=E2=EA =C8=D9= =D"))
< * 21 FETCH (FIRSTLINE ("=D1=C8=E5=C7 =C7=E4=E4=0D =E7 =EA=D1=EA=CF=E6=C7 =C7=E6 =E6=E4=CA=E2=EA =C8=D9"))
< * 22 FETCH (FIRSTLINE ("=D1=C8=E5=C7 =C7=E4=E4=0D =E7 =EA=D1=EA=CF=E6=C7 =C7=E6 =E6=E4=CA=E2=EA ="))
< * 23 FETCH (FIRSTLINE ("=D1=C8=E5=C7 =C7=E4=E4=0D  =E7 =EA=D1=EA=CF=E6=C7 =C7=E6 =E6=E4=CA=E2=EA ="))
< * 24 FETCH (FIRSTLINE ("=D1=C8=E5=C7 =C7=E4=E4=0D =E7 =EA=D1=EA=CF=E6=C7 =C7=E6 =E6=E4=CA=E2=EA =C8=D9"))
< * 25 FETCH (FIRSTLINE ("=D1=C8=E5=C7 =C7=E4=E4=0D =E7 =EA=D1=EA=CF=E6=C7 =C7=E6 =E6=E4=CA=E2=EA =C8=D9"))
---
> * 1 FETCH (FIRSTLINE ("д«  »г д«жз «ж зк «» ”е ! еў «дЌѕЋ "))
> * 2 FETCH (FIRSTLINE ("д«  »г д«жз «ж зк «» ”е ! еў «дЌѕЋ "))
> * 3 FETCH (FIRSTLINE ("д«  »г д«жз «ж з к «» ”е ! еў «дЌѕЋ "))
> * 4 FETCH (FIRSTLINE ("д«  »г д«жз «ж зк «» ”е ! еў «дЌѕЋ  "))
> * 5 FETCH (FIRSTLINE ("дк” д«жг еж «ж  идгж д«ж ўжѕе« «гиж "))
> * 6 FETCH (FIRSTLINE ("дк” д«жг еж «ж  идгж д«ж ўжѕе« «гиж "))
> * 7 FETCH (FIRSTLINE ("дк” д«жг  еж «ж  идгж д«ж ўжѕе« «гиж "))
> * 8 FETCH (FIRSTLINE ("дк” д«жг еж «ж  идгж д«ж ўжѕе« «гиж  "))
> * 9 FETCH (FIRSTLINE ("ђ ўж  жек з д« к” „кўиж ‘—«Ѕ «д√‘к«Ѕ ђ иЏ«д»« е« д« к ЌѕЋ ўж идкж двѕ г » бк «дж"))
> * 10 FETCH (FIRSTLINE ("ђ ўж  жек з д« к” „кўиж ‘—«Ѕ «д√‘к«Ѕ ђ иЏ«д»« е« д« к ЌѕЋ ўж идкж двѕ г » б"))
> * 11 FETCH (FIRSTLINE ("ђ ўж  жек з д« к” „кўиж ‘—«Ѕ «д√‘к«Ѕ ђ иЏ«д»« е« д« к ЌѕЋ ўж идкж двѕ г » б"))
> * 12 FETCH (FIRSTLINE ("ђ ўж  жек з д« к” „кўиж ‘—«Ѕ «д√‘к«Ѕ ђ иЏ«д»« е« д« к ЌѕЋ ўж идкж двѕ г » б "))
> * 13 FETCH (FIRSTLINE ("ђ ўж  жек з д« к” „к ўиж ‘—«Ѕ «д√‘к«Ѕ ђ иЏ«д»« е« д«  к ЌѕЋ ўж идкж двѕ г » бк"))
> * 14 FETCH (FIRSTLINE ("ђ ўж  жек з д« к” „к ўиж ‘—«Ѕ «д√‘к«Ѕ ђ иЏ«д»« е« д«  к ЌѕЋ ўж идкж двѕ г"))
> * 15 FETCH (FIRSTLINE ("ђ ўж  жек з д« к” „к  ўиж ‘—«Ѕ «д√‘к«Ѕ ђ иЏ«д»« е« д«  к ЌѕЋ ўж идкж двѕ г"))
> * 16 FETCH (FIRSTLINE ("ђ ўж  жек з д« к” „к ўиж ‘—«Ѕ «д√‘к«Ѕ ђ иЏ«д»« е« д к ЌѕЋ ўж идкж двѕ г » "))
> * 17 FETCH (FIRSTLINE ("—»е« «ддз к—кѕж« «ж жд вк »ў÷ «дж«” «д”кƒиж в»д «б÷д дгк ўжѕе« жв«»д «дЌ»к» «"))
> * 18 FETCH (FIRSTLINE ("—»е« «ддз к—кѕж« «ж жд вк »ў÷ «дж«” «д”кƒиж в»д «б÷д дгк ўжѕе« жв«»д «дЌ"))
> * 19 FETCH (FIRSTLINE ("—»е« «ддз к—кѕж« «ж жд вк »ў÷ «дж«” «д”кƒиж в»д «б÷д дгк ўжѕе« жв«»д «дЌ»к» «"))
> * 20 FETCH (FIRSTLINE ("—»е« «ддз к—кѕж« «ж жд вк »ў÷ «дж«” «д”кƒиж в»д «б÷д дгк ўжѕе« жв«»д «дЌ»к» «"))
> * 21 FETCH (FIRSTLINE ("—»е« «дд з к—кѕж« «ж жд вк »ў÷ «дж« ” «д”кƒиж в»д «б÷д дгк ўжѕе« жв« »д «д"))
> * 22 FETCH (FIRSTLINE ("—»е« «дд з к—кѕж« «ж жд вк »ў÷ «дж« ” «д”кƒиж в»д «б÷д дгк ўжѕе« жв« "))
> * 23 FETCH (FIRSTLINE ("—»е« «дд  з к—кѕж« «ж жд вк »ў÷ «дж« ” «д”кƒиж в»д «б÷д дгк ўжѕе« жв« "))
> * 24 FETCH (FIRSTLINE ("—»е« «дд з к—кѕж« «ж жд вк »ў÷ «дж« ” «д”кƒиж в»д «б÷д дгк ўжѕе« жв« »д «д"))
> * 25 FETCH (FIRSTLINE ("—»е« «дд з к—кѕж« «ж жд вк »ў÷ «дж« ” «д”кƒиж в»д «б÷д дгк ўжѕе« "))
1,25c1,25
< * 1 FETCH (FIRSTLINE ("5McgysjjIOTH5ucgx+bK5+ogIMfIytPlICEg5dkgx+TNz8s= "))
< * 2 FETCH (FIRSTLINE ("ICAgICDkxyDKyOMg5Mfm5yDH5srn6iAgx8jK0+UgISDl2SDH5M3Pyw== "))
< * 3 FETCH (FIRSTLINE ("5McgysjjIOTH5ucgx+bK5yAgICAg6iAgx8jK0+UgISDl2SDH5M3Pyw== "))
< * 4 FETCH (FIRSTLINE ("5McgysjjIOTH5ucgx+bK5+ogIMfIytPlICEg5dkgx+TNz8sgICAgIA== "))
< * 5 FETCH (FIRSTLINE ("5OrTIOTH5uMNCuXmIMfmyiAg6OTj5iDkx+Yg2ebP5ccgIMfj6OY= "))
< * 6 FETCH (FIRSTLINE ("ICAgICDk6tMg5Mfm4w0K5eYgx+bKICDo5OPmIOTH5iDZ5s/lxyAgx+Po5g== "))
< * 7 FETCH (FIRSTLINE ("5OrTIOTH5uMNCiAgICAg5eYgx+bKICDo5OPmIOTH5iDZ5s/lxyAgx+Po5g== "))
< * 8 FETCH (FIRSTLINE ("5OrTIOTH5uMNCuXmIMfmyiAg6OTj5iDkx+Yg2ebP5ccgIMfj6OYgICAgIA== "))
< * 9 FETCH (FIRSTLINE ("rCDZ5iDK5uXqyucg5Mcg6tPK1+rZ6OYg1NHHwSDH5MPU6sfBIKwg6NrH5MjHIOXHIOTHIOrKzc/L IN"))
< * 10 FETCH (FIRSTLINE ("ICAgICCsINnmIMrm5erK5yDkxyDq08rX6tno5iDU0cfBIMfkw9Tqx8EgrCDo2sfkyMcg5ccg5Mcg 6s"))
< * 11 FETCH (FIRSTLINE ("rCDZ5iDK5uXqyucg5Mcg6tPK1+rZ6OYgICAgICDU0cfBIMfkw9Tqx8EgrCDo2sfkyMcg5ccg5Mcg 6s"))
< * 12 FETCH (FIRSTLINE ("rCDZ5iDK5uXqyucg5Mcg6tPK1+rZ6OYg1NHHwSDH5MPU6sfBIKwg6NrH5MjHIOXHIOTHIOrKzc/L IN"))
< * 13 FETCH (FIRSTLINE ("rCDZ5iDK5uXqyucg5Mcg6tPK1+oNCtno5iDU0cfBIMfkw9Tqx8EgrCDo2sfkyMcg5ccg5McgDQrq ys"))
< * 14 FETCH (FIRSTLINE ("ICAgICCsINnmIMrm5erK5yDkxyDq08rX6g0K2ejmINTRx8Egx+TD1OrHwSCsIOjax+TIxyDlxyDk xy"))
< * 15 FETCH (FIRSTLINE ("rCDZ5iDK5uXqyucg5Mcg6tPK1+oNCiAgICAg2ejmINTRx8Egx+TD1OrHwSCsIOjax+TIxyDlxyDk xy"))
< * 16 FETCH (FIRSTLINE ("rCDZ5iDK5uXqyucg5Mcg6tPK1+oNCtno5iDU0cfBIMfkw9Tqx8EgrCDo2sfkyMcg5ccg5A0K6srN z8"))
< * 17 FETCH (FIRSTLINE ("0cjlxyAgx+Tk5yDq0erP5scgx+Yg5uTK4uogyNnWIMfk5sfTIMfk0+rE6OYgIOLI5CDH4dbkICDk 4+"))
< * 18 FETCH (FIRSTLINE ("ICAgICDRyOXHICDH5OTnIOrR6s/mxyDH5iDm5Mri6iDI2dYgx+Tmx9Mgx+TT6sTo5iAg4sjkIMfh 1u"))
< * 19 FETCH (FIRSTLINE ("0cjlxyAgx+Tk5yDq0erP5scgx+Yg5uTK4uogyNnWIMfk5sfTIMfk0+rE6OYgIOLI5CDH4dbkICDk 4+"))
< * 20 FETCH (FIRSTLINE ("0cjlxyAgx+Tk5yDq0erP5scgx+Yg5uTK4uogyNnWIMfk5sfTIMfk0+rE6OYgIOLI5CDH4dbkICDk 4+"))
< * 21 FETCH (FIRSTLINE ("0cjlxyAgx+TkDQrnIOrR6s/mxyDH5iDm5Mri6iDI2dYgx+Tmxw0K0yDH5NPqxOjmICDiyOQgx+HW 5C"))
< * 22 FETCH (FIRSTLINE ("ICAgICDRyOXHICDH5OQNCucg6tHqz+bHIMfmIObkyuLqIMjZ1iDH5ObHDQrTIMfk0+rE6OYgIOLI 5C"))
< * 23 FETCH (FIRSTLINE ("0cjlxyAgx+TkDQogICAgIOcg6tHqz+bHIMfmIObkyuLqIMjZ1iDH5ObHDQrTIMfk0+rE6OYgIOLI 5C"))
< * 24 FETCH (FIRSTLINE ("0cjlxyAgx+TkDQrnIOrR6s/mxyDH5iDm5Mri6iDI2dYgx+Tmxw0K0yDH5NPqxOjmICDiyOQgx+HW 5C"))
< * 25 FETCH (FIRSTLINE ("0cjlxyAgx+TkDQrnIOrR6s/mxyDH5iDm5Mri6iDI2dYgx+Tmxw0KDQoNCg0KDQoNCtMgx+TT6sTo 5i"))
---
> * 1 FETCH (FIRSTLINE ("д«  »г д«жз «ж зк «» ”е ! еў «дЌѕЋ "))
> * 2 FETCH (FIRSTLINE ("д«  »г д«жз «ж зк «» ”е ! еў «дЌѕЋ "))
> * 3 FETCH (FIRSTLINE ("д«  »г д«жз «ж з к «» ”е ! еў «дЌѕЋ "))
> * 4 FETCH (FIRSTLINE ("д«  »г д«жз «ж зк «» ”е ! еў «дЌѕЋ  "))
> * 5 FETCH (FIRSTLINE ("дк” д«жг еж «ж  идгж д«ж ўжѕе« «гиж "))
> * 6 FETCH (FIRSTLINE ("дк” д«жг еж «ж  идгж д«ж ўжѕе« «гиж "))
> * 7 FETCH (FIRSTLINE ("дк” д«жг  еж «ж  идгж д«ж ўжѕе« «гиж "))
> * 8 FETCH (FIRSTLINE ("дк” д«жг еж «ж  идгж д«ж ўжѕе« «гиж  "))
> * 9 FETCH (FIRSTLINE ("ђ ўж  жек з д« к” „кўиж ‘—«Ѕ «д√‘к«Ѕ ђ иЏ«д»« е« д« к ЌѕЋ ўж идкж двѕ г » бк «дж"))
> * 10 FETCH (FIRSTLINE ("ђ ўж  жек з д« к” „кўиж ‘—«Ѕ «д√‘к«Ѕ ђ иЏ«д»« е« д« к ЌѕЋ ўж идкж двѕ г » б"))
> * 11 FETCH (FIRSTLINE ("ђ ўж  жек з д« к” „кўиж ‘—«Ѕ «д√‘к«Ѕ ђ иЏ«д»« е« д« к ЌѕЋ ўж идкж двѕ г » б"))
> * 12 FETCH (FIRSTLINE ("ђ ўж  жек з д« к” „кўиж ‘—«Ѕ «д√‘к«Ѕ ђ иЏ«д»« е« д« к ЌѕЋ ўж идкж двѕ г » б "))
> * 13 FETCH (FIRSTLINE ("ђ ўж  жек з д« к” „к ўиж ‘—«Ѕ «д√‘к«Ѕ ђ иЏ«д»« е« д«  к ЌѕЋ ўж идкж двѕ г » бк"))
> * 14 FETCH (FIRSTLINE ("ђ ўж  жек з д« к” „к ўиж ‘—«Ѕ «д√‘к«Ѕ ђ иЏ«д»« е« д«  к ЌѕЋ ўж идкж двѕ г"))
> * 15 FETCH (FIRSTLINE ("ђ ўж  жек з д« к” „к  ўиж ‘—«Ѕ «д√‘к«Ѕ ђ иЏ«д»« е« д«  к ЌѕЋ ўж идкж двѕ г"))
> * 16 FETCH (FIRSTLINE ("ђ ўж  жек з д« к” „к ўиж ‘—«Ѕ «д√‘к«Ѕ ђ иЏ«д»« е« д к ЌѕЋ ўж идкж двѕ г » "))
> * 17 FETCH (FIRSTLINE ("—»е« «ддз к—кѕж« «ж жд вк »ў÷ «дж«” «д”кƒиж в»д «б÷д дгк ўжѕе« жв«»д «дЌ»к» «"))
> * 18 FETCH (FIRSTLINE ("—»е« «ддз к—кѕж« «ж жд вк »ў÷ «дж«” «д”кƒиж в»д «б÷д дгк ўжѕе« жв«»д «дЌ"))
> * 19 FETCH (FIRSTLINE ("—»е« «ддз к—кѕж« «ж жд вк »ў÷ «дж«” «д”кƒиж в»д «б÷д дгк ўжѕе« жв«»д «дЌ»к» «"))
> * 20 FETCH (FIRSTLINE ("—»е« «ддз к—кѕж« «ж жд вк »ў÷ «дж«” «д”кƒиж в»д «б÷д дгк ўжѕе« жв«»д «дЌ»к» «"))
> * 21 FETCH (FIRSTLINE ("—»е« «дд з к—кѕж« «ж жд вк »ў÷ «дж« ” «д”кƒиж в»д «б÷д дгк ўжѕе« жв« »д «д"))
> * 22 FETCH (FIRSTLINE ("—»е« «дд з к—кѕж« «ж жд вк »ў÷ «дж« ” «д”кƒиж в»д «б÷д дгк ўжѕе« жв« "))
> * 23 FETCH (FIRSTLINE ("—»е« «дд  з к—кѕж« «ж жд вк »ў÷ «дж« ” «д”кƒиж в»д «б÷д дгк ўжѕе« жв« "))
> * 24 FETCH (FIRSTLINE ("—»е« «дд з к—кѕж« «ж жд вк »ў÷ «дж« ” «д”кƒиж в»д «б÷д дгк ўжѕе« жв« »д «д"))
> * 25 FETCH (FIRSTLINE ("—»е« «дд з к—кѕж« «ж жд вк »ў÷ «дж« ” «д”кƒиж в»д «б÷д дгк ўжѕе« "))
1,25c1,25
< * 1 FETCH (FIRSTLINE ("=E4=C7 =CA=C8=E3 =E4=C7=E6=E7 =C7=E6=CA=E7=EA =C7=C8=CA=D3=E5 ! =E5=D9 =C7= =E"))
< * 2 FETCH (FIRSTLINE ("=E4=C7 =CA=C8=E3 =E4=C7=E6=E7 =C7=E6=CA=E7=EA =C7=C8=CA=D3=E5 ! =E5= =D9 "))
< * 3 FETCH (FIRSTLINE ("=E4=C7 =CA=C8=E3 =E4=C7=E6=E7 =C7=E6=CA=E7 =EA =C7=C8=CA=D3=E5 ! =E5= =D9 "))
< * 4 FETCH (FIRSTLINE ("=E4=C7 =CA=C8=E3 =E4=C7=E6=E7 =C7=E6=CA=E7=EA =C7=C8=CA=D3=E5 ! =E5=D9 =C7= =E"))
< * 5 FETCH (FIRSTLINE ("=E4=EA=D3 =E4=C7=E6=E3=0D =E5=E6 =C7=E6=CA =E8=E4=E3=E6 =E4=C7=E6 =D9=E6=CF=E5"))
< * 6 FETCH (FIRSTLINE ("=E4=EA=D3 =E4=C7=E6=E3=0D =E5=E6 =C7=E6=CA =E8=E4=E3=E6 =E4=C7=E6 =D9=E6="))
< * 7 FETCH (FIRSTLINE ("=E4=EA=D3 =E4=C7=E6=E3=0D  =E5=E6 =C7=E6=CA =E8=E4=E3=E6 =E4=C7=E6 =D9=E6="))
< * 8 FETCH (FIRSTLINE ("=E4=EA=D3 =E4=C7=E6=E3=0D =E5=E6 =C7=E6=CA =E8=E4=E3=E6 =E4=C7=E6 =D9=E6=CF=E5"))
< * 9 FETCH (FIRSTLINE ("=AC =D9=E6 =CA=E6=E5=EA=CA=E7 =E4=C7 =EA=D3=CA=D7=EA=D9=E8=E6 =D4=D1=C7=C1 = =C"))
< * 10 FETCH (FIRSTLINE ("=AC =D9=E6 =CA=E6=E5=EA=CA=E7 =E4=C7 =EA=D3=CA=D7=EA=D9=E8=E6 =D4=D1= =C7="))
< * 11 FETCH (FIRSTLINE ("=AC =D9=E6 =CA=E6=E5=EA=CA=E7 =E4=C7 =EA=D3=CA=D7=EA=D9=E8=E6 =D4=D1= =C7="))
< * 12 FETCH (FIRSTLINE ("=AC =D9=E6 =CA=E6=E5=EA=CA=E7 =E4=C7 =EA=D3=CA=D7=EA=D9=E8=E6 =D4=D1=C7=C1 = =C"))
< * 13 FETCH (FIRSTLINE ("=AC =D9=E6 =CA=E6=E5=EA=CA=E7 =E4=C7 =EA=D3=CA=D7=EA=0D =D9=E8=E6 =D4=D1=C7=C1 "))
< * 14 FETCH (FIRSTLINE ("=AC =D9=E6 =CA=E6=E5=EA=CA=E7 =E4=C7 =EA=D3=CA=D7=EA=0D =D9=E8=E6 =D4=D1=C"))
< * 15 FETCH (FIRSTLINE ("=AC =D9=E6 =CA=E6=E5=EA=CA=E7 =E4=C7 =EA=D3=CA=D7=EA=0D  =D9=E8=E6 =D4=D1=C"))
< * 16 FETCH (FIRSTLINE ("=AC =D9=E6 =CA=E6=E5=EA=CA=E7 =E4=C7 =EA=D3=CA=D7=EA=0D =D9=E8=E6 =D4=D1=C7=C1 "))
< * 17 FETCH (FIRSTLINE ("=D1=C8=E5=C7 =C7=E4=E4=E7 =EA=D1=EA=CF=E6=C7 =C7=E6 =E6=E4=CA=E2=EA =C8=D9= =D"))
< * 18 FETCH (FIRSTLINE ("=D1=C8=E5=C7 =C7=E4=E4=E7 =EA=D1=EA=CF=E6=C7 =C7=E6 =E6=E4=CA=E2=EA = =C8"))
< * 19 FETCH (FIRSTLINE ("=D1=C8=E5=C7 =C7=E4=E4=E7 =EA=D1=EA=CF=E6=C7 =C7=E6 =E6=E4=CA=E2=EA =C8=D9= =D"))
< * 20 FETCH (FIRSTLINE ("=D1=C8=E5=C7 =C7=E4=E4=E7 =EA=D1=EA=CF=E6=C7 =C7=E6 =E6=E4=CA=E2=EA =C8=D9= =D"))
< * 21 FETCH (FIRSTLINE ("=D1=C8=E5=C7 =C7=E4=E4=0D =E7 =EA=D1=EA=CF=E6=C7 =C7=E6 =E6=E4=CA=E2=EA =C8=D9"))
< * 22 FETCH (FIRSTLINE ("=D1=C8=E5=C7 =C7=E4=E4=0D =E7 =EA=D1=EA=CF=E6=C7 =C7=E6 =E6=E4=CA=E2=EA ="))
< * 23 FETCH (FIRSTLINE ("=D1=C8=E5=C7 =C7=E4=E4=0D  =E7 =EA=D1=EA=CF=E6=C7 =C7=E6 =E6=E4=CA=E2=EA ="))
< * 24 FETCH (FIRSTLINE ("=D1=C8=E5=C7 =C7=E4=E4=0D =E7 =EA=D1=EA=CF=E6=C7 =C7=E6 =E6=E4=CA=E2=EA =C8=D9"))
< * 25 FETCH (FIRSTLINE ("=D1=C8=E5=C7 =C7=E4=E4=0D =E7 =EA=D1=EA=CF=E6=C7 =C7=E6 =E6=E4=CA=E2=EA =C8=D9"))
---
> * 1 FETCH (FIRSTLINE ("д«  »г д«жз «ж зк «» ”е ! еў «дЌѕЋ "))
> * 2 FETCH (FIRSTLINE ("д«  »г д«жз «ж зк «» ”е ! еў «дЌѕЋ "))
> * 3 FETCH (FIRSTLINE ("д«  »г д«жз «ж з к «» ”е ! еў «дЌѕЋ "))
> * 4 FETCH (FIRSTLINE ("д«  »г д«жз «ж зк «» ”е ! еў «дЌѕЋ  "))
> * 5 FETCH (FIRSTLINE ("дк” д«жг еж «ж  идгж д«ж ўжѕе« «гиж "))
> * 6 FETCH (FIRSTLINE ("дк” д«жг еж «ж  идгж д«ж ўжѕе« «гиж "))
> * 7 FETCH (FIRSTLINE ("дк” д«жг  еж «ж  идгж д«ж ўжѕе« «гиж "))
> * 8 FETCH (FIRSTLINE ("дк” д«жг еж «ж  идгж д«ж ўжѕе« «гиж  "))
> * 9 FETCH (FIRSTLINE ("ђ ўж  жек з д« к” „кўиж ‘—«Ѕ «д√‘к«Ѕ ђ иЏ«д»« е« д« к ЌѕЋ ўж идкж двѕ г » бк «дж"))
> * 10 FETCH (FIRSTLINE ("ђ ўж  жек з д« к” „кўиж ‘—«Ѕ «д√‘к«Ѕ ђ иЏ«д»« е« д« к ЌѕЋ ўж идкж двѕ г » б"))
> * 11 FETCH (FIRSTLINE ("ђ ўж  жек з д« к” „кўиж ‘—«Ѕ «д√‘к«Ѕ ђ иЏ«д»« е« д« к ЌѕЋ ўж идкж двѕ г » б"))
> * 12 FETCH (FIRSTLINE ("ђ ўж  жек з д« к” „кўиж ‘—«Ѕ «д√‘к«Ѕ ђ иЏ«д»« е« д« к ЌѕЋ ўж идкж двѕ г » б "))
> * 13 FETCH (FIRSTLINE ("ђ ўж  жек з д« к” „к ўиж ‘—«Ѕ «д√‘к«Ѕ ђ иЏ«д»« е« д«  к ЌѕЋ ўж идкж двѕ г » бк"))
> * 14 FETCH (FIRSTLINE ("ђ ўж  жек з д« к” „к ўиж ‘—«Ѕ «д√‘к«Ѕ ђ иЏ«д»« е« д«  к ЌѕЋ ўж идкж двѕ г"))
> * 15 FETCH (FIRSTLINE ("ђ ўж  жек з д« к” „к  ўиж ‘—«Ѕ «д√‘к«Ѕ ђ иЏ«д»« е« д«  к ЌѕЋ ўж идкж двѕ г"))
> * 16 FETCH (FIRSTLINE ("ђ ўж  жек з д« к” „к ўиж ‘—«Ѕ «д√‘к«Ѕ ђ иЏ«д»« е« д к ЌѕЋ ўж идкж двѕ г » "))
> * 17 FETCH (FIRSTLINE ("—»е« «ддз к—кѕж« «ж жд вк »ў÷ «дж«” «д”кƒиж в»д «б÷д дгк ўжѕе« жв«»д «дЌ»к» «"))
> * 18 FETCH (FIRSTLINE ("—»е« «ддз к—кѕж« «ж жд вк »ў÷ «дж«” «д”кƒиж в»д «б÷д дгк ўжѕе« жв«»д «дЌ"))
> * 19 FETCH (FIRSTLINE ("—»е« «ддз к—кѕж« «ж жд вк »ў÷ «дж«” «д”кƒиж в»д «б÷д дгк ўжѕе« жв«»д «дЌ»к» «"))
> * 20 FETCH (FIRSTLINE ("—»е« «ддз к—кѕж« «ж жд вк »ў÷ «дж«” «д”кƒиж в»д «б÷д дгк ўжѕе« жв«»д «дЌ»к» «"))
> * 21 FETCH (FIRSTLINE ("—»е« «дд з к—кѕж« «ж жд вк »ў÷ «дж« ” «д”кƒиж в»д «б÷д дгк ўжѕе« жв« »д «д"))
> * 22 FETCH (FIRSTLINE ("—»е« «дд з к—кѕж« «ж жд вк »ў÷ «дж« ” «д”кƒиж в»д «б÷д дгк ўжѕе« жв« "))
> * 23 FETCH (FIRSTLINE ("—»е« «дд  з к—кѕж« «ж жд вк »ў÷ «дж« ” «д”кƒиж в»д «б÷д дгк ўжѕе« жв« "))
> * 24 FETCH (FIRSTLINE ("—»е« «дд з к—кѕж« «ж жд вк »ў÷ «дж« ” «д”кƒиж в»д «б÷д дгк ўжѕе« жв« »д «д"))
> * 25 FETCH (FIRSTLINE ("—»е« «дд з к—кѕж« «ж жд вк »ў÷ «дж« ” «д”кƒиж в»д «б÷д дгк ўжѕе« "))
1,25c1,25
< * 1 FETCH (FIRSTLINE ("5McgysjjIOTH5ucgx+bK5+ogIMfIytPlICEg5dkgx+TNz8s= "))
< * 2 FETCH (FIRSTLINE ("ICAgICDkxyDKyOMg5Mfm5yDH5srn6iAgx8jK0+UgISDl2SDH5M3Pyw== "))
< * 3 FETCH (FIRSTLINE ("5McgysjjIOTH5ucgx+bK5yAgICAg6iAgx8jK0+UgISDl2SDH5M3Pyw== "))
< * 4 FETCH (FIRSTLINE ("5McgysjjIOTH5ucgx+bK5+ogIMfIytPlICEg5dkgx+TNz8sgICAgIA== "))
< * 5 FETCH (FIRSTLINE ("5OrTIOTH5uMNCuXmIMfmyiAg6OTj5iDkx+Yg2ebP5ccgIMfj6OY= "))
< * 6 FETCH (FIRSTLINE ("ICAgICDk6tMg5Mfm4w0K5eYgx+bKICDo5OPmIOTH5iDZ5s/lxyAgx+Po5g== "))
< * 7 FETCH (FIRSTLINE ("5OrTIOTH5uMNCiAgICAg5eYgx+bKICDo5OPmIOTH5iDZ5s/lxyAgx+Po5g== "))
< * 8 FETCH (FIRSTLINE ("5OrTIOTH5uMNCuXmIMfmyiAg6OTj5iDkx+Yg2ebP5ccgIMfj6OYgICAgIA== "))
< * 9 FETCH (FIRSTLINE ("rCDZ5iDK5uXqyucg5Mcg6tPK1+rZ6OYg1NHHwSDH5MPU6sfBIKwg6NrH5MjHIOXHIOTHIOrKzc/L IN"))
< * 10 FETCH (FIRSTLINE ("ICAgICCsINnmIMrm5erK5yDkxyDq08rX6tno5iDU0cfBIMfkw9Tqx8EgrCDo2sfkyMcg5ccg5Mcg 6s"))
< * 11 FETCH (FIRSTLINE ("rCDZ5iDK5uXqyucg5Mcg6tPK1+rZ6OYgICAgICDU0cfBIMfkw9Tqx8EgrCDo2sfkyMcg5ccg5Mcg 6s"))
< * 12 FETCH (FIRSTLINE ("rCDZ5iDK5uXqyucg5Mcg6tPK1+rZ6OYg1NHHwSDH5MPU6sfBIKwg6NrH5MjHIOXHIOTHIOrKzc/L IN"))
< * 13 FETCH (FIRSTLINE ("rCDZ5iDK5uXqyucg5Mcg6tPK1+oNCtno5iDU0cfBIMfkw9Tqx8EgrCDo2sfkyMcg5ccg5McgDQrq ys"))
< * 14 FETCH (FIRSTLINE ("ICAgICCsINnmIMrm5erK5yDkxyDq08rX6g0K2ejmINTRx8Egx+TD1OrHwSCsIOjax+TIxyDlxyDk xy"))
< * 15 FETCH (FIRSTLINE ("rCDZ5iDK5uXqyucg5Mcg6tPK1+oNCiAgICAg2ejmINTRx8Egx+TD1OrHwSCsIOjax+TIxyDlxyDk xy"))
< * 16 FETCH (FIRSTLINE ("rCDZ5iDK5uXqyucg5Mcg6tPK1+oNCtno5iDU0cfBIMfkw9Tqx8EgrCDo2sfkyMcg5ccg5A0K6srN z8"))
< * 17 FETCH (FIRSTLINE ("0cjlxyAgx+Tk5yDq0erP5scgx+Yg5uTK4uogyNnWIMfk5sfTIMfk0+rE6OYgIOLI5CDH4dbkICDk 4+"))
< * 18 FETCH (FIRSTLINE ("ICAgICDRyOXHICDH5OTnIOrR6s/mxyDH5iDm5Mri6iDI2dYgx+Tmx9Mgx+TT6sTo5iAg4sjkIMfh 1u"))
< * 19 FETCH (FIRSTLINE ("0cjlxyAgx+Tk5yDq0erP5scgx+Yg5uTK4uogyNnWIMfk5sfTIMfk0+rE6OYgIOLI5CDH4dbkICDk 4+"))
< * 20 FETCH (FIRSTLINE ("0cjlxyAgx+Tk5yDq0erP5scgx+Yg5uTK4uogyNnWIMfk5sfTIMfk0+rE6OYgIOLI5CDH4dbkICDk 4+"))
< * 21 FETCH (FIRSTLINE ("0cjlxyAgx+TkDQrnIOrR6s/mxyDH5iDm5Mri6iDI2dYgx+Tmxw0K0yDH5NPqxOjmICDiyOQgx+HW 5C"))
< * 22 FETCH (FIRSTLINE ("ICAgICDRyOXHICDH5OQNCucg6tHqz+bHIMfmIObkyuLqIMjZ1iDH5ObHDQrTIMfk0+rE6OYgIOLI 5C"))
< * 23 FETCH (FIRSTLINE ("0cjlxyAgx+TkDQogICAgIOcg6tHqz+bHIMfmIObkyuLqIMjZ1iDH5ObHDQrTIMfk0+rE6OYgIOLI 5C"))
< * 24 FETCH (FIRSTLINE ("0cjlxyAgx+TkDQrnIOrR6s/mxyDH5iDm5Mri6iDI2dYgx+Tmxw0K0yDH5NPqxOjmICDiyOQgx+HW 5C"))
< * 25 FETCH (FIRSTLINE ("0cjlxyAgx+TkDQrnIOrR6s/mxyDH5iDm5Mri6iDI2dYgx+Tmxw0KDQoNCg0KDQoNCtMgx+TT6sTo 5i"))
---
> * 1 FETCH (FIRSTLINE ("д«  »г д«жз «ж зк «» ”е ! еў «дЌѕЋ "))
> * 2 FETCH (FIRSTLINE ("д«  »г д«жз «ж зк «» ”е ! еў «дЌѕЋ "))
> * 3 FETCH (FIRSTLINE ("д«  »г д«жз «ж з к «» ”е ! еў «дЌѕЋ "))
> * 4 FETCH (FIRSTLINE ("д«  »г д«жз «ж зк «» ”е ! еў «дЌѕЋ  "))
> * 5 FETCH (FIRSTLINE ("дк” д«жг еж «ж  идгж д«ж ўжѕе« «гиж "))
> * 6 FETCH (FIRSTLINE ("дк” д«жг еж «ж  идгж д«ж ўжѕе« «гиж "))
> * 7 FETCH (FIRSTLINE ("дк” д«жг  еж «ж  идгж д«ж ўжѕе« «гиж "))
> * 8 FETCH (FIRSTLINE ("дк” д«жг еж «ж  идгж д«ж ўжѕе« «гиж  "))
> * 9 FETCH (FIRSTLINE ("ђ ўж  жек з д« к” „кўиж ‘—«Ѕ «д√‘к«Ѕ ђ иЏ«д»« е« д« к ЌѕЋ ўж идкж двѕ г » бк «дж"))
> * 10 FETCH (FIRSTLINE ("ђ ўж  жек з д« к” „кўиж ‘—«Ѕ «д√‘к«Ѕ ђ иЏ«д»« е« д« к ЌѕЋ ўж идкж двѕ г » б"))
> * 11 FETCH (FIRSTLINE ("ђ ўж  жек з д« к” „кўиж ‘—«Ѕ «д√‘к«Ѕ ђ иЏ«д»« е« д« к ЌѕЋ ўж идкж двѕ г » б"))
> * 12 FETCH (FIRSTLINE ("ђ ўж  жек з д« к” „кўиж ‘—«Ѕ «д√‘к«Ѕ ђ иЏ«д»« е« д« к ЌѕЋ ўж идкж двѕ г » б "))
> * 13 FETCH (FIRSTLINE ("ђ ўж  жек з д« к” „к ўиж ‘—«Ѕ «д√‘к«Ѕ ђ иЏ«д»« е« д«  к ЌѕЋ ўж идкж двѕ г » бк"))
> * 14 FETCH (FIRSTLINE ("ђ ўж  жек з д« к” „к ўиж ‘—«Ѕ «д√‘к«Ѕ ђ иЏ«д»« е« д«  к ЌѕЋ ўж идкж двѕ г"))
> * 15 FETCH (FIRSTLINE ("ђ ўж  жек з д« к” „к  ўиж ‘—«Ѕ «д√‘к«Ѕ ђ иЏ«д»« е« д«  к ЌѕЋ ўж идкж двѕ г"))
> * 16 FETCH (FIRSTLINE ("ђ ўж  жек з д« к” „к ўиж ‘—«Ѕ «д√‘к«Ѕ ђ иЏ«д»« е« д к ЌѕЋ ўж идкж двѕ г » "))
> * 17 FETCH (FIRSTLINE ("—»е« «ддз к—кѕж« «ж жд вк »ў÷ «дж«” «д”кƒиж в»д «б÷д дгк ўжѕе« жв«»д «дЌ»к» «"))
> * 18 FETCH (FIRSTLINE ("—»е« «ддз к—кѕж« «ж жд вк »ў÷ «дж«” «д”кƒиж в»д «б÷д дгк ўжѕе« жв«»д «дЌ"))
> * 19 FETCH (FIRSTLINE ("—»е« «ддз к—кѕж« «ж жд вк »ў÷ «дж«” «д”кƒиж в»д «б÷д дгк ўжѕе« жв«»д «дЌ»к» «"))
> * 20 FETCH (FIRSTLINE ("—»е« «ддз к—кѕж« «ж жд вк »ў÷ «дж«” «д”кƒиж в»д «б÷д дгк ўжѕе« жв«»д «дЌ»к» «"))
> * 21 FETCH (FIRSTLINE ("—»е« «дд з к—кѕж« «ж жд вк »ў÷ «дж« ” «д”кƒиж в»д «б÷д дгк ўжѕе« жв« »д «д"))
> * 22 FETCH (FIRSTLINE ("—»е« «дд з к—кѕж« «ж жд вк »ў÷ «дж« ” «д”кƒиж в»д «б÷д дгк ўжѕе« жв« "))
> * 23 FETCH (FIRSTLINE ("—»е« «дд  з к—кѕж« «ж жд вк »ў÷ «дж« ” «д”кƒиж в»д «б÷д дгк ўжѕе« жв« "))
> * 24 FETCH (FIRSTLINE ("—»е« «дд з к—кѕж« «ж жд вк »ў÷ «дж« ” «д”кƒиж в»д «б÷д дгк ўжѕе« жв« »д «д"))
> * 25 FETCH (FIRSTLINE ("—»е« «дд з к—кѕж« «ж жд вк »ў÷ «дж« ” «д”кƒиж в»д «б÷д дгк ўжѕе« "))
1,25c1,25
< * 1 FETCH (FIRSTLINE ("=E4=C7 =CA=C8=E3 =E4=C7=E6=E7 =C7=E6=CA=E7=EA =C7=C8=CA=D3=E5 ! =E5=D9 =C7= =E"))
< * 2 FETCH (FIRSTLINE ("=E4=C7 =CA=C8=E3 =E4=C7=E6=E7 =C7=E6=CA=E7=EA =C7=C8=CA=D3=E5 ! =E5= =D9 "))
< * 3 FETCH (FIRSTLINE ("=E4=C7 =CA=C8=E3 =E4=C7=E6=E7 =C7=E6=CA=E7 =EA =C7=C8=CA=D3=E5 ! =E5= =D9 "))
< * 4 FETCH (FIRSTLINE ("=E4=C7 =CA=C8=E3 =E4=C7=E6=E7 =C7=E6=CA=E7=EA =C7=C8=CA=D3=E5 ! =E5=D9 =C7= =E"))
< * 5 FETCH (FIRSTLINE ("=E4=EA=D3 =E4=C7=E6=E3=0D =E5=E6 =C7=E6=CA =E8=E4=E3=E6 =E4=C7=E6 =D9=E6=CF=E5"))
< * 6 FETCH (FIRSTLINE ("=E4=EA=D3 =E4=C7=E6=E3=0D =E5=E6 =C7=E6=CA =E8=E4=E3=E6 =E4=C7=E6 =D9=E6="))
< * 7 FETCH (FIRSTLINE ("=E4=EA=D3 =E4=C7=E6=E3=0D  =E5=E6 =C7=E6=CA =E8=E4=E3=E6 =E4=C7=E6 =D9=E6="))
< * 8 FETCH (FIRSTLINE ("=E4=EA=D3 =E4=C7=E6=E3=0D =E5=E6 =C7=E6=CA =E8=E4=E3=E6 =E4=C7=E6 =D9=E6=CF=E5"))
< * 9 FETCH (FIRSTLINE ("=AC =D9=E6 =CA=E6=E5=EA=CA=E7 =E4=C7 =EA=D3=CA=D7=EA=D9=E8=E6 =D4=D1=C7=C1 = =C"))
< * 10 FETCH (FIRSTLINE ("=AC =D9=E6 =CA=E6=E5=EA=CA=E7 =E4=C7 =EA=D3=CA=D7=EA=D9=E8=E6 =D4=D1= =C7="))
< * 11 FETCH (FIRSTLINE ("=AC =D9=E6 =CA=E6=E5=EA=CA=E7 =E4=C7 =EA=D3=CA=D7=EA=D9=E8=E6 =D4=D1= =C7="))
< * 12 FETCH (FIRSTLINE ("=AC =D9=E6 =CA=E6=E5=EA=CA=E7 =E4=C7 =EA=D3=CA=D7=EA=D9=E8=E6 =D4=D1=C7=C1 = =C"))
< * 13 FETCH (FIRSTLINE ("=AC =D9=E6 =CA=E6=E5=EA=CA=E7 =E4=C7 =EA=D3=CA=D7=EA=0D =D9=E8=E6 =D4=D1=C7=C1 "))
< * 14 FETCH (FIRSTLINE ("=AC =D9=E6 =CA=E6=E5=EA=CA=E7 =E4=C7 =EA=D3=CA=D7=EA=0D =D9=E8=E6 =D4=D1=C"))
< * 15 FETCH (FIRSTLINE ("=AC =D9=E6 =CA=E6=E5=EA=CA=E7 =E4=C7 =EA=D3=CA=D7=EA=0D  =D9=E8=E6 =D4=D1=C"))
< * 16 FETCH (FIRSTLINE ("=AC =D9=E6 =CA=E6=E5=EA=CA=E7 =E4=C7 =EA=D3=CA=D7=EA=0D =D9=E8=E6 =D4=D1=C7=C1 "))
< * 17 FETCH (FIRSTLINE ("=D1=C8=E5=C7 =C7=E4=E4=E7 =EA=D1=EA=CF=E6=C7 =C7=E6 =E6=E4=CA=E2=EA =C8=D9= =D"))
< * 18 FETCH (FIRSTLINE ("=D1=C8=E5=C7 =C7=E4=E4=E7 =EA=D1=EA=CF=E6=C7 =C7=E6 =E6=E4=CA=E2=EA = =C8"))
< * 19 FETCH (FIRSTLINE ("=D1=C8=E5=C7 =C7=E4=E4=E7 =EA=D1=EA=CF=E6=C7 =C7=E6 =E6=E4=CA=E2=EA =C8=D9= =D"))
< * 20 FETCH (FIRSTLINE ("=D1=C8=E5=C7 =C7=E4=E4=E7 =EA=D1=EA=CF=E6=C7 =C7=E6 =E6=E4=CA=E2=EA =C8=D9= =D"))
< * 21 FETCH (FIRSTLINE ("=D1=C8=E5=C7 =C7=E4=E4=0D =E7 =EA=D1=EA=CF=E6=C7 =C7=E6 =E6=E4=CA=E2=EA =C8=D9"))
< * 22 FETCH (FIRSTLINE ("=D1=C8=E5=C7 =C7=E4=E4=0D =E7 =EA=D1=EA=CF=E6=C7 =C7=E6 =E6=E4=CA=E2=EA ="))
< * 23 FETCH (FIRSTLINE ("=D1=C8=E5=C7 =C7=E4=E4=0D  =E7 =EA=D1=EA=CF=E6=C7 =C7=E6 =E6=E4=CA=E2=EA ="))
< * 24 FETCH (FIRSTLINE ("=D1=C8=E5=C7 =C7=E4=E4=0D =E7 =EA=D1=EA=CF=E6=C7 =C7=E6 =E6=E4=CA=E2=EA =C8=D9"))
< * 25 FETCH (FIRSTLINE ("=D1=C8=E5=C7 =C7=E4=E4=0D =E7 =EA=D1=EA=CF=E6=C7 =C7=E6 =E6=E4=CA=E2=EA =C8=D9"))
---
> * 1 FETCH (FIRSTLINE ("д«  »г д«жз «ж зк «» ”е ! еў «дЌѕЋ "))
> * 2 FETCH (FIRSTLINE ("д«  »г д«жз «ж зк «» ”е ! еў «дЌѕЋ "))
> * 3 FETCH (FIRSTLINE ("д«  »г д«жз «ж з к «» ”е ! еў «дЌѕЋ "))
> * 4 FETCH (FIRSTLINE ("д«  »г д«жз «ж зк «» ”е ! еў «дЌѕЋ  "))
> * 5 FETCH (FIRSTLINE ("дк” д«жг еж «ж  идгж д«ж ўжѕе« «гиж "))
> * 6 FETCH (FIRSTLINE ("дк” д«жг еж «ж  идгж д«ж ўжѕе« «гиж "))
> * 7 FETCH (FIRSTLINE ("дк” д«жг  еж «ж  идгж д«ж ўжѕе« «гиж "))
> * 8 FETCH (FIRSTLINE ("дк” д«жг еж «ж  идгж д«ж ўжѕе« «гиж  "))
> * 9 FETCH (FIRSTLINE ("ђ ўж  жек з д« к” „кўиж ‘—«Ѕ «д√‘к«Ѕ ђ иЏ«д»« е« д« к ЌѕЋ ўж идкж двѕ г » бк «дж"))
> * 10 FETCH (FIRSTLINE ("ђ ўж  жек з д« к” „кўиж ‘—«Ѕ «д√‘к«Ѕ ђ иЏ«д»« е« д« к ЌѕЋ ўж идкж двѕ г » б"))
> * 11 FETCH (FIRSTLINE ("ђ ўж  жек з д« к” „кўиж ‘—«Ѕ «д√‘к«Ѕ ђ иЏ«д»« е« д« к ЌѕЋ ўж идкж двѕ г » б"))
> * 12 FETCH (FIRSTLINE ("ђ ўж  жек з д« к” „кўиж ‘—«Ѕ «д√‘к«Ѕ ђ иЏ«д»« е« д« к ЌѕЋ ўж идкж двѕ г » б "))
> * 13 FETCH (FIRSTLINE ("ђ ўж  жек з д« к” „к ўиж ‘—«Ѕ «д√‘к«Ѕ ђ иЏ«д»« е« д«  к ЌѕЋ ўж идкж двѕ г » бк"))
> * 14 FETCH (FIRSTLINE ("ђ ўж  жек з д« к” „к ўиж ‘—«Ѕ «д√‘к«Ѕ ђ иЏ«д»« е« д«  к ЌѕЋ ўж идкж двѕ г"))
> * 15 FETCH (FIRSTLINE ("ђ ўж  жек з д« к” „к  ўиж ‘—«Ѕ «д√‘к«Ѕ ђ иЏ«д»« е« д«  к ЌѕЋ ўж идкж двѕ г"))
> * 16 FETCH (FIRSTLINE ("ђ ўж  жек з д« к” „к ўиж ‘—«Ѕ «д√‘к«Ѕ ђ иЏ«д»« е« д к ЌѕЋ ўж идкж двѕ г » "))
> * 17 FETCH (FIRSTLINE ("—»е« «ддз к—кѕж« «ж жд вк »ў÷ «дж«” «д”кƒиж в»д «б÷д дгк ўжѕе« жв«»д «дЌ»к» «"))
> * 18 FETCH (FIRSTLINE ("—»е« «ддз к—кѕж« «ж жд вк »ў÷ «дж«” «д”кƒиж в»д «б÷д дгк ўжѕе« жв«»д «дЌ"))
> * 19 FETCH (FIRSTLINE ("—»е« «ддз к—кѕж« «ж жд вк »ў÷ «дж«” «д”кƒиж в»д «б÷д дгк ўжѕе« жв«»д «дЌ»к» «"))
> * 20 FETCH (FIRSTLINE ("—»е« «ддз к—кѕж« «ж жд вк »ў÷ «дж«” «д”кƒиж в»д «б÷д дгк ўжѕе« жв«»д «дЌ»к» «"))
> * 21 FETCH (FIRSTLINE ("—»е« «дд з к—кѕж« «ж жд вк »ў÷ «дж« ” «д”кƒиж в»д «б÷д дгк ўжѕе« жв« »д «д"))
> * 22 FETCH (FIRSTLINE ("—»е« «дд з к—кѕж« «ж жд вк »ў÷ «дж« ” «д”кƒиж в»д «б÷д дгк ўжѕе« жв« "))
> * 23 FETCH (FIRSTLINE ("—»е« «дд  з к—кѕж« «ж жд вк »ў÷ «дж« ” «д”кƒиж в»д «б÷д дгк ўжѕе« жв« "))
> * 24 FETCH (FIRSTLINE ("—»е« «дд з к—кѕж« «ж жд вк »ў÷ «дж« ” «д”кƒиж в»д «б÷д дгк ўжѕе« жв« »д «д"))
> * 25 FETCH (FIRSTLINE ("—»е« «дд з к—кѕж« «ж жд вк »ў÷ «дж« ” «д”кƒиж в»д «б÷д дгк ўжѕе« "))
1,25c1,25
< * 1 FETCH (FIRSTLINE ("ўДЎІ Ў™Ў®ўГ ўДЎІўЖўЗ ЎІўЖЎ™ўЗўК ЎІЎ®Ў™Ў≥ўЕ ! ўЕЎє ЎІўДЎ≠ЎѓЎЂ "))
< * 2 FETCH (FIRSTLINE ("ўДЎІ Ў™Ў®ўГ ўДЎІўЖўЗ ЎІўЖЎ™ўЗўК ЎІЎ®Ў™Ў≥ўЕ ! ўЕЎє ЎІўДЎ≠ЎѓЎЂ "))
< * 3 FETCH (FIRSTLINE ("ўДЎІ Ў™Ў®ўГ ўДЎІўЖўЗ ЎІўЖЎ™ўЗ ўК ЎІЎ®Ў™Ў≥ўЕ ! ўЕЎє ЎІўДЎ≠ЎѓЎЂ "))
< * 4 FETCH (FIRSTLINE ("ўДЎІ Ў™Ў®ўГ ўДЎІўЖўЗ ЎІўЖЎ™ўЗўК ЎІЎ®Ў™Ў≥ўЕ ! ўЕЎє ЎІўДЎ≠ЎѓЎЂ  "))
< * 5 FETCH (FIRSTLINE ("ўДўКЎ≥ ўДЎІўЖўГ ўЕўЖ ЎІўЖЎ™ ўИўДўГўЖ ўДЎІўЖ ЎєўЖЎѓўЕЎІ ЎІўГўИўЖ "))
< * 6 FETCH (FIRSTLINE ("ўДўКЎ≥ ўДЎІўЖўГ ўЕўЖ ЎІўЖЎ™ ўИўДўГўЖ ўДЎІўЖ ЎєўЖЎѓўЕЎІ ЎІўГўИўЖ "))
< * 7 FETCH (FIRSTLINE ("ўДўКЎ≥ ўДЎІўЖўГ  ўЕўЖ ЎІўЖЎ™ ўИўДўГўЖ ўДЎІўЖ ЎєўЖЎѓўЕЎІ ЎІўГўИўЖ "))
< * 8 FETCH (FIRSTLINE ("ўДўКЎ≥ ўДЎІўЖўГ ўЕўЖ ЎІўЖЎ™ ўИўДўГўЖ ўДЎІўЖ ЎєўЖЎѓўЕЎІ ЎІўГўИўЖ  "))
< * 9 FETCH (FIRSTLINE ("ЎМ ЎєўЖ Ў™ўЖўЕўКЎ™ўЗ ўДЎІ ўКЎ≥Ў™ЎЈўКЎєўИўЖ ЎіЎ±ЎІЎ° ЎІўДЎ£ЎіўКЎІЎ° ЎМ ўИЎЇЎІўДЎ®"))
< * 10 FETCH (FIRSTLINE ("ЎМ ЎєўЖ Ў™ўЖўЕўКЎ™ўЗ ўДЎІ ўКЎ≥Ў™ЎЈўКЎєўИўЖ ЎіЎ±ЎІЎ° ЎІўДЎ£ЎіўКЎІЎ° ЎМ ўИЎЇЎІўДЎ®"))
< * 11 FETCH (FIRSTLINE ("ЎМ ЎєўЖ Ў™ўЖўЕўКЎ™ўЗ ўДЎІ ўКЎ≥Ў™ЎЈўКЎєўИўЖ ЎіЎ±ЎІЎ° ЎІўДЎ£ЎіўКЎІЎ° ЎМ ўИЎЇ"))
< * 12 FETCH (FIRSTLINE ("ЎМ ЎєўЖ Ў™ўЖўЕўКЎ™ўЗ ўДЎІ ўКЎ≥Ў™ЎЈўКЎєўИўЖ ЎіЎ±ЎІЎ° ЎІўДЎ£ЎіўКЎІЎ° ЎМ ўИЎЇЎІўДЎ®"))
< * 13 FETCH (FIRSTLINE ("ЎМ ЎєўЖ Ў™ўЖўЕўКЎ™ўЗ ўДЎІ ўКЎ≥Ў™ЎЈўК ЎєўИўЖ ЎіЎ±ЎІЎ° ЎІўДЎ£ЎіўКЎІЎ° ЎМ ўИЎЇЎІўД"))
< * 14 FETCH (FIRSTLINE ("ЎМ ЎєўЖ Ў™ўЖўЕўКЎ™ўЗ ўДЎІ ўКЎ≥Ў™ЎЈўК ЎєўИўЖ ЎіЎ±ЎІЎ° ЎІўДЎ£ЎіўКЎІЎ° ЎМ ўИЎЇЎІўД"))
< * 15 FETCH (FIRSTLINE ("ЎМ ЎєўЖ Ў™ўЖўЕўКЎ™ўЗ ўДЎІ ўКЎ≥Ў™ЎЈўК  ЎєўИўЖ ЎіЎ±ЎІЎ° ЎІўДЎ£ЎіўКЎІЎ° ЎМ ўИ"))
< * 16 FETCH (FIRSTLINE ("ЎМ ЎєўЖ Ў™ўЖўЕўКЎ™ўЗ ўДЎІ ўКЎ≥Ў™ЎЈўК ЎєўИўЖ ЎіЎ±ЎІЎ° ЎІўДЎ£ЎіўКЎІЎ° ЎМ ўИЎЇЎІўД"))
< * 17 FETCH (FIRSTLINE ("Ў±Ў®ўЕЎІ ЎІўДўДўЗ ўКЎ±ўКЎѓўЖЎІ ЎІўЖ ўЖўДЎ™ўВўК Ў®ЎєЎґ ЎІўДўЖЎІЎ≥ ЎІўДЎ≥ўКЎ§ўИўЖ"))
< * 18 FETCH (FIRSTLINE ("Ў±Ў®ўЕЎІ ЎІўДўДўЗ ўКЎ±ўКЎѓўЖЎІ ЎІўЖ ўЖўДЎ™ўВўК Ў®ЎєЎґ ЎІўДўЖЎІЎ≥ ЎІўДЎ≥ўКЎ§ўИўЖ"))
< * 19 FETCH (FIRSTLINE ("Ў±Ў®ўЕЎІ ЎІўДўДўЗ ўКЎ±ўКЎѓўЖЎІ ЎІўЖ ўЖўДЎ™ўВўК Ў®ЎєЎґ ЎІўДўЖЎІЎ≥ ЎІўДЎ≥ўКЎ§ўИўЖ"))
< * 20 FETCH (FIRSTLINE ("Ў±Ў®ўЕЎІ ЎІўДўДўЗ ўКЎ±ўКЎѓўЖЎІ ЎІўЖ ўЖўДЎ™ўВўК Ў®ЎєЎґ ЎІўДўЖЎІЎ≥ ЎІўДЎ≥ўКЎ§ўИўЖ"))
< * 21 FETCH (FIRSTLINE ("Ў±Ў®ўЕЎІ ЎІўДўД ўЗ ўКЎ±ўКЎѓўЖЎІ ЎІўЖ ўЖўДЎ™ўВўК Ў®ЎєЎґ ЎІўДўЖЎІ Ў≥ ЎІўДЎ≥ўКЎ§"))
< * 22 FETCH (FIRSTLINE ("Ў±Ў®ўЕЎІ ЎІўДўД ўЗ ўКЎ±ўКЎѓўЖЎІ ЎІўЖ ўЖўДЎ™ўВўК Ў®ЎєЎґ ЎІўДўЖЎІ Ў≥ ЎІўДЎ≥ўКЎ§"))
< * 23 FETCH (FIRSTLINE ("Ў±Ў®ўЕЎІ ЎІўДўД  ўЗ ўКЎ±ўКЎѓўЖЎІ ЎІўЖ ўЖўДЎ™ўВўК Ў®ЎєЎґ ЎІўДўЖЎІ Ў≥ ЎІўД"))
< * 24 FETCH (FIRSTLINE ("Ў±Ў®ўЕЎІ ЎІўДўД ўЗ ўКЎ±ўКЎѓўЖЎІ ЎІўЖ ўЖўДЎ™ўВўК Ў®ЎєЎґ ЎІўДўЖЎІ Ў≥ ЎІўДЎ≥ўКЎ§"))
< * 25 FETCH (FIRSTLINE ("Ў±Ў®ўЕЎІ ЎІўДўД ўЗ ўКЎ±ўКЎѓўЖЎІ ЎІўЖ ўЖўДЎ™ўВўК Ў®ЎєЎґ ЎІўДўЖЎІ Ў≥ "))
---
> * 1 FETCH (FIRSTLINE ("д«  »г д«жз «ж зк «» ”е ! еў «дЌѕЋ "))
> * 2 FETCH (FIRSTLINE ("д«  »г д«жз «ж зк «» ”е ! еў «дЌѕЋ "))
> * 3 FETCH (FIRSTLINE ("д«  »г д«жз «ж з к «» ”е ! еў «дЌѕЋ "))
> * 4 FETCH (FIRSTLINE ("д«  »г д«жз «ж зк «» ”е ! еў «дЌѕЋ  "))
> * 5 FETCH (FIRSTLINE ("дк” д«жг еж «ж  идгж д«ж ўжѕе« «гиж "))
> * 6 FETCH (FIRSTLINE ("дк” д«жг еж «ж  идгж д«ж ўжѕе« «гиж "))
> * 7 FETCH (FIRSTLINE ("дк” д«жг  еж «ж  идгж д«ж ўжѕе« «гиж "))
> * 8 FETCH (FIRSTLINE ("дк” д«жг еж «ж  идгж д«ж ўжѕе« «гиж  "))
> * 9 FETCH (FIRSTLINE ("ђ ўж  жек з д« к” „кўиж ‘—«Ѕ «д√‘к«Ѕ ђ иЏ«д»« е« д« к ЌѕЋ ўж идкж двѕ г » бк «дж"))
> * 10 FETCH (FIRSTLINE ("ђ ўж  жек з д« к” „кўиж ‘—«Ѕ «д√‘к«Ѕ ђ иЏ«д»« е« д« к ЌѕЋ ўж идкж двѕ г » б"))
> * 11 FETCH (FIRSTLINE ("ђ ўж  жек з д« к” „кўиж ‘—«Ѕ «д√‘к«Ѕ ђ иЏ«д»« е« д« к ЌѕЋ ўж идкж двѕ г » б"))
> * 12 FETCH (FIRSTLINE ("ђ ўж  жек з д« к” „кўиж ‘—«Ѕ «д√‘к«Ѕ ђ иЏ«д»« е« д« к ЌѕЋ ўж идкж двѕ г » б "))
> * 13 FETCH (FIRSTLINE ("ђ ўж  жек з д« к” „к ўиж ‘—«Ѕ «д√‘к«Ѕ ђ иЏ«д»« е« д«  к ЌѕЋ ўж идкж двѕ г » бк"))
> * 14 FETCH (FIRSTLINE ("ђ ўж  жек з д« к” „к ўиж ‘—«Ѕ «д√‘к«Ѕ ђ иЏ«д»« е« д«  к ЌѕЋ ўж идкж двѕ г"))
> * 15 FETCH (FIRSTLINE ("ђ ўж  жек з д« к” „к  ўиж ‘—«Ѕ «д√‘к«Ѕ ђ иЏ«д»« е« д«  к ЌѕЋ ўж идкж двѕ г"))
> * 16 FETCH (FIRSTLINE ("ђ ўж  жек з д« к” „к ўиж ‘—«Ѕ «д√‘к«Ѕ ђ иЏ«д»« е« д к ЌѕЋ ўж идкж двѕ г » "))
> * 17 FETCH (FIRSTLINE ("—»е« «ддз к—кѕж« «ж жд вк »ў÷ «дж«” «д”кƒиж в»д «б÷д дгк ўжѕе« жв«»д «дЌ»к» «"))
> * 18 FETCH (FIRSTLINE ("—»е« «ддз к—кѕж« «ж жд вк »ў÷ «дж«” «д”кƒиж в»д «б÷д дгк ўжѕе« жв«»д «дЌ"))
> * 19 FETCH (FIRSTLINE ("—»е« «ддз к—кѕж« «ж жд вк »ў÷ «дж«” «д”кƒиж в»д «б÷д дгк ўжѕе« жв«»д «дЌ»к» «"))
> * 20 FETCH (FIRSTLINE ("—»е« «ддз к—кѕж« «ж жд вк »ў÷ «дж«” «д”кƒиж в»д «б÷д дгк ўжѕе« жв«»д «дЌ»к» «"))
> * 21 FETCH (FIRSTLINE ("—»е« «дд з к—кѕж« «ж жд вк »ў÷ «дж« ” «д”кƒиж в»д «б÷д дгк ўжѕе« жв« »д «д"))
> * 22 FETCH (FIRSTLINE ("—»е« «дд з к—кѕж« «ж жд вк »ў÷ «дж« ” «д”кƒиж в»д «б÷д дгк ўжѕе« жв« "))
> * 23 FETCH (FIRSTLINE ("—»е« «дд  з к—кѕж« «ж жд вк »ў÷ «дж« ” «д”кƒиж в»д «б÷д дгк ўжѕе« жв« "))
> * 24 FETCH (FIRSTLINE ("—»е« «дд з к—кѕж« «ж жд вк »ў÷ «дж« ” «д”кƒиж в»д «б÷д дгк ўжѕе« жв« »д «д"))
> * 25 FETCH (FIRSTLINE ("—»е« «дд з к—кѕж« «ж жд вк »ў÷ «дж« ” «д”кƒиж в»д «б÷д дгк ўжѕе« "))
1,25c1,25
< * 1 FETCH (FIRSTLINE ("ўДЎІ Ў™Ў®ўГ ўДЎІўЖўЗ ЎІўЖЎ™ўЗўК ЎІЎ®Ў™Ў≥ўЕ ! ўЕЎє ЎІўДЎ≠ЎѓЎЂ"))
< * 2 FETCH (FIRSTLINE ("ўДЎІ Ў™Ў®ўГ ўДЎІўЖўЗ ЎІўЖЎ™ўЗўК ЎІЎ®Ў™Ў≥ўЕ ! ўЕЎє ЎІўДЎ≠ЎѓЎЂ"))
< * 3 FETCH (FIRSTLINE ("ўДЎІ Ў™Ў®ўГ ўДЎІўЖўЗ ЎІўЖЎ™ўЗ ўК ЎІЎ®Ў™Ў≥ўЕ ! ўЕЎє ЎІўДЎ≠ЎѓЎЂ"))
< * 4 FETCH (FIRSTLINE ("ўДЎІ Ў™Ў®ўГ ўДЎІўЖўЗ ЎІўЖЎ™ўЗўК ЎІЎ®Ў™Ў≥ўЕ ! ўЕЎє ЎІўДЎ≠ЎѓЎЂ "))
< * 5 FETCH (FIRSTLINE ("ўДўКЎ≥ ўДЎІўЖўГ ўЕўЖ ЎІўЖЎ™ ўИўДўГўЖ ўДЎІўЖ ЎєўЖЎѓўЕЎІ ЎІўГўИўЖ"))
< * 6 FETCH (FIRSTLINE ("ўДўКЎ≥ ўДЎІўЖўГ ўЕўЖ ЎІўЖЎ™ ўИўДўГўЖ ўДЎІўЖ ЎєўЖЎѓўЕЎІ ЎІўГўИўЖ"))
< * 7 FETCH (FIRSTLINE ("ўДўКЎ≥ ўДЎІўЖўГ  ўЕўЖ ЎІўЖЎ™ ўИўДўГўЖ ўДЎІўЖ ЎєўЖЎѓўЕЎІ ЎІўГўИўЖ"))
< * 8 FETCH (FIRSTLINE ("ўДўКЎ≥ ўДЎІўЖўГ ўЕўЖ ЎІўЖЎ™ ўИўДўГўЖ ўДЎІўЖ ЎєўЖЎѓўЕЎІ ЎІўГўИўЖ "))
< * 9 FETCH (FIRSTLINE ("ЎМ ЎєўЖ Ў™ўЖўЕўКЎ™ўЗ ўДЎІ ўКЎ≥Ў™ЎЈўКЎєўИўЖ ЎіЎ±ЎІЎ° ЎІўДЎ£ЎіўКЎІЎ° ЎМ ўИЎЇЎІўДЎ®"))
< * 10 FETCH (FIRSTLINE ("ЎМ ЎєўЖ Ў™ўЖўЕўКЎ™ўЗ ўДЎІ ўКЎ≥Ў™ЎЈўКЎєўИўЖ ЎіЎ±ЎІЎ° ЎІўДЎ£ЎіўКЎІЎ° ЎМ ўИЎЇЎІўДЎ®"))
< * 11 FETCH (FIRSTLINE ("ЎМ ЎєўЖ Ў™ўЖўЕўКЎ™ўЗ ўДЎІ ўКЎ≥Ў™ЎЈўКЎєўИўЖ ЎіЎ±ЎІЎ° ЎІўДЎ£ЎіўКЎІЎ° ЎМ ўИЎЇ"))
< * 12 FETCH (FIRSTLINE ("ЎМ ЎєўЖ Ў™ўЖўЕўКЎ™ўЗ ўДЎІ ўКЎ≥Ў™ЎЈўКЎєўИўЖ ЎіЎ±ЎІЎ° ЎІўДЎ£ЎіўКЎІЎ° ЎМ ўИЎЇЎІўДЎ®"))
< * 13 FETCH (FIRSTLINE ("ЎМ ЎєўЖ Ў™ўЖўЕўКЎ™ўЗ ўДЎІ ўКЎ≥Ў™ЎЈўК ЎєўИўЖ ЎіЎ±ЎІЎ° ЎІўДЎ£ЎіўКЎІЎ° ЎМ ўИЎЇЎІўД"))
< * 14 FETCH (FIRSTLINE ("ЎМ ЎєўЖ Ў™ўЖўЕўКЎ™ўЗ ўДЎІ ўКЎ≥Ў™ЎЈўК ЎєўИўЖ ЎіЎ±ЎІЎ° ЎІўДЎ£ЎіўКЎІЎ° ЎМ ўИЎЇЎІўД"))
< * 15 FETCH (FIRSTLINE ("ЎМ ЎєўЖ Ў™ўЖўЕўКЎ™ўЗ ўДЎІ ўКЎ≥Ў™ЎЈўК  ЎєўИўЖ ЎіЎ±ЎІЎ° ЎІўДЎ£ЎіўКЎІЎ° ЎМ ўИ"))
< * 16 FETCH (FIRSTLINE ("ЎМ ЎєўЖ Ў™ўЖўЕўКЎ™ўЗ ўДЎІ ўКЎ≥Ў™ЎЈўК ЎєўИўЖ ЎіЎ±ЎІЎ° ЎІўДЎ£ЎіўКЎІЎ° ЎМ ўИЎЇЎІўД"))
< * 17 FETCH (FIRSTLINE ("Ў±Ў®ўЕЎІ ЎІўДўДўЗ ўКЎ±ўКЎѓўЖЎІ ЎІўЖ ўЖўДЎ™ўВўК Ў®ЎєЎґ ЎІўДўЖЎІЎ≥ ЎІўДЎ≥ўКЎ§ўИўЖ"))
< * 18 FETCH (FIRSTLINE ("Ў±Ў®ўЕЎІ ЎІўДўДўЗ ўКЎ±ўКЎѓўЖЎІ ЎІўЖ ўЖўДЎ™ўВўК Ў®ЎєЎґ ЎІўДўЖЎІЎ≥ ЎІўДЎ≥ўКЎ§ўИўЖ"))
< * 19 FETCH (FIRSTLINE ("Ў±Ў®ўЕЎІ ЎІўДўДўЗ ўКЎ±ўКЎѓўЖЎІ ЎІўЖ ўЖўДЎ™ўВўК Ў®ЎєЎґ ЎІўДўЖЎІЎ≥ ЎІўДЎ≥ўКЎ§ўИўЖ"))
< * 20 FETCH (FIRSTLINE ("Ў±Ў®ўЕЎІ ЎІўДўДўЗ ўКЎ±ўКЎѓўЖЎІ ЎІўЖ ўЖўДЎ™ўВўК Ў®ЎєЎґ ЎІўДўЖЎІЎ≥ ЎІўДЎ≥ўКЎ§ўИўЖ"))
< * 21 FETCH (FIRSTLINE ("Ў±Ў®ўЕЎІ ЎІўДўД ўЗ ўКЎ±ўКЎѓўЖЎІ ЎІўЖ ўЖўДЎ™ўВўК Ў®ЎєЎґ ЎІўДўЖЎІ Ў≥ ЎІўДЎ≥ўКЎ§"))
< * 22 FETCH (FIRSTLINE ("Ў±Ў®ўЕЎІ ЎІўДўД ўЗ ўКЎ±ўКЎѓўЖЎІ ЎІўЖ ўЖўДЎ™ўВўК Ў®ЎєЎґ ЎІўДўЖЎІ Ў≥ ЎІўДЎ≥ўКЎ§"))
< * 23 FETCH (FIRSTLINE ("Ў±Ў®ўЕЎІ ЎІўДўД  ўЗ ўКЎ±ўКЎѓўЖЎІ ЎІўЖ ўЖўДЎ™ўВўК Ў®ЎєЎґ ЎІўДўЖЎІ Ў≥ ЎІўД"))
< * 24 FETCH (FIRSTLINE ("Ў±Ў®ўЕЎІ ЎІўДўД ўЗ ўКЎ±ўКЎѓўЖЎІ ЎІўЖ ўЖўДЎ™ўВўК Ў®ЎєЎґ ЎІўДўЖЎІ Ў≥ ЎІўДЎ≥ўКЎ§"))
< * 25 FETCH (FIRSTLINE ("Ў±Ў®ўЕЎІ ЎІўДўД ўЗ ўКЎ±ўКЎѓўЖЎІ ЎІўЖ ўЖўДЎ™ўВўК Ў®ЎєЎґ ЎІўДўЖЎІ Ў≥ "))
---
> * 1 FETCH (FIRSTLINE ("д«  »г д«жз «ж зк «» ”е ! еў «дЌѕЋ "))
> * 2 FETCH (FIRSTLINE ("д«  »г д«жз «ж зк «» ”е ! еў «дЌѕЋ "))
> * 3 FETCH (FIRSTLINE ("д«  »г д«жз «ж з к «» ”е ! еў «дЌѕЋ "))
> * 4 FETCH (FIRSTLINE ("д«  »г д«жз «ж зк «» ”е ! еў «дЌѕЋ  "))
> * 5 FETCH (FIRSTLINE ("дк” д«жг еж «ж  идгж д«ж ўжѕе« «гиж "))
> * 6 FETCH (FIRSTLINE ("дк” д«жг еж «ж  идгж д«ж ўжѕе« «гиж "))
> * 7 FETCH (FIRSTLINE ("дк” д«жг  еж «ж  идгж д«ж ўжѕе« «гиж "))
> * 8 FETCH (FIRSTLINE ("дк” д«жг еж «ж  идгж д«ж ўжѕе« «гиж  "))
> * 9 FETCH (FIRSTLINE ("ђ ўж  жек з д« к” „кўиж ‘—«Ѕ «д√‘к«Ѕ ђ иЏ«д»« е« д« к ЌѕЋ ўж идкж двѕ г » бк «дж"))
> * 10 FETCH (FIRSTLINE ("ђ ўж  жек з д« к” „кўиж ‘—«Ѕ «д√‘к«Ѕ ђ иЏ«д»« е« д« к ЌѕЋ ўж идкж двѕ г » б"))
> * 11 FETCH (FIRSTLINE ("ђ ўж  жек з д« к” „кўиж ‘—«Ѕ «д√‘к«Ѕ ђ иЏ«д»« е« д« к ЌѕЋ ўж идкж двѕ г » б"))
> * 12 FETCH (FIRSTLINE ("ђ ўж  жек з д« к” „кўиж ‘—«Ѕ «д√‘к«Ѕ ђ иЏ«д»« е« д« к ЌѕЋ ўж идкж двѕ г » б "))
> * 13 FETCH (FIRSTLINE ("ђ ўж  жек з д« к” „к ўиж ‘—«Ѕ «д√‘к«Ѕ ђ иЏ«д»« е« д«  к ЌѕЋ ўж идкж двѕ г » бк"))
> * 14 FETCH (FIRSTLINE ("ђ ўж  жек з д« к” „к ўиж ‘—«Ѕ «д√‘к«Ѕ ђ иЏ«д»« е« д«  к ЌѕЋ ўж идкж двѕ г"))
> * 15 FETCH (FIRSTLINE ("ђ ўж  жек з д« к” „к  ўиж ‘—«Ѕ «д√‘к«Ѕ ђ иЏ«д»« е« д«  к ЌѕЋ ўж идкж двѕ г"))
> * 16 FETCH (FIRSTLINE ("ђ ўж  жек з д« к” „к ўиж ‘—«Ѕ «д√‘к«Ѕ ђ иЏ«д»« е« д к ЌѕЋ ўж идкж двѕ г » "))
> * 17 FETCH (FIRSTLINE ("—»е« «ддз к—кѕж« «ж жд вк »ў÷ «дж«” «д”кƒиж в»д «б÷д дгк ўжѕе« жв«»д «дЌ»к» «"))
> * 18 FETCH (FIRSTLINE ("—»е« «ддз к—кѕж« «ж жд вк »ў÷ «дж«” «д”кƒиж в»д «б÷д дгк ўжѕе« жв«»д «дЌ"))
> * 19 FETCH (FIRSTLINE ("—»е« «ддз к—кѕж« «ж жд вк »ў÷ «дж«” «д”кƒиж в»д «б÷д дгк ўжѕе« жв«»д «дЌ»к» «"))
> * 20 FETCH (FIRSTLINE ("—»е« «ддз к—кѕж« «ж жд вк »ў÷ «дж«” «д”кƒиж в»д «б÷д дгк ўжѕе« жв«»д «дЌ»к» «"))
> * 21 FETCH (FIRSTLINE ("—»е« «дд з к—кѕж« «ж жд вк »ў÷ «дж« ” «д”кƒиж в»д «б÷д дгк ўжѕе« жв« »д «д"))
> * 22 FETCH (FIRSTLINE ("—»е« «дд з к—кѕж« «ж жд вк »ў÷ «дж« ” «д”кƒиж в»д «б÷д дгк ўжѕе« жв« "))
> * 23 FETCH (FIRSTLINE ("—»е« «дд  з к—кѕж« «ж жд вк »ў÷ «дж« ” «д”кƒиж в»д «б÷д дгк ўжѕе« жв« "))
> * 24 FETCH (FIRSTLINE ("—»е« «дд з к—кѕж« «ж жд вк »ў÷ «дж« ” «д”кƒиж в»д «б÷д дгк ўжѕе« жв« »д «д"))
> * 25 FETCH (FIRSTLINE ("—»е« «дд з к—кѕж« «ж жд вк »ў÷ «дж« ” «д”кƒиж в»д «б÷д дгк ўжѕе« "))
1,25c1,25
< * 1 FETCH (FIRSTLINE ("ўДЎІ Ў™Ў®ўГ ўДЎІўЖўЗ ЎІўЖЎ™ўЗўК ЎІЎ®Ў™Ў≥ўЕ ! ўЕЎє ЎІўДЎ≠ЎѓЎЂ"))
< * 2 FETCH (FIRSTLINE ("ўДЎІ Ў™Ў®ўГ ўДЎІўЖўЗ ЎІўЖЎ™ўЗўК ЎІЎ®Ў™Ў≥ўЕ ! ўЕЎє ЎІўДЎ≠ЎѓЎЂ"))
< * 3 FETCH (FIRSTLINE ("ўДЎІ Ў™Ў®ўГ ўДЎІўЖўЗ ЎІўЖЎ™ўЗ ўК ЎІЎ®Ў™Ў≥ўЕ ! ўЕЎє ЎІўДЎ≠ЎѓЎЂ"))
< * 4 FETCH (FIRSTLINE ("ўДЎІ Ў™Ў®ўГ ўДЎІўЖўЗ ЎІўЖЎ™ўЗўК ЎІЎ®Ў™Ў≥ўЕ ! ўЕЎє ЎІўДЎ≠ЎѓЎЂ "))
< * 5 FETCH (FIRSTLINE ("ўДўКЎ≥ ўДЎІўЖўГ ўЕўЖ ЎІўЖЎ™ ўИўДўГўЖ ўДЎІўЖ ЎєўЖЎѓўЕЎІ ЎІўГўИўЖ"))
< * 6 FETCH (FIRSTLINE ("ўДўКЎ≥ ўДЎІўЖўГ ўЕўЖ ЎІўЖЎ™ ўИўДўГўЖ ўДЎІўЖ ЎєўЖЎѓўЕЎІ ЎІўГўИўЖ"))
< * 7 FETCH (FIRSTLINE ("ўДўКЎ≥ ўДЎІўЖўГ  ўЕўЖ ЎІўЖЎ™ ўИўДўГўЖ ўДЎІўЖ ЎєўЖЎѓўЕЎІ ЎІўГўИўЖ"))
< * 8 FETCH (FIRSTLINE ("ўДўКЎ≥ ўДЎІўЖўГ ўЕўЖ ЎІўЖЎ™ ўИўДўГўЖ ўДЎІўЖ ЎєўЖЎѓўЕЎІ ЎІўГўИўЖ "))
< * 9 FETCH (FIRSTLINE ("ЎМ ЎєўЖ Ў™ўЖўЕўКЎ™ўЗ ўДЎІ ўКЎ≥Ў™ЎЈўКЎєўИўЖ ЎіЎ±ЎІЎ° ЎІўДЎ£ЎіўКЎІЎ° ЎМ ўИЎЇЎІўДЎ®"))
< * 10 FETCH (FIRSTLINE ("ЎМ ЎєўЖ Ў™ўЖўЕўКЎ™ўЗ ўДЎІ ўКЎ≥Ў™ЎЈўКЎєўИўЖ ЎіЎ±ЎІЎ° ЎІўДЎ£ЎіўКЎІЎ° ЎМ ўИЎЇЎІўДЎ®"))
< * 11 FETCH (FIRSTLINE ("ЎМ ЎєўЖ Ў™ўЖўЕўКЎ™ўЗ ўДЎІ ўКЎ≥Ў™ЎЈўКЎєўИўЖ ЎіЎ±ЎІЎ° ЎІўДЎ£ЎіўКЎІЎ° ЎМ ўИЎЇ"))
< * 12 FETCH (FIRSTLINE ("ЎМ ЎєўЖ Ў™ўЖўЕўКЎ™ўЗ ўДЎІ ўКЎ≥Ў™ЎЈўКЎєўИўЖ ЎіЎ±ЎІЎ° ЎІўДЎ£ЎіўКЎІЎ° ЎМ ўИЎЇЎІўДЎ®"))
< * 13 FETCH (FIRSTLINE ("ЎМ ЎєўЖ Ў™ўЖўЕўКЎ™ўЗ ўДЎІ ўКЎ≥Ў™ЎЈўК ЎєўИўЖ ЎіЎ±ЎІЎ° ЎІўДЎ£ЎіўКЎІЎ° ЎМ ўИЎЇЎІўД"))
< * 14 FETCH (FIRSTLINE ("ЎМ ЎєўЖ Ў™ўЖўЕўКЎ™ўЗ ўДЎІ ўКЎ≥Ў™ЎЈўК ЎєўИўЖ ЎіЎ±ЎІЎ° ЎІўДЎ£ЎіўКЎІЎ° ЎМ ўИЎЇЎІўД"))
< * 15 FETCH (FIRSTLINE ("ЎМ ЎєўЖ Ў™ўЖўЕўКЎ™ўЗ ўДЎІ ўКЎ≥Ў™ЎЈўК  ЎєўИўЖ ЎіЎ±ЎІЎ° ЎІўДЎ£ЎіўКЎІЎ° ЎМ ўИ"))
< * 16 FETCH (FIRSTLINE ("ЎМ ЎєўЖ Ў™ўЖўЕўКЎ™ўЗ ўДЎІ ўКЎ≥Ў™ЎЈўК ЎєўИўЖ ЎіЎ±ЎІЎ° ЎІўДЎ£ЎіўКЎІЎ° ЎМ ўИЎЇЎІўД"))
< * 17 FETCH (FIRSTLINE ("Ў±Ў®ўЕЎІ ЎІўДўДўЗ ўКЎ±ўКЎѓўЖЎІ ЎІўЖ ўЖўДЎ™ўВўК Ў®ЎєЎґ ЎІўДўЖЎІЎ≥ ЎІўДЎ≥ўКЎ§ўИўЖ"))
< * 18 FETCH (FIRSTLINE ("Ў±Ў®ўЕЎІ ЎІўДўДўЗ ўКЎ±ўКЎѓўЖЎІ ЎІўЖ ўЖўДЎ™ўВўК Ў®ЎєЎґ ЎІўДўЖЎІЎ≥ ЎІўДЎ≥ўКЎ§ўИўЖ"))
< * 19 FETCH (FIRSTLINE ("Ў±Ў®ўЕЎІ ЎІўДўДўЗ ўКЎ±ўКЎѓўЖЎІ ЎІўЖ ўЖўДЎ™ўВўК Ў®ЎєЎґ ЎІўДўЖЎІЎ≥ ЎІўДЎ≥ўКЎ§ўИўЖ"))
< * 20 FETCH (FIRSTLINE ("Ў±Ў®ўЕЎІ ЎІўДўДўЗ ўКЎ±ўКЎѓўЖЎІ ЎІўЖ ўЖўДЎ™ўВўК Ў®ЎєЎґ ЎІўДўЖЎІЎ≥ ЎІўДЎ≥ўКЎ§ўИўЖ"))
< * 21 FETCH (FIRSTLINE ("Ў±Ў®ўЕЎІ ЎІўДўД ўЗ ўКЎ±ўКЎѓўЖЎІ ЎІўЖ ўЖўДЎ™ўВўК Ў®ЎєЎґ ЎІўДўЖЎІ Ў≥ ЎІўДЎ≥ўКЎ§"))
< * 22 FETCH (FIRSTLINE ("Ў±Ў®ўЕЎІ ЎІўДўД ўЗ ўКЎ±ўКЎѓўЖЎІ ЎІўЖ ўЖўДЎ™ўВўК Ў®ЎєЎґ ЎІўДўЖЎІ Ў≥ ЎІўДЎ≥ўКЎ§"))
< * 23 FETCH (FIRSTLINE ("Ў±Ў®ўЕЎІ ЎІўДўД  ўЗ ўКЎ±ўКЎѓўЖЎІ ЎІўЖ ўЖўДЎ™ўВўК Ў®ЎєЎґ ЎІўДўЖЎІ Ў≥ ЎІўД"))
< * 24 FETCH (FIRSTLINE ("Ў±Ў®ўЕЎІ ЎІўДўД ўЗ ўКЎ±ўКЎѓўЖЎІ ЎІўЖ ўЖўДЎ™ўВўК Ў®ЎєЎґ ЎІўДўЖЎІ Ў≥ ЎІўДЎ≥ўКЎ§"))
< * 25 FETCH (FIRSTLINE ("Ў±Ў®ўЕЎІ ЎІўДўД ўЗ ўКЎ±ўКЎѓўЖЎІ ЎІўЖ ўЖўДЎ™ўВўК Ў®ЎєЎґ ЎІўДўЖЎІ Ў≥ "))
---
> * 1 FETCH (FIRSTLINE ("д«  »г д«жз «ж зк «» ”е ! еў «дЌѕЋ "))
> * 2 FETCH (FIRSTLINE ("д«  »г д«жз «ж зк «» ”е ! еў «дЌѕЋ "))
> * 3 FETCH (FIRSTLINE ("д«  »г д«жз «ж з к «» ”е ! еў «дЌѕЋ "))
> * 4 FETCH (FIRSTLINE ("д«  »г д«жз «ж зк «» ”е ! еў «дЌѕЋ  "))
> * 5 FETCH (FIRSTLINE ("дк” д«жг еж «ж  идгж д«ж ўжѕе« «гиж "))
> * 6 FETCH (FIRSTLINE ("дк” д«жг еж «ж  идгж д«ж ўжѕе« «гиж "))
> * 7 FETCH (FIRSTLINE ("дк” д«жг  еж «ж  идгж д«ж ўжѕе« «гиж "))
> * 8 FETCH (FIRSTLINE ("дк” д«жг еж «ж  идгж д«ж ўжѕе« «гиж  "))
> * 9 FETCH (FIRSTLINE ("ђ ўж  жек з д« к” „кўиж ‘—«Ѕ «д√‘к«Ѕ ђ иЏ«д»« е« д« к ЌѕЋ ўж идкж двѕ г » бк «дж"))
> * 10 FETCH (FIRSTLINE ("ђ ўж  жек з д« к” „кўиж ‘—«Ѕ «д√‘к«Ѕ ђ иЏ«д»« е« д« к ЌѕЋ ўж идкж двѕ г » б"))
> * 11 FETCH (FIRSTLINE ("ђ ўж  жек з д« к” „кўиж ‘—«Ѕ «д√‘к«Ѕ ђ иЏ«д»« е« д« к ЌѕЋ ўж идкж двѕ г » б"))
> * 12 FETCH (FIRSTLINE ("ђ ўж  жек з д« к” „кўиж ‘—«Ѕ «д√‘к«Ѕ ђ иЏ«д»« е« д« к ЌѕЋ ўж идкж двѕ г » б "))
> * 13 FETCH (FIRSTLINE ("ђ ўж  жек з д« к” „к ўиж ‘—«Ѕ «д√‘к«Ѕ ђ иЏ«д»« е« д«  к ЌѕЋ ўж идкж двѕ г » бк"))
> * 14 FETCH (FIRSTLINE ("ђ ўж  жек з д« к” „к ўиж ‘—«Ѕ «д√‘к«Ѕ ђ иЏ«д»« е« д«  к ЌѕЋ ўж идкж двѕ г"))
> * 15 FETCH (FIRSTLINE ("ђ ўж  жек з д« к” „к  ўиж ‘—«Ѕ «д√‘к«Ѕ ђ иЏ«д»« е« д«  к ЌѕЋ ўж идкж двѕ г"))
> * 16 FETCH (FIRSTLINE ("ђ ўж  жек з д« к” „к ўиж ‘—«Ѕ «д√‘к«Ѕ ђ иЏ«д»« е« д к ЌѕЋ ўж идкж двѕ г » "))
> * 17 FETCH (FIRSTLINE ("—»е« «ддз к—кѕж« «ж жд вк »ў÷ «дж«” «д”кƒиж в»д «б÷д дгк ўжѕе« жв«»д «дЌ»к» «"))
> * 18 FETCH (FIRSTLINE ("—»е« «ддз к—кѕж« «ж жд вк »ў÷ «дж«” «д”кƒиж в»д «б÷д дгк ўжѕе« жв«»д «дЌ"))
> * 19 FETCH (FIRSTLINE ("—»е« «ддз к—кѕж« «ж жд вк »ў÷ «дж«” «д”кƒиж в»д «б÷д дгк ўжѕе« жв«»д «дЌ»к» «"))
> * 20 FETCH (FIRSTLINE ("—»е« «ддз к—кѕж« «ж жд вк »ў÷ «дж«” «д”кƒиж в»д «б÷д дгк ўжѕе« жв«»д «дЌ»к» «"))
> * 21 FETCH (FIRSTLINE ("—»е« «дд з к—кѕж« «ж жд вк »ў÷ «дж« ” «д”кƒиж в»д «б÷д дгк ўжѕе« жв« »д «д"))
> * 22 FETCH (FIRSTLINE ("—»е« «дд з к—кѕж« «ж жд вк »ў÷ «дж« ” «д”кƒиж в»д «б÷д дгк ўжѕе« жв« "))
> * 23 FETCH (FIRSTLINE ("—»е« «дд  з к—кѕж« «ж жд вк »ў÷ «дж« ” «д”кƒиж в»д «б÷д дгк ўжѕе« жв« "))
> * 24 FETCH (FIRSTLINE ("—»е« «дд з к—кѕж« «ж жд вк »ў÷ «дж« ” «д”кƒиж в»д «б÷д дгк ўжѕе« жв« »д «д"))
> * 25 FETCH (FIRSTLINE ("—»е« «дд з к—кѕж« «ж жд вк »ў÷ «дж« ” «д”кƒиж в»д «б÷д дгк ўжѕе« "))
====current path is:/home/ram/Desktop/MX9.5/Testcases/body_preview/3-Logic of selecting the firstline data/Testcases-body-preview-deal-spaces-encode-enhanced-new/good/IMAP-and-SMTP-Arabic-ISO-8859-6-CRLF================

================IMAP-and-SMTP-Arabic-ISO-8859-6-CRLF  Test finished===============

====current path is:IMAP-and-SMTP-Arabic-ISO-8859-6-CRLF================
====running logic-messagesend-IMAP-append-7bit ========
====running logic-messagesend-IMAP-append-8bit ========
====running logic-messagesend-IMAP-append-base64 ========
====running logic-messagesend-IMAP-append-quoted-printable ========
====running logic-messagesend-SMTP-7bit ========
====running logic-messagesend-SMTP-8bit ========
====running logic-messagesend-SMTP-base64 ========
====running logic-messagesend-SMTP-quoted-printable ========
================IMAP-and-SMTP-Arabic-ISO-8859-6-CRLF  Test finished===============
====current path is:IMAP-and-SMTP-Arabic-ISO-8859-6-CRLF====================current path is:IMAP-and-SMTP-Arabic-ISO-8859-6-CRLF================
====running logic-messagesend-IMAP-append-7bit ============running logic-messagesend-IMAP-append-7bit ========
Total  testcases  are:0
Success testcases are:0
Failed  testcases are:0
====running logic-messagesend-IMAP-append-8bit ============running logic-messagesend-IMAP-append-8bit ========
Total  testcases  are:2
Success testcases are:1
Failed  testcases are:1
====running logic-messagesend-IMAP-append-base64 ========
Total  testcases  are:4
Success testcases are:2
Failed  testcases are:2
====running logic-messagesend-IMAP-append-quoted-printable ========
Total  testcases  are:6
Success testcases are:3
Failed  testcases are:3
====running logic-messagesend-SMTP-7bit ========
Total  testcases  are:8
Success testcases are:4
Failed  testcases are:4
====running logic-messagesend-SMTP-8bit ========
Total  testcases  are:10
Success testcases are:5
Failed  testcases are:5
====running logic-messagesend-SMTP-base64 ========
Total  testcases  are:12
Success testcases are:6
Failed  testcases are:6
====running logic-messagesend-SMTP-quoted-printable ========
Total  testcases  are:14
Success testcases are:7
Failed  testcases are:7
================IMAP-and-SMTP-Arabic-ISO-8859-6-CRLF  Test finished===============
====current path is:IMAP-and-SMTP-Arabic-ISO-8859-6-CRLF====================current path is:IMAP-and-SMTP-Arabic-ISO-8859-6-CRLF================
====running logic-messagesend-IMAP-append-7bit ============running logic-messagesend-IMAP-append-7bit ========
====running logic-messagesend-IMAP-append-8bit ============running logic-messagesend-IMAP-append-8bit ========
====running logic-messagesend-IMAP-append-base64 ========
====running logic-messagesend-IMAP-append-quoted-printable ========
====running logic-messagesend-SMTP-7bit ========
====running logic-messagesend-SMTP-8bit ========
====running logic-messagesend-SMTP-base64 ========
====running logic-messagesend-SMTP-quoted-printable ========
================IMAP-and-SMTP-Arabic-ISO-8859-6-CRLF  Test finished===============
====current path is:IMAP-and-SMTP-Arabic-ISO-8859-6-CRLF====================current path is:IMAP-and-SMTP-Arabic-ISO-8859-6-CRLF================
====running logic-messagesend-IMAP-append-7bit ============running logic-messagesend-IMAP-append-7bit ========
====running logic-messagesend-IMAP-append-8bit ============running logic-messagesend-IMAP-append-8bit ========
====running logic-messagesend-IMAP-append-base64 ========
====running logic-messagesend-IMAP-append-quoted-printable ========
====running logic-messagesend-SMTP-7bit ========
====running logic-messagesend-SMTP-8bit ========
====running logic-messagesend-SMTP-base64 ========
====running logic-messagesend-SMTP-quoted-printable ========
2,3c2,3
< * 2 FETCH (FIRSTLINE ("ўДЎІ Ў™Ў®ўГ ўДЎІўЖўЗ ЎІўЖЎ™ўЗ ўК ЎІЎ®Ў™Ў≥ўЕ ! ўЕЎє ЎІўДЎ≠ЎѓЎЂ"))
< * 3 FETCH (FIRSTLINE ("ўДЎІ Ў™Ў®ўГ ўДЎІўЖўЗ ЎІўЖЎ™ўЗўК ЎІЎ®Ў™Ў≥ўЕ ! ўЕЎє ЎІўДЎ≠ЎѓЎЂ"))
---
> * 2 FETCH (FIRSTLINE ("ўДЎІ Ў™Ў®ўГ ўДЎІўЖўЗ ЎІўЖЎ™ўЗўК ЎІЎ®Ў™Ў≥ўЕ ! ўЕЎє ЎІўДЎ≠ЎѓЎЂ"))
> * 3 FETCH (FIRSTLINE ("ўДЎІ Ў™Ў®ўГ ўДЎІўЖўЗ ЎІўЖЎ™ўЗ ўК ЎІЎ®Ў™Ў≥ўЕ ! ўЕЎє ЎІўДЎ≠ЎѓЎЂ"))
================IMAP-and-SMTP-Arabic-ISO-8859-6-CRLF  Test finished===============
====current path is:IMAP-and-SMTP-Arabic-ISO-8859-6-CRLF====================current path is:IMAP-and-SMTP-Arabic-ISO-8859-6-CRLF================
====running logic-messagesend-IMAP-append-7bit ============running logic-messagesend-IMAP-append-7bit ========
====running logic-messagesend-IMAP-append-8bit ============running logic-messagesend-IMAP-append-8bit ========
====running logic-messagesend-IMAP-append-base64 ========
====running logic-messagesend-IMAP-append-quoted-printable ========
====running logic-messagesend-SMTP-7bit ========
====running logic-messagesend-SMTP-8bit ========
====running logic-messagesend-SMTP-base64 ========
====running logic-messagesend-SMTP-quoted-printable ========
================IMAP-and-SMTP-Arabic-ISO-8859-6-CRLF  Test finished===============
11c11
< * 11 FETCH (FIRSTLINE ("ЎМ ЎєўЖ Ў™ўЖўЕўКЎ™ўЗ ўДЎІ ўКЎ≥Ў™ЎЈўКЎєўИўЖ ЎіЎ±ЎІЎ° ЎІўДЎ£ЎіўКЎІЎ° ЎМ ўИЎЇЎІўДЎ®"))
---
> * 11 FETCH (FIRSTLINE ("ЎМ ЎєўЖ Ў™ўЖўЕўКЎ™ўЗ ўДЎІ ўКЎ≥Ў™ЎЈўКЎєўИўЖ ЎіЎ±ЎІЎ° ЎІўДЎ£ЎіўКЎІЎ° ЎМ ўИЎЇ"))
15c15
< * 15 FETCH (FIRSTLINE ("ЎМ ЎєўЖ Ў™ўЖўЕўКЎ™ўЗ ўДЎІ ўКЎ≥Ў™ЎЈўК  ЎєўИўЖ ЎіЎ±ЎІЎ° ЎІўДЎ£ЎіўКЎІЎ° ЎМ ўИЎЇЎІўД"))
---
> * 15 FETCH (FIRSTLINE ("ЎМ ЎєўЖ Ў™ўЖўЕўКЎ™ўЗ ўДЎІ ўКЎ≥Ў™ЎЈўК  ЎєўИўЖ ЎіЎ±ЎІЎ° ЎІўДЎ£ЎіўКЎІЎ° ЎМ ўИ"))
17,25c17,25
< * 17 FETCH (FIRSTLINE ("Ў±Ў®ўЕЎІ ЎІўДўДўЗ ўКЎ±ўКЎѓўЖЎІ ЎІўЖ ўЖўДЎ™ўВўК Ў®ЎєЎґ ЎІўДўЖЎІЎ≥ ЎІўДЎ≥ўКЎ§ўИўЖ "))
< * 18 FETCH (FIRSTLINE ("Ў±Ў®ўЕЎІ ЎІўДўДўЗ ўКЎ±ўКЎѓўЖЎІ ЎІўЖ ўЖўДЎ™ўВўК Ў®ЎєЎґ ЎІўДўЖЎІЎ≥ ЎІўДЎ≥ўКЎ§ўИўЖ "))
< * 19 FETCH (FIRSTLINE ("Ў±Ў®ўЕЎІ ЎІўДўДўЗ ўКЎ±ўКЎѓўЖЎІ ЎІўЖ ўЖўДЎ™ўВўК Ў®ЎєЎґ ЎІўДўЖЎІЎ≥ ЎІўДЎ≥ўКЎ§ўИўЖ "))
< * 20 FETCH (FIRSTLINE ("Ў±Ў®ўЕЎІ ЎІўДўДўЗ ўКЎ±ўКЎѓўЖЎІ ЎІўЖ ўЖўДЎ™ўВўК Ў®ЎєЎґ ЎІўДўЖЎІЎ≥ ЎІўДЎ≥ўКЎ§ўИўЖ "))
< * 21 FETCH (FIRSTLINE ("Ў±Ў®ўЕЎІ ЎІўДўД ўЗ ўКЎ±ўКЎѓўЖЎІ ЎІўЖ ўЖўДЎ™ўВўК Ў®ЎєЎґ ЎІўДўЖЎІ Ў≥ ЎІўДЎ≥ўКЎ§ўИ"))
< * 22 FETCH (FIRSTLINE ("Ў±Ў®ўЕЎІ ЎІўДўД ўЗ ўКЎ±ўКЎѓўЖЎІ ЎІўЖ ўЖўДЎ™ўВўК Ў®ЎєЎґ ЎІўДўЖЎІ Ў≥ ЎІўДЎ≥ўКЎ§ўИ"))
< * 23 FETCH (FIRSTLINE ("Ў±Ў®ўЕЎІ ЎІўДўД  ўЗ ўКЎ±ўКЎѓўЖЎІ ЎІўЖ ўЖўДЎ™ўВўК Ў®ЎєЎґ ЎІўДўЖЎІ Ў≥ ЎІўДЎ≥ўКЎ§ўИ"))
< * 24 FETCH (FIRSTLINE ("Ў±Ў®ўЕЎІ ЎІўДўД ўЗ ўКЎ±ўКЎѓўЖЎІ ЎІўЖ ўЖўДЎ™ўВўК Ў®ЎєЎґ ЎІўДўЖЎІ Ў≥ ЎІўДЎ≥ўКЎ§ўИ"))
< * 25 FETCH (FIRSTLINE ("Ў±Ў®ўЕЎІ ЎІўДўД ўЗ ўКЎ±ўКЎѓўЖЎІ ЎІўЖ ўЖўДЎ™ўВўК Ў®ЎєЎґ ЎІўДўЖЎІ Ў≥ ЎІўДЎ≥ўКЎ§ўИ"))
---
> * 17 FETCH (FIRSTLINE ("Ў±Ў®ўЕЎІ ЎІўДўДўЗ ўКЎ±ўКЎѓўЖЎІ ЎІўЖ ўЖўДЎ™ўВўК Ў®ЎєЎґ ЎІўДўЖЎІЎ≥ ЎІўДЎ≥ўКЎ§ўИўЖ"))
> * 18 FETCH (FIRSTLINE ("Ў±Ў®ўЕЎІ ЎІўДўДўЗ ўКЎ±ўКЎѓўЖЎІ ЎІўЖ ўЖўДЎ™ўВўК Ў®ЎєЎґ ЎІўДўЖЎІЎ≥ ЎІўДЎ≥ўКЎ§ўИўЖ"))
> * 19 FETCH (FIRSTLINE ("Ў±Ў®ўЕЎІ ЎІўДўДўЗ ўКЎ±ўКЎѓўЖЎІ ЎІўЖ ўЖўДЎ™ўВўК Ў®ЎєЎґ ЎІўДўЖЎІЎ≥ ЎІўДЎ≥ўКЎ§ўИўЖ"))
> * 20 FETCH (FIRSTLINE ("Ў±Ў®ўЕЎІ ЎІўДўДўЗ ўКЎ±ўКЎѓўЖЎІ ЎІўЖ ўЖўДЎ™ўВўК Ў®ЎєЎґ ЎІўДўЖЎІЎ≥ ЎІўДЎ≥ўКЎ§ўИўЖ"))
> * 21 FETCH (FIRSTLINE ("Ў±Ў®ўЕЎІ ЎІўДўД ўЗ ўКЎ±ўКЎѓўЖЎІ ЎІўЖ ўЖўДЎ™ўВўК Ў®ЎєЎґ ЎІўДўЖЎІ Ў≥ ЎІўДЎ≥ўКЎ§"))
> * 22 FETCH (FIRSTLINE ("Ў±Ў®ўЕЎІ ЎІўДўД ўЗ ўКЎ±ўКЎѓўЖЎІ ЎІўЖ ўЖўДЎ™ўВўК Ў®ЎєЎґ ЎІўДўЖЎІ Ў≥ ЎІўДЎ≥ўКЎ§"))
> * 23 FETCH (FIRSTLINE ("Ў±Ў®ўЕЎІ ЎІўДўД  ўЗ ўКЎ±ўКЎѓўЖЎІ ЎІўЖ ўЖўДЎ™ўВўК Ў®ЎєЎґ ЎІўДўЖЎІ Ў≥ ЎІўД"))
> * 24 FETCH (FIRSTLINE ("Ў±Ў®ўЕЎІ ЎІўДўД ўЗ ўКЎ±ўКЎѓўЖЎІ ЎІўЖ ўЖўДЎ™ўВўК Ў®ЎєЎґ ЎІўДўЖЎІ Ў≥ ЎІўДЎ≥ўКЎ§"))
> * 25 FETCH (FIRSTLINE ("Ў±Ў®ўЕЎІ ЎІўДўД ўЗ ўКЎ±ўКЎѓўЖЎІ ЎІўЖ ўЖўДЎ™ўВўК Ў®ЎєЎґ ЎІўДўЖЎІ Ў≥ "))
11c11
< * 11 FETCH (FIRSTLINE ("ЎМ ЎєўЖ Ў™ўЖўЕўКЎ™ўЗ ўДЎІ ўКЎ≥Ў™ЎЈўКЎєўИўЖ ЎіЎ±ЎІЎ° ЎІўДЎ£ЎіўКЎІЎ° ЎМ ўИЎЇЎІўДЎ®"))
---
> * 11 FETCH (FIRSTLINE ("ЎМ ЎєўЖ Ў™ўЖўЕўКЎ™ўЗ ўДЎІ ўКЎ≥Ў™ЎЈўКЎєўИўЖ ЎіЎ±ЎІЎ° ЎІўДЎ£ЎіўКЎІЎ° ЎМ ўИЎЇ"))
15c15
< * 15 FETCH (FIRSTLINE ("ЎМ ЎєўЖ Ў™ўЖўЕўКЎ™ўЗ ўДЎІ ўКЎ≥Ў™ЎЈўК  ЎєўИўЖ ЎіЎ±ЎІЎ° ЎІўДЎ£ЎіўКЎІЎ° ЎМ ўИЎЇЎІўД"))
---
> * 15 FETCH (FIRSTLINE ("ЎМ ЎєўЖ Ў™ўЖўЕўКЎ™ўЗ ўДЎІ ўКЎ≥Ў™ЎЈўК  ЎєўИўЖ ЎіЎ±ЎІЎ° ЎІўДЎ£ЎіўКЎІЎ° ЎМ ўИ"))
17,25c17,25
< * 17 FETCH (FIRSTLINE ("Ў±Ў®ўЕЎІ ЎІўДўДўЗ ўКЎ±ўКЎѓўЖЎІ ЎІўЖ ўЖўДЎ™ўВўК Ў®ЎєЎґ ЎІўДўЖЎІЎ≥ ЎІўДЎ≥ўКЎ§ўИўЖ "))
< * 18 FETCH (FIRSTLINE ("Ў±Ў®ўЕЎІ ЎІўДўДўЗ ўКЎ±ўКЎѓўЖЎІ ЎІўЖ ўЖўДЎ™ўВўК Ў®ЎєЎґ ЎІўДўЖЎІЎ≥ ЎІўДЎ≥ўКЎ§ўИўЖ "))
< * 19 FETCH (FIRSTLINE ("Ў±Ў®ўЕЎІ ЎІўДўДўЗ ўКЎ±ўКЎѓўЖЎІ ЎІўЖ ўЖўДЎ™ўВўК Ў®ЎєЎґ ЎІўДўЖЎІЎ≥ ЎІўДЎ≥ўКЎ§ўИўЖ "))
< * 20 FETCH (FIRSTLINE ("Ў±Ў®ўЕЎІ ЎІўДўДўЗ ўКЎ±ўКЎѓўЖЎІ ЎІўЖ ўЖўДЎ™ўВўК Ў®ЎєЎґ ЎІўДўЖЎІЎ≥ ЎІўДЎ≥ўКЎ§ўИўЖ "))
< * 21 FETCH (FIRSTLINE ("Ў±Ў®ўЕЎІ ЎІўДўД ўЗ ўКЎ±ўКЎѓўЖЎІ ЎІўЖ ўЖўДЎ™ўВўК Ў®ЎєЎґ ЎІўДўЖЎІ Ў≥ ЎІўДЎ≥ўКЎ§ўИ"))
< * 22 FETCH (FIRSTLINE ("Ў±Ў®ўЕЎІ ЎІўДўД ўЗ ўКЎ±ўКЎѓўЖЎІ ЎІўЖ ўЖўДЎ™ўВўК Ў®ЎєЎґ ЎІўДўЖЎІ Ў≥ ЎІўДЎ≥ўКЎ§ўИ"))
< * 23 FETCH (FIRSTLINE ("Ў±Ў®ўЕЎІ ЎІўДўД  ўЗ ўКЎ±ўКЎѓўЖЎІ ЎІўЖ ўЖўДЎ™ўВўК Ў®ЎєЎґ ЎІўДўЖЎІ Ў≥ ЎІўДЎ≥ўКЎ§ўИ"))
< * 24 FETCH (FIRSTLINE ("Ў±Ў®ўЕЎІ ЎІўДўД ўЗ ўКЎ±ўКЎѓўЖЎІ ЎІўЖ ўЖўДЎ™ўВўК Ў®ЎєЎґ ЎІўДўЖЎІ Ў≥ ЎІўДЎ≥ўКЎ§ўИ"))
< * 25 FETCH (FIRSTLINE ("Ў±Ў®ўЕЎІ ЎІўДўД ўЗ ўКЎ±ўКЎѓўЖЎІ ЎІўЖ ўЖўДЎ™ўВўК Ў®ЎєЎґ ЎІўДўЖЎІ Ў≥ ЎІўДЎ≥ўКЎ§ўИ"))
---
> * 17 FETCH (FIRSTLINE ("Ў±Ў®ўЕЎІ ЎІўДўДўЗ ўКЎ±ўКЎѓўЖЎІ ЎІўЖ ўЖўДЎ™ўВўК Ў®ЎєЎґ ЎІўДўЖЎІЎ≥ ЎІўДЎ≥ўКЎ§ўИўЖ"))
> * 18 FETCH (FIRSTLINE ("Ў±Ў®ўЕЎІ ЎІўДўДўЗ ўКЎ±ўКЎѓўЖЎІ ЎІўЖ ўЖўДЎ™ўВўК Ў®ЎєЎґ ЎІўДўЖЎІЎ≥ ЎІўДЎ≥ўКЎ§ўИўЖ"))
> * 19 FETCH (FIRSTLINE ("Ў±Ў®ўЕЎІ ЎІўДўДўЗ ўКЎ±ўКЎѓўЖЎІ ЎІўЖ ўЖўДЎ™ўВўК Ў®ЎєЎґ ЎІўДўЖЎІЎ≥ ЎІўДЎ≥ўКЎ§ўИўЖ"))
> * 20 FETCH (FIRSTLINE ("Ў±Ў®ўЕЎІ ЎІўДўДўЗ ўКЎ±ўКЎѓўЖЎІ ЎІўЖ ўЖўДЎ™ўВўК Ў®ЎєЎґ ЎІўДўЖЎІЎ≥ ЎІўДЎ≥ўКЎ§ўИўЖ"))
> * 21 FETCH (FIRSTLINE ("Ў±Ў®ўЕЎІ ЎІўДўД ўЗ ўКЎ±ўКЎѓўЖЎІ ЎІўЖ ўЖўДЎ™ўВўК Ў®ЎєЎґ ЎІўДўЖЎІ Ў≥ ЎІўДЎ≥ўКЎ§"))
> * 22 FETCH (FIRSTLINE ("Ў±Ў®ўЕЎІ ЎІўДўД ўЗ ўКЎ±ўКЎѓўЖЎІ ЎІўЖ ўЖўДЎ™ўВўК Ў®ЎєЎґ ЎІўДўЖЎІ Ў≥ ЎІўДЎ≥ўКЎ§"))
> * 23 FETCH (FIRSTLINE ("Ў±Ў®ўЕЎІ ЎІўДўД  ўЗ ўКЎ±ўКЎѓўЖЎІ ЎІўЖ ўЖўДЎ™ўВўК Ў®ЎєЎґ ЎІўДўЖЎІ Ў≥ ЎІўД"))
> * 24 FETCH (FIRSTLINE ("Ў±Ў®ўЕЎІ ЎІўДўД ўЗ ўКЎ±ўКЎѓўЖЎІ ЎІўЖ ўЖўДЎ™ўВўК Ў®ЎєЎґ ЎІўДўЖЎІ Ў≥ ЎІўДЎ≥ўКЎ§"))
> * 25 FETCH (FIRSTLINE ("Ў±Ў®ўЕЎІ ЎІўДўД ўЗ ўКЎ±ўКЎѓўЖЎІ ЎІўЖ ўЖўДЎ™ўВўК Ў®ЎєЎґ ЎІўДўЖЎІ Ў≥ "))
11c11
< * 11 FETCH (FIRSTLINE ("ЎМ ЎєўЖ Ў™ўЖўЕўКЎ™ўЗ ўДЎІ ўКЎ≥Ў™ЎЈўКЎєўИўЖ ЎіЎ±ЎІЎ° ЎІўДЎ£ЎіўКЎІЎ° ЎМ ўИЎЇЎІўДЎ®"))
---
> * 11 FETCH (FIRSTLINE ("ЎМ ЎєўЖ Ў™ўЖўЕўКЎ™ўЗ ўДЎІ ўКЎ≥Ў™ЎЈўКЎєўИўЖ ЎіЎ±ЎІЎ° ЎІўДЎ£ЎіўКЎІЎ° ЎМ ўИЎЇ"))
15c15
< * 15 FETCH (FIRSTLINE ("ЎМ ЎєўЖ Ў™ўЖўЕўКЎ™ўЗ ўДЎІ ўКЎ≥Ў™ЎЈўК  ЎєўИўЖ ЎіЎ±ЎІЎ° ЎІўДЎ£ЎіўКЎІЎ° ЎМ ўИЎЇЎІўД"))
---
> * 15 FETCH (FIRSTLINE ("ЎМ ЎєўЖ Ў™ўЖўЕўКЎ™ўЗ ўДЎІ ўКЎ≥Ў™ЎЈўК  ЎєўИўЖ ЎіЎ±ЎІЎ° ЎІўДЎ£ЎіўКЎІЎ° ЎМ ўИ"))
17,25c17,25
< * 17 FETCH (FIRSTLINE ("Ў±Ў®ўЕЎІ ЎІўДўДўЗ ўКЎ±ўКЎѓўЖЎІ ЎІўЖ ўЖўДЎ™ўВўК Ў®ЎєЎґ ЎІўДўЖЎІЎ≥ ЎІўДЎ≥ўКЎ§ўИўЖ "))
< * 18 FETCH (FIRSTLINE ("Ў±Ў®ўЕЎІ ЎІўДўДўЗ ўКЎ±ўКЎѓўЖЎІ ЎІўЖ ўЖўДЎ™ўВўК Ў®ЎєЎґ ЎІўДўЖЎІЎ≥ ЎІўДЎ≥ўКЎ§ўИўЖ "))
< * 19 FETCH (FIRSTLINE ("Ў±Ў®ўЕЎІ ЎІўДўДўЗ ўКЎ±ўКЎѓўЖЎІ ЎІўЖ ўЖўДЎ™ўВўК Ў®ЎєЎґ ЎІўДўЖЎІЎ≥ ЎІўДЎ≥ўКЎ§ўИўЖ "))
< * 20 FETCH (FIRSTLINE ("Ў±Ў®ўЕЎІ ЎІўДўДўЗ ўКЎ±ўКЎѓўЖЎІ ЎІўЖ ўЖўДЎ™ўВўК Ў®ЎєЎґ ЎІўДўЖЎІЎ≥ ЎІўДЎ≥ўКЎ§ўИўЖ "))
< * 21 FETCH (FIRSTLINE ("Ў±Ў®ўЕЎІ ЎІўДўД ўЗ ўКЎ±ўКЎѓўЖЎІ ЎІўЖ ўЖўДЎ™ўВўК Ў®ЎєЎґ ЎІўДўЖЎІ Ў≥ ЎІўДЎ≥ўКЎ§ўИ"))
< * 22 FETCH (FIRSTLINE ("Ў±Ў®ўЕЎІ ЎІўДўД ўЗ ўКЎ±ўКЎѓўЖЎІ ЎІўЖ ўЖўДЎ™ўВўК Ў®ЎєЎґ ЎІўДўЖЎІ Ў≥ ЎІўДЎ≥ўКЎ§ўИ"))
< * 23 FETCH (FIRSTLINE ("Ў±Ў®ўЕЎІ ЎІўДўД  ўЗ ўКЎ±ўКЎѓўЖЎІ ЎІўЖ ўЖўДЎ™ўВўК Ў®ЎєЎґ ЎІўДўЖЎІ Ў≥ ЎІўДЎ≥ўКЎ§ўИ"))
< * 24 FETCH (FIRSTLINE ("Ў±Ў®ўЕЎІ ЎІўДўД ўЗ ўКЎ±ўКЎѓўЖЎІ ЎІўЖ ўЖўДЎ™ўВўК Ў®ЎєЎґ ЎІўДўЖЎІ Ў≥ ЎІўДЎ≥ўКЎ§ўИ"))
< * 25 FETCH (FIRSTLINE ("Ў±Ў®ўЕЎІ ЎІўДўД ўЗ ўКЎ±ўКЎѓўЖЎІ ЎІўЖ ўЖўДЎ™ўВўК Ў®ЎєЎґ ЎІўДўЖЎІ Ў≥ ЎІўДЎ≥ўКЎ§ўИ"))
---
> * 17 FETCH (FIRSTLINE ("Ў±Ў®ўЕЎІ ЎІўДўДўЗ ўКЎ±ўКЎѓўЖЎІ ЎІўЖ ўЖўДЎ™ўВўК Ў®ЎєЎґ ЎІўДўЖЎІЎ≥ ЎІўДЎ≥ўКЎ§ўИўЖ"))
> * 18 FETCH (FIRSTLINE ("Ў±Ў®ўЕЎІ ЎІўДўДўЗ ўКЎ±ўКЎѓўЖЎІ ЎІўЖ ўЖўДЎ™ўВўК Ў®ЎєЎґ ЎІўДўЖЎІЎ≥ ЎІўДЎ≥ўКЎ§ўИўЖ"))
> * 19 FETCH (FIRSTLINE ("Ў±Ў®ўЕЎІ ЎІўДўДўЗ ўКЎ±ўКЎѓўЖЎІ ЎІўЖ ўЖўДЎ™ўВўК Ў®ЎєЎґ ЎІўДўЖЎІЎ≥ ЎІўДЎ≥ўКЎ§ўИўЖ"))
> * 20 FETCH (FIRSTLINE ("Ў±Ў®ўЕЎІ ЎІўДўДўЗ ўКЎ±ўКЎѓўЖЎІ ЎІўЖ ўЖўДЎ™ўВўК Ў®ЎєЎґ ЎІўДўЖЎІЎ≥ ЎІўДЎ≥ўКЎ§ўИўЖ"))
> * 21 FETCH (FIRSTLINE ("Ў±Ў®ўЕЎІ ЎІўДўД ўЗ ўКЎ±ўКЎѓўЖЎІ ЎІўЖ ўЖўДЎ™ўВўК Ў®ЎєЎґ ЎІўДўЖЎІ Ў≥ ЎІўДЎ≥ўКЎ§"))
> * 22 FETCH (FIRSTLINE ("Ў±Ў®ўЕЎІ ЎІўДўД ўЗ ўКЎ±ўКЎѓўЖЎІ ЎІўЖ ўЖўДЎ™ўВўК Ў®ЎєЎґ ЎІўДўЖЎІ Ў≥ ЎІўДЎ≥ўКЎ§"))
> * 23 FETCH (FIRSTLINE ("Ў±Ў®ўЕЎІ ЎІўДўД  ўЗ ўКЎ±ўКЎѓўЖЎІ ЎІўЖ ўЖўДЎ™ўВўК Ў®ЎєЎґ ЎІўДўЖЎІ Ў≥ ЎІўД"))
> * 24 FETCH (FIRSTLINE ("Ў±Ў®ўЕЎІ ЎІўДўД ўЗ ўКЎ±ўКЎѓўЖЎІ ЎІўЖ ўЖўДЎ™ўВўК Ў®ЎєЎґ ЎІўДўЖЎІ Ў≥ ЎІўДЎ≥ўКЎ§"))
> * 25 FETCH (FIRSTLINE ("Ў±Ў®ўЕЎІ ЎІўДўД ўЗ ўКЎ±ўКЎѓўЖЎІ ЎІўЖ ўЖўДЎ™ўВўК Ў®ЎєЎґ ЎІўДўЖЎІ Ў≥ "))
1,25c1,25
< ўДЎІ Ў™Ў®ўГ ўДЎІўЖўЗ ЎІўЖЎ™ўЗўК ЎІЎ®Ў™Ў≥ўЕ ! ўЕЎє ЎІўДЎ≠ЎѓЎЂ "))
< ўДЎІ Ў™Ў®ўГ ўДЎІўЖўЗ ЎІўЖЎ™ўЗўК ЎІЎ®Ў™Ў≥ўЕ ! ўЕЎє ЎІўДЎ≠ЎѓЎЂ "))
< ўДЎІ Ў™Ў®ўГ ўДЎІўЖўЗ ЎІўЖЎ™ўЗ ўК ЎІЎ®Ў™Ў≥ўЕ ! ўЕЎє ЎІўДЎ≠ЎѓЎЂ "))
< ўДЎІ Ў™Ў®ўГ ўДЎІўЖўЗ ЎІўЖЎ™ўЗўК ЎІЎ®Ў™Ў≥ўЕ ! ўЕЎє ЎІўДЎ≠ЎѓЎЂ  "))
< ўДўКЎ≥ ўДЎІўЖўГ ўЕўЖ ЎІўЖЎ™ ўИўДўГўЖ ўДЎІўЖ ЎєўЖЎѓўЕЎІ ЎІўГўИўЖ "))
< ўДўКЎ≥ ўДЎІўЖўГ ўЕўЖ ЎІўЖЎ™ ўИўДўГўЖ ўДЎІўЖ ЎєўЖЎѓўЕЎІ ЎІўГўИўЖ "))
< ўДўКЎ≥ ўДЎІўЖўГ  ўЕўЖ ЎІўЖЎ™ ўИўДўГўЖ ўДЎІўЖ ЎєўЖЎѓўЕЎІ ЎІўГўИўЖ "))
< ўДўКЎ≥ ўДЎІўЖўГ ўЕўЖ ЎІўЖЎ™ ўИўДўГўЖ ўДЎІўЖ ЎєўЖЎѓўЕЎІ ЎІўГўИўЖ  "))
< ЎМ ЎєўЖ Ў™ўЖўЕўКЎ™ўЗ ўДЎІ ўКЎ≥Ў™ЎЈўКЎєўИўЖ ЎіЎ±ЎІЎ° ЎІўДЎ£ЎіўКЎІЎ° ЎМ ўИЎЇЎІўДЎ®"))
< ЎМ ЎєўЖ Ў™ўЖўЕўКЎ™ўЗ ўДЎІ ўКЎ≥Ў™ЎЈўКЎєўИўЖ ЎіЎ±ЎІЎ° ЎІўДЎ£ЎіўКЎІЎ° ЎМ ўИЎЇЎІўДЎ®"))
< ЎМ ЎєўЖ Ў™ўЖўЕўКЎ™ўЗ ўДЎІ ўКЎ≥Ў™ЎЈўКЎєўИўЖ ЎіЎ±ЎІЎ° ЎІўДЎ£ЎіўКЎІЎ° ЎМ ўИЎЇЎІўДЎ®"))
< ЎМ ЎєўЖ Ў™ўЖўЕўКЎ™ўЗ ўДЎІ ўКЎ≥Ў™ЎЈўКЎєўИўЖ ЎіЎ±ЎІЎ° ЎІўДЎ£ЎіўКЎІЎ° ЎМ ўИЎЇЎІўДЎ®"))
< ЎМ ЎєўЖ Ў™ўЖўЕўКЎ™ўЗ ўДЎІ ўКЎ≥Ў™ЎЈўК ЎєўИўЖ ЎіЎ±ЎІЎ° ЎІўДЎ£ЎіўКЎІЎ° ЎМ ўИЎЇЎІўД"))
< ЎМ ЎєўЖ Ў™ўЖўЕўКЎ™ўЗ ўДЎІ ўКЎ≥Ў™ЎЈўК ЎєўИўЖ ЎіЎ±ЎІЎ° ЎІўДЎ£ЎіўКЎІЎ° ЎМ ўИЎЇЎІўД"))
< ЎМ ЎєўЖ Ў™ўЖўЕўКЎ™ўЗ ўДЎІ ўКЎ≥Ў™ЎЈўК  ЎєўИўЖ ЎіЎ±ЎІЎ° ЎІўДЎ£ЎіўКЎІЎ° ЎМ ўИЎЇЎІўД"))
< ЎМ ЎєўЖ Ў™ўЖўЕўКЎ™ўЗ ўДЎІ ўКЎ≥Ў™ЎЈўК ЎєўИўЖ ЎіЎ±ЎІЎ° ЎІўДЎ£ЎіўКЎІЎ° ЎМ ўИЎЇЎІўД"))
< Ў±Ў®ўЕЎІ ЎІўДўДўЗ ўКЎ±ўКЎѓўЖЎІ ЎІўЖ ўЖўДЎ™ўВўК Ў®ЎєЎґ ЎІўДўЖЎІЎ≥ ЎІўДЎ≥ўКЎ§ўИўЖ "))
< Ў±Ў®ўЕЎІ ЎІўДўДўЗ ўКЎ±ўКЎѓўЖЎІ ЎІўЖ ўЖўДЎ™ўВўК Ў®ЎєЎґ ЎІўДўЖЎІЎ≥ ЎІўДЎ≥ўКЎ§ўИўЖ "))
< Ў±Ў®ўЕЎІ ЎІўДўДўЗ ўКЎ±ўКЎѓўЖЎІ ЎІўЖ ўЖўДЎ™ўВўК Ў®ЎєЎґ ЎІўДўЖЎІЎ≥ ЎІўДЎ≥ўКЎ§ўИўЖ "))
< Ў±Ў®ўЕЎІ ЎІўДўДўЗ ўКЎ±ўКЎѓўЖЎІ ЎІўЖ ўЖўДЎ™ўВўК Ў®ЎєЎґ ЎІўДўЖЎІЎ≥ ЎІўДЎ≥ўКЎ§ўИўЖ "))
< Ў±Ў®ўЕЎІ ЎІўДўД ўЗ ўКЎ±ўКЎѓўЖЎІ ЎІўЖ ўЖўДЎ™ўВўК Ў®ЎєЎґ ЎІўДўЖЎІ Ў≥ ЎІўДЎ≥ўКЎ§ўИ"))
< Ў±Ў®ўЕЎІ ЎІўДўД ўЗ ўКЎ±ўКЎѓўЖЎІ ЎІўЖ ўЖўДЎ™ўВўК Ў®ЎєЎґ ЎІўДўЖЎІ Ў≥ ЎІўДЎ≥ўКЎ§ўИ"))
< Ў±Ў®ўЕЎІ ЎІўДўД  ўЗ ўКЎ±ўКЎѓўЖЎІ ЎІўЖ ўЖўДЎ™ўВўК Ў®ЎєЎґ ЎІўДўЖЎІ Ў≥ ЎІўДЎ≥ўКЎ§ўИ"))
< Ў±Ў®ўЕЎІ ЎІўДўД ўЗ ўКЎ±ўКЎѓўЖЎІ ЎІўЖ ўЖўДЎ™ўВўК Ў®ЎєЎґ ЎІўДўЖЎІ Ў≥ ЎІўДЎ≥ўКЎ§ўИ"))
< Ў±Ў®ўЕЎІ ЎІўДўД ўЗ ўКЎ±ўКЎѓўЖЎІ ЎІўЖ ўЖўДЎ™ўВўК Ў®ЎєЎґ ЎІўДўЖЎІ Ў≥ ЎІўДЎ≥ўКЎ§ўИ"))
---
> * 1 FETCH (FIRSTLINE ("ўДЎІ Ў™Ў®ўГ ўДЎІўЖўЗ ЎІўЖЎ™ўЗўК ЎІЎ®Ў™Ў≥ўЕ ! ўЕЎє ЎІўДЎ≠ЎѓЎЂ "))
> * 2 FETCH (FIRSTLINE ("ўДЎІ Ў™Ў®ўГ ўДЎІўЖўЗ ЎІўЖЎ™ўЗўК ЎІЎ®Ў™Ў≥ўЕ ! ўЕЎє ЎІўДЎ≠ЎѓЎЂ "))
> * 3 FETCH (FIRSTLINE ("ўДЎІ Ў™Ў®ўГ ўДЎІўЖўЗ ЎІўЖЎ™ўЗ ўК ЎІЎ®Ў™Ў≥ўЕ ! ўЕЎє ЎІўДЎ≠ЎѓЎЂ "))
> * 4 FETCH (FIRSTLINE ("ўДЎІ Ў™Ў®ўГ ўДЎІўЖўЗ ЎІўЖЎ™ўЗўК ЎІЎ®Ў™Ў≥ўЕ ! ўЕЎє ЎІўДЎ≠ЎѓЎЂ  "))
> * 5 FETCH (FIRSTLINE ("ўДўКЎ≥ ўДЎІўЖўГ ўЕўЖ ЎІўЖЎ™ ўИўДўГўЖ ўДЎІўЖ ЎєўЖЎѓўЕЎІ ЎІўГўИўЖ "))
> * 6 FETCH (FIRSTLINE ("ўДўКЎ≥ ўДЎІўЖўГ ўЕўЖ ЎІўЖЎ™ ўИўДўГўЖ ўДЎІўЖ ЎєўЖЎѓўЕЎІ ЎІўГўИўЖ "))
> * 7 FETCH (FIRSTLINE ("ўДўКЎ≥ ўДЎІўЖўГ  ўЕўЖ ЎІўЖЎ™ ўИўДўГўЖ ўДЎІўЖ ЎєўЖЎѓўЕЎІ ЎІўГўИўЖ "))
> * 8 FETCH (FIRSTLINE ("ўДўКЎ≥ ўДЎІўЖўГ ўЕўЖ ЎІўЖЎ™ ўИўДўГўЖ ўДЎІўЖ ЎєўЖЎѓўЕЎІ ЎІўГўИўЖ  "))
> * 9 FETCH (FIRSTLINE ("ЎМ ЎєўЖ Ў™ўЖўЕўКЎ™ўЗ ўДЎІ ўКЎ≥Ў™ЎЈўКЎєўИўЖ ЎіЎ±ЎІЎ° ЎІўДЎ£ЎіўКЎІЎ° ЎМ ўИЎЇЎІўДЎ®"))
> * 10 FETCH (FIRSTLINE ("ЎМ ЎєўЖ Ў™ўЖўЕўКЎ™ўЗ ўДЎІ ўКЎ≥Ў™ЎЈўКЎєўИўЖ ЎіЎ±ЎІЎ° ЎІўДЎ£ЎіўКЎІЎ° ЎМ ўИЎЇЎІўДЎ®"))
> * 11 FETCH (FIRSTLINE ("ЎМ ЎєўЖ Ў™ўЖўЕўКЎ™ўЗ ўДЎІ ўКЎ≥Ў™ЎЈўКЎєўИўЖ ЎіЎ±ЎІЎ° ЎІўДЎ£ЎіўКЎІЎ° ЎМ ўИЎЇЎІўДЎ®"))
> * 12 FETCH (FIRSTLINE ("ЎМ ЎєўЖ Ў™ўЖўЕўКЎ™ўЗ ўДЎІ ўКЎ≥Ў™ЎЈўКЎєўИўЖ ЎіЎ±ЎІЎ° ЎІўДЎ£ЎіўКЎІЎ° ЎМ ўИЎЇЎІўДЎ®"))
> * 13 FETCH (FIRSTLINE ("ЎМ ЎєўЖ Ў™ўЖўЕўКЎ™ўЗ ўДЎІ ўКЎ≥Ў™ЎЈўК ЎєўИўЖ ЎіЎ±ЎІЎ° ЎІўДЎ£ЎіўКЎІЎ° ЎМ ўИЎЇЎІўД"))
> * 14 FETCH (FIRSTLINE ("ЎМ ЎєўЖ Ў™ўЖўЕўКЎ™ўЗ ўДЎІ ўКЎ≥Ў™ЎЈўК ЎєўИўЖ ЎіЎ±ЎІЎ° ЎІўДЎ£ЎіўКЎІЎ° ЎМ ўИЎЇЎІўД"))
> * 15 FETCH (FIRSTLINE ("ЎМ ЎєўЖ Ў™ўЖўЕўКЎ™ўЗ ўДЎІ ўКЎ≥Ў™ЎЈўК  ЎєўИўЖ ЎіЎ±ЎІЎ° ЎІўДЎ£ЎіўКЎІЎ° ЎМ ўИЎЇЎІўД"))
> * 16 FETCH (FIRSTLINE ("ЎМ ЎєўЖ Ў™ўЖўЕўКЎ™ўЗ ўДЎІ ўКЎ≥Ў™ЎЈўК ЎєўИўЖ ЎіЎ±ЎІЎ° ЎІўДЎ£ЎіўКЎІЎ° ЎМ ўИЎЇЎІўД"))
> * 17 FETCH (FIRSTLINE ("Ў±Ў®ўЕЎІ ЎІўДўДўЗ ўКЎ±ўКЎѓўЖЎІ ЎІўЖ ўЖўДЎ™ўВўК Ў®ЎєЎґ ЎІўДўЖЎІЎ≥ ЎІўДЎ≥ўКЎ§ўИўЖ "))
> * 18 FETCH (FIRSTLINE ("Ў±Ў®ўЕЎІ ЎІўДўДўЗ ўКЎ±ўКЎѓўЖЎІ ЎІўЖ ўЖўДЎ™ўВўК Ў®ЎєЎґ ЎІўДўЖЎІЎ≥ ЎІўДЎ≥ўКЎ§ўИўЖ "))
> * 19 FETCH (FIRSTLINE ("Ў±Ў®ўЕЎІ ЎІўДўДўЗ ўКЎ±ўКЎѓўЖЎІ ЎІўЖ ўЖўДЎ™ўВўК Ў®ЎєЎґ ЎІўДўЖЎІЎ≥ ЎІўДЎ≥ўКЎ§ўИўЖ "))
> * 20 FETCH (FIRSTLINE ("Ў±Ў®ўЕЎІ ЎІўДўДўЗ ўКЎ±ўКЎѓўЖЎІ ЎІўЖ ўЖўДЎ™ўВўК Ў®ЎєЎґ ЎІўДўЖЎІЎ≥ ЎІўДЎ≥ўКЎ§ўИўЖ "))
> * 21 FETCH (FIRSTLINE ("Ў±Ў®ўЕЎІ ЎІўДўД ўЗ ўКЎ±ўКЎѓўЖЎІ ЎІўЖ ўЖўДЎ™ўВўК Ў®ЎєЎґ ЎІўДўЖЎІ Ў≥ ЎІўДЎ≥ўКЎ§ўИ"))
> * 22 FETCH (FIRSTLINE ("Ў±Ў®ўЕЎІ ЎІўДўД ўЗ ўКЎ±ўКЎѓўЖЎІ ЎІўЖ ўЖўДЎ™ўВўК Ў®ЎєЎґ ЎІўДўЖЎІ Ў≥ ЎІўДЎ≥ўКЎ§ўИ"))
> * 23 FETCH (FIRSTLINE ("Ў±Ў®ўЕЎІ ЎІўДўД  ўЗ ўКЎ±ўКЎѓўЖЎІ ЎІўЖ ўЖўДЎ™ўВўК Ў®ЎєЎґ ЎІўДўЖЎІ Ў≥ ЎІўДЎ≥ўКЎ§ўИ"))
> * 24 FETCH (FIRSTLINE ("Ў±Ў®ўЕЎІ ЎІўДўД ўЗ ўКЎ±ўКЎѓўЖЎІ ЎІўЖ ўЖўДЎ™ўВўК Ў®ЎєЎґ ЎІўДўЖЎІ Ў≥ ЎІўДЎ≥ўКЎ§ўИ"))
> * 25 FETCH (FIRSTLINE ("Ў±Ў®ўЕЎІ ЎІўДўД ўЗ ўКЎ±ўКЎѓўЖЎІ ЎІўЖ ўЖўДЎ™ўВўК Ў®ЎєЎґ ЎІўДўЖЎІ Ў≥ ЎІўДЎ≥ўКЎ§ўИ"))
1,25c1,25
< ўДЎІ Ў™Ў®ўГ ўДЎІўЖўЗ ЎІўЖЎ™ўЗўК ЎІЎ®Ў™Ў≥ўЕ ! ўЕЎє ЎІўДЎ≠ЎѓЎЂ"))
< ўДЎІ Ў™Ў®ўГ ўДЎІўЖўЗ ЎІўЖЎ™ўЗўК ЎІЎ®Ў™Ў≥ўЕ ! ўЕЎє ЎІўДЎ≠ЎѓЎЂ"))
< ўДЎІ Ў™Ў®ўГ ўДЎІўЖўЗ ЎІўЖЎ™ўЗ ўК ЎІЎ®Ў™Ў≥ўЕ ! ўЕЎє ЎІўДЎ≠ЎѓЎЂ"))
< ўДЎІ Ў™Ў®ўГ ўДЎІўЖўЗ ЎІўЖЎ™ўЗўК ЎІЎ®Ў™Ў≥ўЕ ! ўЕЎє ЎІўДЎ≠ЎѓЎЂ "))
< ўДўКЎ≥ ўДЎІўЖўГ ўЕўЖ ЎІўЖЎ™ ўИўДўГўЖ ўДЎІўЖ ЎєўЖЎѓўЕЎІ ЎІўГўИўЖ"))
< ўДўКЎ≥ ўДЎІўЖўГ ўЕўЖ ЎІўЖЎ™ ўИўДўГўЖ ўДЎІўЖ ЎєўЖЎѓўЕЎІ ЎІўГўИўЖ"))
< ўДўКЎ≥ ўДЎІўЖўГ  ўЕўЖ ЎІўЖЎ™ ўИўДўГўЖ ўДЎІўЖ ЎєўЖЎѓўЕЎІ ЎІўГўИўЖ"))
< ўДўКЎ≥ ўДЎІўЖўГ ўЕўЖ ЎІўЖЎ™ ўИўДўГўЖ ўДЎІўЖ ЎєўЖЎѓўЕЎІ ЎІўГўИўЖ "))
< ЎМ ЎєўЖ Ў™ўЖўЕўКЎ™ўЗ ўДЎІ ўКЎ≥Ў™ЎЈўКЎєўИўЖ ЎіЎ±ЎІЎ° ЎІўДЎ£ЎіўКЎІЎ° ЎМ ўИЎЇЎІўДЎ®"))
< ЎМ ЎєўЖ Ў™ўЖўЕўКЎ™ўЗ ўДЎІ ўКЎ≥Ў™ЎЈўКЎєўИўЖ ЎіЎ±ЎІЎ° ЎІўДЎ£ЎіўКЎІЎ° ЎМ ўИЎЇЎІўДЎ®"))
< ЎМ ЎєўЖ Ў™ўЖўЕўКЎ™ўЗ ўДЎІ ўКЎ≥Ў™ЎЈўКЎєўИўЖ ЎіЎ±ЎІЎ° ЎІўДЎ£ЎіўКЎІЎ° ЎМ ўИЎЇЎІўДЎ®"))
< ЎМ ЎєўЖ Ў™ўЖўЕўКЎ™ўЗ ўДЎІ ўКЎ≥Ў™ЎЈўКЎєўИўЖ ЎіЎ±ЎІЎ° ЎІўДЎ£ЎіўКЎІЎ° ЎМ ўИЎЇЎІўДЎ®"))
< ЎМ ЎєўЖ Ў™ўЖўЕўКЎ™ўЗ ўДЎІ ўКЎ≥Ў™ЎЈўК ЎєўИўЖ ЎіЎ±ЎІЎ° ЎІўДЎ£ЎіўКЎІЎ° ЎМ ўИЎЇЎІўД"))
< ЎМ ЎєўЖ Ў™ўЖўЕўКЎ™ўЗ ўДЎІ ўКЎ≥Ў™ЎЈўК ЎєўИўЖ ЎіЎ±ЎІЎ° ЎІўДЎ£ЎіўКЎІЎ° ЎМ ўИЎЇЎІўД"))
< ЎМ ЎєўЖ Ў™ўЖўЕўКЎ™ўЗ ўДЎІ ўКЎ≥Ў™ЎЈўК  ЎєўИўЖ ЎіЎ±ЎІЎ° ЎІўДЎ£ЎіўКЎІЎ° ЎМ ўИЎЇЎІўД"))
< ЎМ ЎєўЖ Ў™ўЖўЕўКЎ™ўЗ ўДЎІ ўКЎ≥Ў™ЎЈўК ЎєўИўЖ ЎіЎ±ЎІЎ° ЎІўДЎ£ЎіўКЎІЎ° ЎМ ўИЎЇЎІўД"))
< Ў±Ў®ўЕЎІ ЎІўДўДўЗ ўКЎ±ўКЎѓўЖЎІ ЎІўЖ ўЖўДЎ™ўВўК Ў®ЎєЎґ ЎІўДўЖЎІЎ≥ ЎІўДЎ≥ўКЎ§ўИўЖ "))
< Ў±Ў®ўЕЎІ ЎІўДўДўЗ ўКЎ±ўКЎѓўЖЎІ ЎІўЖ ўЖўДЎ™ўВўК Ў®ЎєЎґ ЎІўДўЖЎІЎ≥ ЎІўДЎ≥ўКЎ§ўИўЖ "))
< Ў±Ў®ўЕЎІ ЎІўДўДўЗ ўКЎ±ўКЎѓўЖЎІ ЎІўЖ ўЖўДЎ™ўВўК Ў®ЎєЎґ ЎІўДўЖЎІЎ≥ ЎІўДЎ≥ўКЎ§ўИўЖ "))
< Ў±Ў®ўЕЎІ ЎІўДўДўЗ ўКЎ±ўКЎѓўЖЎІ ЎІўЖ ўЖўДЎ™ўВўК Ў®ЎєЎґ ЎІўДўЖЎІЎ≥ ЎІўДЎ≥ўКЎ§ўИўЖ "))
< Ў±Ў®ўЕЎІ ЎІўДўД ўЗ ўКЎ±ўКЎѓўЖЎІ ЎІўЖ ўЖўДЎ™ўВўК Ў®ЎєЎґ ЎІўДўЖЎІ Ў≥ ЎІўДЎ≥ўКЎ§ўИ"))
< Ў±Ў®ўЕЎІ ЎІўДўД ўЗ ўКЎ±ўКЎѓўЖЎІ ЎІўЖ ўЖўДЎ™ўВўК Ў®ЎєЎґ ЎІўДўЖЎІ Ў≥ ЎІўДЎ≥ўКЎ§ўИ"))
< Ў±Ў®ўЕЎІ ЎІўДўД  ўЗ ўКЎ±ўКЎѓўЖЎІ ЎІўЖ ўЖўДЎ™ўВўК Ў®ЎєЎґ ЎІўДўЖЎІ Ў≥ ЎІўДЎ≥ўКЎ§ўИ"))
< Ў±Ў®ўЕЎІ ЎІўДўД ўЗ ўКЎ±ўКЎѓўЖЎІ ЎІўЖ ўЖўДЎ™ўВўК Ў®ЎєЎґ ЎІўДўЖЎІ Ў≥ ЎІўДЎ≥ўКЎ§ўИ"))
< Ў±Ў®ўЕЎІ ЎІўДўД ўЗ ўКЎ±ўКЎѓўЖЎІ ЎІўЖ ўЖўДЎ™ўВўК Ў®ЎєЎґ ЎІўДўЖЎІ Ў≥ ЎІўДЎ≥ўКЎ§ўИ"))
---
> * 1 FETCH (FIRSTLINE ("ўДЎІ Ў™Ў®ўГ ўДЎІўЖўЗ ЎІўЖЎ™ўЗўК ЎІЎ®Ў™Ў≥ўЕ ! ўЕЎє ЎІўДЎ≠ЎѓЎЂ"))
> * 2 FETCH (FIRSTLINE ("ўДЎІ Ў™Ў®ўГ ўДЎІўЖўЗ ЎІўЖЎ™ўЗўК ЎІЎ®Ў™Ў≥ўЕ ! ўЕЎє ЎІўДЎ≠ЎѓЎЂ"))
> * 3 FETCH (FIRSTLINE ("ўДЎІ Ў™Ў®ўГ ўДЎІўЖўЗ ЎІўЖЎ™ўЗ ўК ЎІЎ®Ў™Ў≥ўЕ ! ўЕЎє ЎІўДЎ≠ЎѓЎЂ"))
> * 4 FETCH (FIRSTLINE ("ўДЎІ Ў™Ў®ўГ ўДЎІўЖўЗ ЎІўЖЎ™ўЗўК ЎІЎ®Ў™Ў≥ўЕ ! ўЕЎє ЎІўДЎ≠ЎѓЎЂ "))
> * 5 FETCH (FIRSTLINE ("ўДўКЎ≥ ўДЎІўЖўГ ўЕўЖ ЎІўЖЎ™ ўИўДўГўЖ ўДЎІўЖ ЎєўЖЎѓўЕЎІ ЎІўГўИўЖ"))
> * 6 FETCH (FIRSTLINE ("ўДўКЎ≥ ўДЎІўЖўГ ўЕўЖ ЎІўЖЎ™ ўИўДўГўЖ ўДЎІўЖ ЎєўЖЎѓўЕЎІ ЎІўГўИўЖ"))
> * 7 FETCH (FIRSTLINE ("ўДўКЎ≥ ўДЎІўЖўГ  ўЕўЖ ЎІўЖЎ™ ўИўДўГўЖ ўДЎІўЖ ЎєўЖЎѓўЕЎІ ЎІўГўИўЖ"))
> * 8 FETCH (FIRSTLINE ("ўДўКЎ≥ ўДЎІўЖўГ ўЕўЖ ЎІўЖЎ™ ўИўДўГўЖ ўДЎІўЖ ЎєўЖЎѓўЕЎІ ЎІўГўИўЖ "))
> * 9 FETCH (FIRSTLINE ("ЎМ ЎєўЖ Ў™ўЖўЕўКЎ™ўЗ ўДЎІ ўКЎ≥Ў™ЎЈўКЎєўИўЖ ЎіЎ±ЎІЎ° ЎІўДЎ£ЎіўКЎІЎ° ЎМ ўИЎЇЎІўДЎ®"))
> * 10 FETCH (FIRSTLINE ("ЎМ ЎєўЖ Ў™ўЖўЕўКЎ™ўЗ ўДЎІ ўКЎ≥Ў™ЎЈўКЎєўИўЖ ЎіЎ±ЎІЎ° ЎІўДЎ£ЎіўКЎІЎ° ЎМ ўИЎЇЎІўДЎ®"))
> * 11 FETCH (FIRSTLINE ("ЎМ ЎєўЖ Ў™ўЖўЕўКЎ™ўЗ ўДЎІ ўКЎ≥Ў™ЎЈўКЎєўИўЖ ЎіЎ±ЎІЎ° ЎІўДЎ£ЎіўКЎІЎ° ЎМ ўИЎЇЎІўДЎ®"))
> * 12 FETCH (FIRSTLINE ("ЎМ ЎєўЖ Ў™ўЖўЕўКЎ™ўЗ ўДЎІ ўКЎ≥Ў™ЎЈўКЎєўИўЖ ЎіЎ±ЎІЎ° ЎІўДЎ£ЎіўКЎІЎ° ЎМ ўИЎЇЎІўДЎ®"))
> * 13 FETCH (FIRSTLINE ("ЎМ ЎєўЖ Ў™ўЖўЕўКЎ™ўЗ ўДЎІ ўКЎ≥Ў™ЎЈўК ЎєўИўЖ ЎіЎ±ЎІЎ° ЎІўДЎ£ЎіўКЎІЎ° ЎМ ўИЎЇЎІўД"))
> * 14 FETCH (FIRSTLINE ("ЎМ ЎєўЖ Ў™ўЖўЕўКЎ™ўЗ ўДЎІ ўКЎ≥Ў™ЎЈўК ЎєўИўЖ ЎіЎ±ЎІЎ° ЎІўДЎ£ЎіўКЎІЎ° ЎМ ўИЎЇЎІўД"))
> * 15 FETCH (FIRSTLINE ("ЎМ ЎєўЖ Ў™ўЖўЕўКЎ™ўЗ ўДЎІ ўКЎ≥Ў™ЎЈўК  ЎєўИўЖ ЎіЎ±ЎІЎ° ЎІўДЎ£ЎіўКЎІЎ° ЎМ ўИЎЇЎІўД"))
> * 16 FETCH (FIRSTLINE ("ЎМ ЎєўЖ Ў™ўЖўЕўКЎ™ўЗ ўДЎІ ўКЎ≥Ў™ЎЈўК ЎєўИўЖ ЎіЎ±ЎІЎ° ЎІўДЎ£ЎіўКЎІЎ° ЎМ ўИЎЇЎІўД"))
> * 17 FETCH (FIRSTLINE ("Ў±Ў®ўЕЎІ ЎІўДўДўЗ ўКЎ±ўКЎѓўЖЎІ ЎІўЖ ўЖўДЎ™ўВўК Ў®ЎєЎґ ЎІўДўЖЎІЎ≥ ЎІўДЎ≥ўКЎ§ўИўЖ "))
> * 18 FETCH (FIRSTLINE ("Ў±Ў®ўЕЎІ ЎІўДўДўЗ ўКЎ±ўКЎѓўЖЎІ ЎІўЖ ўЖўДЎ™ўВўК Ў®ЎєЎґ ЎІўДўЖЎІЎ≥ ЎІўДЎ≥ўКЎ§ўИўЖ "))
> * 19 FETCH (FIRSTLINE ("Ў±Ў®ўЕЎІ ЎІўДўДўЗ ўКЎ±ўКЎѓўЖЎІ ЎІўЖ ўЖўДЎ™ўВўК Ў®ЎєЎґ ЎІўДўЖЎІЎ≥ ЎІўДЎ≥ўКЎ§ўИўЖ "))
> * 20 FETCH (FIRSTLINE ("Ў±Ў®ўЕЎІ ЎІўДўДўЗ ўКЎ±ўКЎѓўЖЎІ ЎІўЖ ўЖўДЎ™ўВўК Ў®ЎєЎґ ЎІўДўЖЎІЎ≥ ЎІўДЎ≥ўКЎ§ўИўЖ "))
> * 21 FETCH (FIRSTLINE ("Ў±Ў®ўЕЎІ ЎІўДўД ўЗ ўКЎ±ўКЎѓўЖЎІ ЎІўЖ ўЖўДЎ™ўВўК Ў®ЎєЎґ ЎІўДўЖЎІ Ў≥ ЎІўДЎ≥ўКЎ§ўИ"))
> * 22 FETCH (FIRSTLINE ("Ў±Ў®ўЕЎІ ЎІўДўД ўЗ ўКЎ±ўКЎѓўЖЎІ ЎІўЖ ўЖўДЎ™ўВўК Ў®ЎєЎґ ЎІўДўЖЎІ Ў≥ ЎІўДЎ≥ўКЎ§ўИ"))
> * 23 FETCH (FIRSTLINE ("Ў±Ў®ўЕЎІ ЎІўДўД  ўЗ ўКЎ±ўКЎѓўЖЎІ ЎІўЖ ўЖўДЎ™ўВўК Ў®ЎєЎґ ЎІўДўЖЎІ Ў≥ ЎІўДЎ≥ўКЎ§ўИ"))
> * 24 FETCH (FIRSTLINE ("Ў±Ў®ўЕЎІ ЎІўДўД ўЗ ўКЎ±ўКЎѓўЖЎІ ЎІўЖ ўЖўДЎ™ўВўК Ў®ЎєЎґ ЎІўДўЖЎІ Ў≥ ЎІўДЎ≥ўКЎ§ўИ"))
> * 25 FETCH (FIRSTLINE ("Ў±Ў®ўЕЎІ ЎІўДўД ўЗ ўКЎ±ўКЎѓўЖЎІ ЎІўЖ ўЖўДЎ™ўВўК Ў®ЎєЎґ ЎІўДўЖЎІ Ў≥ ЎІўДЎ≥ўКЎ§ўИ"))
1,25c1,25
< ўДЎІ Ў™Ў®ўГ ўДЎІўЖўЗ ЎІўЖЎ™ўЗўК ЎІЎ®Ў™Ў≥ўЕ ! ўЕЎє ЎІўДЎ≠ЎѓЎЂ"))
< ўДЎІ Ў™Ў®ўГ ўДЎІўЖўЗ ЎІўЖЎ™ўЗўК ЎІЎ®Ў™Ў≥ўЕ ! ўЕЎє ЎІўДЎ≠ЎѓЎЂ"))
< ўДЎІ Ў™Ў®ўГ ўДЎІўЖўЗ ЎІўЖЎ™ўЗ ўК ЎІЎ®Ў™Ў≥ўЕ ! ўЕЎє ЎІўДЎ≠ЎѓЎЂ"))
< ўДЎІ Ў™Ў®ўГ ўДЎІўЖўЗ ЎІўЖЎ™ўЗўК ЎІЎ®Ў™Ў≥ўЕ ! ўЕЎє ЎІўДЎ≠ЎѓЎЂ "))
< ўДўКЎ≥ ўДЎІўЖўГ ўЕўЖ ЎІўЖЎ™ ўИўДўГўЖ ўДЎІўЖ ЎєўЖЎѓўЕЎІ ЎІўГўИўЖ"))
< ўДўКЎ≥ ўДЎІўЖўГ ўЕўЖ ЎІўЖЎ™ ўИўДўГўЖ ўДЎІўЖ ЎєўЖЎѓўЕЎІ ЎІўГўИўЖ"))
< ўДўКЎ≥ ўДЎІўЖўГ  ўЕўЖ ЎІўЖЎ™ ўИўДўГўЖ ўДЎІўЖ ЎєўЖЎѓўЕЎІ ЎІўГўИўЖ"))
< ўДўКЎ≥ ўДЎІўЖўГ ўЕўЖ ЎІўЖЎ™ ўИўДўГўЖ ўДЎІўЖ ЎєўЖЎѓўЕЎІ ЎІўГўИўЖ "))
< ЎМ ЎєўЖ Ў™ўЖўЕўКЎ™ўЗ ўДЎІ ўКЎ≥Ў™ЎЈўКЎєўИўЖ ЎіЎ±ЎІЎ° ЎІўДЎ£ЎіўКЎІЎ° ЎМ ўИЎЇЎІўДЎ®"))
< ЎМ ЎєўЖ Ў™ўЖўЕўКЎ™ўЗ ўДЎІ ўКЎ≥Ў™ЎЈўКЎєўИўЖ ЎіЎ±ЎІЎ° ЎІўДЎ£ЎіўКЎІЎ° ЎМ ўИЎЇЎІўДЎ®"))
< ЎМ ЎєўЖ Ў™ўЖўЕўКЎ™ўЗ ўДЎІ ўКЎ≥Ў™ЎЈўКЎєўИўЖ ЎіЎ±ЎІЎ° ЎІўДЎ£ЎіўКЎІЎ° ЎМ ўИЎЇЎІўДЎ®"))
< ЎМ ЎєўЖ Ў™ўЖўЕўКЎ™ўЗ ўДЎІ ўКЎ≥Ў™ЎЈўКЎєўИўЖ ЎіЎ±ЎІЎ° ЎІўДЎ£ЎіўКЎІЎ° ЎМ ўИЎЇЎІўДЎ®"))
< ЎМ ЎєўЖ Ў™ўЖўЕўКЎ™ўЗ ўДЎІ ўКЎ≥Ў™ЎЈўК ЎєўИўЖ ЎіЎ±ЎІЎ° ЎІўДЎ£ЎіўКЎІЎ° ЎМ ўИЎЇЎІўД"))
< ЎМ ЎєўЖ Ў™ўЖўЕўКЎ™ўЗ ўДЎІ ўКЎ≥Ў™ЎЈўК ЎєўИўЖ ЎіЎ±ЎІЎ° ЎІўДЎ£ЎіўКЎІЎ° ЎМ ўИЎЇЎІўД"))
< ЎМ ЎєўЖ Ў™ўЖўЕўКЎ™ўЗ ўДЎІ ўКЎ≥Ў™ЎЈўК  ЎєўИўЖ ЎіЎ±ЎІЎ° ЎІўДЎ£ЎіўКЎІЎ° ЎМ ўИЎЇЎІўД"))
< ЎМ ЎєўЖ Ў™ўЖўЕўКЎ™ўЗ ўДЎІ ўКЎ≥Ў™ЎЈўК ЎєўИўЖ ЎіЎ±ЎІЎ° ЎІўДЎ£ЎіўКЎІЎ° ЎМ ўИЎЇЎІўД"))
< Ў±Ў®ўЕЎІ ЎІўДўДўЗ ўКЎ±ўКЎѓўЖЎІ ЎІўЖ ўЖўДЎ™ўВўК Ў®ЎєЎґ ЎІўДўЖЎІЎ≥ ЎІўДЎ≥ўКЎ§ўИўЖ "))
< Ў±Ў®ўЕЎІ ЎІўДўДўЗ ўКЎ±ўКЎѓўЖЎІ ЎІўЖ ўЖўДЎ™ўВўК Ў®ЎєЎґ ЎІўДўЖЎІЎ≥ ЎІўДЎ≥ўКЎ§ўИўЖ "))
< Ў±Ў®ўЕЎІ ЎІўДўДўЗ ўКЎ±ўКЎѓўЖЎІ ЎІўЖ ўЖўДЎ™ўВўК Ў®ЎєЎґ ЎІўДўЖЎІЎ≥ ЎІўДЎ≥ўКЎ§ўИўЖ "))
< Ў±Ў®ўЕЎІ ЎІўДўДўЗ ўКЎ±ўКЎѓўЖЎІ ЎІўЖ ўЖўДЎ™ўВўК Ў®ЎєЎґ ЎІўДўЖЎІЎ≥ ЎІўДЎ≥ўКЎ§ўИўЖ "))
< Ў±Ў®ўЕЎІ ЎІўДўД ўЗ ўКЎ±ўКЎѓўЖЎІ ЎІўЖ ўЖўДЎ™ўВўК Ў®ЎєЎґ ЎІўДўЖЎІ Ў≥ ЎІўДЎ≥ўКЎ§ўИ"))
< Ў±Ў®ўЕЎІ ЎІўДўД ўЗ ўКЎ±ўКЎѓўЖЎІ ЎІўЖ ўЖўДЎ™ўВўК Ў®ЎєЎґ ЎІўДўЖЎІ Ў≥ ЎІўДЎ≥ўКЎ§ўИ"))
< Ў±Ў®ўЕЎІ ЎІўДўД  ўЗ ўКЎ±ўКЎѓўЖЎІ ЎІўЖ ўЖўДЎ™ўВўК Ў®ЎєЎґ ЎІўДўЖЎІ Ў≥ ЎІўДЎ≥ўКЎ§ўИ"))
< Ў±Ў®ўЕЎІ ЎІўДўД ўЗ ўКЎ±ўКЎѓўЖЎІ ЎІўЖ ўЖўДЎ™ўВўК Ў®ЎєЎґ ЎІўДўЖЎІ Ў≥ ЎІўДЎ≥ўКЎ§ўИ"))
< Ў±Ў®ўЕЎІ ЎІўДўД ўЗ ўКЎ±ўКЎѓўЖЎІ ЎІўЖ ўЖўДЎ™ўВўК Ў®ЎєЎґ ЎІўДўЖЎІ Ў≥ ЎІўДЎ≥ўКЎ§ўИ"))
---
> * 1 FETCH (FIRSTLINE ("ўДЎІ Ў™Ў®ўГ ўДЎІўЖўЗ ЎІўЖЎ™ўЗўК ЎІЎ®Ў™Ў≥ўЕ ! ўЕЎє ЎІўДЎ≠ЎѓЎЂ"))
> * 2 FETCH (FIRSTLINE ("ўДЎІ Ў™Ў®ўГ ўДЎІўЖўЗ ЎІўЖЎ™ўЗўК ЎІЎ®Ў™Ў≥ўЕ ! ўЕЎє ЎІўДЎ≠ЎѓЎЂ"))
> * 3 FETCH (FIRSTLINE ("ўДЎІ Ў™Ў®ўГ ўДЎІўЖўЗ ЎІўЖЎ™ўЗ ўК ЎІЎ®Ў™Ў≥ўЕ ! ўЕЎє ЎІўДЎ≠ЎѓЎЂ"))
> * 4 FETCH (FIRSTLINE ("ўДЎІ Ў™Ў®ўГ ўДЎІўЖўЗ ЎІўЖЎ™ўЗўК ЎІЎ®Ў™Ў≥ўЕ ! ўЕЎє ЎІўДЎ≠ЎѓЎЂ "))
> * 5 FETCH (FIRSTLINE ("ўДўКЎ≥ ўДЎІўЖўГ ўЕўЖ ЎІўЖЎ™ ўИўДўГўЖ ўДЎІўЖ ЎєўЖЎѓўЕЎІ ЎІўГўИўЖ"))
> * 6 FETCH (FIRSTLINE ("ўДўКЎ≥ ўДЎІўЖўГ ўЕўЖ ЎІўЖЎ™ ўИўДўГўЖ ўДЎІўЖ ЎєўЖЎѓўЕЎІ ЎІўГўИўЖ"))
> * 7 FETCH (FIRSTLINE ("ўДўКЎ≥ ўДЎІўЖўГ  ўЕўЖ ЎІўЖЎ™ ўИўДўГўЖ ўДЎІўЖ ЎєўЖЎѓўЕЎІ ЎІўГўИўЖ"))
> * 8 FETCH (FIRSTLINE ("ўДўКЎ≥ ўДЎІўЖўГ ўЕўЖ ЎІўЖЎ™ ўИўДўГўЖ ўДЎІўЖ ЎєўЖЎѓўЕЎІ ЎІўГўИўЖ "))
> * 9 FETCH (FIRSTLINE ("ЎМ ЎєўЖ Ў™ўЖўЕўКЎ™ўЗ ўДЎІ ўКЎ≥Ў™ЎЈўКЎєўИўЖ ЎіЎ±ЎІЎ° ЎІўДЎ£ЎіўКЎІЎ° ЎМ ўИЎЇЎІўДЎ®"))
> * 10 FETCH (FIRSTLINE ("ЎМ ЎєўЖ Ў™ўЖўЕўКЎ™ўЗ ўДЎІ ўКЎ≥Ў™ЎЈўКЎєўИўЖ ЎіЎ±ЎІЎ° ЎІўДЎ£ЎіўКЎІЎ° ЎМ ўИЎЇЎІўДЎ®"))
> * 11 FETCH (FIRSTLINE ("ЎМ ЎєўЖ Ў™ўЖўЕўКЎ™ўЗ ўДЎІ ўКЎ≥Ў™ЎЈўКЎєўИўЖ ЎіЎ±ЎІЎ° ЎІўДЎ£ЎіўКЎІЎ° ЎМ ўИЎЇЎІўДЎ®"))
> * 12 FETCH (FIRSTLINE ("ЎМ ЎєўЖ Ў™ўЖўЕўКЎ™ўЗ ўДЎІ ўКЎ≥Ў™ЎЈўКЎєўИўЖ ЎіЎ±ЎІЎ° ЎІўДЎ£ЎіўКЎІЎ° ЎМ ўИЎЇЎІўДЎ®"))
> * 13 FETCH (FIRSTLINE ("ЎМ ЎєўЖ Ў™ўЖўЕўКЎ™ўЗ ўДЎІ ўКЎ≥Ў™ЎЈўК ЎєўИўЖ ЎіЎ±ЎІЎ° ЎІўДЎ£ЎіўКЎІЎ° ЎМ ўИЎЇЎІўД"))
> * 14 FETCH (FIRSTLINE ("ЎМ ЎєўЖ Ў™ўЖўЕўКЎ™ўЗ ўДЎІ ўКЎ≥Ў™ЎЈўК ЎєўИўЖ ЎіЎ±ЎІЎ° ЎІўДЎ£ЎіўКЎІЎ° ЎМ ўИЎЇЎІўД"))
> * 15 FETCH (FIRSTLINE ("ЎМ ЎєўЖ Ў™ўЖўЕўКЎ™ўЗ ўДЎІ ўКЎ≥Ў™ЎЈўК  ЎєўИўЖ ЎіЎ±ЎІЎ° ЎІўДЎ£ЎіўКЎІЎ° ЎМ ўИЎЇЎІўД"))
> * 16 FETCH (FIRSTLINE ("ЎМ ЎєўЖ Ў™ўЖўЕўКЎ™ўЗ ўДЎІ ўКЎ≥Ў™ЎЈўК ЎєўИўЖ ЎіЎ±ЎІЎ° ЎІўДЎ£ЎіўКЎІЎ° ЎМ ўИЎЇЎІўД"))
> * 17 FETCH (FIRSTLINE ("Ў±Ў®ўЕЎІ ЎІўДўДўЗ ўКЎ±ўКЎѓўЖЎІ ЎІўЖ ўЖўДЎ™ўВўК Ў®ЎєЎґ ЎІўДўЖЎІЎ≥ ЎІўДЎ≥ўКЎ§ўИўЖ "))
> * 18 FETCH (FIRSTLINE ("Ў±Ў®ўЕЎІ ЎІўДўДўЗ ўКЎ±ўКЎѓўЖЎІ ЎІўЖ ўЖўДЎ™ўВўК Ў®ЎєЎґ ЎІўДўЖЎІЎ≥ ЎІўДЎ≥ўКЎ§ўИўЖ "))
> * 19 FETCH (FIRSTLINE ("Ў±Ў®ўЕЎІ ЎІўДўДўЗ ўКЎ±ўКЎѓўЖЎІ ЎІўЖ ўЖўДЎ™ўВўК Ў®ЎєЎґ ЎІўДўЖЎІЎ≥ ЎІўДЎ≥ўКЎ§ўИўЖ "))
> * 20 FETCH (FIRSTLINE ("Ў±Ў®ўЕЎІ ЎІўДўДўЗ ўКЎ±ўКЎѓўЖЎІ ЎІўЖ ўЖўДЎ™ўВўК Ў®ЎєЎґ ЎІўДўЖЎІЎ≥ ЎІўДЎ≥ўКЎ§ўИўЖ "))
> * 21 FETCH (FIRSTLINE ("Ў±Ў®ўЕЎІ ЎІўДўД ўЗ ўКЎ±ўКЎѓўЖЎІ ЎІўЖ ўЖўДЎ™ўВўК Ў®ЎєЎґ ЎІўДўЖЎІ Ў≥ ЎІўДЎ≥ўКЎ§ўИ"))
> * 22 FETCH (FIRSTLINE ("Ў±Ў®ўЕЎІ ЎІўДўД ўЗ ўКЎ±ўКЎѓўЖЎІ ЎІўЖ ўЖўДЎ™ўВўК Ў®ЎєЎґ ЎІўДўЖЎІ Ў≥ ЎІўДЎ≥ўКЎ§ўИ"))
> * 23 FETCH (FIRSTLINE ("Ў±Ў®ўЕЎІ ЎІўДўД  ўЗ ўКЎ±ўКЎѓўЖЎІ ЎІўЖ ўЖўДЎ™ўВўК Ў®ЎєЎґ ЎІўДўЖЎІ Ў≥ ЎІўДЎ≥ўКЎ§ўИ"))
> * 24 FETCH (FIRSTLINE ("Ў±Ў®ўЕЎІ ЎІўДўД ўЗ ўКЎ±ўКЎѓўЖЎІ ЎІўЖ ўЖўДЎ™ўВўК Ў®ЎєЎґ ЎІўДўЖЎІ Ў≥ ЎІўДЎ≥ўКЎ§ўИ"))
> * 25 FETCH (FIRSTLINE ("Ў±Ў®ўЕЎІ ЎІўДўД ўЗ ўКЎ±ўКЎѓўЖЎІ ЎІўЖ ўЖўДЎ™ўВўК Ў®ЎєЎґ ЎІўДўЖЎІ Ў≥ ЎІўДЎ≥ўКЎ§ўИ"))
