

!!!!!!!!!!!!!!!!!!!!!!!!!!!!Sending message1!!!!!!!!!!!!!!!!!!!!!!!!!!!!


\ sending message1:


220 mx-10-49-58-127.openwave.com ESMTP server (InterMail vM.9.05.01.00 201-2473-137-123) ready Thu, 16 Nov 2017 11:09:32 +0000
250 Sender <xx2> Ok
250 Recipient <xx1> Ok
354 Ok Send data ending with <CRLF>.<CRLF>
250 Message received: 20171116110932.BDZ522.mx-10-49-58-127.openwave.com@[10.37.2.214]
221 mx-10-49-58-127.openwave.com ESMTP server closing connection


!!!!!!!!!!!!!!!!!!!!!!!!!!!!Sending message2!!!!!!!!!!!!!!!!!!!!!!!!!!!!


\ sending message2:


220 mx-10-49-58-127.openwave.com ESMTP server (InterMail vM.9.05.01.00 201-2473-137-123) ready Thu, 16 Nov 2017 11:09:33 +0000
250 Sender <xx2> Ok
250 Recipient <xx1> Ok
354 Ok Send data ending with <CRLF>.<CRLF>
250 Message received: 20171116110933.BEA522.mx-10-49-58-127.openwave.com@[10.37.2.214]
221 mx-10-49-58-127.openwave.com ESMTP server closing connection


!!!!!!!!!!!!!!!!!!!!!!!!!!!!Sending message3!!!!!!!!!!!!!!!!!!!!!!!!!!!!


\ sending message3:


220 mx-10-49-58-127.openwave.com ESMTP server (InterMail vM.9.05.01.00 201-2473-137-123) ready Thu, 16 Nov 2017 11:09:34 +0000
250 Sender <xx2> Ok
250 Recipient <xx1> Ok
354 Ok Send data ending with <CRLF>.<CRLF>
250 Message received: 20171116110934.BEB522.mx-10-49-58-127.openwave.com@[10.37.2.214]
221 mx-10-49-58-127.openwave.com ESMTP server closing connection


!!!!!!!!!!!!!!!!!!!!!!!!!!!!Sending message4!!!!!!!!!!!!!!!!!!!!!!!!!!!!


\ sending message4:


220 mx-10-49-58-127.openwave.com ESMTP server (InterMail vM.9.05.01.00 201-2473-137-123) ready Thu, 16 Nov 2017 11:09:34 +0000
250 Sender <xx2> Ok
250 Recipient <xx1> Ok
354 Ok Send data ending with <CRLF>.<CRLF>
250 Message received: 20171116110935.BEC522.mx-10-49-58-127.openwave.com@[10.37.2.214]
221 mx-10-49-58-127.openwave.com ESMTP server closing connection


!!!!!!!!!!!!!!!!!!!!!!!!!!!!Sending message5!!!!!!!!!!!!!!!!!!!!!!!!!!!!


\ sending message5:


220 mx-10-49-58-127.openwave.com ESMTP server (InterMail vM.9.05.01.00 201-2473-137-123) ready Thu, 16 Nov 2017 11:09:35 +0000
250 Sender <xx2> Ok
250 Recipient <xx1> Ok
354 Ok Send data ending with <CRLF>.<CRLF>
250 Message received: 20171116110936.BED522.mx-10-49-58-127.openwave.com@[10.37.2.214]
221 mx-10-49-58-127.openwave.com ESMTP server closing connection


!!!!!!!!!!!!!!!!!!!!!!!!!!!!Sending message6!!!!!!!!!!!!!!!!!!!!!!!!!!!!


\ sending message6:


220 mx-10-49-58-127.openwave.com ESMTP server (InterMail vM.9.05.01.00 201-2473-137-123) ready Thu, 16 Nov 2017 11:09:36 +0000
250 Sender <xx2> Ok
250 Recipient <xx1> Ok
354 Ok Send data ending with <CRLF>.<CRLF>
250 Message received: 20171116110936.BEE522.mx-10-49-58-127.openwave.com@[10.37.2.214]
221 mx-10-49-58-127.openwave.com ESMTP server closing connection


!!!!!!!!!!!!!!!!!!!!!!!!!!!!Sending message7!!!!!!!!!!!!!!!!!!!!!!!!!!!!


\ sending message7:


220 mx-10-49-58-127.openwave.com ESMTP server (InterMail vM.9.05.01.00 201-2473-137-123) ready Thu, 16 Nov 2017 11:09:37 +0000
250 Sender <xx2> Ok
250 Recipient <xx1> Ok
354 Ok Send data ending with <CRLF>.<CRLF>
250 Message received: 20171116110937.BEF522.mx-10-49-58-127.openwave.com@[10.37.2.214]
221 mx-10-49-58-127.openwave.com ESMTP server closing connection


!!!!!!!!!!!!!!!!!!!!!!!!!!!!Sending message8!!!!!!!!!!!!!!!!!!!!!!!!!!!!


\ sending message8:


220 mx-10-49-58-127.openwave.com ESMTP server (InterMail vM.9.05.01.00 201-2473-137-123) ready Thu, 16 Nov 2017 11:09:38 +0000
250 Sender <xx2> Ok
250 Recipient <xx1> Ok
354 Ok Send data ending with <CRLF>.<CRLF>
250 Message received: 20171116110938.BEG522.mx-10-49-58-127.openwave.com@[10.37.2.214]
221 mx-10-49-58-127.openwave.com ESMTP server closing connection


!!!!!!!!!!!!!!!!!!!!!!!!!!!!Sending message9!!!!!!!!!!!!!!!!!!!!!!!!!!!!


\ sending message9:


220 mx-10-49-58-127.openwave.com ESMTP server (InterMail vM.9.05.01.00 201-2473-137-123) ready Thu, 16 Nov 2017 11:09:39 +0000
250 Sender <xx2> Ok
250 Recipient <xx1> Ok
354 Ok Send data ending with <CRLF>.<CRLF>
250 Message received: 20171116110939.BEH522.mx-10-49-58-127.openwave.com@[10.37.2.214]
221 mx-10-49-58-127.openwave.com ESMTP server closing connection


!!!!!!!!!!!!!!!!!!!!!!!!!!!!Sending message10!!!!!!!!!!!!!!!!!!!!!!!!!!!!


\ sending message10:


220 mx-10-49-58-127.openwave.com ESMTP server (InterMail vM.9.05.01.00 201-2473-137-123) ready Thu, 16 Nov 2017 11:09:39 +0000
250 Sender <xx2> Ok
250 Recipient <xx1> Ok
354 Ok Send data ending with <CRLF>.<CRLF>
250 Message received: 20171116110940.BEI522.mx-10-49-58-127.openwave.com@[10.37.2.214]
221 mx-10-49-58-127.openwave.com ESMTP server closing connection


!!!!!!!!!!!!!!!!!!!!!!!!!!!!Sending message11!!!!!!!!!!!!!!!!!!!!!!!!!!!!


\ sending message11:


220 mx-10-49-58-127.openwave.com ESMTP server (InterMail vM.9.05.01.00 201-2473-137-123) ready Thu, 16 Nov 2017 11:09:40 +0000
250 Sender <xx2> Ok
250 Recipient <xx1> Ok
354 Ok Send data ending with <CRLF>.<CRLF>
250 Message received: 20171116110941.BEJ522.mx-10-49-58-127.openwave.com@[10.37.2.214]
221 mx-10-49-58-127.openwave.com ESMTP server closing connection


!!!!!!!!!!!!!!!!!!!!!!!!!!!!Sending message12!!!!!!!!!!!!!!!!!!!!!!!!!!!!


\ sending message12:


220 mx-10-49-58-127.openwave.com ESMTP server (InterMail vM.9.05.01.00 201-2473-137-123) ready Thu, 16 Nov 2017 11:09:41 +0000
250 Sender <xx2> Ok
250 Recipient <xx1> Ok
354 Ok Send data ending with <CRLF>.<CRLF>
250 Message received: 20171116110941.BEK522.mx-10-49-58-127.openwave.com@[10.37.2.214]
221 mx-10-49-58-127.openwave.com ESMTP server closing connection


!!!!!!!!!!!!!!!!!!!!!!!!!!!!Sending message13!!!!!!!!!!!!!!!!!!!!!!!!!!!!


\ sending message13:


220 mx-10-49-58-127.openwave.com ESMTP server (InterMail vM.9.05.01.00 201-2473-137-123) ready Thu, 16 Nov 2017 11:09:42 +0000
250 Sender <xx2> Ok
250 Recipient <xx1> Ok
354 Ok Send data ending with <CRLF>.<CRLF>
250 Message received: 20171116110942.BEL522.mx-10-49-58-127.openwave.com@[10.37.2.214]
221 mx-10-49-58-127.openwave.com ESMTP server closing connection


!!!!!!!!!!!!!!!!!!!!!!!!!!!!Sending message14!!!!!!!!!!!!!!!!!!!!!!!!!!!!


\ sending message14:


220 mx-10-49-58-127.openwave.com ESMTP server (InterMail vM.9.05.01.00 201-2473-137-123) ready Thu, 16 Nov 2017 11:09:43 +0000
250 Sender <xx2> Ok
250 Recipient <xx1> Ok
354 Ok Send data ending with <CRLF>.<CRLF>
250 Message received: 20171116110943.BEM522.mx-10-49-58-127.openwave.com@[10.37.2.214]
221 mx-10-49-58-127.openwave.com ESMTP server closing connection


!!!!!!!!!!!!!!!!!!!!!!!!!!!!Sending message15!!!!!!!!!!!!!!!!!!!!!!!!!!!!


\ sending message15:


220 mx-10-49-58-127.openwave.com ESMTP server (InterMail vM.9.05.01.00 201-2473-137-123) ready Thu, 16 Nov 2017 11:09:44 +0000
250 Sender <xx2> Ok
250 Recipient <xx1> Ok
354 Ok Send data ending with <CRLF>.<CRLF>
250 Message received: 20171116110944.BEN522.mx-10-49-58-127.openwave.com@[10.37.2.214]
221 mx-10-49-58-127.openwave.com ESMTP server closing connection


!!!!!!!!!!!!!!!!!!!!!!!!!!!!Sending message16!!!!!!!!!!!!!!!!!!!!!!!!!!!!


\ sending message16:


220 mx-10-49-58-127.openwave.com ESMTP server (InterMail vM.9.05.01.00 201-2473-137-123) ready Thu, 16 Nov 2017 11:09:45 +0000
250 Sender <xx2> Ok
250 Recipient <xx1> Ok
354 Ok Send data ending with <CRLF>.<CRLF>
250 Message received: 20171116110945.BEO522.mx-10-49-58-127.openwave.com@[10.37.2.214]
221 mx-10-49-58-127.openwave.com ESMTP server closing connection


!!!!!!!!!!!!!!!!!!!!!!!!!!!!Sending message17!!!!!!!!!!!!!!!!!!!!!!!!!!!!


\ sending message17:


220 mx-10-49-58-127.openwave.com ESMTP server (InterMail vM.9.05.01.00 201-2473-137-123) ready Thu, 16 Nov 2017 11:09:45 +0000
250 Sender <xx2> Ok
250 Recipient <xx1> Ok
354 Ok Send data ending with <CRLF>.<CRLF>
250 Message received: 20171116110946.BEP522.mx-10-49-58-127.openwave.com@[10.37.2.214]
221 mx-10-49-58-127.openwave.com ESMTP server closing connection


!!!!!!!!!!!!!!!!!!!!!!!!!!!!Sending message18!!!!!!!!!!!!!!!!!!!!!!!!!!!!


\ sending message18:


220 mx-10-49-58-127.openwave.com ESMTP server (InterMail vM.9.05.01.00 201-2473-137-123) ready Thu, 16 Nov 2017 11:09:46 +0000
250 Sender <xx2> Ok
250 Recipient <xx1> Ok
354 Ok Send data ending with <CRLF>.<CRLF>
250 Message received: 20171116110947.BEQ522.mx-10-49-58-127.openwave.com@[10.37.2.214]
221 mx-10-49-58-127.openwave.com ESMTP server closing connection


!!!!!!!!!!!!!!!!!!!!!!!!!!!!Sending message19!!!!!!!!!!!!!!!!!!!!!!!!!!!!


\ sending message19:


220 mx-10-49-58-127.openwave.com ESMTP server (InterMail vM.9.05.01.00 201-2473-137-123) ready Thu, 16 Nov 2017 11:09:47 +0000
250 Sender <xx2> Ok
250 Recipient <xx1> Ok
354 Ok Send data ending with <CRLF>.<CRLF>
250 Message received: 20171116110947.BER522.mx-10-49-58-127.openwave.com@[10.37.2.214]
221 mx-10-49-58-127.openwave.com ESMTP server closing connection


!!!!!!!!!!!!!!!!!!!!!!!!!!!!Sending message20!!!!!!!!!!!!!!!!!!!!!!!!!!!!


\ sending message20:


220 mx-10-49-58-127.openwave.com ESMTP server (InterMail vM.9.05.01.00 201-2473-137-123) ready Thu, 16 Nov 2017 11:09:48 +0000
250 Sender <xx2> Ok
250 Recipient <xx1> Ok
354 Ok Send data ending with <CRLF>.<CRLF>
250 Message received: 20171116110948.BES522.mx-10-49-58-127.openwave.com@[10.37.2.214]
221 mx-10-49-58-127.openwave.com ESMTP server closing connection


!!!!!!!!!!!!!!!!!!!!!!!!!!!!Sending message21!!!!!!!!!!!!!!!!!!!!!!!!!!!!


\ sending message21:


220 mx-10-49-58-127.openwave.com ESMTP server (InterMail vM.9.05.01.00 201-2473-137-123) ready Thu, 16 Nov 2017 11:09:49 +0000
250 Sender <xx2> Ok
250 Recipient <xx1> Ok
354 Ok Send data ending with <CRLF>.<CRLF>
250 Message received: 20171116110949.BET522.mx-10-49-58-127.openwave.com@[10.37.2.214]
221 mx-10-49-58-127.openwave.com ESMTP server closing connection


!!!!!!!!!!!!!!!!!!!!!!!!!!!!Sending message22!!!!!!!!!!!!!!!!!!!!!!!!!!!!


\ sending message22:


220 mx-10-49-58-127.openwave.com ESMTP server (InterMail vM.9.05.01.00 201-2473-137-123) ready Thu, 16 Nov 2017 11:09:50 +0000
250 Sender <xx2> Ok
250 Recipient <xx1> Ok
354 Ok Send data ending with <CRLF>.<CRLF>
250 Message received: 20171116110950.BEU522.mx-10-49-58-127.openwave.com@[10.37.2.214]
221 mx-10-49-58-127.openwave.com ESMTP server closing connection


!!!!!!!!!!!!!!!!!!!!!!!!!!!!Sending message23!!!!!!!!!!!!!!!!!!!!!!!!!!!!


\ sending message23:


220 mx-10-49-58-127.openwave.com ESMTP server (InterMail vM.9.05.01.00 201-2473-137-123) ready Thu, 16 Nov 2017 11:09:51 +0000
250 Sender <xx2> Ok
250 Recipient <xx1> Ok
354 Ok Send data ending with <CRLF>.<CRLF>
250 Message received: 20171116110951.BEV522.mx-10-49-58-127.openwave.com@[10.37.2.214]
221 mx-10-49-58-127.openwave.com ESMTP server closing connection


!!!!!!!!!!!!!!!!!!!!!!!!!!!!Sending message24!!!!!!!!!!!!!!!!!!!!!!!!!!!!


\ sending message24:


220 mx-10-49-58-127.openwave.com ESMTP server (InterMail vM.9.05.01.00 201-2473-137-123) ready Thu, 16 Nov 2017 11:09:51 +0000
250 Sender <xx2> Ok
250 Recipient <xx1> Ok
354 Ok Send data ending with <CRLF>.<CRLF>
250 Message received: 20171116110952.BEW522.mx-10-49-58-127.openwave.com@[10.37.2.214]
221 mx-10-49-58-127.openwave.com ESMTP server closing connection


!!!!!!!!!!!!!!!!!!!!!!!!!!!!Sending message25!!!!!!!!!!!!!!!!!!!!!!!!!!!!


\ sending message25:


220 mx-10-49-58-127.openwave.com ESMTP server (InterMail vM.9.05.01.00 201-2473-137-123) ready Thu, 16 Nov 2017 11:09:52 +0000
250 Sender <xx2> Ok
250 Recipient <xx1> Ok
354 Ok Send data ending with <CRLF>.<CRLF>
250 Message received: 20171116110953.BEX522.mx-10-49-58-127.openwave.com@[10.37.2.214]
221 mx-10-49-58-127.openwave.com ESMTP server closing connection
