

!!!!!!!!!!!!!!!!!!!!!!!!!!!!Sending message1!!!!!!!!!!!!!!!!!!!!!!!!!!!!


\ sending message1:


220 mx-172-26-202-87.openwave.com ESMTP server (InterMail vM.9.05.00.00 201-2473-137-116) ready Sun, 11 Jun 2017 19:48:51 -0700
250 Sender <xx2> Ok
250 Recipient <xx1> Ok
354 Ok Send data ending with <CRLF>.<CRLF>
250 Message received: 20170612024852.BKD32283.mx-172-26-202-87.openwave.com@[10.37.2.214]
221 mx-172-26-202-87.openwave.com ESMTP server closing connection


!!!!!!!!!!!!!!!!!!!!!!!!!!!!Sending message2!!!!!!!!!!!!!!!!!!!!!!!!!!!!


\ sending message2:


220 mx-172-26-202-87.openwave.com ESMTP server (InterMail vM.9.05.00.00 201-2473-137-116) ready Sun, 11 Jun 2017 19:48:53 -0700
250 Sender <xx2> Ok
250 Recipient <xx1> Ok
354 Ok Send data ending with <CRLF>.<CRLF>
250 Message received: 20170612024853.BKE32283.mx-172-26-202-87.openwave.com@[10.37.2.214]
221 mx-172-26-202-87.openwave.com ESMTP server closing connection


!!!!!!!!!!!!!!!!!!!!!!!!!!!!Sending message3!!!!!!!!!!!!!!!!!!!!!!!!!!!!


\ sending message3:


220 mx-172-26-202-87.openwave.com ESMTP server (InterMail vM.9.05.00.00 201-2473-137-116) ready Sun, 11 Jun 2017 19:48:54 -0700
250 Sender <xx2> Ok
250 Recipient <xx1> Ok
354 Ok Send data ending with <CRLF>.<CRLF>
250 Message received: 20170612024855.BKF32283.mx-172-26-202-87.openwave.com@[10.37.2.214]
221 mx-172-26-202-87.openwave.com ESMTP server closing connection


!!!!!!!!!!!!!!!!!!!!!!!!!!!!Sending message4!!!!!!!!!!!!!!!!!!!!!!!!!!!!


\ sending message4:


220 mx-172-26-202-87.openwave.com ESMTP server (InterMail vM.9.05.00.00 201-2473-137-116) ready Sun, 11 Jun 2017 19:48:56 -0700
250 Sender <xx2> Ok
250 Recipient <xx1> Ok
354 Ok Send data ending with <CRLF>.<CRLF>
250 Message received: 20170612024856.BKG32283.mx-172-26-202-87.openwave.com@[10.37.2.214]
221 mx-172-26-202-87.openwave.com ESMTP server closing connection


!!!!!!!!!!!!!!!!!!!!!!!!!!!!Sending message5!!!!!!!!!!!!!!!!!!!!!!!!!!!!


\ sending message5:


220 mx-172-26-202-87.openwave.com ESMTP server (InterMail vM.9.05.00.00 201-2473-137-116) ready Sun, 11 Jun 2017 19:48:57 -0700
250 Sender <xx2> Ok
250 Recipient <xx1> Ok
354 Ok Send data ending with <CRLF>.<CRLF>
250 Message received: 20170612024858.BKH32283.mx-172-26-202-87.openwave.com@[10.37.2.214]
221 mx-172-26-202-87.openwave.com ESMTP server closing connection


!!!!!!!!!!!!!!!!!!!!!!!!!!!!Sending message6!!!!!!!!!!!!!!!!!!!!!!!!!!!!


\ sending message6:


220 mx-172-26-202-87.openwave.com ESMTP server (InterMail vM.9.05.00.00 201-2473-137-116) ready Sun, 11 Jun 2017 19:48:59 -0700
250 Sender <xx2> Ok
250 Recipient <xx1> Ok
354 Ok Send data ending with <CRLF>.<CRLF>
250 Message received: 20170612024859.BKI32283.mx-172-26-202-87.openwave.com@[10.37.2.214]
221 mx-172-26-202-87.openwave.com ESMTP server closing connection


!!!!!!!!!!!!!!!!!!!!!!!!!!!!Sending message7!!!!!!!!!!!!!!!!!!!!!!!!!!!!


\ sending message7:


220 mx-172-26-202-87.openwave.com ESMTP server (InterMail vM.9.05.00.00 201-2473-137-116) ready Sun, 11 Jun 2017 19:49:00 -0700
250 Sender <xx2> Ok
250 Recipient <xx1> Ok
354 Ok Send data ending with <CRLF>.<CRLF>
250 Message received: 20170612024901.BKJ32283.mx-172-26-202-87.openwave.com@[10.37.2.214]
221 mx-172-26-202-87.openwave.com ESMTP server closing connection


!!!!!!!!!!!!!!!!!!!!!!!!!!!!Sending message8!!!!!!!!!!!!!!!!!!!!!!!!!!!!


\ sending message8:


220 mx-172-26-202-87.openwave.com ESMTP server (InterMail vM.9.05.00.00 201-2473-137-116) ready Sun, 11 Jun 2017 19:49:02 -0700
250 Sender <xx2> Ok
250 Recipient <xx1> Ok
354 Ok Send data ending with <CRLF>.<CRLF>
250 Message received: 20170612024903.BKK32283.mx-172-26-202-87.openwave.com@[10.37.2.214]
221 mx-172-26-202-87.openwave.com ESMTP server closing connection


!!!!!!!!!!!!!!!!!!!!!!!!!!!!Sending message9!!!!!!!!!!!!!!!!!!!!!!!!!!!!


\ sending message9:


220 mx-172-26-202-87.openwave.com ESMTP server (InterMail vM.9.05.00.00 201-2473-137-116) ready Sun, 11 Jun 2017 19:49:04 -0700
250 Sender <xx2> Ok
250 Recipient <xx1> Ok
354 Ok Send data ending with <CRLF>.<CRLF>
250 Message received: 20170612024904.BKL32283.mx-172-26-202-87.openwave.com@[10.37.2.214]
221 mx-172-26-202-87.openwave.com ESMTP server closing connection


!!!!!!!!!!!!!!!!!!!!!!!!!!!!Sending message10!!!!!!!!!!!!!!!!!!!!!!!!!!!!


\ sending message10:


220 mx-172-26-202-87.openwave.com ESMTP server (InterMail vM.9.05.00.00 201-2473-137-116) ready Sun, 11 Jun 2017 19:49:05 -0700
250 Sender <xx2> Ok
250 Recipient <xx1> Ok
354 Ok Send data ending with <CRLF>.<CRLF>
250 Message received: 20170612024906.BKM32283.mx-172-26-202-87.openwave.com@[10.37.2.214]
221 mx-172-26-202-87.openwave.com ESMTP server closing connection


!!!!!!!!!!!!!!!!!!!!!!!!!!!!Sending message11!!!!!!!!!!!!!!!!!!!!!!!!!!!!


\ sending message11:


220 mx-172-26-202-87.openwave.com ESMTP server (InterMail vM.9.05.00.00 201-2473-137-116) ready Sun, 11 Jun 2017 19:49:07 -0700
250 Sender <xx2> Ok
250 Recipient <xx1> Ok
354 Ok Send data ending with <CRLF>.<CRLF>
250 Message received: 20170612024907.BKN32283.mx-172-26-202-87.openwave.com@[10.37.2.214]
221 mx-172-26-202-87.openwave.com ESMTP server closing connection


!!!!!!!!!!!!!!!!!!!!!!!!!!!!Sending message12!!!!!!!!!!!!!!!!!!!!!!!!!!!!


\ sending message12:


220 mx-172-26-202-87.openwave.com ESMTP server (InterMail vM.9.05.00.00 201-2473-137-116) ready Sun, 11 Jun 2017 19:49:08 -0700
250 Sender <xx2> Ok
250 Recipient <xx1> Ok
354 Ok Send data ending with <CRLF>.<CRLF>
250 Message received: 20170612024909.BKO32283.mx-172-26-202-87.openwave.com@[10.37.2.214]
221 mx-172-26-202-87.openwave.com ESMTP server closing connection


!!!!!!!!!!!!!!!!!!!!!!!!!!!!Sending message13!!!!!!!!!!!!!!!!!!!!!!!!!!!!


\ sending message13:


220 mx-172-26-202-87.openwave.com ESMTP server (InterMail vM.9.05.00.00 201-2473-137-116) ready Sun, 11 Jun 2017 19:49:10 -0700
250 Sender <xx2> Ok
250 Recipient <xx1> Ok
354 Ok Send data ending with <CRLF>.<CRLF>
250 Message received: 20170612024910.BKP32283.mx-172-26-202-87.openwave.com@[10.37.2.214]
221 mx-172-26-202-87.openwave.com ESMTP server closing connection


!!!!!!!!!!!!!!!!!!!!!!!!!!!!Sending message14!!!!!!!!!!!!!!!!!!!!!!!!!!!!


\ sending message14:


220 mx-172-26-202-87.openwave.com ESMTP server (InterMail vM.9.05.00.00 201-2473-137-116) ready Sun, 11 Jun 2017 19:49:11 -0700
250 Sender <xx2> Ok
250 Recipient <xx1> Ok
354 Ok Send data ending with <CRLF>.<CRLF>
250 Message received: 20170612024912.BKQ32283.mx-172-26-202-87.openwave.com@[10.37.2.214]
221 mx-172-26-202-87.openwave.com ESMTP server closing connection


!!!!!!!!!!!!!!!!!!!!!!!!!!!!Sending message15!!!!!!!!!!!!!!!!!!!!!!!!!!!!


\ sending message15:


220 mx-172-26-202-87.openwave.com ESMTP server (InterMail vM.9.05.00.00 201-2473-137-116) ready Sun, 11 Jun 2017 19:49:13 -0700
250 Sender <xx2> Ok
250 Recipient <xx1> Ok
354 Ok Send data ending with <CRLF>.<CRLF>
250 Message received: 20170612024913.BKR32283.mx-172-26-202-87.openwave.com@[10.37.2.214]
221 mx-172-26-202-87.openwave.com ESMTP server closing connection


!!!!!!!!!!!!!!!!!!!!!!!!!!!!Sending message16!!!!!!!!!!!!!!!!!!!!!!!!!!!!


\ sending message16:


220 mx-172-26-202-87.openwave.com ESMTP server (InterMail vM.9.05.00.00 201-2473-137-116) ready Sun, 11 Jun 2017 19:49:14 -0700
250 Sender <xx2> Ok
250 Recipient <xx1> Ok
354 Ok Send data ending with <CRLF>.<CRLF>
250 Message received: 20170612024915.BKS32283.mx-172-26-202-87.openwave.com@[10.37.2.214]
221 mx-172-26-202-87.openwave.com ESMTP server closing connection


!!!!!!!!!!!!!!!!!!!!!!!!!!!!Sending message17!!!!!!!!!!!!!!!!!!!!!!!!!!!!


\ sending message17:


220 mx-172-26-202-87.openwave.com ESMTP server (InterMail vM.9.05.00.00 201-2473-137-116) ready Sun, 11 Jun 2017 19:49:16 -0700
250 Sender <xx2> Ok
250 Recipient <xx1> Ok
354 Ok Send data ending with <CRLF>.<CRLF>
250 Message received: 20170612024916.BKT32283.mx-172-26-202-87.openwave.com@[10.37.2.214]
221 mx-172-26-202-87.openwave.com ESMTP server closing connection


!!!!!!!!!!!!!!!!!!!!!!!!!!!!Sending message18!!!!!!!!!!!!!!!!!!!!!!!!!!!!


\ sending message18:


220 mx-172-26-202-87.openwave.com ESMTP server (InterMail vM.9.05.00.00 201-2473-137-116) ready Sun, 11 Jun 2017 19:49:17 -0700
250 Sender <xx2> Ok
250 Recipient <xx1> Ok
354 Ok Send data ending with <CRLF>.<CRLF>
250 Message received: 20170612024918.BKU32283.mx-172-26-202-87.openwave.com@[10.37.2.214]
221 mx-172-26-202-87.openwave.com ESMTP server closing connection


!!!!!!!!!!!!!!!!!!!!!!!!!!!!Sending message19!!!!!!!!!!!!!!!!!!!!!!!!!!!!


\ sending message19:


220 mx-172-26-202-87.openwave.com ESMTP server (InterMail vM.9.05.00.00 201-2473-137-116) ready Sun, 11 Jun 2017 19:49:19 -0700
250 Sender <xx2> Ok
250 Recipient <xx1> Ok
354 Ok Send data ending with <CRLF>.<CRLF>
250 Message received: 20170612024919.BKV32283.mx-172-26-202-87.openwave.com@[10.37.2.214]
221 mx-172-26-202-87.openwave.com ESMTP server closing connection


!!!!!!!!!!!!!!!!!!!!!!!!!!!!Sending message20!!!!!!!!!!!!!!!!!!!!!!!!!!!!


\ sending message20:


220 mx-172-26-202-87.openwave.com ESMTP server (InterMail vM.9.05.00.00 201-2473-137-116) ready Sun, 11 Jun 2017 19:49:20 -0700
250 Sender <xx2> Ok
250 Recipient <xx1> Ok
354 Ok Send data ending with <CRLF>.<CRLF>
250 Message received: 20170612024921.BKW32283.mx-172-26-202-87.openwave.com@[10.37.2.214]
221 mx-172-26-202-87.openwave.com ESMTP server closing connection


!!!!!!!!!!!!!!!!!!!!!!!!!!!!Sending message21!!!!!!!!!!!!!!!!!!!!!!!!!!!!


\ sending message21:


220 mx-172-26-202-87.openwave.com ESMTP server (InterMail vM.9.05.00.00 201-2473-137-116) ready Sun, 11 Jun 2017 19:49:23 -0700
250 Sender <xx2> Ok
250 Recipient <xx1> Ok
354 Ok Send data ending with <CRLF>.<CRLF>
250 Message received: 20170612024924.BKX32283.mx-172-26-202-87.openwave.com@[10.37.2.214]
221 mx-172-26-202-87.openwave.com ESMTP server closing connection


!!!!!!!!!!!!!!!!!!!!!!!!!!!!Sending message22!!!!!!!!!!!!!!!!!!!!!!!!!!!!


\ sending message22:


220 mx-172-26-202-87.openwave.com ESMTP server (InterMail vM.9.05.00.00 201-2473-137-116) ready Sun, 11 Jun 2017 19:49:25 -0700
250 Sender <xx2> Ok
250 Recipient <xx1> Ok
354 Ok Send data ending with <CRLF>.<CRLF>
250 Message received: 20170612024925.BKY32283.mx-172-26-202-87.openwave.com@[10.37.2.214]
221 mx-172-26-202-87.openwave.com ESMTP server closing connection


!!!!!!!!!!!!!!!!!!!!!!!!!!!!Sending message23!!!!!!!!!!!!!!!!!!!!!!!!!!!!


\ sending message23:


220 mx-172-26-202-87.openwave.com ESMTP server (InterMail vM.9.05.00.00 201-2473-137-116) ready Sun, 11 Jun 2017 19:49:28 -0700
250 Sender <xx2> Ok
250 Recipient <xx1> Ok
354 Ok Send data ending with <CRLF>.<CRLF>
250 Message received: 20170612024928.BKZ32283.mx-172-26-202-87.openwave.com@[10.37.2.214]
221 mx-172-26-202-87.openwave.com ESMTP server closing connection


!!!!!!!!!!!!!!!!!!!!!!!!!!!!Sending message24!!!!!!!!!!!!!!!!!!!!!!!!!!!!


\ sending message24:


220 mx-172-26-202-87.openwave.com ESMTP server (InterMail vM.9.05.00.00 201-2473-137-116) ready Sun, 11 Jun 2017 19:49:29 -0700
250 Sender <xx2> Ok
250 Recipient <xx1> Ok
354 Ok Send data ending with <CRLF>.<CRLF>
250 Message received: 20170612024930.BLA32283.mx-172-26-202-87.openwave.com@[10.37.2.214]
221 mx-172-26-202-87.openwave.com ESMTP server closing connection


!!!!!!!!!!!!!!!!!!!!!!!!!!!!Sending message25!!!!!!!!!!!!!!!!!!!!!!!!!!!!


\ sending message25:


220 mx-172-26-202-87.openwave.com ESMTP server (InterMail vM.9.05.00.00 201-2473-137-116) ready Sun, 11 Jun 2017 19:49:31 -0700
250 Sender <xx2> Ok
250 Recipient <xx1> Ok
354 Ok Send data ending with <CRLF>.<CRLF>
250 Message received: 20170612024932.BLB32283.mx-172-26-202-87.openwave.com@[10.37.2.214]
221 mx-172-26-202-87.openwave.com ESMTP server closing connection
