
!!!!!!!!!!!!!!!!!!!!!!!!!!!!fetching first line data!!!!!!!!!!!!!!!!!!!!!!!!!!!!!
* OK IMAP4 server (InterMail vM.9.05.01.00 201-2473-137-123) ready Thu, 16 Nov 2017 11:09:53 +0000 (GMT)
a OK LOGIN completed
* 25 EXISTS
* OK [UNSEEN 1] First unseen message
* OK [UIDVALIDITY 1510820600] UIDs valid
* OK [UIDNEXT 2984] Predicted next UID
* FLAGS (\Answered \Flagged \Deleted \Draft \Seen)
* OK [PERMANENTFLAGS (\* \Answered \Flagged \Deleted \Draft \Seen)] Permanent flags
* 25 RECENT
a OK [READ-WRITE] SELECT completed
* 1 FETCH (FIRSTLINE ("{60}
لا تبك لانه انتهي ابتسم ! مع الحدث"))
* 2 FETCH (FIRSTLINE ("{60}
لا تبك لانه انتهي ابتسم ! مع الحدث"))
* 3 FETCH (FIRSTLINE ("{61}
لا تبك لانه انته ي ابتسم ! مع الحدث"))
* 4 FETCH (FIRSTLINE ("{61}
لا تبك لانه انتهي ابتسم ! مع الحدث "))
* 5 FETCH (FIRSTLINE ("{63}
ليس لانك من انت ولكن لان عندما اكون"))
* 6 FETCH (FIRSTLINE ("{63}
ليس لانك من انت ولكن لان عندما اكون"))
* 7 FETCH (FIRSTLINE ("{64}
ليس لانك  من انت ولكن لان عندما اكون"))
* 8 FETCH (FIRSTLINE ("{64}
ليس لانك من انت ولكن لان عندما اكون "))
* 9 FETCH (FIRSTLINE ("{80}
، عن تنميته لا يستطيعون شراء الأشياء ، وغالب"))
* 10 FETCH (FIRSTLINE ("{80}
، عن تنميته لا يستطيعون شراء الأشياء ، وغالب"))
* 11 FETCH (FIRSTLINE ("{80}
، عن تنميته لا يستطيعون شراء الأشياء ، وغالب"))
* 12 FETCH (FIRSTLINE ("{80}
، عن تنميته لا يستطيعون شراء الأشياء ، وغالب"))
* 13 FETCH (FIRSTLINE ("{79}
، عن تنميته لا يستطي عون شراء الأشياء ، وغال"))
* 14 FETCH (FIRSTLINE ("{79}
، عن تنميته لا يستطي عون شراء الأشياء ، وغال"))
* 15 FETCH (FIRSTLINE ("{80}
، عن تنميته لا يستطي  عون شراء الأشياء ، وغال"))
* 16 FETCH (FIRSTLINE ("{79}
، عن تنميته لا يستطي عون شراء الأشياء ، وغال"))
* 17 FETCH (FIRSTLINE ("{80}
ربما الله يريدنا ان نلتقي بعض الناس السيؤون "))
* 18 FETCH (FIRSTLINE ("{80}
ربما الله يريدنا ان نلتقي بعض الناس السيؤون "))
* 19 FETCH (FIRSTLINE ("{80}
ربما الله يريدنا ان نلتقي بعض الناس السيؤون "))
* 20 FETCH (FIRSTLINE ("{80}
ربما الله يريدنا ان نلتقي بعض الناس السيؤون "))
* 21 FETCH (FIRSTLINE ("{79}
ربما الل ه يريدنا ان نلتقي بعض النا س السيؤو"))
* 22 FETCH (FIRSTLINE ("{79}
ربما الل ه يريدنا ان نلتقي بعض النا س السيؤو"))
* 23 FETCH (FIRSTLINE ("{80}
ربما الل  ه يريدنا ان نلتقي بعض النا س السيؤو"))
* 24 FETCH (FIRSTLINE ("{79}
ربما الل ه يريدنا ان نلتقي بعض النا س السيؤو"))
* 25 FETCH (FIRSTLINE ("{79}
ربما الل ه يريدنا ان نلتقي بعض النا س السيؤو"))
a OK FETCH completed
* 1 FETCH (FIRSTLINE ("{60}
لا تبك لانه انتهي ابتسم ! مع الحدث") UID 2959)
* 2 FETCH (FIRSTLINE ("{60}
لا تبك لانه انتهي ابتسم ! مع الحدث") UID 2960)
* 3 FETCH (FIRSTLINE ("{61}
لا تبك لانه انته ي ابتسم ! مع الحدث") UID 2961)
* 4 FETCH (FIRSTLINE ("{61}
لا تبك لانه انتهي ابتسم ! مع الحدث ") UID 2962)
* 5 FETCH (FIRSTLINE ("{63}
ليس لانك من انت ولكن لان عندما اكون") UID 2963)
* 6 FETCH (FIRSTLINE ("{63}
ليس لانك من انت ولكن لان عندما اكون") UID 2964)
* 7 FETCH (FIRSTLINE ("{64}
ليس لانك  من انت ولكن لان عندما اكون") UID 2965)
* 8 FETCH (FIRSTLINE ("{64}
ليس لانك من انت ولكن لان عندما اكون ") UID 2966)
* 9 FETCH (FIRSTLINE ("{80}
، عن تنميته لا يستطيعون شراء الأشياء ، وغالب") UID 2967)
* 10 FETCH (FIRSTLINE ("{80}
، عن تنميته لا يستطيعون شراء الأشياء ، وغالب") UID 2968)
* 11 FETCH (FIRSTLINE ("{80}
، عن تنميته لا يستطيعون شراء الأشياء ، وغالب") UID 2969)
* 12 FETCH (FIRSTLINE ("{80}
، عن تنميته لا يستطيعون شراء الأشياء ، وغالب") UID 2970)
* 13 FETCH (FIRSTLINE ("{79}
، عن تنميته لا يستطي عون شراء الأشياء ، وغال") UID 2971)
* 14 FETCH (FIRSTLINE ("{79}
، عن تنميته لا يستطي عون شراء الأشياء ، وغال") UID 2972)
* 15 FETCH (FIRSTLINE ("{80}
، عن تنميته لا يستطي  عون شراء الأشياء ، وغال") UID 2973)
* 16 FETCH (FIRSTLINE ("{79}
، عن تنميته لا يستطي عون شراء الأشياء ، وغال") UID 2974)
* 17 FETCH (FIRSTLINE ("{80}
ربما الله يريدنا ان نلتقي بعض الناس السيؤون ") UID 2975)
* 18 FETCH (FIRSTLINE ("{80}
ربما الله يريدنا ان نلتقي بعض الناس السيؤون ") UID 2976)
* 19 FETCH (FIRSTLINE ("{80}
ربما الله يريدنا ان نلتقي بعض الناس السيؤون ") UID 2977)
* 20 FETCH (FIRSTLINE ("{80}
ربما الله يريدنا ان نلتقي بعض الناس السيؤون ") UID 2978)
* 21 FETCH (FIRSTLINE ("{79}
ربما الل ه يريدنا ان نلتقي بعض النا س السيؤو") UID 2979)
* 22 FETCH (FIRSTLINE ("{79}
ربما الل ه يريدنا ان نلتقي بعض النا س السيؤو") UID 2980)
* 23 FETCH (FIRSTLINE ("{80}
ربما الل  ه يريدنا ان نلتقي بعض النا س السيؤو") UID 2981)
* 24 FETCH (FIRSTLINE ("{79}
ربما الل ه يريدنا ان نلتقي بعض النا س السيؤو") UID 2982)
* 25 FETCH (FIRSTLINE ("{79}
ربما الل ه يريدنا ان نلتقي بعض النا س السيؤو") UID 2983)
a OK UID FETCH completed
* BYE IMAP4 server terminating connection
a OK LOGOUT completed
