spawn ssh imail2@10.49.58.118
Password: 
Last login: Thu Nov 23 01:16:59 2017 from bigchina
[?1034hmx-10-49-58-118:imail2:Mx9.5:~$ imconfcontrol -install -key "/*/mta/autoReplySuppressList=autoanswer
> echo
> listserv
> mailerdaemon
> mailer-daemon
> mirror
> netserv
> server
> uucp
> mailer
> listproc
> majordomo
> list.manager
> ar17811" 
Reporting: appsuite on * server reported: 
Reporting: imapserv:imconfserv:imdircacheserv:imdirserv:imextserv:immgrserv:imqueueserv:mss.1:mta:popserv on mx-10-49-58-118 server reported: 
autoReplySuppressList: mta on mx-10-49-58-118 will be trivially accommodated: 
Reporting: immgrserv:mss.1 on mx-10-49-58-119 server reported: 
Reporting: immgrserv:mxos on mx-10-49-58-120 server reported: 
mx-10-49-58-118:imail2:Mx9.5:~$ imconfget -fullpath /*/mta/autoReplySuppressList
autoanswer
echo
listserv
mailerdaemon
mailer-daemon
mirror
netserv
server
uucp
mailer
listproc
majordomo
list.manager
ar17811
mx-10-49-58-118:imail2:Mx9.5:~$ spawn ssh imail2@10.49.58.118
Password: 
Last login: Thu Nov 23 01:18:13 2017 from bigchina
[?1034hmx-10-49-58-118:imail2:Mx9.5:~$ imconfcontrol -install -key "/*/mta/autoReplySuppressList=autoanswer
> echo
> listserv
> mailerdaemon
> mailer-daemon
> mirror
> netserv
> server
> uucp
> mailer
> listproc
> majordomo
> list.manager"
Reporting: appsuite on * server reported: 
Reporting: imapserv:imconfserv:imdircacheserv:imdirserv:imextserv:immgrserv:imqueueserv:mss.1:mta:popserv on mx-10-49-58-118 server reported: 
autoReplySuppressList: mta on mx-10-49-58-118 will be trivially accommodated: 
Reporting: immgrserv:mss.1 on mx-10-49-58-119 server reported: 
Reporting: immgrserv:mxos on mx-10-49-58-120 server reported: 
mx-10-49-58-118:imail2:Mx9.5:~$ spawn ssh imail2@10.49.58.118
Password: 
Last login: Thu Nov 23 01:29:37 2017 from bigchina
[?1034hmx-10-49-58-118:imail2:Mx9.5:~$ imconfcontrol -install -key "/*/mta/autoReplySuppressList=autoanswer
> echo
> listserv
> mailerdaemon
> mailer-daemon
> mirror
> netserv
> server
> uucp
> mailer
> listproc
> majordomo
> list.manager"
Reporting: appsuite on * server reported: 
Reporting: imapserv:imconfserv:imdircacheserv:imdirserv:imextserv:immgrserv:imqueueserv:mss.1:mta:popserv on mx-10-49-58-118 server reported: 
Reporting: immgrserv:mss.1 on mx-10-49-58-119 server reported: 
Reporting: immgrserv:mxos on mx-10-49-58-120 server reported: 
mx-10-49-58-118:imail2:Mx9.5:~$ spawn ssh imail2@10.49.58.118
Password: 
Last login: Thu Nov 23 01:34:35 2017 from bigchina
[?1034hmx-10-49-58-118:imail2:Mx9.5:~$ imconfcontrol -install -key "/*/mta/autoReplySuppressList=autoanswer
> echo
> listserv
> mailerdaemon
> mailer-daemon
> mirror
> netserv
> server
> uucp
> mailer
> listproc
> majordomo
> list.manager"
Reporting: appsuite on * server reported: 
Reporting: imapserv:imconfserv:imdircacheserv:imdirserv:imextserv:immgrserv:imqueueserv:mss.1:mta:popserv on mx-10-49-58-118 server reported: 
Reporting: immgrserv:mss.1 on mx-10-49-58-119 server reported: 
Reporting: immgrserv:mxos on mx-10-49-58-120 server reported: 
mx-10-49-58-118:imail2:Mx9.5:~$ spawn ssh imail2@10.49.58.118
Password: 
spawn ssh imail2@10.49.58.118
Password: 
Last login: Thu Nov 23 01:35:02 2017 from bigchina
Last login: Thu Nov 23 01:35:02 2017 from bigchina
[?1034hmx-10-49-58-118:imail2:Mx9.5:~$ [?1034hmx-10-49-58-118:imail2:Mx9.5:~$ imconfcontrol -install -key "/*/mta/autoReplySuppressList=autoanswer
> echo
> listserv
> mailerdaemon
> mailer-daemon
> mirror
> netserv
> server
> uucp
> mailer
> listproc
> majordomo
> list.manager"
imconfcontrol -install -key "/*/mta/autoReplySuppressList=autoanswer
> echo
> listserv
> mailerdaemon
> mailer-daemon
> mirror
> netserv
> server
> uucp
> mailer
> listproc
> majordomo
> list.manager"
Reporting: appsuite on * server reported: 
Reporting: imapserv:imconfserv:imdircacheserv:imdirserv:imextserv:immgrserv:imqueueserv:mss.1:mta:popserv on mx-10-49-58-118 server reported: 
Reporting: immgrserv:mss.1 on mx-10-49-58-119 server reported: 
Reporting: immgrserv:mxos on mx-10-49-58-120 server reported: 
mx-10-49-58-118:imail2:Mx9.5:~$ Reporting: appsuite on * server reported: 
Reporting: imapserv:imconfserv:imdircacheserv:imdirserv:imextserv:immgrserv:imqueueserv:mss.1:mta:popserv on mx-10-49-58-118 server reported: 
Reporting: immgrserv:mss.1 on mx-10-49-58-119 server reported: 
Reporting: immgrserv:mxos on mx-10-49-58-120 server reported: 
mx-10-49-58-118:imail2:Mx9.5:~$ spawn ssh imail2@10.49.58.118
Password: 
Last login: Thu Nov 23 01:35:24 2017 from bigchina
[?1034hmx-10-49-58-118:imail2:Mx9.5:~$ imconfcontrol -install -key "/*/mta/autoReplySuppressList=autoanswer
> echo
> listserv
> mailerdaemon
> mailer-daemon
> mirror
> netserv
> server
> uucp
> mailer
> listproc
> majordomo
> list.manager"
Reporting: appsuite on * server reported: 
Reporting: imapserv:imconfserv:imdircacheserv:imdirserv:imextserv:immgrserv:imqueueserv:mss.1:mta:popserv on mx-10-49-58-118 server reported: 
Reporting: immgrserv:mss.1 on mx-10-49-58-119 server reported: 
Reporting: immgrserv:mxos on mx-10-49-58-120 server reported: 
mx-10-49-58-118:imail2:Mx9.5:~$ spawn ssh imail2@10.49.58.118
Password: 
Last login: Thu Nov 23 01:36:03 2017 from bigchina
[?1034hmx-10-49-58-118:imail2:Mx9.5:~$ imconfcontrol -install -key "/*/mta/autoReplySuppressList=autoanswer
> echo
> listserv
> mailerdaemon
> mailer-daemon
> mirror
> netserv
> server
> uucp
> mailer
> listproc
> majordomo
> list.manager"
Reporting: appsuite on * server reported: 
Reporting: imapserv:imconfserv:imdircacheserv:imdirserv:imextserv:immgrserv:imqueueserv:mss.1:mta:popserv on mx-10-49-58-118 server reported: 
Reporting: immgrserv:mss.1 on mx-10-49-58-119 server reported: 
Reporting: immgrserv:mxos on mx-10-49-58-120 server reported: 
mx-10-49-58-118:imail2:Mx9.5:~$ spawn ssh imail2@10.49.58.118
Password: 
Last login: Thu Nov 23 03:57:47 2017 from bigchina
[?1034hmx-10-49-58-118:imail2:Mx9.5:~$ imconfcontrol -install -key "/*/mta/autoReplySuppressList=autoanswer
> echo
> listserv
> mailerdaemon
> mailer-daemon
> mirror
> netserv
> server
> uucp
> mailer
> listproc
> majordomo
> list.manager"
Reporting: appsuite on * server reported: 
Reporting: imapserv:imconfserv:imdircacheserv:imdirserv:imextserv:immgrserv:imqueueserv:mss.1:mta:popserv on mx-10-49-58-118 server reported: 
Reporting: immgrserv:mss.1 on mx-10-49-58-119 server reported: 
Reporting: immgrserv:mxos on mx-10-49-58-120 server reported: 
mx-10-49-58-118:imail2:Mx9.5:~$ 