0a1
> * 1 FETCH (FIRSTLINE (""))
0a1
> * 1 FETCH (FIRSTLINE (""))
0a1
> * 1 FETCH (FIRSTLINE (""))
0a1
> * 1 FETCH (FIRSTLINE (""))
====current path is:/home/ram/Desktop/MX9.5/Testcases/body_preview/3-Logic of selecting the firstline data/Testcases-body-preview-deal-spaces-encode-enhanced-new/good/Type-blac-bg-with-no-texts-IMAP-and-SMTP================

================Type-blac-bg-with-no-texts-IMAP-and-SMTP Test finished===============

====current path is:Type-blac-bg-with-no-texts-IMAP-and-SMTP================
====running logic-messagesend-IMAP-append-7bit ========
====running logic-messagesend-IMAP-append-8bit ========
====running logic-messagesend-IMAP-append-base64 ========
====running logic-messagesend-IMAP-append-quoted-printable ========
====running logic-messagesend-SMTP-7bit ========
====running logic-messagesend-SMTP-8bit ========
====running logic-messagesend-SMTP-base64 ========
====running logic-messagesend-SMTP-quoted-printable ========
================Type-blac-bg-with-no-texts-IMAP-and-SMTP Test finished===============
====current path is:Type-blac-bg-with-no-texts-IMAP-and-SMTP====================current path is:Type-blac-bg-with-no-texts-IMAP-and-SMTP================
====running logic-messagesend-IMAP-append-7bit ============running logic-messagesend-IMAP-append-7bit ========
Total  testcases  are:0
Success testcases are:0
Failed  testcases are:0
====running logic-messagesend-IMAP-append-8bit ============running logic-messagesend-IMAP-append-8bit ========
Total  testcases  are:2
Success testcases are:1
Failed  testcases are:1
====running logic-messagesend-IMAP-append-base64 ========
Total  testcases  are:4
Success testcases are:2
Failed  testcases are:2
====running logic-messagesend-IMAP-append-quoted-printable ========
====running logic-messagesend-SMTP-7bit ========
====running logic-messagesend-SMTP-8bit ========
====running logic-messagesend-SMTP-base64 ========
====current path is:Type-blac-bg-with-no-texts-IMAP-and-SMTP====================current path is:Type-blac-bg-with-no-texts-IMAP-and-SMTP================
====running logic-messagesend-IMAP-append-7bit ============running logic-messagesend-IMAP-append-7bit ========
====running logic-messagesend-IMAP-append-8bit ============running logic-messagesend-IMAP-append-8bit ========
====running logic-messagesend-IMAP-append-base64 ========
====running logic-messagesend-IMAP-append-quoted-printable ========
====running logic-messagesend-SMTP-7bit ========
====running logic-messagesend-SMTP-8bit ========
====running logic-messagesend-SMTP-base64 ========
====running logic-messagesend-SMTP-quoted-printable ========
================Type-blac-bg-with-no-texts-IMAP-and-SMTP Test finished===============
====current path is:Type-blac-bg-with-no-texts-IMAP-and-SMTP====================current path is:Type-blac-bg-with-no-texts-IMAP-and-SMTP================
====running logic-messagesend-IMAP-append-7bit ============running logic-messagesend-IMAP-append-7bit ========
====running logic-messagesend-IMAP-append-8bit ============running logic-messagesend-IMAP-append-8bit ========
====running logic-messagesend-IMAP-append-base64 ========
====running logic-messagesend-IMAP-append-quoted-printable ========
====running logic-messagesend-SMTP-7bit ========
====running logic-messagesend-SMTP-8bit ========
====running logic-messagesend-SMTP-base64 ========
====running logic-messagesend-SMTP-quoted-printable ========
================Type-blac-bg-with-no-texts-IMAP-and-SMTP Test finished===============
====current path is:Type-blac-bg-with-no-texts-IMAP-and-SMTP====================current path is:Type-blac-bg-with-no-texts-IMAP-and-SMTP================
====running logic-messagesend-IMAP-append-7bit ============running logic-messagesend-IMAP-append-7bit ========
====running logic-messagesend-IMAP-append-8bit ============running logic-messagesend-IMAP-append-8bit ========
====running logic-messagesend-IMAP-append-base64 ========
====running logic-messagesend-IMAP-append-quoted-printable ========
====running logic-messagesend-SMTP-7bit ========
====running logic-messagesend-SMTP-8bit ========
====running logic-messagesend-SMTP-base64 ========
====running logic-messagesend-SMTP-quoted-printable ========
================Type-blac-bg-with-no-texts-IMAP-and-SMTP Test finished===============
