
!!!!!!!!!!!!!!!!!!!!!!!!!!!!fetching first line data!!!!!!!!!!!!!!!!!!!!!!!!!!!!!
* OK IMAP4 server (InterMail vM.9.05.00.00 201-2473-137-116) ready Sun, 11 Jun 2017 20:21:07 -0700 (PDT)
a OK LOGIN completed
* 1 EXISTS
* OK [UNSEEN 1] First unseen message
* OK [UIDVALIDITY 1497231880] UIDs valid
* OK [UIDNEXT 2953] Predicted next UID
* FLAGS (\Answered \Flagged \Deleted \Draft \Seen)
* OK [PERMANENTFLAGS (\* \Answered \Flagged \Deleted \Draft \Seen)] Permanent flags
* 1 RECENT
a OK [READ-WRITE] SELECT completed
* 1 FETCH (RFC822 {1503}
Return-Path: <xx2@openwave.com>
Received: from [10.37.2.214] by mx-172-26-202-87.openwave.com
          (InterMail vM.9.05.00.00 201-2473-137-116) with SMTP
          id <20170612032106.BNV32283.mx-172-26-202-87.openwave.com@[10.37.2.214]>
          for <xx1@openwave.com>; Sun, 11 Jun 2017 20:21:06 -0700
Received: from [10.13.8.221] by mx-172-26-202-87.openwave.com
          (InterMail vM.9.05.00.00 201-2473-137-108) with ESMTP
          id <20170218100340.BGZ23163.mx-172-26-202-87.openwave.com@[10.13.8.221]>
          for <xx1@openwave.com>; Sat, 18 Feb 2017 02:03:40 -0800
Return-Path: <xx2@openwave.com>
Subject: black bg with no texts in message body
Message-ID: <495174dd-304d-e243-a31d-12b7dcd59c37@openwave.com>
Date: Sat, 18 Feb 2017 18:03:39 +0800
User-Agent: MX
MIME-Version: 1.0
Content-Type: multipart/alternative;
 boundary="------------F1E0D93818F056287555E804"
From: <xx2@openwave.com>

This is a multi-part message in MIME format.
--------------F1E0D93818F056287555E804
Content-Type: text/plain; charset=utf-8; format=flowed
Content-Transfer-Encoding: quoted-printable

--------------F1E0D93818F056287555E804
Content-Type: text/html; charset=utf-8
Content-Transfer-Encoding: 7bit

<html>
  <head>
    <meta http-equiv="content-type" content="text/html; charset=utf-8">
  </head>
  <body bgcolor="#000000" alink="#EE0000" link="#0B6CDA" text="#000000"
    vlink="#551A8B">
    <br>
  </body>
</html>

--------------F1E0D93818F056287555E804--
 FLAGS (\Recent \Seen))
a OK FETCH completed
* 1 FETCH (FIRSTLINE (""))
a OK FETCH completed
* 1 FETCH (FIRSTLINE ("") UID 2952)
a OK UID FETCH completed
* BYE IMAP4 server terminating connection
a OK LOGOUT completed
