1c1
< * 1 FETCH (FIRSTLINE (""))
---
> * 1 FETCH (FIRSTLINE ("*ØŒ ÙˆÙŠÙ…ÙƒÙ† ØªØ­ *  1.     /Nobody! / _ã„ãã¤ã«ãª _       æˆ‘ä»¬"))
1c1
< * 1 FETCH (FIRSTLINE (""))
---
> * 1 FETCH (FIRSTLINE ("*ØŒ ÙˆÙŠÙ…ÙƒÙ† ØªØ­ *  1.     /Nobody! / _ã„ãã¤ã«ãª _       æˆ‘ä»¬"))
1c1
< * 1 FETCH (FIRSTLINE ("*ØŒ ÙˆÙŠÙ…ÙƒÙ† ØªØ­ *  1.  /Nobody! / _ã„ãã¤ã«ãª _  æˆ‘ä»¬"))
---
> * 1 FETCH (FIRSTLINE ("*ØŒ ÙˆÙŠÙ…ÙƒÙ† ØªØ­ *  1.     /Nobody! / _ã„ãã¤ã«ãª _       æˆ‘ä»¬"))
1c1
< * 1 FETCH (FIRSTLINE ("*ØŒ ÙˆÙŠÙ…ÙƒÙ† ØªØ­ *  1.  /Nobody! / _ã„ãã¤ã«ãª _  æˆ‘ä»¬"))
---
> * 1 FETCH (FIRSTLINE ("*ØŒ ÙˆÙŠÙ…ÙƒÙ† ØªØ­ *  1.     /Nobody! / _ã„ãã¤ã«ãª _   æˆ‘ä»¬"))
1c1
< * 1 FETCH (FIRSTLINE ("*ØŒ ÙˆÙŠÙ…ÙƒÙ† ØªØ­ *  1.  /Nobody! / _ã„ãã¤ã«ãª _  æˆ‘ä»¬"))
---
> * 1 FETCH (FIRSTLINE ("*ØŒ ÙˆÙŠÙ…ÙƒÙ† ØªØ­ *  1.  /Nobody! / _ã„ãã¤ã«ãª _   æˆ‘ä»¬"))
1c1
< * 1 FETCH (FIRSTLINE ("*ØŒ ÙˆÙŠÙ…ÙƒÙ† ØªØ­ *  1.  /Nobody! / _ã„ãã¤ã«ãª _  æˆ‘ä»¬"))
---
> * 1 FETCH (FIRSTLINE ("*ØŒ ÙˆÙŠÙ…ÙƒÙ† ØªØ­ *  1.  /Nobody! / _ã„ãã¤ã«ãª _ æˆ‘ä»¬"))
1c1
< * 1 FETCH (FIRSTLINE ("KtiMINmI2YrZhdmD2YYg2KrYrSAqCgogMS4KICAgIC9Ob2JvZHkhIC8KCl/jgYTjgY/jgaTjgavj ga"))
---
> * 1 FETCH (FIRSTLINE ("*ØŒ ÙˆÙŠÙ…ÙƒÙ† ØªØ­ *  1.  /Nobody! / _ã„ãã¤ã«ãª _  æˆ‘ä»¬"))
1c1
< * 1 FETCH (FIRSTLINE ("*=D8=8C =D9=88=D9=8A=D9=85=D9=83=D9=86 =D8=AA=D8=AD *  1.  /Nobody! / "))
---
> * 1 FETCH (FIRSTLINE ("*ØŒ ÙˆÙŠÙ…ÙƒÙ† ØªØ­ *  1.  /Nobody! / _ã„ãã¤ã«ãª _  æˆ‘ä»¬"))
1c1
< Binary file (standard input) matches
---
> * 1 FETCH (FIRSTLINE ("*ØŒ ÙˆÙŠÙ…ÙƒÙ† ØªØ­ *  1.  /Nobody! / _ã„ãã¤ã«ãª _  æˆ‘ä»¬"))
1c1
< * 1 FETCH (FIRSTLINE ("*ØŒ ÙˆÙŠÙ…ÙƒÙ† ØªØ­ *  1.  /Nobody! / "))
---
> * 1 FETCH (FIRSTLINE ("*ØŒ ÙˆÙŠÙ…ÙƒÙ† ØªØ­ *  1.  /Nobody! / _ã„ãã¤ã«ãª _  æˆ‘ä»¬"))
1c1
< Binary file (standard input) matches
---
> * 1 FETCH (FIRSTLINE ("*ØŒ ÙˆÙŠÙ…ÙƒÙ† ØªØ­ *  1.  /Nobody! / _ã„ãã¤ã«ãª _  æˆ‘ä»¬"))
1c1
< * 1 FETCH (FIRSTLINE ("*ØŒ ÙˆÙŠÙ…ÙƒÙ† ØªØ­ *  1.  /Nobody! / "))
---
> * 1 FETCH (FIRSTLINE ("*ØŒ ÙˆÙŠÙ…ÙƒÙ† ØªØ­ *  1.  /Nobody! / _ã„ãã¤ã«ãª _  æˆ‘ä»¬"))
1c1
< Binary file (standard input) matches
---
> * 1 FETCH (FIRSTLINE ("*ØŒ ÙˆÙŠÙ…ÙƒÙ† ØªØ­ *  1.  /Nobody! / _ã„ãã¤ã«ãª _  æˆ‘ä»¬"))
1c1
< * 1 FETCH (FIRSTLINE ("*ØŒ ÙˆÙŠÙ…ÙƒÙ† ØªØ­ *  1.  /Nobody! / "))
---
> * 1 FETCH (FIRSTLINE ("*ØŒ ÙˆÙŠÙ…ÙƒÙ† ØªØ­ *  1.  /Nobody! / _ã„ãã¤ã«ãª _  æˆ‘ä»¬"))
1c1
< * 1 FETCH (FIRSTLINE ("*ØŒ ÙˆÙŠÙ…ÙƒÙ† ØªØ­ *  1.  /Nobody! / "))
---
> * 1 FETCH (FIRSTLINE ("*ØŒ ÙˆÙŠÙ…ÙƒÙ† ØªØ­ *  1.  /Nobody! /"))
1c1
< Binary file (standard input) matches
---
> * 1 FETCH (FIRSTLINE ("*ØŒ ÙˆÙŠÙ…ÙƒÙ† ØªØ­ *  1.  /Nobody! / _ã„ãã¤ã«ãª _  æˆ‘ä»¬"))
1c1
< Binary file (standard input) matches
---
> * 1 FETCH (FIRSTLINE ("*ØŒ ÙˆÙŠÙ…ÙƒÙ† ØªØ­ *  1.  /Nobody! / _ã„ãã¤ã«ãª _  æˆ‘ä»¬"))
1c1
< Binary file (standard input) matches
---
> * 1 FETCH (FIRSTLINE ("*ØŒ ÙˆÙŠÙ…ÙƒÙ† ØªØ­ *  1.  /Nobody! / _ã„ãã¤ã«ãª _  æˆ‘ä»¬"))
1c1
< Binary file (standard input) matches
---
> * 1 FETCH (FIRSTLINE ("*ØŒ ÙˆÙŠÙ…ÙƒÙ† ØªØ­ *  1.  /Nobody! / _ã„ãã¤ã«ãª _  æˆ‘ä»¬"))
1c1
< Binary file (standard input) matches
---
> * 1 FETCH (FIRSTLINE ("*ØŒ ÙˆÙŠÙ…ÙƒÙ† ØªØ­ *  1.  /Nobody! / _ã„ãã¤ã«ãª _  æˆ‘ä»¬"))
1c1
< Binary file (standard input) matches
---
> * 1 FETCH (FIRSTLINE ("*ØŒ ÙˆÙŠÙ…ÙƒÙ† ØªØ­ *  1.  /Nobody! / _ã„ãã¤ã«ãª _  æˆ‘ä»¬"))
1c1
< Binary file (standard input) matches
---
> * 1 FETCH (FIRSTLINE ("*ØŒ ÙˆÙŠÙ…ÙƒÙ† ØªØ­ *  1.  /Nobody! / _ã„ãã¤ã«ãª _  æˆ‘ä»¬"))
1c1
< Binary file (standard input) matches
---
> * 1 FETCH (FIRSTLINE ("*ØŒ ÙˆÙŠÙ…ÙƒÙ† ØªØ­ *  1.  /Nobody! / _ã„ãã¤ã«ãª _  æˆ‘ä»¬"))
1c1
< * 1 FETCH (FIRSTLINE ("*ØŒ ÙˆÙŠÙ…ÙƒÙ† ØªØ­ *  1.  /Nobody! / _ã„ãã¤ã«ã"))
---
> * 1 FETCH (FIRSTLINE ("*ØŒ ÙˆÙŠÙ…ÙƒÙ† ØªØ­ *  1.  /Nobody! / _ã„ãã¤ã«ãª _  æˆ‘ä»¬"))
1d0
< * 1 FETCH (FIRSTLINE ("*ØŒ ÙˆÙŠÙ…ÙƒÙ† ØªØ­ *  1.  /Nobody! / _ã„ãã¤ã«ã"))
0a1
> * 1 FETCH (FIRSTLINE ("*ØŒ ÙˆÙŠÙ…ÙƒÙ† ØªØ­ *  1.  /Nobody! / _ã„ãã¤ã«ãª _  æˆ‘ä»¬"))
1d0
< * 1 FETCH (FIRSTLINE ("*ØŒ ÙˆÙŠÙ…ÙƒÙ† ØªØ­ *  1.  /Nobody! / _ã„ãã¤ã«ãª _  æˆ‘ä»¬"))
1c1
< Binary file (standard input) matches
---
> * 1 FETCH (FIRSTLINE ("*ØŒ ÙˆÙŠÙ…ÙƒÙ† ØªØ­ *  1.  /Nobody! / _ã„ãã¤ã«ã"))
1c1
< Binary file (standard input) matches
---
> * 1 FETCH (FIRSTLINE ("*ØŒ ÙˆÙŠÙ…ÙƒÙ† ØªØ­ *  1.  /Nobody! / _ã„ãã¤ã«ã"))
1c1
< * 1 FETCH (FIRSTLINE ("*ØŒ ÙˆÙŠÙ…ÙƒÙ† ØªØ­ *  1.  /Nobody! / _ã„ãã¤ã«ãª _  æˆ‘ä»¬æ˜¯ä¸­"))
---
> * 1 FETCH (FIRSTLINE ("*ØŒ ÙˆÙŠÙ…ÙƒÙ† ØªØ­ *  1.  /Nobody! / _ã„ãã¤ã«ã"))
1c1
< * 1 FETCH (FIRSTLINE ("*ØŒ ÙˆÙŠÙ…ÙƒÙ† ØªØ­ *  1.  /Nobody! / _ã„ãã¤ã«ãª _  æˆ‘ä»¬"))
---
> * 1 FETCH (FIRSTLINE ("*ØŒ ÙˆÙŠÙ…ÙƒÙ† ØªØ­ *  1.  /Nobody! / _ã„ãã¤ã«ã"))
1d0
< * 1 FETCH (FIRSTLINE ("*ØŒ ÙˆÙŠÙ…ÙƒÙ† ØªØ­ *  1.  /Nobody! / _ã„ãã¤ã«ãª _  æˆ‘ä»¬"))
1c1
< * 1 FETCH (FIRSTLINE ("*ØŒ ÙˆÙŠÙ…ÙƒÙ† ØªØ­ *  1.  /Nobody! / _ã„ãã¤ã«ãª _  æˆ‘ä»¬"))
---
> * 1 FETCH (FIRSTLINE ("*ØŒ ÙˆÙŠÙ…ÙƒÙ† ØªØ­ *  1.  /Nobody! / "))
====current path is:/home/ram/Desktop/MX9.5/Testcases/body_preview/3-Logic of selecting the firstline data/Testcases-body-preview-deal-spaces-encode-enhanced-new/good/Type-black-bg-with-mixed-style-texts-IMAP-and-SMTP================

================Type-black-bg-with-mixed-style-texts-IMAP-and-SMTP Test finished===============

====current path is:Type-black-bg-with-mixed-style-texts-IMAP-and-SMTP================
====running logic-messagesend-IMAP-append-7bit ========
====running logic-messagesend-IMAP-append-8bit ========
====running logic-messagesend-IMAP-append-base64 ========
====running logic-messagesend-IMAP-append-quoted-printable ========
====running logic-messagesend-SMTP-7bit ========
====running logic-messagesend-SMTP-8bit ========
====running logic-messagesend-SMTP-base64 ========
====running logic-messagesend-SMTP-quoted-printable ========
================Type-black-bg-with-mixed-style-texts-IMAP-and-SMTP Test finished===============
====current path is:Type-black-bg-with-mixed-style-texts-IMAP-and-SMTP====================current path is:Type-black-bg-with-mixed-style-texts-IMAP-and-SMTP================
====running logic-messagesend-IMAP-append-7bit ============running logic-messagesend-IMAP-append-7bit ========
====running logic-messagesend-IMAP-append-8bit ============running logic-messagesend-IMAP-append-8bit ========
====running logic-messagesend-IMAP-append-base64 ========
====running logic-messagesend-IMAP-append-quoted-printable ========
====running logic-messagesend-SMTP-7bit ========
====running logic-messagesend-SMTP-8bit ========
====running logic-messagesend-SMTP-base64 ========
====running logic-messagesend-SMTP-quoted-printable ========
================Type-black-bg-with-mixed-style-texts-IMAP-and-SMTP Test finished===============
====current path is:Type-black-bg-with-mixed-style-texts-IMAP-and-SMTP====================current path is:Type-black-bg-with-mixed-style-texts-IMAP-and-SMTP================
====running logic-messagesend-IMAP-append-7bit ============running logic-messagesend-IMAP-append-7bit ========
====running logic-messagesend-IMAP-append-8bit ============running logic-messagesend-IMAP-append-8bit ========
====running logic-messagesend-IMAP-append-base64 ========
====running logic-messagesend-IMAP-append-quoted-printable ========
====running logic-messagesend-SMTP-7bit ========
====running logic-messagesend-SMTP-8bit ========
====running logic-messagesend-SMTP-base64 ========
====running logic-messagesend-SMTP-quoted-printable ========
================Type-black-bg-with-mixed-style-texts-IMAP-and-SMTP Test finished===============
====current path is:Type-black-bg-with-mixed-style-texts-IMAP-and-SMTP====================current path is:Type-black-bg-with-mixed-style-texts-IMAP-and-SMTP================
====running logic-messagesend-IMAP-append-7bit ============running logic-messagesend-IMAP-append-7bit ========
====running logic-messagesend-IMAP-append-8bit ============running logic-messagesend-IMAP-append-8bit ========
====running logic-messagesend-IMAP-append-base64 ========
====running logic-messagesend-IMAP-append-quoted-printable ========
====running logic-messagesend-SMTP-7bit ========
====running logic-messagesend-SMTP-8bit ========
====running logic-messagesend-SMTP-base64 ========
====running logic-messagesend-SMTP-quoted-printable ========
================Type-black-bg-with-mixed-style-texts-IMAP-and-SMTP Test finished===============
1c1
< * 1 FETCH (FIRSTLINE ("*ØŒ ÙˆÙŠÙ…ÙƒÙ† ØªØ­ *  1.  /Nobody! / _ã„ãã¤ã«ãª _  æˆ‘ä»¬æ˜¯ä¸­å›½äººï¼Œ "))
---
> * 1 FETCH (FIRSTLINE ("*ØŒ ÙˆÙŠÙ…ÙƒÙ† ØªØ­ *  1.  /Nobody! / _ã„ãã¤ã«ãª _  æˆ‘ä»¬"))
1c1
< * 1 FETCH (FIRSTLINE ("*ØŒ ÙˆÙŠÙ…ÙƒÙ† ØªØ­ *  1.  /Nobody! / _ã„ãã¤ã«ãª _  æˆ‘ä»¬æ˜¯ä¸­å›½äººï¼Œ "))
---
> * 1 FETCH (FIRSTLINE ("*ØŒ ÙˆÙŠÙ…ÙƒÙ† ØªØ­ *  1.  /Nobody! / _ã„ãã¤ã«ãª _  æˆ‘ä»¬"))
1c1
< * 1 FETCH (FIRSTLINE ("*ØŒ ÙˆÙŠÙ…ÙƒÙ† ØªØ­ *  1.  /Nobody! / _ã„ãã¤ã«ãª _  æˆ‘ä»¬æ˜¯ä¸­å›½äººï¼Œ"))
---
> * 1 FETCH (FIRSTLINE ("*ØŒ ÙˆÙŠÙ…ÙƒÙ† ØªØ­ *  1.  /Nobody! / _ã„ãã¤ã«ãª _  æˆ‘ä»¬"))
1c1
< * 1 FETCH (FIRSTLINE ("*ØŒ ÙˆÙŠÙ…ÙƒÙ† ØªØ­ *  1.  /Nobody! / _ã„ãã¤ã«ãª _  æˆ‘ä»¬æ˜¯ä¸­å›½äººï¼Œ"))
---
> * 1 FETCH (FIRSTLINE ("*ØŒ ÙˆÙŠÙ…ÙƒÙ† ØªØ­ *  1.  /Nobody! / _ã„ãã¤ã«ãª _  æˆ‘ä»¬"))
1c1
< * 1 FETCH (FIRSTLINE ("*ØŒ ÙˆÙŠÙ…ÙƒÙ† ØªØ­ *  1.  /Nobody! / _ã„ãã¤ã«ãª _  æˆ‘ä»¬æ˜¯ä¸­å›½äººï¼Œ "))
---
> * 1 FETCH (FIRSTLINE ("*ØŒ ÙˆÙŠÙ…ÙƒÙ† ØªØ­ *  1.  /Nobody! / _ã„ãã¤ã«ãª _  æˆ‘ä»¬"))
1c1
< * 1 FETCH (FIRSTLINE ("*ØŒ ÙˆÙŠÙ…ÙƒÙ† ØªØ­ *  1.  /Nobody! / _ã„ãã¤ã«ãª _  æˆ‘ä»¬æ˜¯ä¸­å›½äººï¼Œ "))
---
> * 1 FETCH (FIRSTLINE ("*ØŒ ÙˆÙŠÙ…ÙƒÙ† ØªØ­ *  1.  /Nobody! / _ã„ãã¤ã«ãª _  æˆ‘ä»¬"))
1c1
< * 1 FETCH (FIRSTLINE ("*ØŒ ÙˆÙŠÙ…ÙƒÙ† ØªØ­ *  1.  /Nobody! / _ã„ãã¤ã«ãª _  æˆ‘ä»¬æ˜¯ä¸­å›½äººï¼Œ"))
---
> * 1 FETCH (FIRSTLINE ("*ØŒ ÙˆÙŠÙ…ÙƒÙ† ØªØ­ *  1.  /Nobody! / _ã„ãã¤ã«ãª _  æˆ‘ä»¬"))
1c1
< * 1 FETCH (FIRSTLINE ("*ØŒ ÙˆÙŠÙ…ÙƒÙ† ØªØ­ *  1.  /Nobody! / _ã„ãã¤ã«ãª _  æˆ‘ä»¬æ˜¯ä¸­å›½äººï¼Œ"))
---
> * 1 FETCH (FIRSTLINE ("*ØŒ ÙˆÙŠÙ…ÙƒÙ† ØªØ­ *  1.  /Nobody! / _ã„ãã¤ã«ãª _  æˆ‘ä»¬"))
0a1
> * 1 FETCH (FIRSTLINE ("*ØŒ ÙˆÙŠÙ…ÙƒÙ† ØªØ­ *  1.  /Nobody! / _ã„ãã¤ã«ãª _  æˆ‘ä»¬"))
1c1
< * 1 FETCH (FIRSTLINE ("*ØŒ ÙˆÙŠÙ…ÙƒÙ† ØªØ­ *  1.  /Nobody! / _ã„ãã¤ã«ãª _  æˆ‘ä»¬æ˜¯ä¸­å›½äººï¼Œ "))
---
> * 1 FETCH (FIRSTLINE ("*ØŒ ÙˆÙŠÙ…ÙƒÙ† ØªØ­ *  1.  /Nobody! / _ã„ãã¤ã«ãª _  æˆ‘ä»¬"))
1c1
< * 1 FETCH (FIRSTLINE ("*ØŒ ÙˆÙŠÙ…ÙƒÙ† ØªØ­ *  1.  /Nobody! / _ã„ãã¤ã«ãª _  æˆ‘ä»¬æ˜¯ä¸­å›½äººï¼Œ"))
---
> * 1 FETCH (FIRSTLINE ("*ØŒ ÙˆÙŠÙ…ÙƒÙ† ØªØ­ *  1.  /Nobody! / _ã„ãã¤ã«ãª _  æˆ‘ä»¬"))
1c1
< * 1 FETCH (FIRSTLINE ("*ØŒ ÙˆÙŠÙ…ÙƒÙ† ØªØ­ *  1.  /Nobody! / _ã„ãã¤ã«ãª _  æˆ‘ä»¬æ˜¯ä¸­å›½äººï¼Œ"))
---
> * 1 FETCH (FIRSTLINE ("*ØŒ ÙˆÙŠÙ…ÙƒÙ† ØªØ­ *  1.  /Nobody! / _ã„ãã¤ã«ãª _  æˆ‘ä»¬"))
