
!!!!!!!!!!!!!!!!!!!!!!!!!!!!fetching first line data!!!!!!!!!!!!!!!!!!!!!!!!!!!!!
* OK IMAP4 server (InterMail vM.9.05.00.00 201-2473-137-116) ready Sun, 11 Jun 2017 20:24:24 -0700 (PDT)
a OK LOGIN completed
* 1 EXISTS
* OK [UNSEEN 1] First unseen message
* OK [UIDVALIDITY 1497231880] UIDs valid
* OK [UIDNEXT 2969] Predicted next UID
* FLAGS (\Answered \Flagged \Deleted \Draft \Seen)
* OK [PERMANENTFLAGS (\* \Answered \Flagged \Deleted \Draft \Seen)] Permanent flags
* 1 RECENT
a OK [READ-WRITE] SELECT completed
* 1 FETCH (RFC822 {2400}
Return-Path: <xx2@openwave.com>
Received: from [10.37.2.214] by mx-172-26-202-87.openwave.com
          (InterMail vM.9.05.00.00 201-2473-137-116) with SMTP
          id <20170612032422.BOD32283.mx-172-26-202-87.openwave.com@[10.37.2.214]>
          for <xx1@openwave.com>; Sun, 11 Jun 2017 20:24:22 -0700
Received: from [10.13.8.221] by mx-172-26-202-87.openwave.com
          (InterMail vM.9.05.00.00 201-2473-137-108) with ESMTP
          id <20170218104030.BHG23163.mx-172-26-202-87.openwave.com@[10.13.8.221]>
          for <xx1@openwave.com>; Sat, 18 Feb 2017 02:40:30 -0800
Return-Path: <xx2@openwave.com>
Subject: black bg with style "times,bold ,italic,underline,align center"
Message-ID: <2a17deb9-b83e-6e7d-74d7-e33ce35d7927@openwave.com>
Date: Sat, 18 Feb 2017 18:40:29 +0800
User-Agent: Mozilla/5.0 (X11; Linux x86_64; rv:45.0) Gecko/20100101
 Thunderbird/45.7.0
MIME-Version: 1.0
Content-Type: multipart/alternative;
 boundary="------------3C9C6A2F0E919F594A0AE73A"
From: <xx2@openwave.com>

This is a multi-part message in MIME format.
--------------3C9C6A2F0E919F594A0AE73A
Content-Type: text/plain; charset=utf-8; format=flowed
Content-Transfer-Encoding: quoted-printable

*=D8=8C =D9=88=D9=8A=D9=85=D9=83=D9=86 =D8=AA=D8=AD *

 1.
    /Nobody! /

_=E3=81=84=E3=81=8F=E3=81=A4=E3=81=AB=E3=81=AA _
      =E6=88=91=E4=BB=AC=E6=98=AF=E4=B8=AD=E5=9B=BD=E4=BA=BA=EF=BC=8C=
--------------3C9C6A2F0E919F594A0AE73A
Content-Type: text/html; charset=utf-8
Content-Transfer-Encoding: 8bit

<html>
  <head>
    <meta http-equiv="content-type" content="text/html; charset=utf-8">
  </head>
  <body bgcolor="#000000" alink="#EE0000" link="#0B6CDA" text="#000000"
    vlink="#551A8B">
    <font face="Times New Roman, Times, serif" color="#ffffff"><b>،
        ويمكن تح
      </b></font><font face="Times New Roman, Times, serif"><br>
    </font>
    <div align="right">
      <ol>
        <li>
          <div align="center"><font face="Times New Roman, Times, serif"
              color="#ffffff"><i>Nobody!
              </i></font></div>
        </li>
      </ol>
    </div>
    <font face="Times New Roman, Times, serif"> <font color="#ffffff"><u>いくつにな
        </u><br>
      </font><font color="#ffffff">     我们是中国人，</font></font><br>
  </body>
</html>

--------------3C9C6A2F0E919F594A0AE73A--
 FLAGS (\Recent \Seen))
a OK FETCH completed
* 1 FETCH (FIRSTLINE ("*، ويمكن تح *  1.  /Nobody! / _いくつにな _  我们是中国人，"))
a OK FETCH completed
* 1 FETCH (FIRSTLINE ("*، ويمكن تح *  1.  /Nobody! / _いくつにな _  我们是中国人，") UID 2968)
a OK UID FETCH completed
* BYE IMAP4 server terminating connection
a OK LOGOUT completed
