

!!!!!!!!!!!!!!!!!!!!!!!!!!!!Sending message1!!!!!!!!!!!!!!!!!!!!!!!!!!!!


\ sending message1:


220 mx-172-26-202-87.openwave.com ESMTP server (InterMail vM.9.05.00.00 201-2473-137-116) ready Sun, 11 Jun 2017 18:58:25 -0700
250 Sender <xx2> Ok
250 Recipient <xx1> Ok
354 Ok Send data ending with <CRLF>.<CRLF>
250 Message received: 20170612015826.AJF32283.mx-172-26-202-87.openwave.com@[10.37.2.214]
221 mx-172-26-202-87.openwave.com ESMTP server closing connection


!!!!!!!!!!!!!!!!!!!!!!!!!!!!Sending message2!!!!!!!!!!!!!!!!!!!!!!!!!!!!


\ sending message2:


220 mx-172-26-202-87.openwave.com ESMTP server (InterMail vM.9.05.00.00 201-2473-137-116) ready Sun, 11 Jun 2017 18:58:27 -0700
250 Sender <xx2> Ok
250 Recipient <xx1> Ok
354 Ok Send data ending with <CRLF>.<CRLF>
250 Message received: 20170612015827.AJG32283.mx-172-26-202-87.openwave.com@[10.37.2.214]
221 mx-172-26-202-87.openwave.com ESMTP server closing connection


!!!!!!!!!!!!!!!!!!!!!!!!!!!!Sending message3!!!!!!!!!!!!!!!!!!!!!!!!!!!!


\ sending message3:


220 mx-172-26-202-87.openwave.com ESMTP server (InterMail vM.9.05.00.00 201-2473-137-116) ready Sun, 11 Jun 2017 18:58:28 -0700
250 Sender <xx2> Ok
250 Recipient <xx1> Ok
354 Ok Send data ending with <CRLF>.<CRLF>
250 Message received: 20170612015829.AJH32283.mx-172-26-202-87.openwave.com@[10.37.2.214]
221 mx-172-26-202-87.openwave.com ESMTP server closing connection


!!!!!!!!!!!!!!!!!!!!!!!!!!!!Sending message4!!!!!!!!!!!!!!!!!!!!!!!!!!!!


\ sending message4:


220 mx-172-26-202-87.openwave.com ESMTP server (InterMail vM.9.05.00.00 201-2473-137-116) ready Sun, 11 Jun 2017 18:58:30 -0700
250 Sender <xx2> Ok
250 Recipient <xx1> Ok
354 Ok Send data ending with <CRLF>.<CRLF>
250 Message received: 20170612015830.AJI32283.mx-172-26-202-87.openwave.com@[10.37.2.214]
221 mx-172-26-202-87.openwave.com ESMTP server closing connection


!!!!!!!!!!!!!!!!!!!!!!!!!!!!Sending message5!!!!!!!!!!!!!!!!!!!!!!!!!!!!


\ sending message5:


220 mx-172-26-202-87.openwave.com ESMTP server (InterMail vM.9.05.00.00 201-2473-137-116) ready Sun, 11 Jun 2017 18:58:31 -0700
250 Sender <xx2> Ok
250 Recipient <xx1> Ok
354 Ok Send data ending with <CRLF>.<CRLF>
250 Message received: 20170612015832.AJJ32283.mx-172-26-202-87.openwave.com@[10.37.2.214]
221 mx-172-26-202-87.openwave.com ESMTP server closing connection


!!!!!!!!!!!!!!!!!!!!!!!!!!!!Sending message6!!!!!!!!!!!!!!!!!!!!!!!!!!!!


\ sending message6:


220 mx-172-26-202-87.openwave.com ESMTP server (InterMail vM.9.05.00.00 201-2473-137-116) ready Sun, 11 Jun 2017 18:58:33 -0700
250 Sender <xx2> Ok
250 Recipient <xx1> Ok
354 Ok Send data ending with <CRLF>.<CRLF>
250 Message received: 20170612015833.AJK32283.mx-172-26-202-87.openwave.com@[10.37.2.214]
221 mx-172-26-202-87.openwave.com ESMTP server closing connection


!!!!!!!!!!!!!!!!!!!!!!!!!!!!Sending message7!!!!!!!!!!!!!!!!!!!!!!!!!!!!


\ sending message7:


220 mx-172-26-202-87.openwave.com ESMTP server (InterMail vM.9.05.00.00 201-2473-137-116) ready Sun, 11 Jun 2017 18:58:34 -0700
250 Sender <xx2> Ok
250 Recipient <xx1> Ok
354 Ok Send data ending with <CRLF>.<CRLF>
250 Message received: 20170612015835.AJL32283.mx-172-26-202-87.openwave.com@[10.37.2.214]
221 mx-172-26-202-87.openwave.com ESMTP server closing connection


!!!!!!!!!!!!!!!!!!!!!!!!!!!!Sending message8!!!!!!!!!!!!!!!!!!!!!!!!!!!!


\ sending message8:


220 mx-172-26-202-87.openwave.com ESMTP server (InterMail vM.9.05.00.00 201-2473-137-116) ready Sun, 11 Jun 2017 18:58:36 -0700
250 Sender <xx2> Ok
250 Recipient <xx1> Ok
354 Ok Send data ending with <CRLF>.<CRLF>
250 Message received: 20170612015836.AJM32283.mx-172-26-202-87.openwave.com@[10.37.2.214]
221 mx-172-26-202-87.openwave.com ESMTP server closing connection


!!!!!!!!!!!!!!!!!!!!!!!!!!!!Sending message9!!!!!!!!!!!!!!!!!!!!!!!!!!!!


\ sending message9:


220 mx-172-26-202-87.openwave.com ESMTP server (InterMail vM.9.05.00.00 201-2473-137-116) ready Sun, 11 Jun 2017 18:58:37 -0700
250 Sender <xx2> Ok
250 Recipient <xx1> Ok
354 Ok Send data ending with <CRLF>.<CRLF>
250 Message received: 20170612015838.AJN32283.mx-172-26-202-87.openwave.com@[10.37.2.214]
221 mx-172-26-202-87.openwave.com ESMTP server closing connection


!!!!!!!!!!!!!!!!!!!!!!!!!!!!Sending message10!!!!!!!!!!!!!!!!!!!!!!!!!!!!


\ sending message10:


220 mx-172-26-202-87.openwave.com ESMTP server (InterMail vM.9.05.00.00 201-2473-137-116) ready Sun, 11 Jun 2017 18:58:39 -0700
250 Sender <xx2> Ok
250 Recipient <xx1> Ok
354 Ok Send data ending with <CRLF>.<CRLF>
250 Message received: 20170612015839.AJO32283.mx-172-26-202-87.openwave.com@[10.37.2.214]
221 mx-172-26-202-87.openwave.com ESMTP server closing connection


!!!!!!!!!!!!!!!!!!!!!!!!!!!!Sending message11!!!!!!!!!!!!!!!!!!!!!!!!!!!!


\ sending message11:


220 mx-172-26-202-87.openwave.com ESMTP server (InterMail vM.9.05.00.00 201-2473-137-116) ready Sun, 11 Jun 2017 18:58:40 -0700
250 Sender <xx2> Ok
250 Recipient <xx1> Ok
354 Ok Send data ending with <CRLF>.<CRLF>
250 Message received: 20170612015841.AJP32283.mx-172-26-202-87.openwave.com@[10.37.2.214]
221 mx-172-26-202-87.openwave.com ESMTP server closing connection


!!!!!!!!!!!!!!!!!!!!!!!!!!!!Sending message12!!!!!!!!!!!!!!!!!!!!!!!!!!!!


\ sending message12:


220 mx-172-26-202-87.openwave.com ESMTP server (InterMail vM.9.05.00.00 201-2473-137-116) ready Sun, 11 Jun 2017 18:58:42 -0700
250 Sender <xx2> Ok
250 Recipient <xx1> Ok
354 Ok Send data ending with <CRLF>.<CRLF>
250 Message received: 20170612015843.AJQ32283.mx-172-26-202-87.openwave.com@[10.37.2.214]
221 mx-172-26-202-87.openwave.com ESMTP server closing connection


!!!!!!!!!!!!!!!!!!!!!!!!!!!!Sending message13!!!!!!!!!!!!!!!!!!!!!!!!!!!!


\ sending message13:


220 mx-172-26-202-87.openwave.com ESMTP server (InterMail vM.9.05.00.00 201-2473-137-116) ready Sun, 11 Jun 2017 18:58:44 -0700
250 Sender <xx2> Ok
250 Recipient <xx1> Ok
354 Ok Send data ending with <CRLF>.<CRLF>
250 Message received: 20170612015844.AJR32283.mx-172-26-202-87.openwave.com@[10.37.2.214]
221 mx-172-26-202-87.openwave.com ESMTP server closing connection


!!!!!!!!!!!!!!!!!!!!!!!!!!!!Sending message14!!!!!!!!!!!!!!!!!!!!!!!!!!!!


\ sending message14:


220 mx-172-26-202-87.openwave.com ESMTP server (InterMail vM.9.05.00.00 201-2473-137-116) ready Sun, 11 Jun 2017 18:58:45 -0700
250 Sender <xx2> Ok
250 Recipient <xx1> Ok
354 Ok Send data ending with <CRLF>.<CRLF>
250 Message received: 20170612015846.AJS32283.mx-172-26-202-87.openwave.com@[10.37.2.214]
221 mx-172-26-202-87.openwave.com ESMTP server closing connection


!!!!!!!!!!!!!!!!!!!!!!!!!!!!Sending message15!!!!!!!!!!!!!!!!!!!!!!!!!!!!


\ sending message15:


220 mx-172-26-202-87.openwave.com ESMTP server (InterMail vM.9.05.00.00 201-2473-137-116) ready Sun, 11 Jun 2017 18:58:47 -0700
250 Sender <xx2> Ok
250 Recipient <xx1> Ok
354 Ok Send data ending with <CRLF>.<CRLF>
250 Message received: 20170612015847.AJT32283.mx-172-26-202-87.openwave.com@[10.37.2.214]
221 mx-172-26-202-87.openwave.com ESMTP server closing connection


!!!!!!!!!!!!!!!!!!!!!!!!!!!!Sending message16!!!!!!!!!!!!!!!!!!!!!!!!!!!!


\ sending message16:


220 mx-172-26-202-87.openwave.com ESMTP server (InterMail vM.9.05.00.00 201-2473-137-116) ready Sun, 11 Jun 2017 18:58:48 -0700
250 Sender <xx2> Ok
250 Recipient <xx1> Ok
354 Ok Send data ending with <CRLF>.<CRLF>
250 Message received: 20170612015849.AJU32283.mx-172-26-202-87.openwave.com@[10.37.2.214]
221 mx-172-26-202-87.openwave.com ESMTP server closing connection


!!!!!!!!!!!!!!!!!!!!!!!!!!!!Sending message17!!!!!!!!!!!!!!!!!!!!!!!!!!!!


\ sending message17:


220 mx-172-26-202-87.openwave.com ESMTP server (InterMail vM.9.05.00.00 201-2473-137-116) ready Sun, 11 Jun 2017 18:58:50 -0700
250 Sender <xx2> Ok
250 Recipient <xx1> Ok
354 Ok Send data ending with <CRLF>.<CRLF>
250 Message received: 20170612015850.AJV32283.mx-172-26-202-87.openwave.com@[10.37.2.214]
221 mx-172-26-202-87.openwave.com ESMTP server closing connection


!!!!!!!!!!!!!!!!!!!!!!!!!!!!Sending message18!!!!!!!!!!!!!!!!!!!!!!!!!!!!


\ sending message18:


220 mx-172-26-202-87.openwave.com ESMTP server (InterMail vM.9.05.00.00 201-2473-137-116) ready Sun, 11 Jun 2017 18:58:52 -0700
250 Sender <xx2> Ok
250 Recipient <xx1> Ok
354 Ok Send data ending with <CRLF>.<CRLF>
250 Message received: 20170612015852.AJW32283.mx-172-26-202-87.openwave.com@[10.37.2.214]
221 mx-172-26-202-87.openwave.com ESMTP server closing connection


!!!!!!!!!!!!!!!!!!!!!!!!!!!!Sending message19!!!!!!!!!!!!!!!!!!!!!!!!!!!!


\ sending message19:


220 mx-172-26-202-87.openwave.com ESMTP server (InterMail vM.9.05.00.00 201-2473-137-116) ready Sun, 11 Jun 2017 18:58:53 -0700
250 Sender <xx2> Ok
250 Recipient <xx1> Ok
354 Ok Send data ending with <CRLF>.<CRLF>
250 Message received: 20170612015854.AJX32283.mx-172-26-202-87.openwave.com@[10.37.2.214]
221 mx-172-26-202-87.openwave.com ESMTP server closing connection


!!!!!!!!!!!!!!!!!!!!!!!!!!!!Sending message20!!!!!!!!!!!!!!!!!!!!!!!!!!!!


\ sending message20:


220 mx-172-26-202-87.openwave.com ESMTP server (InterMail vM.9.05.00.00 201-2473-137-116) ready Sun, 11 Jun 2017 18:58:55 -0700
250 Sender <xx2> Ok
250 Recipient <xx1> Ok
354 Ok Send data ending with <CRLF>.<CRLF>
250 Message received: 20170612015855.AJY32283.mx-172-26-202-87.openwave.com@[10.37.2.214]
221 mx-172-26-202-87.openwave.com ESMTP server closing connection


!!!!!!!!!!!!!!!!!!!!!!!!!!!!Sending message21!!!!!!!!!!!!!!!!!!!!!!!!!!!!


\ sending message21:


220 mx-172-26-202-87.openwave.com ESMTP server (InterMail vM.9.05.00.00 201-2473-137-116) ready Sun, 11 Jun 2017 18:58:56 -0700
250 Sender <xx2> Ok
250 Recipient <xx1> Ok
354 Ok Send data ending with <CRLF>.<CRLF>
250 Message received: 20170612015857.AJZ32283.mx-172-26-202-87.openwave.com@[10.37.2.214]
221 mx-172-26-202-87.openwave.com ESMTP server closing connection


!!!!!!!!!!!!!!!!!!!!!!!!!!!!Sending message22!!!!!!!!!!!!!!!!!!!!!!!!!!!!


\ sending message22:


220 mx-172-26-202-87.openwave.com ESMTP server (InterMail vM.9.05.00.00 201-2473-137-116) ready Sun, 11 Jun 2017 18:58:58 -0700
250 Sender <xx2> Ok
250 Recipient <xx1> Ok
354 Ok Send data ending with <CRLF>.<CRLF>
250 Message received: 20170612015858.AKA32283.mx-172-26-202-87.openwave.com@[10.37.2.214]
221 mx-172-26-202-87.openwave.com ESMTP server closing connection


!!!!!!!!!!!!!!!!!!!!!!!!!!!!Sending message23!!!!!!!!!!!!!!!!!!!!!!!!!!!!


\ sending message23:


220 mx-172-26-202-87.openwave.com ESMTP server (InterMail vM.9.05.00.00 201-2473-137-116) ready Sun, 11 Jun 2017 18:58:59 -0700
250 Sender <xx2> Ok
250 Recipient <xx1> Ok
354 Ok Send data ending with <CRLF>.<CRLF>
250 Message received: 20170612015900.AKB32283.mx-172-26-202-87.openwave.com@[10.37.2.214]
221 mx-172-26-202-87.openwave.com ESMTP server closing connection


!!!!!!!!!!!!!!!!!!!!!!!!!!!!Sending message24!!!!!!!!!!!!!!!!!!!!!!!!!!!!


\ sending message24:


220 mx-172-26-202-87.openwave.com ESMTP server (InterMail vM.9.05.00.00 201-2473-137-116) ready Sun, 11 Jun 2017 18:59:01 -0700
250 Sender <xx2> Ok
250 Recipient <xx1> Ok
354 Ok Send data ending with <CRLF>.<CRLF>
250 Message received: 20170612015901.AKC32283.mx-172-26-202-87.openwave.com@[10.37.2.214]
221 mx-172-26-202-87.openwave.com ESMTP server closing connection


!!!!!!!!!!!!!!!!!!!!!!!!!!!!Sending message25!!!!!!!!!!!!!!!!!!!!!!!!!!!!


\ sending message25:


220 mx-172-26-202-87.openwave.com ESMTP server (InterMail vM.9.05.00.00 201-2473-137-116) ready Sun, 11 Jun 2017 18:59:02 -0700
250 Sender <xx2> Ok
250 Recipient <xx1> Ok
354 Ok Send data ending with <CRLF>.<CRLF>
250 Message received: 20170612015903.AKD32283.mx-172-26-202-87.openwave.com@[10.37.2.214]
221 mx-172-26-202-87.openwave.com ESMTP server closing connection
