--------------------Type-char-Emoji-IMAP-and-SMTP     Testing-SMTP--------------------
--------------------Type-char-Emoji-IMAP-and-SMTP     Testing-SMTP--------------------
--------------------Type-char-Emoji-IMAP-and-SMTP     Testing-SMTP--------------------
--------------------Type-char-Emoji-IMAP-and-SMTP     Testing-SMTP--------------------
--------------------------------type-emoji--------------------------------


--------------------Type-char-Emoji-IMAP-and-SMTP     Testing-IMAP--------------------
--------------------------------type-symbols--------------------------------


--------------------Type-symbols-UTF8-IMAP-and-SMTP   Testing-IMAP--------------------
2,5d1
< * 1 FETCH (FIRSTLINE ("، ويمكن تح Nobody! いくつにな 我们是中国人， ")
< * 2 FETCH (FIRSTLINE ("، ويمكن تح Nobody! いくつにな 我们是中国人， ")
< * 1 FETCH (FIRSTLINE ("، ويمكن تح Nobody! いくつにな 我们是中国人， ")
< * 2 FETCH (FIRSTLINE ("، ويمكن تح Nobody! いくつにな 我们是中国人， ")
2,3c2
< * 1 FETCH (FIRSTLINE ("، ويمكن تح Nobody! いくつにな 我们是中国人， ")
< * 2 FETCH (FIRSTLINE ("، ويمكن تح Nobody! いくつにな 我们是中国人， ")
---
> * 2 FETCH (FIRSTLINE ("")
2,4d1
< * 1 FETCH (FIRSTLINE ("، ويمكن تح Nobody! いくつにな 我们是中国人， ")
< * 2 FETCH (FIRSTLINE ("، ويمكن تح Nobody! いくつにな 我们是中国人， ")
< * 1 FETCH (FIRSTLINE ("، ويمكن تح Nobody! いくつにな 我们是中国人， ")
2,3c2
< * 1 FETCH (FIRSTLINE ("، ويمكن تح Nobody! いくつにな 我们是中国人， ")
< * 2 FETCH (FIRSTLINE ("، ويمكن تح Nobody! いくつにな 我们是中国人， ")
---
> * 2 FETCH (FIRSTLINE ("")
2,4d1
< * 1 FETCH (FIRSTLINE ("، ويمكن تح Nobody! いくつにな 我们是中国人， ")
< * 2 FETCH (FIRSTLINE ("، ويمكن تح Nobody! いくつにな 我们是中国人， ")
< * 1 FETCH (FIRSTLINE ("، ويمكن تح Nobody! いくつにな 我们是中国人， ")
2c2
< * 2 FETCH (FIRSTLINE ("، ويمكن تح Nobody! いくつにな 我们是中国人， ")
---
> * 2 FETCH (FIRSTLINE ("")
2c2
< * 2 FETCH (FIRSTLINE ("، ويمكن تح Nobody! いくつにな 我们是中国人， ")
---
> * 2 FETCH (FIRSTLINE ("")
2c2
< * 2 FETCH (FIRSTLINE ("، ويمكن تح Nobody! いくつにな 我们是中国人， ")
---
> * 2 FETCH (FIRSTLINE ("")
2c2
< * 2 FETCH (FIRSTLINE ("، ويمكن تح Nobody! いくつにな 我们是中国人， ")
---
> * 2 FETCH (FIRSTLINE ("")
2c2
< * 2 FETCH (FIRSTLINE ("، ويمكن تح Nobody! いくつにな 我们是中国人， ")
---
> * 2 FETCH (FIRSTLINE ("")
2c2
< * 2 FETCH (FIRSTLINE ("، ويمكن تح Nobody! いくつにな 我们是中国人， ")
---
> * 2 FETCH (FIRSTLINE ("")
4c4
< * 2 FETCH (FIRSTLINE ("")
---
> * 2 FETCH (FIRSTLINE ("، ويمكن تح Nobody! いくつにな 我们是中国人， ")
4c4
< * 2 FETCH (FIRSTLINE ("")
---
> * 2 FETCH (FIRSTLINE ("، ويمكن تح Nobody! いくつにな 我们是中国人， ")
4c4
< * 2 FETCH (FIRSTLINE ("")
---
> * 2 FETCH (FIRSTLINE ("، ويمكن تح Nobody! いくつにな 我们是中国人， ")
1c1
< * 1 FETCH (FIRSTLINE ("Ø ÙÙÙÙÙ ØªØ­ Nobody! ããã¤ã«ãª æ")
---
> * 1 FETCH (FIRSTLINE ("، ويمكن تح Nobody! いくつにな 我们是中国人， ")
1,3c1
< * 1 FETCH (FIRSTLINE ("Ø ÙÙÙÙÙ ØªØ­ Nobody! ããã¤ã«ãª æ")
< * 2 FETCH (FIRSTLINE ("")
< * 1 FETCH (FIRSTLINE ("Ø ÙÙÙÙÙ ØªØ­ Nobody! ããã¤ã«ãª æ")
---
> * 1 FETCH (FIRSTLINE ("، ويمكن تح Nobody! いくつにな 我们是中国人， ")
4a3,4
> * 1 FETCH (FIRSTLINE ("، ويمكن تح Nobody! いくつにな 我们是中国人， ")
> * 2 FETCH (FIRSTLINE ("، ويمكن تح Nobody! いくつにな 我们是中国人， ")
4c4
< * 2 FETCH (FIRSTLINE ("")
---
> * 2 FETCH (FIRSTLINE ("، ويمكن تح Nobody! いくつにな 我们是中国人， ")
0a1
> * 1 FETCH (FIRSTLINE ("، ويمكن تح Nobody! いくつにな 我们是中国人， ")
0a1
> * 1 FETCH (FIRSTLINE ("، ويمكن تح Nobody! いくつにな 我们是中国人， ")
4c4
< * 2 FETCH (FIRSTLINE ("")
---
> * 2 FETCH (FIRSTLINE ("، ويمكن تح Nobody! いくつにな 我们是中国人， ")
4c4
< * 2 FETCH (FIRSTLINE ("")
---
> * 2 FETCH (FIRSTLINE ("، ويمكن تح Nobody! いくつにな 我们是中国人， ")
4c4
< * 2 FETCH (FIRSTLINE ("")
---
> * 2 FETCH (FIRSTLINE ("، ويمكن تح Nobody! いくつにな 我们是中国人， ")
0a1
> * 1 FETCH (FIRSTLINE ("، ويمكن تح Nobody! いくつにな 我们是中国人， ")
0a1,4
> * 1 FETCH (FIRSTLINE ("، ويمكن تح Nobody! いくつにな 我们是中国人， ")
> * 2 FETCH (FIRSTLINE ("")
> * 1 FETCH (FIRSTLINE ("، ويمكن تح Nobody! いくつにな 我们是中国人， ")
> * 2 FETCH (FIRSTLINE ("، ويمكن تح Nobody! いくつにな 我们是中国人， ")
0a1
> * 1 FETCH (FIRSTLINE ("، ويمكن تح Nobody! いくつにな 我们是中国人， ")
4c4
< * 2 FETCH (FIRSTLINE ("")
---
> * 2 FETCH (FIRSTLINE ("، ويمكن تح Nobody! いくつにな 我们是中国人， ")
