1c1
< * 1 FETCH (FIRSTLINE ("wqLCpOKCrMKpwq7CtcK2wrzCvsKmwqjCocOXwr/Dt8K7wrrCscKywrLCpcKnwqrCrMK4CuS4reWb ve"))
---
> * 1 FETCH (FIRSTLINE ("¢¤€©®µ¶¼¾¦¨¡×¿÷»º±²²¥§ª¬¸ 中国人 "))
1c1
< * 1 FETCH (FIRSTLINE ("=C2=A2=C2=A4=E2=82=AC=C2=A9=C2=AE=C2=B5=C2=B6=C2=BC=C2=BE=C2=A6=C2=A8=C2=A1= =C"))
---
> * 1 FETCH (FIRSTLINE ("¢¤€©®µ¶¼¾¦¨¡×¿÷»º±²²¥§ª¬¸ 中国人 "))
1c1
< * 1 FETCH (FIRSTLINE ("¢¤€©®µ¶¼¾¦¨¡×¿÷»º±²²¥§ª¬¸ 中国"))
---
> * 1 FETCH (FIRSTLINE ("¢¤€©®µ¶¼¾¦¨¡×¿÷»º±²²¥§ª¬¸ 中国人 "))
1c1
< * 1 FETCH (FIRSTLINE ("¢¤€©®µ¶¼¾¦¨¡×¿÷»º±²²¥§ª¬¸ 中国"))
---
> * 1 FETCH (FIRSTLINE ("=C2=A2=C2=A4=E2=82=AC=C2=A9=C2=AE=C2=B5=C2=B6=C2=BC=C2=BE=C2=A6=C2=A8=C2=A1= =C"))
1c1
< * 1 FETCH (FIRSTLINE ("¢¤€©®µ¶¼¾¦¨¡×¿÷»º±²²¥§ª¬¸ 中国"))
---
> * 1 FETCH (FIRSTLINE ("=C2=A2=C2=A4=E2=82=AC=C2=A9=C2=AE=C2=B5=C2=B6=C2=BC=C2=BE=C2=A6=C2=A8=C2=A1= =C"))
1c1
< * 1 FETCH (FIRSTLINE ("=C2=A2=C2=A4=E2=82=AC=C2=A9=C2=AE=C2=B5=C2=B6=C2=BC=C2=BE=C2=A6=C2=A8=C2=A1= =C"))
---
> * 1 FETCH (FIRSTLINE ("¢¤€©®µ¶¼¾¦¨¡×¿÷»º±²²¥§ª¬¸ 中国人 "))
1c1
< * 1 FETCH (FIRSTLINE (""))
---
> * 1 FETCH (FIRSTLINE ("¢¤€©®µ¶¼¾¦¨¡×¿÷»º±²²¥§ª¬¸ 中国人 "))
1c1
< * 1 FETCH (FIRSTLINE ("¢¤€©®µ¶¼¾¦¨¡×¿÷»º±²²¥§ª¬¸ 中国人"))
---
> * 1 FETCH (FIRSTLINE ("¢¤€©®µ¶¼¾¦¨¡×¿÷»º±²²¥§ª¬¸ 中国"))
====current path is:/home/ram/Desktop/MX9.5/Testcases/body_preview/3-Logic of selecting the firstline data/Testcases-body-preview-deal-spaces-encode-enhanced-new/good/type-symbols-UTF8-IMAP-and-SMTP================

================type-symbols-UTF8-IMAP-and-SMTP Test finished===============

====current path is:type-symbols-UTF8-IMAP-and-SMTP================
====running logic-messagesend-IMAP-append-7bit ========
====running logic-messagesend-IMAP-append-8bit ========
====running logic-messagesend-IMAP-append-base64 ========
====running logic-messagesend-IMAP-append-quoted-printable ========
====running logic-messagesend-SMTP-7bit ========
====running logic-messagesend-SMTP-8bit ========
====running logic-messagesend-SMTP-base64 ========
====running logic-messagesend-SMTP-quoted-printable ========
================type-symbols-UTF8-IMAP-and-SMTP Test finished===============
====current path is:type-symbols-UTF8-IMAP-and-SMTP====================current path is:type-symbols-UTF8-IMAP-and-SMTP================
====running logic-messagesend-IMAP-append-7bit ============running logic-messagesend-IMAP-append-7bit ========
====running logic-messagesend-IMAP-append-8bit ============running logic-messagesend-IMAP-append-8bit ========
====running logic-messagesend-IMAP-append-base64 ========
====running logic-messagesend-IMAP-append-quoted-printable ========
====running logic-messagesend-SMTP-7bit ========
====running logic-messagesend-SMTP-8bit ========
====running logic-messagesend-SMTP-base64 ========
====running logic-messagesend-SMTP-quoted-printable ========
================type-symbols-UTF8-IMAP-and-SMTP Test finished===============
====current path is:type-symbols-UTF8-IMAP-and-SMTP====================current path is:type-symbols-UTF8-IMAP-and-SMTP================
====running logic-messagesend-IMAP-append-7bit ============running logic-messagesend-IMAP-append-7bit ========
====running logic-messagesend-IMAP-append-8bit ============running logic-messagesend-IMAP-append-8bit ========
====running logic-messagesend-IMAP-append-base64 ========
====running logic-messagesend-IMAP-append-quoted-printable ========
====running logic-messagesend-SMTP-7bit ========
====running logic-messagesend-SMTP-8bit ========
====running logic-messagesend-SMTP-base64 ========
====running logic-messagesend-SMTP-quoted-printable ========
================type-symbols-UTF8-IMAP-and-SMTP Test finished===============
====current path is:type-symbols-UTF8-IMAP-and-SMTP====================current path is:type-symbols-UTF8-IMAP-and-SMTP================
====running logic-messagesend-IMAP-append-7bit ============running logic-messagesend-IMAP-append-7bit ========
====running logic-messagesend-IMAP-append-8bit ============running logic-messagesend-IMAP-append-8bit ========
====running logic-messagesend-IMAP-append-base64 ========
====running logic-messagesend-IMAP-append-quoted-printable ========
====running logic-messagesend-SMTP-7bit ========
====running logic-messagesend-SMTP-8bit ========
====running logic-messagesend-SMTP-base64 ========
====running logic-messagesend-SMTP-quoted-printable ========
================type-symbols-UTF8-IMAP-and-SMTP Test finished===============
