imapmail: host[10.49.58.118] port[20143] user[ar28224] pass[p] folder[inbox] message[2]
xx OK LOGIN completed
* 2 EXISTS
* OK [UNSEEN 1] First unseen message
* OK [UIDVALIDITY 1510813252] UIDs valid
* OK [UIDNEXT 1002] Predicted next UID
* FLAGS (\Answered \Flagged \Deleted \Draft \Seen)
* OK [PERMANENTFLAGS (\* \Answered \Flagged \Deleted \Draft \Seen)] Permanent flags
* 1 RECENT
xx OK [READ-WRITE] SELECT completed
* 2 FETCH (BODY[] {550}
Return-Path: <>
Subject: Re: test message about autoreply feature
To: ar28224@whsasf.com
From: "Auto-reply from ar1797@openwave.com" <ar1797@openwave.com>
In-Reply-To: <20171116062432.AAA31271.mx-10-49-58-118.openwave.com@whsasf.com>
Precedence: bulk
Date: Thu, 16 Nov 2017 01:24:32 -0500
Message-ID: <20171116062432.AAB31271.mx-10-49-58-118.openwave.com@mx-10-49-58-118>
MIME-Version: 1.0
Content-Type: text/plain;
		charset=UTF-8
Content-Transfer-Encoding: 7bit


Vacation,This is an external autoreply message for external senders!
 FLAGS (\Recent \Seen))
xx OK FETCH completed
* BYE IMAP4 server terminating connection
xx OK LOGOUT completed
