1c1
< * 1 FETCH (FIRSTLINE (""))
---
> * 1 FETCH (FIRSTLINE ("ØŒ ÙˆÙŠÙ…ÙƒÙ† ØªØ­ Nobody! ã„ãã¤ã«ãª æˆ‘ä»¬æ˜¯ä¸­å›½äººï¼Œ"))
1c1
< * 1 FETCH (FIRSTLINE (""))
---
> * 1 FETCH (FIRSTLINE ("ØŒ ÙˆÙŠÙ…ÙƒÙ† ØªØ­ Nobody! ã„ãã¤ã«ãª æˆ‘ä»¬æ˜¯ä¸­å›½äººï¼Œ"))
1c1
< * 1 FETCH (FIRSTLINE (""))
---
> * 1 FETCH (FIRSTLINE ("ØŒ ÙˆÙŠÙ…ÙƒÙ† ØªØ­ Nobody! ã„ãã¤ã«ãª æˆ‘ä»¬æ˜¯ä¸­å›½äººï¼Œ"))
1c1
< * 1 FETCH (FIRSTLINE (""))
---
> * 1 FETCH (FIRSTLINE ("ØŒ ÙˆÙŠÙ…ÙƒÙ† ØªØ­ Nobody! ã„ãã¤ã«ãª æˆ‘ä»¬æ˜¯ä¸­å›½äººï¼Œ"))
1c1
< * 1 FETCH (FIRSTLINE (""))
---
> * 1 FETCH (FIRSTLINE ("ØŒ ÙˆÙŠÙ…ÙƒÙ† ØªØ­ Nobody! ã„ãã¤ã«ãª æˆ‘ä»¬æ˜¯ä¸­å›½äººï¼Œ"))
0a1
> * 1 FETCH (FIRSTLINE ("ØŒ ÙˆÙŠÙ…ÙƒÙ† ØªØ­ Nobody! ã„ãã¤ã«ãª æˆ‘ä»¬æ˜¯ä¸­å›½äººï¼Œ"))
0a1
> * 1 FETCH (FIRSTLINE ("ØŒ ÙˆÙŠÙ…ÙƒÙ† ØªØ­ Nobody! ã„ãã¤ã«ãª æˆ‘ä»¬æ˜¯ä¸­å›½äººï¼Œ"))
0a1
> * 1 FETCH (FIRSTLINE ("ØŒ ÙˆÙŠÙ…ÙƒÙ† ØªØ­ Nobody! ã„ãã¤ã«ãª æˆ‘ä»¬æ˜¯ä¸­å›½äººï¼Œ"))
1c1
< * 1 FETCH (FIRSTLINE ("Ø"))
---
> * 1 FETCH (FIRSTLINE ("ØŒ ÙˆÙŠÙ…ÙƒÙ† ØªØ­ Nobody! ã„ãã¤ã«ãª æˆ‘ä»¬æ˜¯ä¸­å›½äººï¼Œ"))
1c1
< * 1 FETCH (FIRSTLINE ("Ø"))
---
> * 1 FETCH (FIRSTLINE ("ØŒ ÙˆÙŠÙ…ÙƒÙ† ØªØ­ Nobody! ã„ãã¤ã«ãª æˆ‘ä»¬æ˜¯ä¸­å›½äººï¼Œ"))
0a1
> * 1 FETCH (FIRSTLINE ("ØŒ ÙˆÙŠÙ…ÙƒÙ† ØªØ­ Nobody! ã„ãã¤ã«ãª æˆ‘ä»¬æ˜¯ä¸­å›½äººï¼Œ"))
1c1
< * 1 FETCH (FIRSTLINE (""))
---
> * 1 FETCH (FIRSTLINE ("ØŒ ÙˆÙŠÙ…ÙƒÙ† ØªØ­ Nobody! ã„ãã¤ã«ãª æˆ‘ä»¬æ˜¯ä¸­å›½äººï¼Œ"))
1c1
< * 1 FETCH (FIRSTLINE (""))
---
> * 1 FETCH (FIRSTLINE ("ØŒ ÙˆÙŠÙ…ÙƒÙ† ØªØ­ Nobody! ã„ãã¤ã«ãª æˆ‘ä»¬æ˜¯ä¸­å›½äººï¼Œ"))
0a1
> * 1 FETCH (FIRSTLINE ("ØŒ ÙˆÙŠÙ…ÙƒÙ† ØªØ­ Nobody! ã„ãã¤ã«ãª æˆ‘ä»¬æ˜¯ä¸­å›½äººï¼Œ"))
1c1
< * 1 FETCH (FIRSTLINE (""))
---
> * 1 FETCH (FIRSTLINE ("ØŒ ÙˆÙŠÙ…ÙƒÙ† ØªØ­ Nobody! ã„ãã¤ã«ãª æˆ‘ä»¬æ˜¯ä¸­å›½äººï¼Œ"))
1c1
< * 1 FETCH (FIRSTLINE (""))
---
> * 1 FETCH (FIRSTLINE ("ØŒ ÙˆÙŠÙ…ÙƒÙ† ØªØ­ Nobody! ã„ãã¤ã«ãª æˆ‘ä»¬æ˜¯ä¸­å›½äººï¼Œ"))
2d1
< * 2 FETCH (FIRSTLINE ("ØŒ ÙˆÙŠÙ…ÙƒÙ† ØªØ­ Nobody! ã„ãã¤ã«ãª æˆ‘ä»¬æ˜¯ä¸­å›½äººï¼Œ"))
1c1
< * 1 FETCH (FIRSTLINE ("6†èw"))
---
> * 1 FETCH (FIRSTLINE ("ØŒ ÙˆÙŠÙ…ÙƒÙ† ØªØ­ Nobody! ã„ãã¤ã«ãª æˆ‘ä»¬æ˜¯ä¸­å›½äººï¼Œ"))
1c1
< * 1 FETCH (FIRSTLINE ("2Iwg2YjZitmF2YPZhiDYqtitCk5vYm9keSEK44GE44GP44Gk44Gr44GqCuaIkeS7rOaYr+S4reWb ve"))
---
> * 1 FETCH (FIRSTLINE ("ØŒ ÙˆÙŠÙ…ÙƒÙ† ØªØ­ Nobody! ã„ãã¤ã«ãª æˆ‘ä»¬æ˜¯ä¸­å›½äººï¼Œ"))
1c1
< * 1 FETCH (FIRSTLINE ("=D8=8C =D9=88=D9=8A=D9=85=D9=83=D9=86 =D8=AA=D8=AD Nobody! =E3=81=84=E3=81=8F="))
---
> * 1 FETCH (FIRSTLINE ("ØŒ ÙˆÙŠÙ…ÙƒÙ† ØªØ­ Nobody! ã„ãã¤ã«ãª æˆ‘ä»¬æ˜¯ä¸­å›½äººï¼Œ"))
1c1
< * 1 FETCH (FIRSTLINE ("ØŒ ÙˆÙŠÙ…ÙƒÙ† ØªØ­ Nobody! ã„ãã¤ã«ãª æˆ‘ä»¬æ˜¯ä¸­å›½"))
---
> * 1 FETCH (FIRSTLINE ("ØŒ ÙˆÙŠÙ…ÙƒÙ† ØªØ­ Nobody! ã„ãã¤ã«ãª æˆ‘ä»¬æ˜¯ä¸­å›½äººï¼Œ"))
1c1
< * 1 FETCH (FIRSTLINE ("ØŒ ÙˆÙŠÙ…ÙƒÙ† ØªØ­ Nobody! ã„ã"))
---
> * 1 FETCH (FIRSTLINE ("ØŒ ÙˆÙŠÙ…ÙƒÙ† ØªØ­ Nobody! ã„ãã¤ã«ãª æˆ‘ä»¬æ˜¯ä¸­å›½äººï¼Œ"))
1c1
< * 1 FETCH (FIRSTLINE ("2Iwg2YjZitmF2YPZhiDYqtitCk5vYm9keSEK44GE44GP44Gk44Gr44GqCuaIkeS7rOaYr+S4reWb ve"))
---
> * 1 FETCH (FIRSTLINE ("ØŒ ÙˆÙŠÙ…ÙƒÙ† ØªØ­ Nobody! ã„ãã¤ã«ãª æˆ‘ä»¬æ˜¯ä¸­å›½äººï¼Œ"))
1c1
< * 1 FETCH (FIRSTLINE ("=D8=8C =D9=88=D9=8A=D9=85=D9=83=D9=86 =D8=AA=D8=AD Nobody! =E3=81=84=E3=81=8F="))
---
> * 1 FETCH (FIRSTLINE ("ØŒ ÙˆÙŠÙ…ÙƒÙ† ØªØ­ Nobody! ã„ãã¤ã«ãª æˆ‘ä»¬æ˜¯ä¸­å›½äººï¼Œ"))
1c1
< * 1 FETCH (FIRSTLINE ("ØŒ ÙˆÙŠÙ…ÙƒÙ† ØªØ­ Nobody! ã„ãã¤ã«ãª æˆ‘ä»¬æ˜¯ä¸­å›½"))
---
> * 1 FETCH (FIRSTLINE ("ØŒ ÙˆÙŠÙ…ÙƒÙ† ØªØ­ Nobody! ã„ãã¤ã«ãª æˆ‘ä»¬æ˜¯ä¸­å›½äººï¼Œ"))
1c1
< * 1 FETCH (FIRSTLINE ("ØŒ ÙˆÙŠÙ…ÙƒÙ† ØªØ­ Nobody! ã„ã"))
---
> * 1 FETCH (FIRSTLINE ("ØŒ ÙˆÙŠÙ…ÙƒÙ† ØªØ­ Nobody! ã„ãã¤ã«ãª æˆ‘ä»¬æ˜¯ä¸­å›½äººï¼Œ"))
1c1
< * 1 FETCH (FIRSTLINE ("ØŒ ÙˆÙŠÙ…ÙƒÙ† ØªØ­ Nobody! ã„ã"))
---
> * 1 FETCH (FIRSTLINE ("ØŒ ÙˆÙŠÙ…ÙƒÙ† ØªØ­ Nobody! ã„ãã¤ã«ãª æˆ‘ä»¬æ˜¯ä¸­å›½äººï¼Œ"))
1c1
< * 1 FETCH (FIRSTLINE ("2Iwg2YjZitmF2YPZhiDYqtitCk5vYm9keSEK44GE44GP44Gk44Gr44GqCuaIkeS7rOaYr+S4reWb ve"))
---
> * 1 FETCH (FIRSTLINE ("ØŒ ÙˆÙŠÙ…ÙƒÙ† ØªØ­ Nobody! ã„ãã¤ã«ãª æˆ‘ä»¬æ˜¯ä¸­å›½äººï¼Œ"))
1c1
< * 1 FETCH (FIRSTLINE ("ØŒ ÙˆÙŠÙ…ÙƒÙ† ØªØ­ Nobody! ã„ãã¤ã«ãª æˆ‘ä»¬æ˜¯ä¸­å›½"))
---
> * 1 FETCH (FIRSTLINE ("ØŒ ÙˆÙŠÙ…ÙƒÙ† ØªØ­ Nobody! ã„ãã¤ã«ãª æˆ‘ä»¬æ˜¯ä¸­å›½äººï¼Œ"))
1c1
< * 1 FETCH (FIRSTLINE ("ØŒ ÙˆÙŠÙ…ÙƒÙ† ØªØ­ Nobody! ã„ãã¤ã«ãª æˆ‘ä»¬æ˜¯ä¸­å›½"))
---
> * 1 FETCH (FIRSTLINE ("ØŒ ÙˆÙŠÙ…ÙƒÙ† ØªØ­ Nobody! ã„ãã¤ã«ãª æˆ‘ä»¬æ˜¯ä¸­å›½äººï¼Œ"))
1c1
< * 1 FETCH (FIRSTLINE ("ØŒ ÙˆÙŠÙ…ÙƒÙ† ØªØ­ Nobody! ã„ãã¤ã«ãª æˆ‘ä»¬æ˜¯ä¸­å›½"))
---
> * 1 FETCH (FIRSTLINE ("ØŒ ÙˆÙŠÙ…ÙƒÙ† ØªØ­ Nobody! ã„ãã¤ã«ãª æˆ‘ä»¬æ˜¯ä¸­å›½äººï¼Œ"))
1c1
< * 1 FETCH (FIRSTLINE ("=D8=8C =D9=88=D9=8A=D9=85=D9=83=D9=86 =D8=AA=D8=AD Nobody! =E3=81=84=E3=81=8F="))
---
> * 1 FETCH (FIRSTLINE ("ØŒ ÙˆÙŠÙ…ÙƒÙ† ØªØ­ Nobody! ã„ãã¤ã«ãª æˆ‘ä»¬æ˜¯ä¸­å›½äººï¼Œ"))
1c1
< * 1 FETCH (FIRSTLINE ("ØŒ ÙˆÙŠÙ…ÙƒÙ† ØªØ­ Nobody! ã„ã"))
---
> * 1 FETCH (FIRSTLINE ("ØŒ ÙˆÙŠÙ…ÙƒÙ† ØªØ­ Nobody! ã„ãã¤ã«ãª æˆ‘ä»¬æ˜¯ä¸­å›½äººï¼Œ"))
1c1
< * 1 FETCH (FIRSTLINE ("ØŒ ÙˆÙŠÙ…ÙƒÙ† ØªØ­ Nobody! ã„ã"))
---
> * 1 FETCH (FIRSTLINE ("ØŒ ÙˆÙŠÙ…ÙƒÙ† ØªØ­ Nobody! ã„ãã¤ã«ãª æˆ‘ä»¬æ˜¯ä¸­å›½äººï¼Œ"))
1c1
< * 1 FETCH (FIRSTLINE ("ØŒ ÙˆÙŠÙ…ÙƒÙ† ØªØ­ Nobody! ã„ãã¤ã«ãª æˆ‘ä»¬æ˜¯ä¸­å›½"))
---
> * 1 FETCH (FIRSTLINE ("ØŒ ÙˆÙŠÙ…ÙƒÙ† ØªØ­ Nobody! ã„ãã¤ã«ãª æˆ‘ä»¬æ˜¯ä¸­å›½äººï¼Œ"))
1c1
< * 1 FETCH (FIRSTLINE ("ØŒ ÙˆÙŠÙ…ÙƒÙ† ØªØ­ Nobody! ã„ã"))
---
> * 1 FETCH (FIRSTLINE ("ØŒ ÙˆÙŠÙ…ÙƒÙ† ØªØ­ Nobody! ã„ãã¤ã«ãª æˆ‘ä»¬æ˜¯ä¸­å›½äººï¼Œ"))
1c1
< * 1 FETCH (FIRSTLINE ("ØŒ ÙˆÙŠÙ…ÙƒÙ† ØªØ­ Nobody! ã„ãã¤ã«ãª æˆ‘ä»¬æ˜¯ä¸­å›½"))
---
> * 1 FETCH (FIRSTLINE ("ØŒ ÙˆÙŠÙ…ÙƒÙ† ØªØ­ Nobody! ã„ãã¤ã«ãª æˆ‘ä»¬æ˜¯ä¸­å›½äººï¼Œ"))
1c1
< * 1 FETCH (FIRSTLINE ("ØŒ ÙˆÙŠÙ…ÙƒÙ† ØªØ­ Nobody! ã„ãã¤ã«ãª æˆ‘ä»¬æ˜¯ä¸­å›½"))
---
> * 1 FETCH (FIRSTLINE ("ØŒ ÙˆÙŠÙ…ÙƒÙ† ØªØ­ Nobody! ã„ãã¤ã«ãª æˆ‘ä»¬æ˜¯ä¸­å›½äººï¼Œ"))
1c1
< * 1 FETCH (FIRSTLINE ("ØŒ ÙˆÙŠÙ…ÙƒÙ† ØªØ­ Nobody! ã„ãã¤ã«ãª æˆ‘ä»¬æ˜¯ä¸­å›½äººï¼Œ "))
---
> * 1 FETCH (FIRSTLINE ("ØŒ ÙˆÙŠÙ…ÙƒÙ† ØªØ­ Nobody! ã„ãã¤ã«ãª æˆ‘ä»¬æ˜¯ä¸­å›½äººï¼Œ"))
1c1
< * 1 FETCH (FIRSTLINE ("ØŒ ÙˆÙŠÙ…ÙƒÙ† ØªØ­ Nobody! ã„ãã¤ã«ãª æˆ‘ä»¬æ˜¯ä¸­å›½äººï¼Œ "))
---
> * 1 FETCH (FIRSTLINE ("ØŒ ÙˆÙŠÙ…ÙƒÙ† ØªØ­ Nobody! ã„ãã¤ã«ãª æˆ‘ä»¬æ˜¯ä¸­å›½äººï¼Œ"))
1c1
< * 1 FETCH (FIRSTLINE ("ØŒ ÙˆÙŠÙ…ÙƒÙ† ØªØ­ Nobody! ã„ãã¤ã«ãª æˆ‘ä»¬æ˜¯ä¸­å›½äººï¼Œ"))
---
> * 1 FETCH (FIRSTLINE ("ØŒ ÙˆÙŠÙ…ÙƒÙ† ØªØ­ Nobody! ã„ãã¤ã«ãª æˆ‘ä»¬æ˜¯ä¸­å›½"))
1c1
< * 1 FETCH (FIRSTLINE ("ØŒ ÙˆÙŠÙ…ÙƒÙ† ØªØ­ Nobody! ã„ãã¤ã«ãª æˆ‘ä»¬æ˜¯ä¸­å›½äººï¼Œ"))
---
> * 1 FETCH (FIRSTLINE ("ØŒ ÙˆÙŠÙ…ÙƒÙ† ØªØ­ Nobody! ã„ã"))
====current path is:/home/ram/Desktop/MX9.5/Testcases/body_preview/3-Logic of selecting the firstline data/Testcases-body-preview-deal-spaces-encode-enhanced-new/good/Type-attachment-images-with-texts-IMAP-SMTP================

================Type-attachment-images-with-texts-IMAP-SMTP Test finished===============

====current path is:Type-attachment-images-with-texts-IMAP-SMTP================
====running logic-messagesend-IMAP-append-7bit ========
====running logic-messagesend-IMAP-append-8bit ========
====running logic-messagesend-IMAP-append-base64 ========
====running logic-messagesend-IMAP-append-quoted-printable ========
====running logic-messagesend-SMTP-7bit ========
====running logic-messagesend-SMTP-8bit ========
====running logic-messagesend-SMTP-base64 ========
====running logic-messagesend-SMTP-quoted-printable ========
================Type-attachment-images-with-texts-IMAP-SMTP Test finished===============
====current path is:Type-attachment-images-with-texts-IMAP-SMTP====================current path is:Type-attachment-images-with-texts-IMAP-SMTP================
====running logic-messagesend-IMAP-append-7bit ============running logic-messagesend-IMAP-append-7bit ========
Total  testcases  are:0
Success testcases are:0
Failed  testcases are:0
====running logic-messagesend-IMAP-append-8bit ============running logic-messagesend-IMAP-append-8bit ========
Total  testcases  are:2
Success testcases are:1
Failed  testcases are:1
====running logic-messagesend-IMAP-append-base64 ========
====running logic-messagesend-IMAP-append-quoted-printable ========
====running logic-messagesend-SMTP-7bit ========
====running logic-messagesend-SMTP-8bit ========
====running logic-messagesend-SMTP-base64 ========
====running logic-messagesend-SMTP-quoted-printable ========
================Type-attachment-images-with-texts-IMAP-SMTP Test finished===============
====current path is:Type-attachment-images-with-texts-IMAP-SMTP====================current path is:Type-attachment-images-with-texts-IMAP-SMTP================
====running logic-messagesend-IMAP-append-7bit ============running logic-messagesend-IMAP-append-7bit ========
====running logic-messagesend-IMAP-append-8bit ============running logic-messagesend-IMAP-append-8bit ========
====running logic-messagesend-IMAP-append-base64 ========
====running logic-messagesend-IMAP-append-quoted-printable ========
====running logic-messagesend-SMTP-7bit ========
====running logic-messagesend-SMTP-8bit ========
====running logic-messagesend-SMTP-base64 ========
====running logic-messagesend-SMTP-quoted-printable ========
================Type-attachment-images-with-texts-IMAP-SMTP Test finished===============
====current path is:Type-attachment-images-with-texts-IMAP-SMTP====================current path is:Type-attachment-images-with-texts-IMAP-SMTP================
====running logic-messagesend-IMAP-append-7bit ============running logic-messagesend-IMAP-append-7bit ========
====running logic-messagesend-IMAP-append-8bit ============running logic-messagesend-IMAP-append-8bit ========
====running logic-messagesend-IMAP-append-base64 ========
====running logic-messagesend-IMAP-append-quoted-printable ========
====running logic-messagesend-SMTP-7bit ========
====running logic-messagesend-SMTP-8bit ========
====running logic-messagesend-SMTP-base64 ========
====running logic-messagesend-SMTP-quoted-printable ========
================Type-attachment-images-with-texts-IMAP-SMTP Test finished===============
====current path is:Type-attachment-images-with-texts-IMAP-SMTP====================current path is:Type-attachment-images-with-texts-IMAP-SMTP================
====running logic-messagesend-IMAP-append-7bit ============running logic-messagesend-IMAP-append-7bit ========
====running logic-messagesend-IMAP-append-8bit ============running logic-messagesend-IMAP-append-8bit ========
====running logic-messagesend-IMAP-append-base64 ========
====running logic-messagesend-IMAP-append-quoted-printable ========
====running logic-messagesend-SMTP-7bit ========
====running logic-messagesend-SMTP-8bit ========
====running logic-messagesend-SMTP-base64 ========
====running logic-messagesend-SMTP-quoted-printable ========
================Type-attachment-images-with-texts-IMAP-SMTP Test finished===============
1c1
< ØŒ ÙˆÙŠÙ…ÙƒÙ† ØªØ­ Nobody! ã„ãã¤ã«ãª æˆ‘ä»¬æ˜¯ä¸­å›½äººï¼Œ "))
---
> * 1 FETCH (FIRSTLINE ("ØŒ ÙˆÙŠÙ…ÙƒÙ† ØªØ­ Nobody! ã„ãã¤ã«ãª æˆ‘ä»¬æ˜¯ä¸­å›½äººï¼Œ "))
1c1
< ØŒ ÙˆÙŠÙ…ÙƒÙ† ØªØ­ Nobody! ã„ãã¤ã«ãª æˆ‘ä»¬æ˜¯ä¸­å›½äººï¼Œ"))
---
> * 1 FETCH (FIRSTLINE ("ØŒ ÙˆÙŠÙ…ÙƒÙ† ØªØ­ Nobody! ã„ãã¤ã«ãª æˆ‘ä»¬æ˜¯ä¸­å›½äººï¼Œ"))
1c1
< ØŒ ÙˆÙŠÙ…ÙƒÙ† ØªØ­ Nobody! ã„ãã¤ã«ãª æˆ‘ä»¬æ˜¯ä¸­å›½äººï¼Œ"))
---
> * 1 FETCH (FIRSTLINE ("ØŒ ÙˆÙŠÙ…ÙƒÙ† ØªØ­ Nobody! ã„ãã¤ã«ãª æˆ‘ä»¬æ˜¯ä¸­å›½äººï¼Œ"))
