
!!!!!!!!!!!!!!!!!!!!!!!!!!!!fetching first line data!!!!!!!!!!!!!!!!!!!!!!!!!!!!!
* OK IMAP4 server (InterMail vM.9.05.00.00 201-2473-137-116) ready Sun, 11 Jun 2017 20:27:40 -0700 (PDT)
a OK LOGIN completed
* 1 EXISTS
* OK [UNSEEN 1] First unseen message
* OK [UIDVALIDITY 1497231880] UIDs valid
* OK [UIDNEXT 2985] Predicted next UID
* FLAGS (\Answered \Flagged \Deleted \Draft \Seen)
* OK [PERMANENTFLAGS (\* \Answered \Flagged \Deleted \Draft \Seen)] Permanent flags
* 1 RECENT
a OK [READ-WRITE] SELECT completed
* 1 FETCH (RFC822 {978}
Return-Path: <xx2@openwave.com>
Received: from [10.37.2.214] by mx-172-26-202-87.openwave.com
          (InterMail vM.9.05.00.00 201-2473-137-116) with SMTP
          id <20170612032738.BOL32283.mx-172-26-202-87.openwave.com@[10.37.2.214]>
          for <xx1@openwave.com>; Sun, 11 Jun 2017 20:27:38 -0700
Received: from [10.37.2.214] by mx-172-26-202-87.openwave.com
          (InterMail vM.9.05.00.00 201-2473-137-108) with ESMTP
          id <20170217085657.BFK23163.mx-172-26-202-87.openwave.com@[10.37.2.214]>
          for <xx1@openwave.com>; Fri, 17 Feb 2017 00:56:57 -0800
Return-Path: <xx2@openwave.com>
Subject: Pure Emoji expressions in message body
Message-ID: <d3457d53-89dc-b15f-97e4-f0a1d4d331a2@openwave.com>
Date: Fri, 17 Feb 2017 16:56:54 +0800
User-Agent: MX
MIME-Version: 1.0
Content-Type: text/plain; charset=utf-8; format=flowed
Content-Transfer-Encoding: quoted-printable
From: <xx2@openwave.com>

:-)
:-(
;-)
:-P
:-[
:-\
=3D-O=
 FLAGS (\Recent \Seen))
a OK FETCH completed
* 1 FETCH (FIRSTLINE (":-) :-( ;-) :-P :-[ :- =-O"))
a OK FETCH completed
* 1 FETCH (FIRSTLINE (":-) :-( ;-) :-P :-[ :- =-O") UID 2984)
a OK UID FETCH completed
* BYE IMAP4 server terminating connection
a OK LOGOUT completed
