

!!!!!!!!!!!!!!!!!!!!!!!!!!!!Sending message20!!!!!!!!!!!!!!!!!!!!!!!!!!!!


\ sending message20:


220 mx-172-26-202-87.openwave.com ESMTP server (InterMail vM.9.05.00.00 201-2473-137-108) ready Thu, 2 Mar 2017 01:11:41 -0800
503 No sender specified
500 Command unknown: ''
500 Command unknown: '.'
221 mx-172-26-202-87.openwave.com ESMTP server closing connection


!!!!!!!!!!!!!!!!!!!!!!!!!!!!Sending message21!!!!!!!!!!!!!!!!!!!!!!!!!!!!


\ sending message21:


220 mx-172-26-202-87.openwave.com ESMTP server (InterMail vM.9.05.00.00 201-2473-137-108) ready Thu, 2 Mar 2017 01:11:41 -0800
503 No sender specified
500 Command unknown: ''
500 Command unknown: '.'
221 mx-172-26-202-87.openwave.com ESMTP server closing connection


!!!!!!!!!!!!!!!!!!!!!!!!!!!!Sending message22!!!!!!!!!!!!!!!!!!!!!!!!!!!!


\ sending message22:


220 mx-172-26-202-87.openwave.com ESMTP server (InterMail vM.9.05.00.00 201-2473-137-108) ready Thu, 2 Mar 2017 01:11:42 -0800
503 No sender specified
500 Command unknown: ''
500 Command unknown: '.'
221 mx-172-26-202-87.openwave.com ESMTP server closing connection


!!!!!!!!!!!!!!!!!!!!!!!!!!!!Sending message23!!!!!!!!!!!!!!!!!!!!!!!!!!!!


\ sending message23:


220 mx-172-26-202-87.openwave.com ESMTP server (InterMail vM.9.05.00.00 201-2473-137-108) ready Thu, 2 Mar 2017 01:11:42 -0800
503 No sender specified
500 Command unknown: ''
500 Command unknown: '.'
221 mx-172-26-202-87.openwave.com ESMTP server closing connection


!!!!!!!!!!!!!!!!!!!!!!!!!!!!Sending message24!!!!!!!!!!!!!!!!!!!!!!!!!!!!


\ sending message24:


220 mx-172-26-202-87.openwave.com ESMTP server (InterMail vM.9.05.00.00 201-2473-137-108) ready Thu, 2 Mar 2017 01:11:43 -0800
503 No sender specified
500 Command unknown: ''
500 Command unknown: '.'
221 mx-172-26-202-87.openwave.com ESMTP server closing connection


!!!!!!!!!!!!!!!!!!!!!!!!!!!!Sending message25!!!!!!!!!!!!!!!!!!!!!!!!!!!!


\ sending message25:


220 mx-172-26-202-87.openwave.com ESMTP server (InterMail vM.9.05.00.00 201-2473-137-108) ready Thu, 2 Mar 2017 01:11:44 -0800
503 No sender specified
500 Command unknown: ''
500 Command unknown: '.'
221 mx-172-26-202-87.openwave.com ESMTP server closing connection


!!!!!!!!!!!!!!!!!!!!!!!!!!!!Sending message26!!!!!!!!!!!!!!!!!!!!!!!!!!!!


\ sending message26:


220 mx-172-26-202-87.openwave.com ESMTP server (InterMail vM.9.05.00.00 201-2473-137-108) ready Thu, 2 Mar 2017 01:11:44 -0800
503 No sender specified
500 Command unknown: ''
500 Command unknown: '.'
221 mx-172-26-202-87.openwave.com ESMTP server closing connection
