imapmail: host[10.49.58.118] port[20143] user[ar1402] pass[p] folder[inbox] message[2]
xx OK LOGIN completed
* 2 EXISTS
* OK [UNSEEN 1] First unseen message
* OK [UIDVALIDITY 1510151752] UIDs valid
* OK [UIDNEXT 1002] Predicted next UID
* FLAGS (\Answered \Flagged \Deleted \Draft \Seen)
* OK [PERMANENTFLAGS (\* \Answered \Flagged \Deleted \Draft \Seen)] Permanent flags
* 1 RECENT
xx OK [READ-WRITE] SELECT completed
* 2 FETCH (BODY[] {1405}
Return-Path: <>
Subject: Re: test message about autoreply feature
To: ar1402@whsasf.com
From: "Auto-reply from ar29463@openwave.com" <ar29463@openwave.com>
In-Reply-To: <20171108143622.ABO9117.mx-10-49-58-118.openwave.com@whsasf.com>
Precedence: bulk
Date: Wed, 8 Nov 2017 09:36:23 -0500
Message-ID: <20171108143623.ABP9117.mx-10-49-58-118.openwave.com@mx-10-49-58-118>
MIME-Version: 1.0
Content-Type: multipart/mixed;
		Boundary="===========================_ _= 9869428(9117)1510151783"


--===========================_ _= 9869428(9117)1510151783
Content-Type: text/plain; charset=UTF-8
Content-Transfer-Encoding: 7bit


Echo,This is an external autoreply message for external senders!

--===========================_ _= 9869428(9117)1510151783
Content-Type: message/rfc822

Received: from whsasf.com ([10.6.104.24]) by mx-10-49-58-118.openwave.com
          (InterMail vM.9.05.01.00 201-2473-137-123) with ESMTP
          id <20171108143622.ABO9117.mx-10-49-58-118.openwave.com@whsasf.com>
          for <ar29463@openwave.com>; Wed, 8 Nov 2017 09:36:22 -0500
Subject: test message about autoreply feature
To: ar29463@openwave.com
Date: Wed, 8 Nov 2017 09:36:23 -0500
Message-Id: <20171108143622.ABO9117.mx-10-49-58-118.openwave.com@whsasf.com>
From: <ar1402@whsasf.com>

Echo,This ia a wonderful world!!

--===========================_ _= 9869428(9117)1510151783--

 FLAGS (\Recent \Seen))
xx OK FETCH completed
* BYE IMAP4 server terminating connection
xx OK LOGOUT completed
