imapmail: host[10.49.58.118] port[20143] user[ar13876] pass[p] folder[inbox] message[2]
xx OK LOGIN completed
* 1 EXISTS
* OK [UNSEEN 1] First unseen message
* OK [UIDVALIDITY 1510814532] UIDs valid
* OK [UIDNEXT 1001] Predicted next UID
* FLAGS (\Answered \Flagged \Deleted \Draft \Seen)
* OK [PERMANENTFLAGS (\* \Answered \Flagged \Deleted \Draft \Seen)] Permanent flags
* 0 RECENT
xx OK [READ-WRITE] SELECT completed
xx NO FETCH failed
Didn't get OK for FETCH
Not Connected...
imapmail: host[10.49.58.118] port[20143] user[ar13559] pass[p] folder[inbox] message[2]
xx OK LOGIN completed
* 1 EXISTS
* OK [UNSEEN 1] First unseen message
* OK [UIDVALIDITY 1510814384] UIDs valid
* OK [UIDNEXT 1001] Predicted next UID
* FLAGS (\Answered \Flagged \Deleted \Draft \Seen)
* OK [PERMANENTFLAGS (\* \Answered \Flagged \Deleted \Draft \Seen)] Permanent flags
* 0 RECENT
xx OK [READ-WRITE] SELECT completed
xx NO FETCH failed
Didn't get OK for FETCH
Not Connected...
imapmail: host[10.49.58.118] port[20143] user[ar10516] pass[p] folder[inbox] message[2]
xx OK LOGIN completed
* 1 EXISTS
* OK [UNSEEN 1] First unseen message
* OK [UIDVALIDITY 1510814385] UIDs valid
* OK [UIDNEXT 1001] Predicted next UID
* FLAGS (\Answered \Flagged \Deleted \Draft \Seen)
* OK [PERMANENTFLAGS (\* \Answered \Flagged \Deleted \Draft \Seen)] Permanent flags
* 0 RECENT
xx OK [READ-WRITE] SELECT completed
xx NO FETCH failed
Didn't get OK for FETCH
Not Connected...
imapmail: host[10.49.58.118] port[20143] user[ar11333] pass[p] folder[inbox] message[2]
xx OK LOGIN completed
* 1 EXISTS
* OK [UNSEEN 1] First unseen message
* OK [UIDVALIDITY 1510814386] UIDs valid
* OK [UIDNEXT 1001] Predicted next UID
* FLAGS (\Answered \Flagged \Deleted \Draft \Seen)
* OK [PERMANENTFLAGS (\* \Answered \Flagged \Deleted \Draft \Seen)] Permanent flags
* 0 RECENT
xx OK [READ-WRITE] SELECT completed
xx NO FETCH failed
Didn't get OK for FETCH
Not Connected...
