Delete messsages successfully.
!!!!!!!!!!!!!!!!!!!!!!message delete successfully!!!!!!!!!!!!!!!!!
61
from:xx1@openwave.com to:xx2@openwave.com subject:testemail


!!!!!!!!!!!!!!!!!!!!!!!!!!!!Appending message1!!!!!!!!!!!!!!!!!!!!!!!!!!!!!
* OK IMAP4 server (InterMail vM.9.05.00.00 201-2473-137-108) ready Tue, 24 Jan 2017 00:10:41 -0800 (PST)
a OK LOGIN completed
* 0 EXISTS
* OK [UNSEEN 0] First unseen message
* OK [UIDVALIDITY 1484896050] UIDs valid
* OK [UIDNEXT 1120] Predicted next UID
* FLAGS (\Answered \Flagged \Deleted \Draft \Seen)
* OK [PERMANENTFLAGS (\* \Answered \Flagged \Deleted \Draft \Seen)] Permanent flags
* 0 RECENT
a OK [READ-WRITE] SELECT completed
+ Ready for argument
* 1 EXISTS
* 1 RECENT
a OK [APPENDUID 1484896050 1120] APPEND completed
* BYE IMAP4 server terminating connection
a OK LOGOUT completed
!!!!!!!!!!!!!!!!append finished!!!!!!!!!!!!!!!
100
from:xx1@openwave.com to:xx2@openwave.com subject:testemail To be or not to be.That is a question.


!!!!!!!!!!!!!!!!!!!!!!!!!!!!Appending message2!!!!!!!!!!!!!!!!!!!!!!!!!!!!!
* OK IMAP4 server (InterMail vM.9.05.00.00 201-2473-137-108) ready Tue, 24 Jan 2017 00:10:41 -0800 (PST)
a OK LOGIN completed
* 1 EXISTS
* OK [UNSEEN 1] First unseen message
* OK [UIDVALIDITY 1484896050] UIDs valid
* OK [UIDNEXT 1121] Predicted next UID
* FLAGS (\Answered \Flagged \Deleted \Draft \Seen)
* OK [PERMANENTFLAGS (\* \Answered \Flagged \Deleted \Draft \Seen)] Permanent flags
* 1 RECENT
a OK [READ-WRITE] SELECT completed
+ Ready for argument
* 2 EXISTS
* 2 RECENT
a OK [APPENDUID 1484896050 1121] APPEND completed
* BAD Null command
* BYE IMAP4 server terminating connection
a OK LOGOUT completed
!!!!!!!!!!!!!!!!append finished!!!!!!!!!!!!!!!
105
from:xx1@openwave.com to:xx2@openwave.com subject:testemail To be or not to be.That is a question.


!!!!!!!!!!!!!!!!!!!!!!!!!!!!Appending message3!!!!!!!!!!!!!!!!!!!!!!!!!!!!!
* OK IMAP4 server (InterMail vM.9.05.00.00 201-2473-137-108) ready Tue, 24 Jan 2017 00:10:42 -0800 (PST)
a OK LOGIN completed
* 2 EXISTS
* OK [UNSEEN 1] First unseen message
* OK [UIDVALIDITY 1484896050] UIDs valid
* OK [UIDNEXT 1122] Predicted next UID
* FLAGS (\Answered \Flagged \Deleted \Draft \Seen)
* OK [PERMANENTFLAGS (\* \Answered \Flagged \Deleted \Draft \Seen)] Permanent flags
* 1 RECENT
a OK [READ-WRITE] SELECT completed
+ Ready for argument
* 3 EXISTS
* 2 RECENT
a OK [APPENDUID 1484896050 1122] APPEND completed
* BAD Null command
* BYE IMAP4 server terminating connection
a OK LOGOUT completed
!!!!!!!!!!!!!!!!append finished!!!!!!!!!!!!!!!
105
from:xx1@openwave.com to:xx2@openwave.com subject:testemail To be or not to be .That is a question.


!!!!!!!!!!!!!!!!!!!!!!!!!!!!Appending message4!!!!!!!!!!!!!!!!!!!!!!!!!!!!!
* OK IMAP4 server (InterMail vM.9.05.00.00 201-2473-137-108) ready Tue, 24 Jan 2017 00:10:43 -0800 (PST)
a OK LOGIN completed
* 3 EXISTS
* OK [UNSEEN 1] First unseen message
* OK [UIDVALIDITY 1484896050] UIDs valid
* OK [UIDNEXT 1123] Predicted next UID
* FLAGS (\Answered \Flagged \Deleted \Draft \Seen)
* OK [PERMANENTFLAGS (\* \Answered \Flagged \Deleted \Draft \Seen)] Permanent flags
* 1 RECENT
a OK [READ-WRITE] SELECT completed
+ Ready for argument
* 4 EXISTS
* 2 RECENT
a OK [APPENDUID 1484896050 1123] APPEND completed
* BAD Null command
* BYE IMAP4 server terminating connection
a OK LOGOUT completed
!!!!!!!!!!!!!!!!append finished!!!!!!!!!!!!!!!
105
from:xx1@openwave.com to:xx2@openwave.com subject:testemail To be or not to be.That is a question.


!!!!!!!!!!!!!!!!!!!!!!!!!!!!Appending message5!!!!!!!!!!!!!!!!!!!!!!!!!!!!!
* OK IMAP4 server (InterMail vM.9.05.00.00 201-2473-137-108) ready Tue, 24 Jan 2017 00:10:43 -0800 (PST)
a OK LOGIN completed
* 4 EXISTS
* OK [UNSEEN 1] First unseen message
* OK [UIDVALIDITY 1484896050] UIDs valid
* OK [UIDNEXT 1124] Predicted next UID
* FLAGS (\Answered \Flagged \Deleted \Draft \Seen)
* OK [PERMANENTFLAGS (\* \Answered \Flagged \Deleted \Draft \Seen)] Permanent flags
* 1 RECENT
a OK [READ-WRITE] SELECT completed
+ Ready for argument
* 5 EXISTS
* 2 RECENT
a OK [APPENDUID 1484896050 1124] APPEND completed
* BAD Null command
* BYE IMAP4 server terminating connection
a OK LOGOUT completed
!!!!!!!!!!!!!!!!append finished!!!!!!!!!!!!!!!
129
from:xx1@openwave.com to:xx2@openwave.com subject:testemail The lunatic, the lover and the poet are of imagination all compact.


!!!!!!!!!!!!!!!!!!!!!!!!!!!!Appending message6!!!!!!!!!!!!!!!!!!!!!!!!!!!!!
* OK IMAP4 server (InterMail vM.9.05.00.00 201-2473-137-108) ready Tue, 24 Jan 2017 00:10:44 -0800 (PST)
a OK LOGIN completed
* 5 EXISTS
* OK [UNSEEN 1] First unseen message
* OK [UIDVALIDITY 1484896050] UIDs valid
* OK [UIDNEXT 1125] Predicted next UID
* FLAGS (\Answered \Flagged \Deleted \Draft \Seen)
* OK [PERMANENTFLAGS (\* \Answered \Flagged \Deleted \Draft \Seen)] Permanent flags
* 1 RECENT
a OK [READ-WRITE] SELECT completed
+ Ready for argument
* 6 EXISTS
* 2 RECENT
a OK [APPENDUID 1484896050 1125] APPEND completed
* BAD Null command
* BYE IMAP4 server terminating connection
a OK LOGOUT completed
!!!!!!!!!!!!!!!!append finished!!!!!!!!!!!!!!!
134
from:xx1@openwave.com to:xx2@openwave.com subject:testemail The lunatic, the lover and the poet are of imagination all compact.


!!!!!!!!!!!!!!!!!!!!!!!!!!!!Appending message7!!!!!!!!!!!!!!!!!!!!!!!!!!!!!
* OK IMAP4 server (InterMail vM.9.05.00.00 201-2473-137-108) ready Tue, 24 Jan 2017 00:10:45 -0800 (PST)
a OK LOGIN completed
* 6 EXISTS
* OK [UNSEEN 1] First unseen message
* OK [UIDVALIDITY 1484896050] UIDs valid
* OK [UIDNEXT 1126] Predicted next UID
* FLAGS (\Answered \Flagged \Deleted \Draft \Seen)
* OK [PERMANENTFLAGS (\* \Answered \Flagged \Deleted \Draft \Seen)] Permanent flags
* 1 RECENT
a OK [READ-WRITE] SELECT completed
+ Ready for argument
* 7 EXISTS
* 2 RECENT
a OK [APPENDUID 1484896050 1126] APPEND completed
* BAD Null command
* BYE IMAP4 server terminating connection
a OK LOGOUT completed
!!!!!!!!!!!!!!!!append finished!!!!!!!!!!!!!!!
134
from:xx1@openwave.com to:xx2@openwave.com subject:testemail The lunatic, the lover and the poet are of imagination all compact.


!!!!!!!!!!!!!!!!!!!!!!!!!!!!Appending message8!!!!!!!!!!!!!!!!!!!!!!!!!!!!!
* OK IMAP4 server (InterMail vM.9.05.00.00 201-2473-137-108) ready Tue, 24 Jan 2017 00:10:45 -0800 (PST)
a OK LOGIN completed
* 7 EXISTS
* OK [UNSEEN 1] First unseen message
* OK [UIDVALIDITY 1484896050] UIDs valid
* OK [UIDNEXT 1127] Predicted next UID
* FLAGS (\Answered \Flagged \Deleted \Draft \Seen)
* OK [PERMANENTFLAGS (\* \Answered \Flagged \Deleted \Draft \Seen)] Permanent flags
* 1 RECENT
a OK [READ-WRITE] SELECT completed
+ Ready for argument
* 8 EXISTS
* 2 RECENT
a OK [APPENDUID 1484896050 1127] APPEND completed
* BAD Null command
* BYE IMAP4 server terminating connection
a OK LOGOUT completed
!!!!!!!!!!!!!!!!append finished!!!!!!!!!!!!!!!
134
from:xx1@openwave.com to:xx2@openwave.com subject:testemail The lunatic, the lover and the poet are of imagination all compact.


!!!!!!!!!!!!!!!!!!!!!!!!!!!!Appending message9!!!!!!!!!!!!!!!!!!!!!!!!!!!!!
* OK IMAP4 server (InterMail vM.9.05.00.00 201-2473-137-108) ready Tue, 24 Jan 2017 00:10:46 -0800 (PST)
a OK LOGIN completed
* 8 EXISTS
* OK [UNSEEN 1] First unseen message
* OK [UIDVALIDITY 1484896050] UIDs valid
* OK [UIDNEXT 1128] Predicted next UID
* FLAGS (\Answered \Flagged \Deleted \Draft \Seen)
* OK [PERMANENTFLAGS (\* \Answered \Flagged \Deleted \Draft \Seen)] Permanent flags
* 1 RECENT
a OK [READ-WRITE] SELECT completed
+ Ready for argument
* 9 EXISTS
* 2 RECENT
a OK [APPENDUID 1484896050 1128] APPEND completed
* BAD Null command
* BYE IMAP4 server terminating connection
a OK LOGOUT completed
!!!!!!!!!!!!!!!!append finished!!!!!!!!!!!!!!!
152
from:xx1@openwave.com to:xx2@openwave.com subject:testemail The lunatic, the lover and the poet are of imagination all compact. (A Midsummer Night's D


!!!!!!!!!!!!!!!!!!!!!!!!!!!!Appending message10!!!!!!!!!!!!!!!!!!!!!!!!!!!!!
* OK IMAP4 server (InterMail vM.9.05.00.00 201-2473-137-108) ready Tue, 24 Jan 2017 00:10:47 -0800 (PST)
a OK LOGIN completed
* 9 EXISTS
* OK [UNSEEN 1] First unseen message
* OK [UIDVALIDITY 1484896050] UIDs valid
* OK [UIDNEXT 1129] Predicted next UID
* FLAGS (\Answered \Flagged \Deleted \Draft \Seen)
* OK [PERMANENTFLAGS (\* \Answered \Flagged \Deleted \Draft \Seen)] Permanent flags
* 1 RECENT
a OK [READ-WRITE] SELECT completed
+ Ready for argument
* 10 EXISTS
* 2 RECENT
a OK [APPENDUID 1484896050 1129] APPEND completed
* BAD Null command
* BYE IMAP4 server terminating connection
a OK LOGOUT completed
!!!!!!!!!!!!!!!!append finished!!!!!!!!!!!!!!!
152
from:xx1@openwave.com to:xx2@openwave.com subject:testemail The lunatic, the lover and the poet are of imagination all compact. (A Midsummer Nigh


!!!!!!!!!!!!!!!!!!!!!!!!!!!!Appending message11!!!!!!!!!!!!!!!!!!!!!!!!!!!!!
* OK IMAP4 server (InterMail vM.9.05.00.00 201-2473-137-108) ready Tue, 24 Jan 2017 00:10:48 -0800 (PST)
a OK LOGIN completed
* 10 EXISTS
* OK [UNSEEN 1] First unseen message
* OK [UIDVALIDITY 1484896050] UIDs valid
* OK [UIDNEXT 1130] Predicted next UID
* FLAGS (\Answered \Flagged \Deleted \Draft \Seen)
* OK [PERMANENTFLAGS (\* \Answered \Flagged \Deleted \Draft \Seen)] Permanent flags
* 1 RECENT
a OK [READ-WRITE] SELECT completed
+ Ready for argument
* 11 EXISTS
* 2 RECENT
a OK [APPENDUID 1484896050 1130] APPEND completed
* BAD Null command
* BYE IMAP4 server terminating connection
a OK LOGOUT completed
!!!!!!!!!!!!!!!!append finished!!!!!!!!!!!!!!!
152
from:xx1@openwave.com to:xx2@openwave.com subject:testemail The lunatic, the lover and the po et are of imagination all compact. (A Midsummer Nigh


!!!!!!!!!!!!!!!!!!!!!!!!!!!!Appending message12!!!!!!!!!!!!!!!!!!!!!!!!!!!!!
* OK IMAP4 server (InterMail vM.9.05.00.00 201-2473-137-108) ready Tue, 24 Jan 2017 00:10:48 -0800 (PST)
a OK LOGIN completed
* 11 EXISTS
* OK [UNSEEN 1] First unseen message
* OK [UIDVALIDITY 1484896050] UIDs valid
* OK [UIDNEXT 1131] Predicted next UID
* FLAGS (\Answered \Flagged \Deleted \Draft \Seen)
* OK [PERMANENTFLAGS (\* \Answered \Flagged \Deleted \Draft \Seen)] Permanent flags
* 1 RECENT
a OK [READ-WRITE] SELECT completed
+ Ready for argument
* 12 EXISTS
* 2 RECENT
a OK [APPENDUID 1484896050 1131] APPEND completed
* BAD Null command
* BYE IMAP4 server terminating connection
a OK LOGOUT completed
!!!!!!!!!!!!!!!!append finished!!!!!!!!!!!!!!!
152
from:xx1@openwave.com to:xx2@openwave.com subject:testemail The lunatic, the lover and the poet are of imagination all compact. (A Midsummer Nigh


!!!!!!!!!!!!!!!!!!!!!!!!!!!!Appending message13!!!!!!!!!!!!!!!!!!!!!!!!!!!!!
* OK IMAP4 server (InterMail vM.9.05.00.00 201-2473-137-108) ready Tue, 24 Jan 2017 00:10:49 -0800 (PST)
a OK LOGIN completed
* 12 EXISTS
* OK [UNSEEN 1] First unseen message
* OK [UIDVALIDITY 1484896050] UIDs valid
* OK [UIDNEXT 1132] Predicted next UID
* FLAGS (\Answered \Flagged \Deleted \Draft \Seen)
* OK [PERMANENTFLAGS (\* \Answered \Flagged \Deleted \Draft \Seen)] Permanent flags
* 1 RECENT
a OK [READ-WRITE] SELECT completed
+ Ready for argument
* 13 EXISTS
* 2 RECENT
a OK [APPENDUID 1484896050 1132] APPEND completed
* BAD Null command
* BYE IMAP4 server terminating connection
a OK LOGOUT completed
!!!!!!!!!!!!!!!!append finished!!!!!!!!!!!!!!!
153
from:xx1@openwave.com to:xx2@openwave.com subject:testemail The lunatic , the lover and the poet are of imagination all compact. (A Midsummer Night's D


!!!!!!!!!!!!!!!!!!!!!!!!!!!!Appending message14!!!!!!!!!!!!!!!!!!!!!!!!!!!!!
* OK IMAP4 server (InterMail vM.9.05.00.00 201-2473-137-108) ready Tue, 24 Jan 2017 00:10:50 -0800 (PST)
a OK LOGIN completed
* 13 EXISTS
* OK [UNSEEN 1] First unseen message
* OK [UIDVALIDITY 1484896050] UIDs valid
* OK [UIDNEXT 1133] Predicted next UID
* FLAGS (\Answered \Flagged \Deleted \Draft \Seen)
* OK [PERMANENTFLAGS (\* \Answered \Flagged \Deleted \Draft \Seen)] Permanent flags
* 1 RECENT
a OK [READ-WRITE] SELECT completed
+ Ready for argument
* 14 EXISTS
* 2 RECENT
a OK [APPENDUID 1484896050 1133] APPEND completed
* BAD Null command
* BYE IMAP4 server terminating connection
a OK LOGOUT completed
!!!!!!!!!!!!!!!!append finished!!!!!!!!!!!!!!!
153
from:xx1@openwave.com to:xx2@openwave.com subject:testemail The lunatic , the lover and the poet are of imagination all compact. (A Midsummer Nigh


!!!!!!!!!!!!!!!!!!!!!!!!!!!!Appending message15!!!!!!!!!!!!!!!!!!!!!!!!!!!!!
* OK IMAP4 server (InterMail vM.9.05.00.00 201-2473-137-108) ready Tue, 24 Jan 2017 00:10:50 -0800 (PST)
a OK LOGIN completed
* 14 EXISTS
* OK [UNSEEN 1] First unseen message
* OK [UIDVALIDITY 1484896050] UIDs valid
* OK [UIDNEXT 1134] Predicted next UID
* FLAGS (\Answered \Flagged \Deleted \Draft \Seen)
* OK [PERMANENTFLAGS (\* \Answered \Flagged \Deleted \Draft \Seen)] Permanent flags
* 1 RECENT
a OK [READ-WRITE] SELECT completed
+ Ready for argument
* 15 EXISTS
* 2 RECENT
a OK [APPENDUID 1484896050 1134] APPEND completed
* BAD Null command
* BYE IMAP4 server terminating connection
a OK LOGOUT completed
!!!!!!!!!!!!!!!!append finished!!!!!!!!!!!!!!!
153
from:xx1@openwave.com to:xx2@openwave.com subject:testemail The lunatic , the lover and the po et are of imagination all compact. (A Midsummer Nigh


!!!!!!!!!!!!!!!!!!!!!!!!!!!!Appending message16!!!!!!!!!!!!!!!!!!!!!!!!!!!!!
* OK IMAP4 server (InterMail vM.9.05.00.00 201-2473-137-108) ready Tue, 24 Jan 2017 00:10:51 -0800 (PST)
a OK LOGIN completed
* 15 EXISTS
* OK [UNSEEN 1] First unseen message
* OK [UIDVALIDITY 1484896050] UIDs valid
* OK [UIDNEXT 1135] Predicted next UID
* FLAGS (\Answered \Flagged \Deleted \Draft \Seen)
* OK [PERMANENTFLAGS (\* \Answered \Flagged \Deleted \Draft \Seen)] Permanent flags
* 1 RECENT
a OK [READ-WRITE] SELECT completed
+ Ready for argument
* 16 EXISTS
* 2 RECENT
a OK [APPENDUID 1484896050 1135] APPEND completed
* BAD Null command
* BYE IMAP4 server terminating connection
a OK LOGOUT completed
!!!!!!!!!!!!!!!!append finished!!!!!!!!!!!!!!!
153
from:xx1@openwave.com to:xx2@openwave.com subject:testemail The lunatic , the lover and the poet are of imagination all compact. (A Midsummer Nigh


!!!!!!!!!!!!!!!!!!!!!!!!!!!!Appending message17!!!!!!!!!!!!!!!!!!!!!!!!!!!!!
* OK IMAP4 server (InterMail vM.9.05.00.00 201-2473-137-108) ready Tue, 24 Jan 2017 00:10:52 -0800 (PST)
a OK LOGIN completed
* 16 EXISTS
* OK [UNSEEN 1] First unseen message
* OK [UIDVALIDITY 1484896050] UIDs valid
* OK [UIDNEXT 1136] Predicted next UID
* FLAGS (\Answered \Flagged \Deleted \Draft \Seen)
* OK [PERMANENTFLAGS (\* \Answered \Flagged \Deleted \Draft \Seen)] Permanent flags
* 1 RECENT
a OK [READ-WRITE] SELECT completed
+ Ready for argument
* 17 EXISTS
* 2 RECENT
a OK [APPENDUID 1484896050 1136] APPEND completed
* BAD Null command
* BYE IMAP4 server terminating connection
a OK LOGOUT completed
!!!!!!!!!!!!!!!!append finished!!!!!!!!!!!!!!!
182
from:xx1@openwave.com to:xx2@openwave.com subject:testemail You gods divine! Make Cressida's name the very crown of falsehood, if ever she leave Troilus. (Troilus and Cressida 4.2)


!!!!!!!!!!!!!!!!!!!!!!!!!!!!Appending message18!!!!!!!!!!!!!!!!!!!!!!!!!!!!!
* OK IMAP4 server (InterMail vM.9.05.00.00 201-2473-137-108) ready Tue, 24 Jan 2017 00:10:52 -0800 (PST)
a OK LOGIN completed
* 17 EXISTS
* OK [UNSEEN 1] First unseen message
* OK [UIDVALIDITY 1484896050] UIDs valid
* OK [UIDNEXT 1137] Predicted next UID
* FLAGS (\Answered \Flagged \Deleted \Draft \Seen)
* OK [PERMANENTFLAGS (\* \Answered \Flagged \Deleted \Draft \Seen)] Permanent flags
* 1 RECENT
a OK [READ-WRITE] SELECT completed
+ Ready for argument
* 18 EXISTS
* 2 RECENT
a OK [APPENDUID 1484896050 1137] APPEND completed
* BAD Null command
* BYE IMAP4 server terminating connection
a OK LOGOUT completed
!!!!!!!!!!!!!!!!append finished!!!!!!!!!!!!!!!
187
from:xx1@openwave.com to:xx2@openwave.com subject:testemail You gods divine! Make Cressida's name the very crown of falsehood, if ever she leave Troilus. (Troilus and Cressida 4.2)


!!!!!!!!!!!!!!!!!!!!!!!!!!!!Appending message19!!!!!!!!!!!!!!!!!!!!!!!!!!!!!
* OK IMAP4 server (InterMail vM.9.05.00.00 201-2473-137-108) ready Tue, 24 Jan 2017 00:10:53 -0800 (PST)
a OK LOGIN completed
* 18 EXISTS
* OK [UNSEEN 1] First unseen message
* OK [UIDVALIDITY 1484896050] UIDs valid
* OK [UIDNEXT 1138] Predicted next UID
* FLAGS (\Answered \Flagged \Deleted \Draft \Seen)
* OK [PERMANENTFLAGS (\* \Answered \Flagged \Deleted \Draft \Seen)] Permanent flags
* 1 RECENT
a OK [READ-WRITE] SELECT completed
+ Ready for argument
* 19 EXISTS
* 2 RECENT
a OK [APPENDUID 1484896050 1138] APPEND completed
* BAD Null command
* BYE IMAP4 server terminating connection
a OK LOGOUT completed
!!!!!!!!!!!!!!!!append finished!!!!!!!!!!!!!!!
187
from:xx1@openwave.com to:xx2@openwave.com subject:testemail You gods divine! Make Cressida' s name the very crown of falsehood, if ever she leave Troilus. (Troilus and Cressida 4.2)


!!!!!!!!!!!!!!!!!!!!!!!!!!!!Appending message20!!!!!!!!!!!!!!!!!!!!!!!!!!!!!
* OK IMAP4 server (InterMail vM.9.05.00.00 201-2473-137-108) ready Tue, 24 Jan 2017 00:10:54 -0800 (PST)
a OK LOGIN completed
* 19 EXISTS
* OK [UNSEEN 1] First unseen message
* OK [UIDVALIDITY 1484896050] UIDs valid
* OK [UIDNEXT 1139] Predicted next UID
* FLAGS (\Answered \Flagged \Deleted \Draft \Seen)
* OK [PERMANENTFLAGS (\* \Answered \Flagged \Deleted \Draft \Seen)] Permanent flags
* 1 RECENT
a OK [READ-WRITE] SELECT completed
+ Ready for argument
* 20 EXISTS
* 2 RECENT
a OK [APPENDUID 1484896050 1139] APPEND completed
* BAD Null command
* BYE IMAP4 server terminating connection
a OK LOGOUT completed
!!!!!!!!!!!!!!!!append finished!!!!!!!!!!!!!!!
187
from:xx1@openwave.com to:xx2@openwave.com subject:testemail You gods divine! Make Cressida's name the very crown of falsehood, if ever she leave Troilus. (Troilus and Cressida 4.2)


!!!!!!!!!!!!!!!!!!!!!!!!!!!!Appending message21!!!!!!!!!!!!!!!!!!!!!!!!!!!!!
* OK IMAP4 server (InterMail vM.9.05.00.00 201-2473-137-108) ready Tue, 24 Jan 2017 00:10:55 -0800 (PST)
a OK LOGIN completed
* 20 EXISTS
* OK [UNSEEN 1] First unseen message
* OK [UIDVALIDITY 1484896050] UIDs valid
* OK [UIDNEXT 1140] Predicted next UID
* FLAGS (\Answered \Flagged \Deleted \Draft \Seen)
* OK [PERMANENTFLAGS (\* \Answered \Flagged \Deleted \Draft \Seen)] Permanent flags
* 1 RECENT
a OK [READ-WRITE] SELECT completed
+ Ready for argument
* 21 EXISTS
* 2 RECENT
a OK [APPENDUID 1484896050 1140] APPEND completed
* BAD Null command
* BYE IMAP4 server terminating connection
a OK LOGOUT completed
!!!!!!!!!!!!!!!!append finished!!!!!!!!!!!!!!!
184
from:xx1@openwave.com to:xx2@openwave.com subject:testemail You gods divine ! Make Cressida's name the very crown of falsehood , if ever she leave Troilus. (Troilus and Cressida 4.2)


!!!!!!!!!!!!!!!!!!!!!!!!!!!!Appending message22!!!!!!!!!!!!!!!!!!!!!!!!!!!!!
* OK IMAP4 server (InterMail vM.9.05.00.00 201-2473-137-108) ready Tue, 24 Jan 2017 00:10:55 -0800 (PST)
a OK LOGIN completed
* 21 EXISTS
* OK [UNSEEN 1] First unseen message
* OK [UIDVALIDITY 1484896050] UIDs valid
* OK [UIDNEXT 1141] Predicted next UID
* FLAGS (\Answered \Flagged \Deleted \Draft \Seen)
* OK [PERMANENTFLAGS (\* \Answered \Flagged \Deleted \Draft \Seen)] Permanent flags
* 1 RECENT
a OK [READ-WRITE] SELECT completed
+ Ready for argument
* 22 EXISTS
* 2 RECENT
a OK [APPENDUID 1484896050 1141] APPEND completed
* BAD Null command
* BYE IMAP4 server terminating connection
a OK LOGOUT completed
!!!!!!!!!!!!!!!!append finished!!!!!!!!!!!!!!!
189
from:xx1@openwave.com to:xx2@openwave.com subject:testemail You gods divine ! Make Cressida's name the very crown of falsehood , if ever she leave Troilus. (Troilus and Cressida 4.2)


!!!!!!!!!!!!!!!!!!!!!!!!!!!!Appending message23!!!!!!!!!!!!!!!!!!!!!!!!!!!!!
* OK IMAP4 server (InterMail vM.9.05.00.00 201-2473-137-108) ready Tue, 24 Jan 2017 00:10:56 -0800 (PST)
a OK LOGIN completed
* 22 EXISTS
* OK [UNSEEN 1] First unseen message
* OK [UIDVALIDITY 1484896050] UIDs valid
* OK [UIDNEXT 1142] Predicted next UID
* FLAGS (\Answered \Flagged \Deleted \Draft \Seen)
* OK [PERMANENTFLAGS (\* \Answered \Flagged \Deleted \Draft \Seen)] Permanent flags
* 1 RECENT
a OK [READ-WRITE] SELECT completed
+ Ready for argument
* 23 EXISTS
* 2 RECENT
a OK [APPENDUID 1484896050 1142] APPEND completed
* BAD Null command
* BYE IMAP4 server terminating connection
a OK LOGOUT completed
!!!!!!!!!!!!!!!!append finished!!!!!!!!!!!!!!!
189
from:xx1@openwave.com to:xx2@openwave.com subject:testemail You gods divine ! Make Cressida' s name the very crown of falsehood , if ever she leave Troilus. (Troilus and Cressida 4.2)


!!!!!!!!!!!!!!!!!!!!!!!!!!!!Appending message24!!!!!!!!!!!!!!!!!!!!!!!!!!!!!
* OK IMAP4 server (InterMail vM.9.05.00.00 201-2473-137-108) ready Tue, 24 Jan 2017 00:10:57 -0800 (PST)
a OK LOGIN completed
* 23 EXISTS
* OK [UNSEEN 1] First unseen message
* OK [UIDVALIDITY 1484896050] UIDs valid
* OK [UIDNEXT 1143] Predicted next UID
* FLAGS (\Answered \Flagged \Deleted \Draft \Seen)
* OK [PERMANENTFLAGS (\* \Answered \Flagged \Deleted \Draft \Seen)] Permanent flags
* 1 RECENT
a OK [READ-WRITE] SELECT completed
+ Ready for argument
* 24 EXISTS
* 2 RECENT
a OK [APPENDUID 1484896050 1143] APPEND completed
* BAD Null command
* BYE IMAP4 server terminating connection
a OK LOGOUT completed
!!!!!!!!!!!!!!!!append finished!!!!!!!!!!!!!!!
189
from:xx1@openwave.com to:xx2@openwave.com subject:testemail You gods divine ! Make Cressida's name the very crown of falsehood , if ever she leave Troilus. (Troilus and Cressida 4.2)


!!!!!!!!!!!!!!!!!!!!!!!!!!!!Appending message25!!!!!!!!!!!!!!!!!!!!!!!!!!!!!
* OK IMAP4 server (InterMail vM.9.05.00.00 201-2473-137-108) ready Tue, 24 Jan 2017 00:10:57 -0800 (PST)
a OK LOGIN completed
* 24 EXISTS
* OK [UNSEEN 1] First unseen message
* OK [UIDVALIDITY 1484896050] UIDs valid
* OK [UIDNEXT 1144] Predicted next UID
* FLAGS (\Answered \Flagged \Deleted \Draft \Seen)
* OK [PERMANENTFLAGS (\* \Answered \Flagged \Deleted \Draft \Seen)] Permanent flags
* 1 RECENT
a OK [READ-WRITE] SELECT completed
+ Ready for argument
* 25 EXISTS
* 2 RECENT
a OK [APPENDUID 1484896050 1144] APPEND completed
* BAD Null command
* BYE IMAP4 server terminating connection
a OK LOGOUT completed
!!!!!!!!!!!!!!!!append finished!!!!!!!!!!!!!!!

!!!!!!!!!!!!!!!!!!!!!!!!!!!!fetching first line data!!!!!!!!!!!!!!!!!!!!!!!!!!!!!
* OK IMAP4 server (InterMail vM.9.05.00.00 201-2473-137-108) ready Tue, 24 Jan 2017 00:10:58 -0800 (PST)
a OK LOGIN completed
* 25 EXISTS
* OK [UNSEEN 1] First unseen message
* OK [UIDVALIDITY 1484896050] UIDs valid
* OK [UIDNEXT 1145] Predicted next UID
* FLAGS (\Answered \Flagged \Deleted \Draft \Seen)
* OK [PERMANENTFLAGS (\* \Answered \Flagged \Deleted \Draft \Seen)] Permanent flags
* 1 RECENT
a OK [READ-WRITE] SELECT completed
* 1 FETCH (FIRSTLINE ())
* 2 FETCH (FIRSTLINE (To be or not to be.That is a question. ))
* 3 FETCH (FIRSTLINE (     To be or not to be.That is a question. ))
* 4 FETCH (FIRSTLINE (To be or not to be     .That is a question. ))
* 5 FETCH (FIRSTLINE (To be or not to be.That is a question.      ))
* 6 FETCH (FIRSTLINE (The lunatic, the lover and the poet are of imagination all compact. ))
* 7 FETCH (FIRSTLINE (     The lunatic, the lover and the poet are of imagination all compact. ))
* 8 FETCH (FIRSTLINE (The lunatic,      the lover and the poet are of imagination all compact. ))
* 9 FETCH (FIRSTLINE (The lunatic, the lover and the poet are of imagination all compact.      ))
* 10 FETCH (FIRSTLINE (The lunatic, the lover and the poet are of imagination all compact. (A Midsummer Night's ))
* 11 FETCH (FIRSTLINE (     The lunatic, the lover and the poet are of imagination all compact. (A Midsummer Nig))
* 12 FETCH (FIRSTLINE (The lunatic, the lover and the po     et are of imagination all compact. (A Midsummer Nig))
* 13 FETCH (FIRSTLINE (The lunatic, the lover and the poet are of imagination all compact. (A Midsummer Nigh    ))
* 14 FETCH (FIRSTLINE (The lunatic , the lover and the poet are of imagination all compact. (A Midsummer Night'))
* 15 FETCH (FIRSTLINE (     The lunatic , the lover and the poet are of imagination all compact. (A Midsummer N))
* 16 FETCH (FIRSTLINE (The lunatic , the lover and the po     et are of imagination all compact. (A Midsummer N))
* 17 FETCH (FIRSTLINE (The lunatic , the lover and the poet are of imagination all compact. (A Midsummer Nigh  ))
* 18 FETCH (FIRSTLINE (You gods divine! Make Cressida's name the very crown of falsehood, if ever she leave Troi))
* 19 FETCH (FIRSTLINE (     You gods divine! Make Cressida's name the very crown of falsehood, if ever she leave))
* 20 FETCH (FIRSTLINE (You gods divine! Make Cressida'     s name the very crown of falsehood, if ever she leave))
* 21 FETCH (FIRSTLINE (You gods divine! Make Cressida's name the very crown of falsehood, if ever she leave Troi))
* 22 FETCH (FIRSTLINE (You gods divine ! Make Cressida's name the very crown of falsehood , if ever she leave ))
* 23 FETCH (FIRSTLINE (     You gods divine ! Make Cressida's name the very crown of falsehood , if ever she l))
* 24 FETCH (FIRSTLINE (You gods divine ! Make Cressida'     s name the very crown of falsehood , if ever she l))
* 25 FETCH (FIRSTLINE (You gods divine ! Make Cressida's name the very crown of falsehood , if ever she leave ))
a OK FETCH completed
* BYE IMAP4 server terminating connection
a OK LOGOUT completed
