imapmail: host[10.49.58.118] port[20143] user[ar190] pass[p] folder[inbox] message[2]
xx OK LOGIN completed
* 2 EXISTS
* OK [UNSEEN 1] First unseen message
* OK [UIDVALIDITY 1510927837] UIDs valid
* OK [UIDNEXT 1002] Predicted next UID
* FLAGS (\Answered \Flagged \Deleted \Draft \Seen)
* OK [PERMANENTFLAGS (\* \Answered \Flagged \Deleted \Draft \Seen)] Permanent flags
* 1 RECENT
xx OK [READ-WRITE] SELECT completed
* 2 FETCH (BODY[] {1377}
Return-Path: <>
Subject: Re: test message about autoreply feature
To: ar190@openwave.com
From: "Auto-reply from ar12560@openwave.com" <ar12560@openwave.com>
In-Reply-To: <20171117141423.BNC10530.mx-10-49-58-118.openwave.com@ar190>
Precedence: bulk
Date: Fri, 17 Nov 2017 09:14:24 -0500
Message-ID: <20171117141424.BND10530.mx-10-49-58-118.openwave.com@mx-10-49-58-118>
MIME-Version: 1.0
Content-Type: multipart/mixed;
		Boundary="===========================_ _= 6109029(10530)1510928064"


--===========================_ _= 6109029(10530)1510928064
Content-Type: text/plain; charset=UTF-8
Content-Transfer-Encoding: 7bit


Echo,This is an autoreply message for internal senders!

--===========================_ _= 6109029(10530)1510928064
Content-Type: message/rfc822

Received: from ar190 ([10.6.104.124]) by mx-10-49-58-118.openwave.com
          (InterMail vM.9.05.01.00 201-2473-137-123) with ESMTP
          id <20171117141423.BNC10530.mx-10-49-58-118.openwave.com@ar190>
          for <ar12560@openwave.com>; Fri, 17 Nov 2017 09:14:23 -0500
Subject: test message about autoreply feature
To: ar12560
Date: Fri, 17 Nov 2017 09:14:24 -0500
Message-Id: <20171117141423.BNC10530.mx-10-49-58-118.openwave.com@ar190>
From: <ar190@openwave.com>

Echo,This ia a wonderful world!!

--===========================_ _= 6109029(10530)1510928064--

 FLAGS (\Recent \Seen))
xx OK FETCH completed
* BYE IMAP4 server terminating connection
xx OK LOGOUT completed
