imapmail: host[10.49.58.118] port[20143] user[ar16611] pass[p] folder[inbox] message[2]
xx OK LOGIN completed
* 2 EXISTS
* OK [UNSEEN 1] First unseen message
* OK [UIDVALIDITY 1510929887] UIDs valid
* OK [UIDNEXT 1002] Predicted next UID
* FLAGS (\Answered \Flagged \Deleted \Draft \Seen)
* OK [PERMANENTFLAGS (\* \Answered \Flagged \Deleted \Draft \Seen)] Permanent flags
* 1 RECENT
xx OK [READ-WRITE] SELECT completed
* 2 FETCH (BODY[] {1389}
Return-Path: <>
Subject: Re: test message about autoreply feature
To: ar16611@openwave.com
From: "Auto-reply from ar13899@openwave.com" <ar13899@openwave.com>
In-Reply-To: <20171117144835.AAR28858.mx-10-49-58-118.openwave.com@ar16611>
Precedence: bulk
Date: Fri, 17 Nov 2017 09:48:36 -0500
Message-ID: <20171117144836.AAS28858.mx-10-49-58-118.openwave.com@mx-10-49-58-118>
MIME-Version: 1.0
Content-Type: multipart/mixed;
		Boundary="===========================_ _= 7057811(28858)1510930116"


--===========================_ _= 7057811(28858)1510930116
Content-Type: text/plain; charset=UTF-8
Content-Transfer-Encoding: 7bit


Echo,This is an autoreply message for internal senders!

--===========================_ _= 7057811(28858)1510930116
Content-Type: message/rfc822

Received: from ar16611 ([10.6.104.124]) by mx-10-49-58-118.openwave.com
          (InterMail vM.9.05.01.00 201-2473-137-123) with ESMTP
          id <20171117144835.AAR28858.mx-10-49-58-118.openwave.com@ar16611>
          for <ar13899@openwave.com>; Fri, 17 Nov 2017 09:48:35 -0500
Subject: test message about autoreply feature
To: ar13899
Date: Fri, 17 Nov 2017 09:48:36 -0500
Message-Id: <20171117144835.AAR28858.mx-10-49-58-118.openwave.com@ar16611>
From: <ar16611@openwave.com>

Echo,This ia a wonderful world!!

--===========================_ _= 7057811(28858)1510930116--

 FLAGS (\Recent \Seen))
xx OK FETCH completed
* BYE IMAP4 server terminating connection
xx OK LOGOUT completed
