1c1
< * 1 FETCH (FIRSTLINE ("I2luY2x1ZGUgPHN0ZGlvLmg+Cm1haW4oKQp7CnByaW50ZiAoIkhlbGxvLHdvcmxkIik7Cn0= "))
---
> * 1 FETCH (FIRSTLINE ("#include <stdio.h> main() { printf (Hello,world); } "))
1c1
< * 1 FETCH (FIRSTLINE ("#include <stdio.h> main() { printf (Hello,world); }= "))
---
> * 1 FETCH (FIRSTLINE ("#include <stdio.h> main() { printf (Hello,world); } "))
1c1
< * 1 FETCH (FIRSTLINE ("I2luY2x1ZGUgPHN0ZGlvLmg+Cm1haW4oKQp7CnByaW50ZiAoIkhlbGxvLHdvcmxkIik7Cn0= "))
---
> * 1 FETCH (FIRSTLINE ("#include <stdio.h> main() { printf (Hello,world); } "))
1c1
< * 1 FETCH (FIRSTLINE ("I2luY2x1ZGUgPHN0ZGlvLmg+Cm1haW4oKQp7CnByaW50ZiAoIkhlbGxvLHdvcmxkIik7Cn0= "))
---
> * 1 FETCH (FIRSTLINE ("#include <stdio.h> main() { printf (Hello,world); } "))
1c1
< * 1 FETCH (FIRSTLINE ("I2luY2x1ZGUgPHN0ZGlvLmg+Cm1haW4oKQp7CnByaW50ZiAoIkhlbGxvLHdvcmxkIik7Cn0= "))
---
> * 1 FETCH (FIRSTLINE ("#include <stdio.h> main() { printf (Hello,world); } "))
1c1
< * 1 FETCH (FIRSTLINE ("I2luY2x1ZGUgPHN0ZGlvLmg+Cm1haW4oKQp7CnByaW50ZiAoIkhlbGxvLHdvcmxkIik7Cn0= "))
---
> * 1 FETCH (FIRSTLINE ("#include <stdio.h> main() { printf (Hello,world); } "))
1c1
< * 1 FETCH (FIRSTLINE ("I2luY2x1ZGUgPHN0ZGlvLmg+Cm1haW4oKQp7CnByaW50ZiAoIkhlbGxvLHdvcmxkIik7Cn0= "))
---
> * 1 FETCH (FIRSTLINE ("#include <stdio.h> main() { printf (Hello,world); } "))
1c1
< * 1 FETCH (FIRSTLINE ("I2luY2x1ZGUgPHN0ZGlvLmg+Cm1haW4oKQp7CnByaW50ZiAoIkhlbGxvLHdvcmxkIik7Cn0= "))
---
> * 1 FETCH (FIRSTLINE ("#include <stdio.h> main() { printf (Hello,world); } "))
1c1
< * 1 FETCH (FIRSTLINE ("I2luY2x1ZGUgPHN0ZGlvLmg+Cm1haW4oKQp7CnByaW50ZiAoIkhlbGxvLHdvcmxkIik7Cn0= "))
---
> * 1 FETCH (FIRSTLINE ("#include <stdio.h> main() { printf (Hello,world); } "))
1c1
< * 1 FETCH (FIRSTLINE ("I2luY2x1ZGUgPHN0ZGlvLmg+Cm1haW4oKQp7CnByaW50ZiAoIkhlbGxvLHdvcmxkIik7Cn0= "))
---
> * 1 FETCH (FIRSTLINE ("#include <stdio.h> main() { printf (Hello,world); } "))
1c1
< * 1 FETCH (FIRSTLINE ("I2luY2x1ZGUgPHN0ZGlvLmg+Cm1haW4oKQp7CnByaW50ZiAoIkhlbGxvLHdvcmxkIik7Cn0= "))
---
> * 1 FETCH (FIRSTLINE ("#include <stdio.h> main() { printf (Hello,world); } "))
1c1
< * 1 FETCH (FIRSTLINE ("I2luY2x1ZGUgPHN0ZGlvLmg+Cm1haW4oKQp7CnByaW50ZiAoIkhlbGxvLHdvcmxkIik7Cn0= "))
---
> * 1 FETCH (FIRSTLINE ("#include <stdio.h> main() { printf (Hello,world); } "))
1c1
< * 1 FETCH (FIRSTLINE ("I2luY2x1ZGUgPHN0ZGlvLmg+Cm1haW4oKQp7CnByaW50ZiAoIkhlbGxvLHdvcmxkIik7Cn0= "))
---
> * 1 FETCH (FIRSTLINE ("#include <stdio.h> main() { printf (Hello,world); } "))
1c1
< * 1 FETCH (FIRSTLINE ("I2luY2x1ZGUgPHN0ZGlvLmg+Cm1haW4oKQp7CnByaW50ZiAoIkhlbGxvLHdvcmxkIik7Cn0= "))
---
> * 1 FETCH (FIRSTLINE ("#include <stdio.h> main() { printf (Hello,world); } "))
1c1
< * 1 FETCH (FIRSTLINE ("I2luY2x1ZGUgPHN0ZGlvLmg+Cm1haW4oKQp7CnByaW50ZiAoIkhlbGxvLHdvcmxkIik7Cn0= "))
---
> * 1 FETCH (FIRSTLINE ("#include <stdio.h> main() { printf (Hello,world); } "))
1c1
< * 1 FETCH (FIRSTLINE ("I2luY2x1ZGUgPHN0ZGlvLmg+Cm1haW4oKQp7CnByaW50ZiAoIkhlbGxvLHdvcmxkIik7Cn0= "))
---
> * 1 FETCH (FIRSTLINE ("#include <stdio.h> main() { printf (Hello,world); } "))
1c1
< * 1 FETCH (FIRSTLINE ("#include <stdio.h> main() { printf (Hello,world); }= "))
---
> * 1 FETCH (FIRSTLINE ("#include <stdio.h> main() { printf (Hello,world); } "))
1c1
< * 1 FETCH (FIRSTLINE ("I2luY2x1ZGUgPHN0ZGlvLmg+Cm1haW4oKQp7CnByaW50ZiAoIkhlbGxvLHdvcmxkIik7Cn0= "))
---
> * 1 FETCH (FIRSTLINE ("#include <stdio.h> main() { printf (Hello,world); } "))
1c1
< * 1 FETCH (FIRSTLINE ("I2luY2x1ZGUgPHN0ZGlvLmg+Cm1haW4oKQp7CnByaW50ZiAoIkhlbGxvLHdvcmxkIik7Cn0= "))
---
> * 1 FETCH (FIRSTLINE ("#include <stdio.h> main() { printf (Hello,world); } "))
1c1
< Binary file (standard input) matches
---
> * 1 FETCH (FIRSTLINE ("#include <stdio.h> main() { printf (Hello,world); } "))
1c1
< * 1 FETCH (FIRSTLINE ("#include <stdio.h> main() { printf (Hello,world); }"))
---
> * 1 FETCH (FIRSTLINE ("#include <stdio.h> main() { printf (Hello,world); } "))
1c1
< * 1 FETCH (FIRSTLINE ("#include <stdio.h> main() { printf (Hello,world); }"))
---
> * 1 FETCH (FIRSTLINE ("#include <stdio.h> main() { printf (Hello,world); } "))
1c1
< * 1 FETCH (FIRSTLINE ("#include <stdio.h> main() { printf (Hello,world); }"))
---
> * 1 FETCH (FIRSTLINE ("#include <stdio.h> main() { printf (Hello,world); } "))
1c1
< * 1 FETCH (FIRSTLINE ("#include <stdio.h> main() { printf (Hello,world); } "))
---
> * 1 FETCH (FIRSTLINE ("#include <stdio.h> main() { printf (Hello,world); }"))
1c1
< * 1 FETCH (FIRSTLINE ("#include <stdio.h> main() { printf (Hello,world); }= "))
---
> * 1 FETCH (FIRSTLINE ("#include <stdio.h> main() { printf (Hello,world); }"))
1c1
< * 1 FETCH (FIRSTLINE ("#include <stdio.h> main() { printf (Hello,world); }="))
---
> * 1 FETCH (FIRSTLINE ("#include <stdio.h> main() { printf (Hello,world); }"))
1c1
< * 1 FETCH (FIRSTLINE ("#include <stdio.h> main() { printf (Hello,world); }="))
---
> * 1 FETCH (FIRSTLINE ("#include <stdio.h> main() { printf (Hello,world); }"))
1c1
< * 1 FETCH (FIRSTLINE ("#include <stdio.h> main() { printf (Hello,world); } "))
---
> * 1 FETCH (FIRSTLINE ("#include <stdio.h> main() { printf (Hello,world); }"))
====current path is:/home/ram/Desktop/MX9.5/Testcases/body_preview/3-Logic of selecting the firstline data/Testcases-body-preview-deal-spaces-encode-enhanced-new/good/Type-C-content-in-body-IMAP-SMTP================

================Type-C-content-in-body-IMAP-SMTP Test finished===============

====current path is:Type-C-content-in-body-IMAP-SMTP================
====running logic-messagesend-IMAP-append-7bit ========
====running logic-messagesend-IMAP-append-8bit ========
====running logic-messagesend-IMAP-append-base64 ========
====running logic-messagesend-IMAP-append-quoted-printable ========
====running logic-messagesend-SMTP-7bit ========
====running logic-messagesend-SMTP-8bit ========
====running logic-messagesend-SMTP-base64 ========
====running logic-messagesend-SMTP-quoted-printable ========
================Type-C-content-in-body-IMAP-SMTP Test finished===============
====current path is:Type-C-content-in-body-IMAP-SMTP====================current path is:Type-C-content-in-body-IMAP-SMTP================
====running logic-messagesend-IMAP-append-7bit ============running logic-messagesend-IMAP-append-7bit ========
====running logic-messagesend-IMAP-append-8bit ============running logic-messagesend-IMAP-append-8bit ========
====running logic-messagesend-IMAP-append-base64 ========
====running logic-messagesend-IMAP-append-quoted-printable ========
====running logic-messagesend-SMTP-7bit ========
====running logic-messagesend-SMTP-8bit ========
====running logic-messagesend-SMTP-base64 ========
====running logic-messagesend-SMTP-quoted-printable ========
================Type-C-content-in-body-IMAP-SMTP Test finished===============
====current path is:Type-C-content-in-body-IMAP-SMTP====================current path is:Type-C-content-in-body-IMAP-SMTP================
====running logic-messagesend-IMAP-append-7bit ============running logic-messagesend-IMAP-append-7bit ========
====running logic-messagesend-IMAP-append-8bit ============running logic-messagesend-IMAP-append-8bit ========
====running logic-messagesend-IMAP-append-base64 ========
====running logic-messagesend-IMAP-append-quoted-printable ========
====running logic-messagesend-SMTP-7bit ========
====running logic-messagesend-SMTP-8bit ========
====running logic-messagesend-SMTP-base64 ========
====running logic-messagesend-SMTP-quoted-printable ========
================Type-C-content-in-body-IMAP-SMTP Test finished===============
====current path is:Type-C-content-in-body-IMAP-SMTP====================current path is:Type-C-content-in-body-IMAP-SMTP================
====running logic-messagesend-IMAP-append-7bit ============running logic-messagesend-IMAP-append-7bit ========
====running logic-messagesend-IMAP-append-8bit ============running logic-messagesend-IMAP-append-8bit ========
====running logic-messagesend-IMAP-append-base64 ========
====running logic-messagesend-IMAP-append-quoted-printable ========
====running logic-messagesend-SMTP-7bit ========
====running logic-messagesend-SMTP-8bit ========
====running logic-messagesend-SMTP-base64 ========
====running logic-messagesend-SMTP-quoted-printable ========
================Type-C-content-in-body-IMAP-SMTP Test finished===============
