
!!!!!!!!!!!!!!!!!!!!!!!!!!!!fetching first line data!!!!!!!!!!!!!!!!!!!!!!!!!!!!!
* OK IMAP4 server (InterMail vM.9.05.01.00 201-2473-137-123) ready Thu, 16 Nov 2017 08:32:51 -0500 (EST)
a OK LOGIN completed
* 1 EXISTS
* OK [UNSEEN 1] First unseen message
* OK [UIDVALIDITY 1510832640] UIDs valid
* OK [UIDNEXT 1096] Predicted next UID
* FLAGS (\Answered \Flagged \Deleted \Draft \Seen)
* OK [PERMANENTFLAGS (\* \Answered \Flagged \Deleted \Draft \Seen)] Permanent flags
* 1 RECENT
a OK [READ-WRITE] SELECT completed
* 1 FETCH (RFC822 {990}
Return-Path: <xx2@openwave.com>
Received: from [10.6.104.101] by mx-10-49-58-118.openwave.com
          (InterMail vM.9.05.01.00 201-2473-137-123) with SMTP
          id <20171116133250.ABG8020.mx-10-49-58-118.openwave.com@[10.6.104.101]>
          for <xx1@openwave.com>; Thu, 16 Nov 2017 08:32:50 -0500
Received: from [10.13.8.221] by mx-172-26-202-87.openwave.com
          (InterMail vM.9.05.00.00 201-2473-137-108) with ESMTP
          id <20170219021305.BJD23163.mx-172-26-202-87.openwave.com@[10.13.8.221]>
          for <xx1@openwave.com>; Sat, 18 Feb 2017 18:13:05 -0800
Return-Path: <xx2@openwave.com>
Subject: c source code in message body
Message-ID: <a29a13b0-4168-9ee0-e27c-2ad8ca1c945a@openwave.com>
Date: Sun, 19 Feb 2017 10:13:04 +0800
User-Agent: MX
MIME-Version: 1.0
Content-Type: text/plain; charset=utf-8; format=flowed
Content-Transfer-Encoding: quoted-printable
From: <xx2@openwave.com>

#include <stdio.h>
main()
{
printf ("Hello,world");
}=
 FLAGS (\Recent \Seen))
a OK FETCH completed
* 1 FETCH (FIRSTLINE ("{53}
#include <stdio.h> main() { printf ("Hello,world"); }"))
a OK FETCH completed
* 1 FETCH (FIRSTLINE ("{53}
#include <stdio.h> main() { printf ("Hello,world"); }") UID 1095)
a OK UID FETCH completed
* BYE IMAP4 server terminating connection
a OK LOGOUT completed
