imapmail: host[10.49.58.118] port[20143] user[ar5049] pass[p] folder[inbox] message[2]
xx OK LOGIN completed
* 2 EXISTS
* OK [UNSEEN 1] First unseen message
* OK [UIDVALIDITY 1511137868] UIDs valid
* OK [UIDNEXT 1002] Predicted next UID
* FLAGS (\Answered \Flagged \Deleted \Draft \Seen)
* OK [PERMANENTFLAGS (\* \Answered \Flagged \Deleted \Draft \Seen)] Permanent flags
* 1 RECENT
xx OK [READ-WRITE] SELECT completed
* 2 FETCH (BODY[] {535}
Return-Path: <>
Subject: Re: test message about autoreply feature
To: ar5049@openwave.com
From: "Auto-reply from ar5834@openwave.com" <ar5834@openwave.com>
In-Reply-To: <20171120003227.AAF30988.mx-10-49-58-118.openwave.com@ar5049>
Precedence: bulk
Date: Sun, 19 Nov 2017 19:32:28 -0500
Message-ID: <20171120003228.AAG30988.mx-10-49-58-118.openwave.com@mx-10-49-58-118>
MIME-Version: 1.0
Content-Type: text/plain;
		charset=UTF-8
Content-Transfer-Encoding: 7bit


Reply,This is an autoreply message for internal senders!
 FLAGS (\Recent \Seen))
xx OK FETCH completed
* BYE IMAP4 server terminating connection
xx OK LOGOUT completed
