
!!!!!!!!!!!!!!!!!!!!!!!!!!!!fetching first line data!!!!!!!!!!!!!!!!!!!!!!!!!!!!!
* OK IMAP4 server (InterMail vM.9.05.01.00 201-2473-137-123) ready Thu, 16 Nov 2017 14:05:35 +0000 (GMT)
a OK LOGIN completed
* 1 EXISTS
* OK [UNSEEN 1] First unseen message
* OK [UIDVALIDITY 1510820600] UIDs valid
* OK [UIDNEXT 3100] Predicted next UID
* FLAGS (\Answered \Flagged \Deleted \Draft \Seen)
* OK [PERMANENTFLAGS (\* \Answered \Flagged \Deleted \Draft \Seen)] Permanent flags
* 1 RECENT
a OK [READ-WRITE] SELECT completed
* 1 FETCH (RFC822 {1399}
Return-Path: <xx2@openwave.com>
Received: from [10.37.2.214] by mx-10-49-58-127.openwave.com
          (InterMail vM.9.05.01.00 201-2473-137-123) with SMTP
          id <20171116140534.BGW522.mx-10-49-58-127.openwave.com@[10.37.2.214]>
          for <xx1@openwave.com>; Thu, 16 Nov 2017 14:05:34 +0000
Received: from [10.13.8.221] by mx-172-26-202-87.openwave.com
          (InterMail vM.9.05.00.00 201-2473-137-108) with ESMTP
          id <20170219030805.BJK23163.mx-172-26-202-87.openwave.com@[10.13.8.221]>
          for <xx1@openwave.com>; Sat, 18 Feb 2017 19:08:05 -0800
Return-Path: <xx2@openwave.com>
Subject: pure virus in attachment
Message-ID: <854fc56e-2a40-76b7-6109-8f51aa9a56d5@openwave.com>
Date: Sun, 19 Feb 2017 11:08:04 +0800
User-Agent: MX
MIME-Version: 1.0
Content-Type: multipart/mixed;
 boundary="------------75DC31484EA216D9A6118F7F"
From: <xx2@openwave.com>

This is a multi-part message in MIME format.
--------------75DC31484EA216D9A6118F7F
Content-Transfer-Encoding: 7bit

--------------75DC31484EA216D9A6118F7F
Content-Type: text/plain; charset=UTF-8;
Content-Transfer-Encoding: quoted-printable
 name="virus"
Content-Transfer-Encoding: base64
Content-Disposition: attachment;
 filename="virus"

WDVPIVAlQEFQWzRcUFpYNTQoUF4pN0NDKTd9JEVJQ0FSLVNUQU5EQVJELUFOVElWSVJVUy1U
RVNULUZJTEUhJEgrSCogCg==
--------------75DC31484EA216D9A6118F7F--
 FLAGS (\Recent \Seen))
a OK FETCH completed
* 1 FETCH (FIRSTLINE (""))
a OK FETCH completed
* 1 FETCH (FIRSTLINE ("") UID 3099)
a OK UID FETCH completed
* BYE IMAP4 server terminating connection
a OK LOGOUT completed
