spawn ssh imail2@10.49.58.118
Password: 
<<<<<<< HEAD
Last login: Sun Nov 19 21:39:41 2017 from 10.6.105.135
[?1034hmx-10-49-58-118:imail2:Mx9.5:~$ echo 'Reply,This is an autoreply message for internal senders!' >>data.txt
mx-10-49-58-118:imail2:Mx9.5:~$ echo 'external:' >>data.txt
mx-10-49-58-118:imail2:Mx9.5:~$ echo 'Reply,This is an external autoreply message for external senders!' >>data.txt
mx-10-49-58-118:imail2:Mx9.5:~$ autoreplyctrl ar8528@openwave.com reply data.txt 1511145637 1511147432
ERROR: Unable to set the autoreply
	Error code is    MBX_INVALID_AUTO_REPLY_MESSAGE
	Short message is Invalid auto reply message.
	Long message is  [%autoReplyMessage% may not exceed 255 characters long]
=======
Last login: Fri Nov 17 23:06:56 2017 from 10.6.105.91
[?1034hmx-10-49-58-118:imail2:Mx9.5:~$ echo 'internal:' >data.txt
mx-10-49-58-118:imail2:Mx9.5:~$ echo 'Reply,This is an autoreply message for internal senders!' >>data.txt
mx-10-49-58-118:imail2:Mx9.5:~$ echo 'external:' >>data.txt
mx-10-49-58-118:imail2:Mx9.5:~$ echo 'Reply,This is an external autoreply message for external senders!' >>data.txt
mx-10-49-58-118:imail2:Mx9.5:~$ autoreplyctrl ar2078@openwave.com reply data.txt 1510978072 1510979867
AutoReply data updated Successfully.
>>>>>>> 4cd6d4568dd2058de905f55c2a9f454b8d84212b
mx-10-49-58-118:imail2:Mx9.5:~$ 