spawn ssh imail2@10.49.58.118
Password: 
Last login: Fri Nov 17 23:06:48 2017 from 10.6.105.91
[?1034hmx-10-49-58-118:imail2:Mx9.5:~$ imconfcontrol -install -key "/*/mta/autoReplySuppressList=autoanswer
> echo
> listserv
> mailerdaemon
> mailer-daemon
> mirror
> netserv
> server
> uucp
> mailer
> listproc
> majordomo
> list.manager
> ar28469" 
Reporting: appsuite on * server reported: 
Reporting: imapserv:imconfserv:imdircacheserv:imdirserv:imextserv:immgrserv:imqueueserv:mss.1:mta:popserv on mx-10-49-58-118 server reported: 
autoReplySuppressList: mta on mx-10-49-58-118 will be trivially accommodated: 
Reporting: immgrserv:mss.1 on mx-10-49-58-119 server reported: 
Reporting: immgrserv:mxos on mx-10-49-58-120 server reported: 
mx-10-49-58-118:imail2:Mx9.5:~$ imconfget -fullpath /*/mta/autoReplySuppressList
autoanswer
echo
listserv
mailerdaemon
mailer-daemon
mirror
netserv
server
uucp
mailer
listproc
majordomo
list.manager
ar28469
mx-10-49-58-118:imail2:Mx9.5:~$ spawn ssh imail2@10.49.58.118
Password: 
Last login: Fri Nov 17 23:08:08 2017 from 10.6.105.91
[?1034hmx-10-49-58-118:imail2:Mx9.5:~$ imconfcontrol -install -key "/*/mta/autoReplySuppressList=autoanswer
> echo
> listserv
> mailerdaemon
> mailer-daemon
> mirror
> netserv
> server
> uucp
> mailer
> listproc
> majordomo
> list.manager"
Reporting: appsuite on * server reported: 
Reporting: imapserv:imconfserv:imdircacheserv:imdirserv:imextserv:immgrserv:imqueueserv:mss.1:mta:popserv on mx-10-49-58-118 server reported: 
autoReplySuppressList: mta on mx-10-49-58-118 will be trivially accommodated: 
Reporting: immgrserv:mss.1 on mx-10-49-58-119 server reported: 
Reporting: immgrserv:mxos on mx-10-49-58-120 server reported: 
mx-10-49-58-118:imail2:Mx9.5:~$ 