imapmail: host[10.49.58.118] port[20143] user[ar16804] pass[p] folder[inbox] message[2]
xx OK LOGIN completed
* 2 EXISTS
* OK [UNSEEN 1] First unseen message
* OK [UIDVALIDITY 1511325020] UIDs valid
* OK [UIDNEXT 1002] Predicted next UID
* FLAGS (\Answered \Flagged \Deleted \Draft \Seen)
* OK [PERMANENTFLAGS (\* \Answered \Flagged \Deleted \Draft \Seen)] Permanent flags
* 1 RECENT
xx OK [READ-WRITE] SELECT completed
* 2 FETCH (BODY[] {539}
Return-Path: <>
Subject: Re: test message about autoreply feature
To: ar16804@openwave.com
From: "Auto-reply from ar12648@openwave.com" <ar12648@openwave.com>
In-Reply-To: <20171122043030.AAG28537.mx-10-49-58-118.openwave.com@ar16804>
Precedence: bulk
Date: Tue, 21 Nov 2017 23:30:31 -0500
Message-ID: <20171122043031.AAH28537.mx-10-49-58-118.openwave.com@mx-10-49-58-118>
MIME-Version: 1.0
Content-Type: text/plain;
		charset=UTF-8
Content-Transfer-Encoding: 7bit


Reply,This is an autoreply message for internal senders!
 FLAGS (\Recent \Seen))
xx OK FETCH completed
* BYE IMAP4 server terminating connection
xx OK LOGOUT completed
