<<<<<<< HEAD
imapmail: host[10.49.58.118] port[20143] user[ar32600] pass[p] folder[inbox] message[2]
xx OK LOGIN completed
* 2 EXISTS
* OK [UNSEEN 1] First unseen message
* OK [UIDVALIDITY 1511142308] UIDs valid
=======
imapmail: host[10.49.58.118] port[20143] user[ar4696] pass[p] folder[inbox] message[2]
xx OK LOGIN completed
* 2 EXISTS
* OK [UNSEEN 1] First unseen message
* OK [UIDVALIDITY 1510931666] UIDs valid
>>>>>>> 4cd6d4568dd2058de905f55c2a9f454b8d84212b
* OK [UIDNEXT 1002] Predicted next UID
* FLAGS (\Answered \Flagged \Deleted \Draft \Seen)
* OK [PERMANENTFLAGS (\* \Answered \Flagged \Deleted \Draft \Seen)] Permanent flags
* 1 RECENT
xx OK [READ-WRITE] SELECT completed
<<<<<<< HEAD
* 2 FETCH (BODY[] {1433}
Return-Path: <>
Subject: Re: test message about autoreply feature
To: ar32600@openwave.com
From: "Auto-reply from ar20979@openwave.com" <ar20979@openwave.com>
In-Reply-To: <20171120014525.AAP14943.mx-10-49-58-118.openwave.com@openwave.com>
Precedence: bulk
Date: Sun, 19 Nov 2017 20:45:25 -0500
Message-ID: <20171120014525.AAV14943.mx-10-49-58-118.openwave.com@mx-10-49-58-118>
MIME-Version: 1.0
Content-Type: multipart/mixed;
		Boundary="===========================_ _= 6543138(14943)1511142325"


--===========================_ _= 6543138(14943)1511142325
=======
* 2 FETCH (BODY[] {1423}
Return-Path: <>
Subject: Re: test message about autoreply feature
To: ar4696@openwave.com
From: "Auto-reply from ar30577@openwave.com" <ar30577@openwave.com>
In-Reply-To: <20171117151441.ABH4855.mx-10-49-58-118.openwave.com@openwave.com>
Precedence: bulk
Date: Fri, 17 Nov 2017 10:14:42 -0500
Message-ID: <20171117151442.ABL4855.mx-10-49-58-118.openwave.com@mx-10-49-58-118>
MIME-Version: 1.0
Content-Type: multipart/mixed;
		Boundary="===========================_ _= 7581348(4855)1510931682"


--===========================_ _= 7581348(4855)1510931682
>>>>>>> 4cd6d4568dd2058de905f55c2a9f454b8d84212b
Content-Type: text/plain; charset=UTF-8
Content-Transfer-Encoding: 7bit


Echo,This is an autoreply message for internal senders!

<<<<<<< HEAD
--===========================_ _= 6543138(14943)1511142325
Content-Type: message/rfc822

Received: from openwave.com ([10.6.105.135])
          by mx-10-49-58-118.openwave.com
          (InterMail vM.9.05.01.00 201-2473-137-123) with ESMTP
          id <20171120014525.AAP14943.mx-10-49-58-118.openwave.com@openwave.com>
          for <ar20979@openwave.com>; Sun, 19 Nov 2017 20:45:25 -0500
Subject: test message about autoreply feature
To: ar20979@openwave.com
Date: Sun, 19 Nov 2017 20:45:25 -0500
Message-Id: <20171120014525.AAP14943.mx-10-49-58-118.openwave.com@openwave.com>
From: <ar32600@openwave.com>

Echo,This ia a wonderful world!!

--===========================_ _= 6543138(14943)1511142325--
=======
--===========================_ _= 7581348(4855)1510931682
Content-Type: message/rfc822

Received: from openwave.com ([10.6.104.124])
          by mx-10-49-58-118.openwave.com
          (InterMail vM.9.05.01.00 201-2473-137-123) with ESMTP
          id <20171117151441.ABH4855.mx-10-49-58-118.openwave.com@openwave.com>
          for <ar30577@openwave.com>; Fri, 17 Nov 2017 10:14:41 -0500
Subject: test message about autoreply feature
To: ar30577@openwave.com
Date: Fri, 17 Nov 2017 10:14:42 -0500
Message-Id: <20171117151441.ABH4855.mx-10-49-58-118.openwave.com@openwave.com>
From: <ar4696@openwave.com>

Echo,This ia a wonderful world!!

--===========================_ _= 7581348(4855)1510931682--
>>>>>>> 4cd6d4568dd2058de905f55c2a9f454b8d84212b

 FLAGS (\Recent \Seen))
xx OK FETCH completed
* BYE IMAP4 server terminating connection
xx OK LOGOUT completed
<<<<<<< HEAD
imapmail: host[10.49.58.118] port[20143] user[ar11279] pass[p] folder[inbox] message[2]
xx OK LOGIN completed
* 2 EXISTS
* OK [UNSEEN 1] First unseen message
* OK [UIDVALIDITY 1511142154] UIDs valid
=======
imapmail: host[10.49.58.118] port[20143] user[ar1743] pass[p] folder[inbox] message[2]
xx OK LOGIN completed
* 2 EXISTS
* OK [UNSEEN 1] First unseen message
* OK [UIDVALIDITY 1510931667] UIDs valid
>>>>>>> 4cd6d4568dd2058de905f55c2a9f454b8d84212b
* OK [UIDNEXT 1002] Predicted next UID
* FLAGS (\Answered \Flagged \Deleted \Draft \Seen)
* OK [PERMANENTFLAGS (\* \Answered \Flagged \Deleted \Draft \Seen)] Permanent flags
* 1 RECENT
xx OK [READ-WRITE] SELECT completed
<<<<<<< HEAD
* 2 FETCH (BODY[] {1433}
Return-Path: <>
Subject: Re: test message about autoreply feature
To: ar11279@openwave.com
From: "Auto-reply from ar20979@openwave.com" <ar20979@openwave.com>
In-Reply-To: <20171120014525.AAR14943.mx-10-49-58-118.openwave.com@openwave.com>
Precedence: bulk
Date: Sun, 19 Nov 2017 20:45:25 -0500
Message-ID: <20171120014525.AAU14943.mx-10-49-58-118.openwave.com@mx-10-49-58-118>
MIME-Version: 1.0
Content-Type: multipart/mixed;
		Boundary="===========================_ _= 1386524(14943)1511142325"


--===========================_ _= 1386524(14943)1511142325
=======
* 2 FETCH (BODY[] {1423}
Return-Path: <>
Subject: Re: test message about autoreply feature
To: ar1743@openwave.com
From: "Auto-reply from ar30577@openwave.com" <ar30577@openwave.com>
In-Reply-To: <20171117151442.ABI4855.mx-10-49-58-118.openwave.com@openwave.com>
Precedence: bulk
Date: Fri, 17 Nov 2017 10:14:42 -0500
Message-ID: <20171117151442.ABM4855.mx-10-49-58-118.openwave.com@mx-10-49-58-118>
MIME-Version: 1.0
Content-Type: multipart/mixed;
		Boundary="===========================_ _= 7624028(4855)1510931682"


--===========================_ _= 7624028(4855)1510931682
>>>>>>> 4cd6d4568dd2058de905f55c2a9f454b8d84212b
Content-Type: text/plain; charset=UTF-8
Content-Transfer-Encoding: 7bit


Echo,This is an autoreply message for internal senders!

<<<<<<< HEAD
--===========================_ _= 1386524(14943)1511142325
Content-Type: message/rfc822

Received: from openwave.com ([10.6.105.135])
          by mx-10-49-58-118.openwave.com
          (InterMail vM.9.05.01.00 201-2473-137-123) with ESMTP
          id <20171120014525.AAR14943.mx-10-49-58-118.openwave.com@openwave.com>
          for <ar20979@openwave.com>; Sun, 19 Nov 2017 20:45:25 -0500
Subject: test message about autoreply feature
To: ar20979@openwave.com
Date: Sun, 19 Nov 2017 20:45:25 -0500
Message-Id: <20171120014525.AAR14943.mx-10-49-58-118.openwave.com@openwave.com>
From: <ar11279@openwave.com>

Echo,This ia a wonderful world!!

--===========================_ _= 1386524(14943)1511142325--
=======
--===========================_ _= 7624028(4855)1510931682
Content-Type: message/rfc822

Received: from openwave.com ([10.6.104.124])
          by mx-10-49-58-118.openwave.com
          (InterMail vM.9.05.01.00 201-2473-137-123) with ESMTP
          id <20171117151442.ABI4855.mx-10-49-58-118.openwave.com@openwave.com>
          for <ar30577@openwave.com>; Fri, 17 Nov 2017 10:14:42 -0500
Subject: test message about autoreply feature
To: ar30577@openwave.com
Date: Fri, 17 Nov 2017 10:14:42 -0500
Message-Id: <20171117151442.ABI4855.mx-10-49-58-118.openwave.com@openwave.com>
From: <ar1743@openwave.com>

Echo,This ia a wonderful world!!

--===========================_ _= 7624028(4855)1510931682--
>>>>>>> 4cd6d4568dd2058de905f55c2a9f454b8d84212b

 FLAGS (\Recent \Seen))
xx OK FETCH completed
* BYE IMAP4 server terminating connection
xx OK LOGOUT completed
<<<<<<< HEAD
imapmail: host[10.49.58.118] port[20143] user[ar5760] pass[p] folder[inbox] message[2]
xx OK LOGIN completed
* 2 EXISTS
* OK [UNSEEN 1] First unseen message
* OK [UIDVALIDITY 1511142309] UIDs valid
=======
imapmail: host[10.49.58.118] port[20143] user[ar10600] pass[p] folder[inbox] message[2]
xx OK LOGIN completed
* 2 EXISTS
* OK [UNSEEN 1] First unseen message
* OK [UIDVALIDITY 1510931668] UIDs valid
>>>>>>> 4cd6d4568dd2058de905f55c2a9f454b8d84212b
* OK [UIDNEXT 1002] Predicted next UID
* FLAGS (\Answered \Flagged \Deleted \Draft \Seen)
* OK [PERMANENTFLAGS (\* \Answered \Flagged \Deleted \Draft \Seen)] Permanent flags
* 1 RECENT
xx OK [READ-WRITE] SELECT completed
<<<<<<< HEAD
* 2 FETCH (BODY[] {1417}
Return-Path: <>
Subject: Re: test message about autoreply feature
To: ar5760@whsasf.com
From: "Auto-reply from ar20979@openwave.com" <ar20979@openwave.com>
In-Reply-To: <20171120014525.AAO14943.mx-10-49-58-118.openwave.com@whsasf.com>
Precedence: bulk
Date: Sun, 19 Nov 2017 20:45:25 -0500
Message-ID: <20171120014525.AAS14943.mx-10-49-58-118.openwave.com@mx-10-49-58-118>
MIME-Version: 1.0
Content-Type: multipart/mixed;
		Boundary="===========================_ _= 3680904(14943)1511142325"


--===========================_ _= 3680904(14943)1511142325
=======
* 2 FETCH (BODY[] {1411}
Return-Path: <>
Subject: Re: test message about autoreply feature
To: ar10600@whsasf.com
From: "Auto-reply from ar30577@openwave.com" <ar30577@openwave.com>
In-Reply-To: <20171117151441.ABG4855.mx-10-49-58-118.openwave.com@whsasf.com>
Precedence: bulk
Date: Fri, 17 Nov 2017 10:14:42 -0500
Message-ID: <20171117151442.ABJ4855.mx-10-49-58-118.openwave.com@mx-10-49-58-118>
MIME-Version: 1.0
Content-Type: multipart/mixed;
		Boundary="===========================_ _= 1825323(4855)1510931682"


--===========================_ _= 1825323(4855)1510931682
>>>>>>> 4cd6d4568dd2058de905f55c2a9f454b8d84212b
Content-Type: text/plain; charset=UTF-8
Content-Transfer-Encoding: 7bit


Echo,This is an external autoreply message for external senders!

<<<<<<< HEAD
--===========================_ _= 3680904(14943)1511142325
Content-Type: message/rfc822

Received: from whsasf.com ([10.6.105.135]) by mx-10-49-58-118.openwave.com
          (InterMail vM.9.05.01.00 201-2473-137-123) with ESMTP
          id <20171120014525.AAO14943.mx-10-49-58-118.openwave.com@whsasf.com>
          for <ar20979@openwave.com>; Sun, 19 Nov 2017 20:45:25 -0500
Subject: test message about autoreply feature
To: ar20979@openwave.com
Date: Sun, 19 Nov 2017 20:45:25 -0500
Message-Id: <20171120014525.AAO14943.mx-10-49-58-118.openwave.com@whsasf.com>
From: <ar5760@whsasf.com>

Echo,This ia a wonderful world!!

--===========================_ _= 3680904(14943)1511142325--
=======
--===========================_ _= 1825323(4855)1510931682
Content-Type: message/rfc822

Received: from whsasf.com ([10.6.104.124]) by mx-10-49-58-118.openwave.com
          (InterMail vM.9.05.01.00 201-2473-137-123) with ESMTP
          id <20171117151441.ABG4855.mx-10-49-58-118.openwave.com@whsasf.com>
          for <ar30577@openwave.com>; Fri, 17 Nov 2017 10:14:41 -0500
Subject: test message about autoreply feature
To: ar30577@openwave.com
Date: Fri, 17 Nov 2017 10:14:42 -0500
Message-Id: <20171117151441.ABG4855.mx-10-49-58-118.openwave.com@whsasf.com>
From: <ar10600@whsasf.com>

Echo,This ia a wonderful world!!

--===========================_ _= 1825323(4855)1510931682--
>>>>>>> 4cd6d4568dd2058de905f55c2a9f454b8d84212b

 FLAGS (\Recent \Seen))
xx OK FETCH completed
* BYE IMAP4 server terminating connection
xx OK LOGOUT completed
<<<<<<< HEAD
imapmail: host[10.49.58.118] port[20143] user[ar27811] pass[p] folder[inbox] message[2]
xx OK LOGIN completed
* 2 EXISTS
* OK [UNSEEN 1] First unseen message
* OK [UIDVALIDITY 1511142310] UIDs valid
=======
imapmail: host[10.49.58.118] port[20143] user[ar10209] pass[p] folder[inbox] message[2]
xx OK LOGIN completed
* 2 EXISTS
* OK [UNSEEN 1] First unseen message
* OK [UIDVALIDITY 1510931518] UIDs valid
>>>>>>> 4cd6d4568dd2058de905f55c2a9f454b8d84212b
* OK [UIDNEXT 1002] Predicted next UID
* FLAGS (\Answered \Flagged \Deleted \Draft \Seen)
* OK [PERMANENTFLAGS (\* \Answered \Flagged \Deleted \Draft \Seen)] Permanent flags
* 1 RECENT
xx OK [READ-WRITE] SELECT completed
<<<<<<< HEAD
* 2 FETCH (BODY[] {1419}
Return-Path: <>
Subject: Re: test message about autoreply feature
To: ar27811@whsasf.com
From: "Auto-reply from ar20979@openwave.com" <ar20979@openwave.com>
In-Reply-To: <20171120014525.AAQ14943.mx-10-49-58-118.openwave.com@whsasf.com>
Precedence: bulk
Date: Sun, 19 Nov 2017 20:45:25 -0500
Message-ID: <20171120014525.AAT14943.mx-10-49-58-118.openwave.com@mx-10-49-58-118>
MIME-Version: 1.0
Content-Type: multipart/mixed;
		Boundary="===========================_ _= 9645164(14943)1511142325"


--===========================_ _= 9645164(14943)1511142325
=======
* 2 FETCH (BODY[] {1411}
Return-Path: <>
Subject: Re: test message about autoreply feature
To: ar10209@whsasf.com
From: "Auto-reply from ar30577@openwave.com" <ar30577@openwave.com>
In-Reply-To: <20171117151442.ABK4855.mx-10-49-58-118.openwave.com@whsasf.com>
Precedence: bulk
Date: Fri, 17 Nov 2017 10:14:43 -0500
Message-ID: <20171117151443.ABN4855.mx-10-49-58-118.openwave.com@mx-10-49-58-118>
MIME-Version: 1.0
Content-Type: multipart/mixed;
		Boundary="===========================_ _= 7970426(4855)1510931683"


--===========================_ _= 7970426(4855)1510931683
>>>>>>> 4cd6d4568dd2058de905f55c2a9f454b8d84212b
Content-Type: text/plain; charset=UTF-8
Content-Transfer-Encoding: 7bit


Echo,This is an external autoreply message for external senders!

<<<<<<< HEAD
--===========================_ _= 9645164(14943)1511142325
Content-Type: message/rfc822

Received: from whsasf.com ([10.6.105.135]) by mx-10-49-58-118.openwave.com
          (InterMail vM.9.05.01.00 201-2473-137-123) with ESMTP
          id <20171120014525.AAQ14943.mx-10-49-58-118.openwave.com@whsasf.com>
          for <ar20979@openwave.com>; Sun, 19 Nov 2017 20:45:25 -0500
Subject: test message about autoreply feature
To: ar20979@openwave.com
Date: Sun, 19 Nov 2017 20:45:25 -0500
Message-Id: <20171120014525.AAQ14943.mx-10-49-58-118.openwave.com@whsasf.com>
From: <ar27811@whsasf.com>

Echo,This ia a wonderful world!!

--===========================_ _= 9645164(14943)1511142325--
=======
--===========================_ _= 7970426(4855)1510931683
Content-Type: message/rfc822

Received: from whsasf.com ([10.6.104.124]) by mx-10-49-58-118.openwave.com
          (InterMail vM.9.05.01.00 201-2473-137-123) with ESMTP
          id <20171117151442.ABK4855.mx-10-49-58-118.openwave.com@whsasf.com>
          for <ar30577@openwave.com>; Fri, 17 Nov 2017 10:14:42 -0500
Subject: test message about autoreply feature
To: ar30577@openwave.com
Date: Fri, 17 Nov 2017 10:14:43 -0500
Message-Id: <20171117151442.ABK4855.mx-10-49-58-118.openwave.com@whsasf.com>
From: <ar10209@whsasf.com>

Echo,This ia a wonderful world!!

--===========================_ _= 7970426(4855)1510931683--
>>>>>>> 4cd6d4568dd2058de905f55c2a9f454b8d84212b

 FLAGS (\Recent \Seen))
xx OK FETCH completed
* BYE IMAP4 server terminating connection
xx OK LOGOUT completed
