imapmail: host[10.49.58.118] port[20143] user[ar10421] pass[p] folder[inbox] message[2]
xx OK LOGIN completed
* 1 EXISTS
* OK [UNSEEN 1] First unseen message
* OK [UIDVALIDITY 1510815059] UIDs valid
* OK [UIDNEXT 1001] Predicted next UID
* FLAGS (\Answered \Flagged \Deleted \Draft \Seen)
* OK [PERMANENTFLAGS (\* \Answered \Flagged \Deleted \Draft \Seen)] Permanent flags
* 0 RECENT
xx OK [READ-WRITE] SELECT completed
xx NO FETCH failed
Didn't get OK for FETCH
Not Connected...
imapmail: host[10.49.58.118] port[20143] user[ar21008] pass[p] folder[inbox] message[2]
xx OK LOGIN completed
* 1 EXISTS
* OK [UNSEEN 1] First unseen message
* OK [UIDVALIDITY 1510815060] UIDs valid
* OK [UIDNEXT 1001] Predicted next UID
* FLAGS (\Answered \Flagged \Deleted \Draft \Seen)
* OK [PERMANENTFLAGS (\* \Answered \Flagged \Deleted \Draft \Seen)] Permanent flags
* 0 RECENT
xx OK [READ-WRITE] SELECT completed
xx NO FETCH failed
Didn't get OK for FETCH
Not Connected...
imapmail: host[10.49.58.118] port[20143] user[ar11004] pass[p] folder[inbox] message[2]
xx OK LOGIN completed
* 1 EXISTS
* OK [UNSEEN 1] First unseen message
* OK [UIDVALIDITY 1510815210] UIDs valid
* OK [UIDNEXT 1001] Predicted next UID
* FLAGS (\Answered \Flagged \Deleted \Draft \Seen)
* OK [PERMANENTFLAGS (\* \Answered \Flagged \Deleted \Draft \Seen)] Permanent flags
* 0 RECENT
xx OK [READ-WRITE] SELECT completed
xx NO FETCH failed
Didn't get OK for FETCH
Not Connected...
imapmail: host[10.49.58.118] port[20143] user[ar14615] pass[p] folder[inbox] message[2]
xx OK LOGIN completed
* 1 EXISTS
* OK [UNSEEN 1] First unseen message
* OK [UIDVALIDITY 1510815210] UIDs valid
* OK [UIDNEXT 1001] Predicted next UID
* FLAGS (\Answered \Flagged \Deleted \Draft \Seen)
* OK [PERMANENTFLAGS (\* \Answered \Flagged \Deleted \Draft \Seen)] Permanent flags
* 0 RECENT
xx OK [READ-WRITE] SELECT completed
xx NO FETCH failed
Didn't get OK for FETCH
Not Connected...
