
Last login: Sun Feb 11 09:34:41 2018 from 10.6.104.108
#########################################################################################################################################################
#                                                  Synchronoss Technologies - Confidential                                                              #
#                                                                                                                                                       #
# Welcome to Openstack Deployment.                                                                                                                      #
#                                                                                                                                                       #
# Openstack Instance has to be registered with spacewalk to get the repos.                                                                              #
#                                                                                                                                                       #
# Run the following command to register the instance with Spacewalk:                                                                                    #
#                                                                                                                                                       #
#   rhnreg_ks --serverUrl=https://spacewalk.sncrcorp.net/XMLRPC --sslCACert=/usr/share/rhn/RHN-ORG-TRUSTED-SSL-CERT --activationkey=<activation-keys>   #
#                                                                                                                                                       #
#   Dev activation-key for CentOS7: 1-612b859ba0b2af4e6db2cdccc3373c70	                                                                                #
#                                                                                                                                                       #
#   Please contact servicedesk at:<servicedesk@Synchronoss.com> for additional key requirements.                                                        #
#                                                             © Synchronoss 2017                                                                        #
#########################################################################################################################################################
]0;root@mx1:~[?1034h[root@mx1 ~]# su - imail
Last login: Sun Feb 11 09:34:42 EST 2018 on pts/0
[?1034hmx1:imail:Mx9.5:~$ date +%s
1518359691
mx1:imail:Mx9.5:~$ 
Last login: Sun Feb 11 09:34:50 2018 from 10.6.104.108
#########################################################################################################################################################
#                                                  Synchronoss Technologies - Confidential                                                              #
#                                                                                                                                                       #
# Welcome to Openstack Deployment.                                                                                                                      #
#                                                                                                                                                       #
# Openstack Instance has to be registered with spacewalk to get the repos.                                                                              #
#                                                                                                                                                       #
# Run the following command to register the instance with Spacewalk:                                                                                    #
#                                                                                                                                                       #
#   rhnreg_ks --serverUrl=https://spacewalk.sncrcorp.net/XMLRPC --sslCACert=/usr/share/rhn/RHN-ORG-TRUSTED-SSL-CERT --activationkey=<activation-keys>   #
#                                                                                                                                                       #
#   Dev activation-key for CentOS7: 1-612b859ba0b2af4e6db2cdccc3373c70	                                                                                #
#                                                                                                                                                       #
#   Please contact servicedesk at:<servicedesk@Synchronoss.com> for additional key requirements.                                                        #
#                                                             © Synchronoss 2017                                                                        #
#########################################################################################################################################################
]0;root@mx1:~[?1034h[root@mx1 ~]# su - imail
Last login: Sun Feb 11 09:34:50 EST 2018 on pts/0
[?1034hmx1:imail:Mx9.5:~$ echo 'internal:' >data.txt
mx1:imail:Mx9.5:~$ echo 'Reply,This is an autoreply message for internal senders!' >>data.txt
mx1:imail:Mx9.5:~$ echo 'external:' >>data.txt
mx1:imail:Mx9.5:~$ echo 'Reply,This is an external autoreply message for external senders!' >>data.txt
mx1:imail:Mx9.5:~$ autoreplyctrl ar16715@ reply data.txt 1518359696 1518361491
ERROR: Unable to set the autoreply
	Error code is    MBX_INVALID_EMAIL
	Short message is Invalid email format.
	Long message is  [%email% does not match the regex pattern ^[a-zA-Z0-9!#$%&'*+/=?^_`{|}~-]+(?:\.[a-zA-Z0-9!#$%&'*+/=?^_`{|}~-]+)*@(?:[a-zA-Z0-9](?:[a-zA-Z0-9-]*[a-zA-Z0-9])?\.)+[a-zA-Z0-9](?:[a-zA-Z0-9-]*[a-zA-Z0-9])?$]
mx1:imail:Mx9.5:~$ 