imapmail: host[10.49.58.118] port[20143] user[ar20063] pass[p] folder[inbox] message[2]
xx OK LOGIN completed
* 2 EXISTS
* OK [UNSEEN 1] First unseen message
* OK [UIDVALIDITY 1511137059] UIDs valid
* OK [UIDNEXT 1002] Predicted next UID
* FLAGS (\Answered \Flagged \Deleted \Draft \Seen)
* OK [PERMANENTFLAGS (\* \Answered \Flagged \Deleted \Draft \Seen)] Permanent flags
* 1 RECENT
xx OK [READ-WRITE] SELECT completed
* 2 FETCH (BODY[] {1385}
Return-Path: <>
Subject: Re: test message about autoreply feature
To: ar20063@openwave.com
From: "Auto-reply from ar9343@openwave.com" <ar9343@openwave.com>
In-Reply-To: <20171120001754.BJG32079.mx-10-49-58-118.openwave.com@ar20063>
Precedence: bulk
Date: Sun, 19 Nov 2017 19:17:57 -0500
Message-ID: <20171120001757.BJH32079.mx-10-49-58-118.openwave.com@mx-10-49-58-118>
MIME-Version: 1.0
Content-Type: multipart/mixed;
		Boundary="===========================_ _= 3897867(32079)1511137077"


--===========================_ _= 3897867(32079)1511137077
Content-Type: text/plain; charset=UTF-8
Content-Transfer-Encoding: 7bit


Echo,This is an autoreply message for internal senders!

--===========================_ _= 3897867(32079)1511137077
Content-Type: message/rfc822

Received: from ar20063 ([10.6.105.135]) by mx-10-49-58-118.openwave.com
          (InterMail vM.9.05.01.00 201-2473-137-123) with ESMTP
          id <20171120001754.BJG32079.mx-10-49-58-118.openwave.com@ar20063>
          for <ar9343@openwave.com>; Sun, 19 Nov 2017 19:17:54 -0500
Subject: test message about autoreply feature
To: ar9343
Date: Sun, 19 Nov 2017 19:17:54 -0500
Message-Id: <20171120001754.BJG32079.mx-10-49-58-118.openwave.com@ar20063>
From: <ar20063@openwave.com>

Echo,This ia a wonderful world!!

--===========================_ _= 3897867(32079)1511137077--

 FLAGS (\Recent \Seen))
xx OK FETCH completed
* BYE IMAP4 server terminating connection
xx OK LOGOUT completed
