
!!!!!!!!!!!!!!!!!!!!!!!!!!!!fetching first line data!!!!!!!!!!!!!!!!!!!!!!!!!!!!!
* OK IMAP4 server (InterMail vM.9.05.01.00 201-2473-137-123) ready Thu, 16 Nov 2017 08:25:11 -0500 (EST)
a OK LOGIN completed
* 1 EXISTS
* OK [UNSEEN 1] First unseen message
* OK [UIDVALIDITY 1510832640] UIDs valid
* OK [UIDNEXT 1085] Predicted next UID
* FLAGS (\Answered \Flagged \Deleted \Draft \Seen)
* OK [PERMANENTFLAGS (\* \Answered \Flagged \Deleted \Draft \Seen)] Permanent flags
* 1 RECENT
a OK [READ-WRITE] SELECT completed
* 1 FETCH (RFC822 {1828}
Return-Path: <xx2@openwave.com>
Received: from [10.6.104.101] by mx-10-49-58-118.openwave.com
          (InterMail vM.9.05.01.00 201-2473-137-123) with SMTP
          id <20171116132510.ABC8020.mx-10-49-58-118.openwave.com@[10.6.104.101]>
          for <xx1@openwave.com>; Thu, 16 Nov 2017 08:25:10 -0500
Received: from [10.13.8.221] by mx-172-26-202-87.openwave.com
          (InterMail vM.9.05.00.00 201-2473-137-108) with ESMTP
          id <20170218101559.BHB23163.mx-172-26-202-87.openwave.com@[10.13.8.221]>
          for <xx1@openwave.com>; Sat, 18 Feb 2017 02:15:59 -0800
Return-Path: <xx2@openwave.com>
Subject: black bg with texts in message body
Message-ID: <0b557513-346a-3e76-b199-d536689c3463@openwave.com>
Date: Sat, 18 Feb 2017 18:15:47 +0800
User-Agent: MX
MIME-Version: 1.0
Content-Type: multipart/alternative;
 boundary="------------C578863D993184C5EBE85CA4"
From: <xx2@openwave.com>

This is a multi-part message in MIME format.
--------------C578863D993184C5EBE85CA4
Content-Type: text/plain; charset=utf-8; format=flowed
Content-Transfer-Encoding: quoted-printable

=D8=8C =D9=88=D9=8A=D9=85=D9=83=D9=86 =D8=AA=D8=AD
Nobody!
=E3=81=84=E3=81=8F=E3=81=A4=E3=81=AB=E3=81=AA
=E6=88=91=E4=BB=AC=E6=98=AF=E4=B8=AD=E5=9B=BD=E4=BA=BA=EF=BC=8C=
--------------C578863D993184C5EBE85CA4
Content-Type: text/html; charset=utf-8
Content-Transfer-Encoding: 8bit

<html>
  <head>

    <meta http-equiv="content-type" content="text/html; charset=utf-8">
  </head>
  <body bgcolor="#000000" alink="#EE0000" link="#0B6CDA" text="#000000"
    vlink="#551A8B">
    <p><font color="#ffffff">، ويمكن تح
<br>
        Nobody!
<br>
        いくつにな
<br>
        我们是中国人，<br>
      </font></p>
  </body>
</html>

--------------C578863D993184C5EBE85CA4--
 FLAGS (\Recent \Seen))
a OK FETCH completed
* 1 FETCH (FIRSTLINE ("{64}
، ويمكن تح Nobody! いくつにな 我们是中国人，"))
a OK FETCH completed
* 1 FETCH (FIRSTLINE ("{64}
، ويمكن تح Nobody! いくつにな 我们是中国人，") UID 1084)
a OK UID FETCH completed
* BYE IMAP4 server terminating connection
a OK LOGOUT completed
