

!!!!!!!!!!!!!!!!!!!!!!!!!!!!Sending message1!!!!!!!!!!!!!!!!!!!!!!!!!!!!


\ sending message1:


220 mx-10-49-58-127.openwave.com ESMTP server (InterMail vM.9.05.01.00 201-2473-137-123) ready Thu, 16 Nov 2017 10:53:51 +0000
250 Sender <xx2> Ok
250 Recipient <xx1> Ok
354 Ok Send data ending with <CRLF>.<CRLF>
250 Message received: 20171116105351.BAD522.mx-10-49-58-127.openwave.com@[10.37.2.214]
221 mx-10-49-58-127.openwave.com ESMTP server closing connection


!!!!!!!!!!!!!!!!!!!!!!!!!!!!Sending message2!!!!!!!!!!!!!!!!!!!!!!!!!!!!


\ sending message2:


220 mx-10-49-58-127.openwave.com ESMTP server (InterMail vM.9.05.01.00 201-2473-137-123) ready Thu, 16 Nov 2017 10:53:52 +0000
250 Sender <xx2> Ok
250 Recipient <xx1> Ok
354 Ok Send data ending with <CRLF>.<CRLF>
250 Message received: 20171116105352.BAE522.mx-10-49-58-127.openwave.com@[10.37.2.214]
221 mx-10-49-58-127.openwave.com ESMTP server closing connection


!!!!!!!!!!!!!!!!!!!!!!!!!!!!Sending message3!!!!!!!!!!!!!!!!!!!!!!!!!!!!


\ sending message3:


220 mx-10-49-58-127.openwave.com ESMTP server (InterMail vM.9.05.01.00 201-2473-137-123) ready Thu, 16 Nov 2017 10:53:52 +0000
250 Sender <xx2> Ok
250 Recipient <xx1> Ok
354 Ok Send data ending with <CRLF>.<CRLF>
250 Message received: 20171116105353.BAF522.mx-10-49-58-127.openwave.com@[10.37.2.214]
221 mx-10-49-58-127.openwave.com ESMTP server closing connection


!!!!!!!!!!!!!!!!!!!!!!!!!!!!Sending message4!!!!!!!!!!!!!!!!!!!!!!!!!!!!


\ sending message4:


220 mx-10-49-58-127.openwave.com ESMTP server (InterMail vM.9.05.01.00 201-2473-137-123) ready Thu, 16 Nov 2017 10:53:53 +0000
250 Sender <xx2> Ok
250 Recipient <xx1> Ok
354 Ok Send data ending with <CRLF>.<CRLF>
250 Message received: 20171116105354.BAG522.mx-10-49-58-127.openwave.com@[10.37.2.214]
221 mx-10-49-58-127.openwave.com ESMTP server closing connection


!!!!!!!!!!!!!!!!!!!!!!!!!!!!Sending message5!!!!!!!!!!!!!!!!!!!!!!!!!!!!


\ sending message5:


220 mx-10-49-58-127.openwave.com ESMTP server (InterMail vM.9.05.01.00 201-2473-137-123) ready Thu, 16 Nov 2017 10:53:54 +0000
250 Sender <xx2> Ok
250 Recipient <xx1> Ok
354 Ok Send data ending with <CRLF>.<CRLF>
250 Message received: 20171116105354.BAH522.mx-10-49-58-127.openwave.com@[10.37.2.214]
221 mx-10-49-58-127.openwave.com ESMTP server closing connection


!!!!!!!!!!!!!!!!!!!!!!!!!!!!Sending message6!!!!!!!!!!!!!!!!!!!!!!!!!!!!


\ sending message6:


220 mx-10-49-58-127.openwave.com ESMTP server (InterMail vM.9.05.01.00 201-2473-137-123) ready Thu, 16 Nov 2017 10:53:55 +0000
250 Sender <xx2> Ok
250 Recipient <xx1> Ok
354 Ok Send data ending with <CRLF>.<CRLF>
250 Message received: 20171116105355.BAI522.mx-10-49-58-127.openwave.com@[10.37.2.214]
221 mx-10-49-58-127.openwave.com ESMTP server closing connection


!!!!!!!!!!!!!!!!!!!!!!!!!!!!Sending message7!!!!!!!!!!!!!!!!!!!!!!!!!!!!


\ sending message7:


220 mx-10-49-58-127.openwave.com ESMTP server (InterMail vM.9.05.01.00 201-2473-137-123) ready Thu, 16 Nov 2017 10:53:56 +0000
250 Sender <xx2> Ok
250 Recipient <xx1> Ok
354 Ok Send data ending with <CRLF>.<CRLF>
250 Message received: 20171116105356.BAJ522.mx-10-49-58-127.openwave.com@[10.37.2.214]
221 mx-10-49-58-127.openwave.com ESMTP server closing connection


!!!!!!!!!!!!!!!!!!!!!!!!!!!!Sending message8!!!!!!!!!!!!!!!!!!!!!!!!!!!!


\ sending message8:


220 mx-10-49-58-127.openwave.com ESMTP server (InterMail vM.9.05.01.00 201-2473-137-123) ready Thu, 16 Nov 2017 10:53:57 +0000
250 Sender <xx2> Ok
250 Recipient <xx1> Ok
354 Ok Send data ending with <CRLF>.<CRLF>
250 Message received: 20171116105357.BAK522.mx-10-49-58-127.openwave.com@[10.37.2.214]
221 mx-10-49-58-127.openwave.com ESMTP server closing connection


!!!!!!!!!!!!!!!!!!!!!!!!!!!!Sending message9!!!!!!!!!!!!!!!!!!!!!!!!!!!!


\ sending message9:


220 mx-10-49-58-127.openwave.com ESMTP server (InterMail vM.9.05.01.00 201-2473-137-123) ready Thu, 16 Nov 2017 10:53:58 +0000
250 Sender <xx2> Ok
250 Recipient <xx1> Ok
354 Ok Send data ending with <CRLF>.<CRLF>
250 Message received: 20171116105358.BAL522.mx-10-49-58-127.openwave.com@[10.37.2.214]
221 mx-10-49-58-127.openwave.com ESMTP server closing connection


!!!!!!!!!!!!!!!!!!!!!!!!!!!!Sending message10!!!!!!!!!!!!!!!!!!!!!!!!!!!!


\ sending message10:


220 mx-10-49-58-127.openwave.com ESMTP server (InterMail vM.9.05.01.00 201-2473-137-123) ready Thu, 16 Nov 2017 10:53:58 +0000
250 Sender <xx2> Ok
250 Recipient <xx1> Ok
354 Ok Send data ending with <CRLF>.<CRLF>
250 Message received: 20171116105359.BAM522.mx-10-49-58-127.openwave.com@[10.37.2.214]
221 mx-10-49-58-127.openwave.com ESMTP server closing connection


!!!!!!!!!!!!!!!!!!!!!!!!!!!!Sending message11!!!!!!!!!!!!!!!!!!!!!!!!!!!!


\ sending message11:


220 mx-10-49-58-127.openwave.com ESMTP server (InterMail vM.9.05.01.00 201-2473-137-123) ready Thu, 16 Nov 2017 10:53:59 +0000
250 Sender <xx2> Ok
250 Recipient <xx1> Ok
354 Ok Send data ending with <CRLF>.<CRLF>
250 Message received: 20171116105400.BAN522.mx-10-49-58-127.openwave.com@[10.37.2.214]
221 mx-10-49-58-127.openwave.com ESMTP server closing connection


!!!!!!!!!!!!!!!!!!!!!!!!!!!!Sending message12!!!!!!!!!!!!!!!!!!!!!!!!!!!!


\ sending message12:


220 mx-10-49-58-127.openwave.com ESMTP server (InterMail vM.9.05.01.00 201-2473-137-123) ready Thu, 16 Nov 2017 10:54:00 +0000
250 Sender <xx2> Ok
250 Recipient <xx1> Ok
354 Ok Send data ending with <CRLF>.<CRLF>
250 Message received: 20171116105400.BAO522.mx-10-49-58-127.openwave.com@[10.37.2.214]
221 mx-10-49-58-127.openwave.com ESMTP server closing connection


!!!!!!!!!!!!!!!!!!!!!!!!!!!!Sending message13!!!!!!!!!!!!!!!!!!!!!!!!!!!!


\ sending message13:


220 mx-10-49-58-127.openwave.com ESMTP server (InterMail vM.9.05.01.00 201-2473-137-123) ready Thu, 16 Nov 2017 10:54:01 +0000
250 Sender <xx2> Ok
250 Recipient <xx1> Ok
354 Ok Send data ending with <CRLF>.<CRLF>
250 Message received: 20171116105401.BAP522.mx-10-49-58-127.openwave.com@[10.37.2.214]
221 mx-10-49-58-127.openwave.com ESMTP server closing connection


!!!!!!!!!!!!!!!!!!!!!!!!!!!!Sending message14!!!!!!!!!!!!!!!!!!!!!!!!!!!!


\ sending message14:


220 mx-10-49-58-127.openwave.com ESMTP server (InterMail vM.9.05.01.00 201-2473-137-123) ready Thu, 16 Nov 2017 10:54:02 +0000
250 Sender <xx2> Ok
250 Recipient <xx1> Ok
354 Ok Send data ending with <CRLF>.<CRLF>
250 Message received: 20171116105402.BAQ522.mx-10-49-58-127.openwave.com@[10.37.2.214]
221 mx-10-49-58-127.openwave.com ESMTP server closing connection


!!!!!!!!!!!!!!!!!!!!!!!!!!!!Sending message15!!!!!!!!!!!!!!!!!!!!!!!!!!!!


\ sending message15:


220 mx-10-49-58-127.openwave.com ESMTP server (InterMail vM.9.05.01.00 201-2473-137-123) ready Thu, 16 Nov 2017 10:54:03 +0000
250 Sender <xx2> Ok
250 Recipient <xx1> Ok
354 Ok Send data ending with <CRLF>.<CRLF>
250 Message received: 20171116105403.BAR522.mx-10-49-58-127.openwave.com@[10.37.2.214]
221 mx-10-49-58-127.openwave.com ESMTP server closing connection


!!!!!!!!!!!!!!!!!!!!!!!!!!!!Sending message16!!!!!!!!!!!!!!!!!!!!!!!!!!!!


\ sending message16:


220 mx-10-49-58-127.openwave.com ESMTP server (InterMail vM.9.05.01.00 201-2473-137-123) ready Thu, 16 Nov 2017 10:54:03 +0000
250 Sender <xx2> Ok
250 Recipient <xx1> Ok
354 Ok Send data ending with <CRLF>.<CRLF>
250 Message received: 20171116105404.BAS522.mx-10-49-58-127.openwave.com@[10.37.2.214]
221 mx-10-49-58-127.openwave.com ESMTP server closing connection


!!!!!!!!!!!!!!!!!!!!!!!!!!!!Sending message17!!!!!!!!!!!!!!!!!!!!!!!!!!!!


\ sending message17:


220 mx-10-49-58-127.openwave.com ESMTP server (InterMail vM.9.05.01.00 201-2473-137-123) ready Thu, 16 Nov 2017 10:54:04 +0000
250 Sender <xx2> Ok
250 Recipient <xx1> Ok
354 Ok Send data ending with <CRLF>.<CRLF>
250 Message received: 20171116105405.BAT522.mx-10-49-58-127.openwave.com@[10.37.2.214]
221 mx-10-49-58-127.openwave.com ESMTP server closing connection


!!!!!!!!!!!!!!!!!!!!!!!!!!!!Sending message18!!!!!!!!!!!!!!!!!!!!!!!!!!!!


\ sending message18:


220 mx-10-49-58-127.openwave.com ESMTP server (InterMail vM.9.05.01.00 201-2473-137-123) ready Thu, 16 Nov 2017 10:54:05 +0000
250 Sender <xx2> Ok
250 Recipient <xx1> Ok
354 Ok Send data ending with <CRLF>.<CRLF>
250 Message received: 20171116105405.BAU522.mx-10-49-58-127.openwave.com@[10.37.2.214]
221 mx-10-49-58-127.openwave.com ESMTP server closing connection


!!!!!!!!!!!!!!!!!!!!!!!!!!!!Sending message19!!!!!!!!!!!!!!!!!!!!!!!!!!!!


\ sending message19:


220 mx-10-49-58-127.openwave.com ESMTP server (InterMail vM.9.05.01.00 201-2473-137-123) ready Thu, 16 Nov 2017 10:54:06 +0000
250 Sender <xx2> Ok
250 Recipient <xx1> Ok
354 Ok Send data ending with <CRLF>.<CRLF>
250 Message received: 20171116105406.BAV522.mx-10-49-58-127.openwave.com@[10.37.2.214]
221 mx-10-49-58-127.openwave.com ESMTP server closing connection


!!!!!!!!!!!!!!!!!!!!!!!!!!!!Sending message20!!!!!!!!!!!!!!!!!!!!!!!!!!!!


\ sending message20:


220 mx-10-49-58-127.openwave.com ESMTP server (InterMail vM.9.05.01.00 201-2473-137-123) ready Thu, 16 Nov 2017 10:54:07 +0000
250 Sender <xx2> Ok
250 Recipient <xx1> Ok
354 Ok Send data ending with <CRLF>.<CRLF>
250 Message received: 20171116105407.BAW522.mx-10-49-58-127.openwave.com@[10.37.2.214]
221 mx-10-49-58-127.openwave.com ESMTP server closing connection


!!!!!!!!!!!!!!!!!!!!!!!!!!!!Sending message21!!!!!!!!!!!!!!!!!!!!!!!!!!!!


\ sending message21:


220 mx-10-49-58-127.openwave.com ESMTP server (InterMail vM.9.05.01.00 201-2473-137-123) ready Thu, 16 Nov 2017 10:54:08 +0000
250 Sender <xx2> Ok
250 Recipient <xx1> Ok
354 Ok Send data ending with <CRLF>.<CRLF>
250 Message received: 20171116105408.BAX522.mx-10-49-58-127.openwave.com@[10.37.2.214]
221 mx-10-49-58-127.openwave.com ESMTP server closing connection


!!!!!!!!!!!!!!!!!!!!!!!!!!!!Sending message22!!!!!!!!!!!!!!!!!!!!!!!!!!!!


\ sending message22:


220 mx-10-49-58-127.openwave.com ESMTP server (InterMail vM.9.05.01.00 201-2473-137-123) ready Thu, 16 Nov 2017 10:54:09 +0000
250 Sender <xx2> Ok
250 Recipient <xx1> Ok
354 Ok Send data ending with <CRLF>.<CRLF>
250 Message received: 20171116105409.BAY522.mx-10-49-58-127.openwave.com@[10.37.2.214]
221 mx-10-49-58-127.openwave.com ESMTP server closing connection


!!!!!!!!!!!!!!!!!!!!!!!!!!!!Sending message23!!!!!!!!!!!!!!!!!!!!!!!!!!!!


\ sending message23:


220 mx-10-49-58-127.openwave.com ESMTP server (InterMail vM.9.05.01.00 201-2473-137-123) ready Thu, 16 Nov 2017 10:54:09 +0000
250 Sender <xx2> Ok
250 Recipient <xx1> Ok
354 Ok Send data ending with <CRLF>.<CRLF>
250 Message received: 20171116105410.BAZ522.mx-10-49-58-127.openwave.com@[10.37.2.214]
221 mx-10-49-58-127.openwave.com ESMTP server closing connection


!!!!!!!!!!!!!!!!!!!!!!!!!!!!Sending message24!!!!!!!!!!!!!!!!!!!!!!!!!!!!


\ sending message24:


220 mx-10-49-58-127.openwave.com ESMTP server (InterMail vM.9.05.01.00 201-2473-137-123) ready Thu, 16 Nov 2017 10:54:10 +0000
250 Sender <xx2> Ok
250 Recipient <xx1> Ok
354 Ok Send data ending with <CRLF>.<CRLF>
250 Message received: 20171116105411.BBA522.mx-10-49-58-127.openwave.com@[10.37.2.214]
221 mx-10-49-58-127.openwave.com ESMTP server closing connection


!!!!!!!!!!!!!!!!!!!!!!!!!!!!Sending message25!!!!!!!!!!!!!!!!!!!!!!!!!!!!


\ sending message25:


220 mx-10-49-58-127.openwave.com ESMTP server (InterMail vM.9.05.01.00 201-2473-137-123) ready Thu, 16 Nov 2017 10:54:11 +0000
250 Sender <xx2> Ok
250 Recipient <xx1> Ok
354 Ok Send data ending with <CRLF>.<CRLF>
250 Message received: 20171116105411.BBB522.mx-10-49-58-127.openwave.com@[10.37.2.214]
221 mx-10-49-58-127.openwave.com ESMTP server closing connection
