1c1
< * 1 FETCH (FIRSTLINE ("<html> <head> <title>THis is a test Html</title> <head> <body>  hahahahaha"))
---
> * 1 FETCH (FIRSTLINE ("<html> <head> <title>THis is a test Html</title> <head> <body>   hahahahaha"))
1c1
< * 1 FETCH (FIRSTLINE ("<html> <head> <title>THis is a test Html</title> <head> <body>  hahahahaha"))
---
> * 1 FETCH (FIRSTLINE ("<html> <head> <title>THis is a test Html</title> <head> <body>   hahahahaha"))
1c1
< * 1 FETCH (FIRSTLINE ("<html> <head> <title>THis is a test Html</title> <head> <body>  hahahahaha"))
---
> * 1 FETCH (FIRSTLINE ("<html> <head> <title>THis is a test Html</title> <head> <body>   hahahahaha"))
1c1
< * 1 FETCH (FIRSTLINE ("PGh0bWw+CjxoZWFkPgo8dGl0bGU+VEhpcyBpcyBhIHRlc3QgSHRtbDwvdGl0bGU+CjxoZWFkPgo8 Ym"))
---
> * 1 FETCH (FIRSTLINE ("<html> <head> <title>THis is a test Html</title> <head> <body>  hahahahaha"))
1c1
< * 1 FETCH (FIRSTLINE ("PGh0bWw+CjxoZWFkPgo8dGl0bGU+VEhpcyBpcyBhIHRlc3QgSHRtbDwvdGl0bGU+CjxoZWFkPgo8 Ym"))
---
> * 1 FETCH (FIRSTLINE ("<html> <head> <title>THis is a test Html</title> <head> <body>  hahahahaha"))
1c1
< * 1 FETCH (FIRSTLINE ("<html> <head> <title>THis is a test Html</title> <head> <b"))
---
> * 1 FETCH (FIRSTLINE ("<html> <head> <title>THis is a test Html</title> <head> <body>  hahahahaha"))
1c1
< * 1 FETCH (FIRSTLINE ("<html> <head> <title>THis is a test Html</title> <head> <body>  hahahahaha,we a"))
---
> * 1 FETCH (FIRSTLINE ("<html> <head> <title>THis is a test Html</title> <head> <b"))
1c1
< * 1 FETCH (FIRSTLINE ("<html> <head> <title>THis is a test Html</title> <head> <body>  hahahahaha"))
---
> * 1 FETCH (FIRSTLINE ("<html> <head> <title>THis is a test Html</title> <head> <b"))
====current path is:/home/ram/Desktop/MX9.5/Testcases/body_preview/3-Logic of selecting the firstline data/Testcases-body-preview-deal-spaces-encode-enhanced-new/good/Type-html-content-IMAP-SMTP================

================Type-html-content-IMAP-SMTP Test finished===============

====current path is:Type-html-content-IMAP-SMTP================
====running logic-messagesend-IMAP-append-7bit ========
====running logic-messagesend-IMAP-append-8bit ========
====running logic-messagesend-IMAP-append-base64 ========
====running logic-messagesend-IMAP-append-quoted-printable ========
====running logic-messagesend-SMTP-7bit ========
====running logic-messagesend-SMTP-8bit ========
====running logic-messagesend-SMTP-base64 ========
====running logic-messagesend-SMTP-quoted-printable ========
================Type-html-content-IMAP-SMTP Test finished===============
====current path is:Type-html-content-IMAP-SMTP====================current path is:Type-html-content-IMAP-SMTP================
====running logic-messagesend-IMAP-append-7bit ============running logic-messagesend-IMAP-append-7bit ========
====running logic-messagesend-IMAP-append-8bit ============running logic-messagesend-IMAP-append-8bit ========
====running logic-messagesend-IMAP-append-base64 ========
====running logic-messagesend-IMAP-append-quoted-printable ========
====running logic-messagesend-SMTP-7bit ========
====running logic-messagesend-SMTP-8bit ========
====running logic-messagesend-SMTP-base64 ========
====running logic-messagesend-SMTP-quoted-printable ========
================Type-html-content-IMAP-SMTP Test finished===============
====current path is:Type-html-content-IMAP-SMTP====================current path is:Type-html-content-IMAP-SMTP================
====running logic-messagesend-IMAP-append-7bit ============running logic-messagesend-IMAP-append-7bit ========
====running logic-messagesend-IMAP-append-8bit ============running logic-messagesend-IMAP-append-8bit ========
====running logic-messagesend-IMAP-append-base64 ========
====running logic-messagesend-IMAP-append-quoted-printable ========
====running logic-messagesend-SMTP-7bit ========
====running logic-messagesend-SMTP-8bit ========
====running logic-messagesend-SMTP-base64 ========
====running logic-messagesend-SMTP-quoted-printable ========
================Type-html-content-IMAP-SMTP Test finished===============
====current path is:Type-html-content-IMAP-SMTP====================current path is:Type-html-content-IMAP-SMTP================
====running logic-messagesend-IMAP-append-7bit ============running logic-messagesend-IMAP-append-7bit ========
====running logic-messagesend-IMAP-append-8bit ============running logic-messagesend-IMAP-append-8bit ========
====running logic-messagesend-IMAP-append-base64 ========
====running logic-messagesend-IMAP-append-quoted-printable ========
====running logic-messagesend-SMTP-7bit ========
====running logic-messagesend-SMTP-8bit ========
====running logic-messagesend-SMTP-base64 ========
====running logic-messagesend-SMTP-quoted-printable ========
================Type-html-content-IMAP-SMTP Test finished===============
1c1
< * 1 FETCH (FIRSTLINE ("<html> <head> <title>THis is a test Html</title> <head> <body>  hahahahaha,we ar"))
---
> * 1 FETCH (FIRSTLINE ("<html> <head> <title>THis is a test Html</title> <head> <body>  hahahahaha"))
1c1
< * 1 FETCH (FIRSTLINE ("<html> <head> <title>THis is a test Html</title> <head> <body>  hahahahaha,we ar"))
---
> * 1 FETCH (FIRSTLINE ("<html> <head> <title>THis is a test Html</title> <head> <body>  hahahahaha"))
1c1
< * 1 FETCH (FIRSTLINE ("<html> <head> <title>THis is a test Html</title> <head> <body>  hahahahaha,we ar"))
---
> * 1 FETCH (FIRSTLINE ("<html> <head> <title>THis is a test Html</title> <head> <body>  hahahahaha"))
1c1
< * 1 FETCH (FIRSTLINE ("<html> <head> <title>THis is a test Html</title> <head> <body>  hahahahaha,we ar"))
---
> * 1 FETCH (FIRSTLINE ("<html> <head> <title>THis is a test Html</title> <head> <body>  hahahahaha"))
1c1
< * 1 FETCH (FIRSTLINE ("<html> <head> <title>THis is a test Html</title> <head> <body>  hahahahaha,we ar"))
---
> * 1 FETCH (FIRSTLINE ("<html> <head> <title>THis is a test Html</title> <head> <body>  hahahahaha"))
1c1
< * 1 FETCH (FIRSTLINE ("<html> <head> <title>THis is a test Html</title> <head> <body>  hahahahaha,we ar"))
---
> * 1 FETCH (FIRSTLINE ("<html> <head> <title>THis is a test Html</title> <head> <body>  hahahahaha"))
1c1
< * 1 FETCH (FIRSTLINE ("<html> <head> <title>THis is a test Html</title> <head> <body>  hahahahaha,we ar"))
---
> * 1 FETCH (FIRSTLINE ("<html> <head> <title>THis is a test Html</title> <head> <body>  hahahahaha"))
1c1
< * 1 FETCH (FIRSTLINE ("<html> <head> <title>THis is a test Html</title> <head> <body>  hahahahaha,we ar"))
---
> * 1 FETCH (FIRSTLINE ("<html> <head> <title>THis is a test Html</title> <head> <body>  hahahahaha"))
1c1
< * 1 FETCH (FIRSTLINE ("<html> <head> <title>THis is a test Html</title> <head> <body>  hahahahaha,we ar"))
---
> * 1 FETCH (FIRSTLINE ("<html> <head> <title>THis is a test Html</title> <head> <body>  hahahahaha"))
1c1
< * 1 FETCH (FIRSTLINE ("<html> <head> <title>THis is a test Html</title> <head> <body>  hahahahaha,we ar"))
---
> * 1 FETCH (FIRSTLINE ("<html> <head> <title>THis is a test Html</title> <head> <body>  hahahahaha"))
1c1
< * 1 FETCH (FIRSTLINE ("<html> <head> <title>THis is a test Html</title> <head> <body>  hahahahaha,we ar"))
---
> * 1 FETCH (FIRSTLINE ("<html> <head> <title>THis is a test Html</title> <head> <body>  hahahahaha"))
