

!!!!!!!!!!!!!!!!!!!!!!!!!!!!Sending message1!!!!!!!!!!!!!!!!!!!!!!!!!!!!


\ sending message1:


220 mx-10-49-58-127.openwave.com ESMTP server (InterMail vM.9.05.01.00 201-2473-137-123) ready Thu, 16 Nov 2017 09:32:08 +0000
250 Sender <xx2> Ok
250 Recipient <xx1> Ok
354 Ok Send data ending with <CRLF>.<CRLF>
250 Message received: 20171116093209.AKT522.mx-10-49-58-127.openwave.com@[10.37.2.214]
221 mx-10-49-58-127.openwave.com ESMTP server closing connection


!!!!!!!!!!!!!!!!!!!!!!!!!!!!Sending message2!!!!!!!!!!!!!!!!!!!!!!!!!!!!


\ sending message2:


220 mx-10-49-58-127.openwave.com ESMTP server (InterMail vM.9.05.01.00 201-2473-137-123) ready Thu, 16 Nov 2017 09:32:09 +0000
250 Sender <xx2> Ok
250 Recipient <xx1> Ok
354 Ok Send data ending with <CRLF>.<CRLF>
250 Message received: 20171116093210.AKU522.mx-10-49-58-127.openwave.com@[10.37.2.214]
221 mx-10-49-58-127.openwave.com ESMTP server closing connection


!!!!!!!!!!!!!!!!!!!!!!!!!!!!Sending message3!!!!!!!!!!!!!!!!!!!!!!!!!!!!


\ sending message3:


220 mx-10-49-58-127.openwave.com ESMTP server (InterMail vM.9.05.01.00 201-2473-137-123) ready Thu, 16 Nov 2017 09:32:10 +0000
250 Sender <xx2> Ok
250 Recipient <xx1> Ok
354 Ok Send data ending with <CRLF>.<CRLF>
250 Message received: 20171116093210.AKV522.mx-10-49-58-127.openwave.com@[10.37.2.214]
221 mx-10-49-58-127.openwave.com ESMTP server closing connection


!!!!!!!!!!!!!!!!!!!!!!!!!!!!Sending message4!!!!!!!!!!!!!!!!!!!!!!!!!!!!


\ sending message4:


220 mx-10-49-58-127.openwave.com ESMTP server (InterMail vM.9.05.01.00 201-2473-137-123) ready Thu, 16 Nov 2017 09:32:11 +0000
250 Sender <xx2> Ok
250 Recipient <xx1> Ok
354 Ok Send data ending with <CRLF>.<CRLF>
250 Message received: 20171116093211.AKW522.mx-10-49-58-127.openwave.com@[10.37.2.214]
221 mx-10-49-58-127.openwave.com ESMTP server closing connection


!!!!!!!!!!!!!!!!!!!!!!!!!!!!Sending message5!!!!!!!!!!!!!!!!!!!!!!!!!!!!


\ sending message5:


220 mx-10-49-58-127.openwave.com ESMTP server (InterMail vM.9.05.01.00 201-2473-137-123) ready Thu, 16 Nov 2017 09:32:12 +0000
250 Sender <xx2> Ok
250 Recipient <xx1> Ok
354 Ok Send data ending with <CRLF>.<CRLF>
250 Message received: 20171116093212.AKX522.mx-10-49-58-127.openwave.com@[10.37.2.214]
221 mx-10-49-58-127.openwave.com ESMTP server closing connection


!!!!!!!!!!!!!!!!!!!!!!!!!!!!Sending message6!!!!!!!!!!!!!!!!!!!!!!!!!!!!


\ sending message6:


220 mx-10-49-58-127.openwave.com ESMTP server (InterMail vM.9.05.01.00 201-2473-137-123) ready Thu, 16 Nov 2017 09:32:13 +0000
250 Sender <xx2> Ok
250 Recipient <xx1> Ok
354 Ok Send data ending with <CRLF>.<CRLF>
250 Message received: 20171116093213.AKY522.mx-10-49-58-127.openwave.com@[10.37.2.214]
221 mx-10-49-58-127.openwave.com ESMTP server closing connection


!!!!!!!!!!!!!!!!!!!!!!!!!!!!Sending message7!!!!!!!!!!!!!!!!!!!!!!!!!!!!


\ sending message7:


220 mx-10-49-58-127.openwave.com ESMTP server (InterMail vM.9.05.01.00 201-2473-137-123) ready Thu, 16 Nov 2017 09:32:14 +0000
250 Sender <xx2> Ok
250 Recipient <xx1> Ok
354 Ok Send data ending with <CRLF>.<CRLF>
250 Message received: 20171116093214.AKZ522.mx-10-49-58-127.openwave.com@[10.37.2.214]
221 mx-10-49-58-127.openwave.com ESMTP server closing connection


!!!!!!!!!!!!!!!!!!!!!!!!!!!!Sending message8!!!!!!!!!!!!!!!!!!!!!!!!!!!!


\ sending message8:


220 mx-10-49-58-127.openwave.com ESMTP server (InterMail vM.9.05.01.00 201-2473-137-123) ready Thu, 16 Nov 2017 09:32:14 +0000
250 Sender <xx2> Ok
250 Recipient <xx1> Ok
354 Ok Send data ending with <CRLF>.<CRLF>
250 Message received: 20171116093215.ALA522.mx-10-49-58-127.openwave.com@[10.37.2.214]
221 mx-10-49-58-127.openwave.com ESMTP server closing connection


!!!!!!!!!!!!!!!!!!!!!!!!!!!!Sending message9!!!!!!!!!!!!!!!!!!!!!!!!!!!!


\ sending message9:


220 mx-10-49-58-127.openwave.com ESMTP server (InterMail vM.9.05.01.00 201-2473-137-123) ready Thu, 16 Nov 2017 09:32:15 +0000
250 Sender <xx2> Ok
250 Recipient <xx1> Ok
354 Ok Send data ending with <CRLF>.<CRLF>
250 Message received: 20171116093216.ALB522.mx-10-49-58-127.openwave.com@[10.37.2.214]
221 mx-10-49-58-127.openwave.com ESMTP server closing connection


!!!!!!!!!!!!!!!!!!!!!!!!!!!!Sending message10!!!!!!!!!!!!!!!!!!!!!!!!!!!!


\ sending message10:


220 mx-10-49-58-127.openwave.com ESMTP server (InterMail vM.9.05.01.00 201-2473-137-123) ready Thu, 16 Nov 2017 09:32:16 +0000
250 Sender <xx2> Ok
250 Recipient <xx1> Ok
354 Ok Send data ending with <CRLF>.<CRLF>
250 Message received: 20171116093216.ALC522.mx-10-49-58-127.openwave.com@[10.37.2.214]
221 mx-10-49-58-127.openwave.com ESMTP server closing connection


!!!!!!!!!!!!!!!!!!!!!!!!!!!!Sending message11!!!!!!!!!!!!!!!!!!!!!!!!!!!!


\ sending message11:


220 mx-10-49-58-127.openwave.com ESMTP server (InterMail vM.9.05.01.00 201-2473-137-123) ready Thu, 16 Nov 2017 09:32:17 +0000
250 Sender <xx2> Ok
250 Recipient <xx1> Ok
354 Ok Send data ending with <CRLF>.<CRLF>
250 Message received: 20171116093217.ALD522.mx-10-49-58-127.openwave.com@[10.37.2.214]
221 mx-10-49-58-127.openwave.com ESMTP server closing connection


!!!!!!!!!!!!!!!!!!!!!!!!!!!!Sending message12!!!!!!!!!!!!!!!!!!!!!!!!!!!!


\ sending message12:


220 mx-10-49-58-127.openwave.com ESMTP server (InterMail vM.9.05.01.00 201-2473-137-123) ready Thu, 16 Nov 2017 09:32:18 +0000
250 Sender <xx2> Ok
250 Recipient <xx1> Ok
354 Ok Send data ending with <CRLF>.<CRLF>
250 Message received: 20171116093218.ALE522.mx-10-49-58-127.openwave.com@[10.37.2.214]
221 mx-10-49-58-127.openwave.com ESMTP server closing connection


!!!!!!!!!!!!!!!!!!!!!!!!!!!!Sending message13!!!!!!!!!!!!!!!!!!!!!!!!!!!!


\ sending message13:


220 mx-10-49-58-127.openwave.com ESMTP server (InterMail vM.9.05.01.00 201-2473-137-123) ready Thu, 16 Nov 2017 09:32:19 +0000
250 Sender <xx2> Ok
250 Recipient <xx1> Ok
354 Ok Send data ending with <CRLF>.<CRLF>
250 Message received: 20171116093219.ALF522.mx-10-49-58-127.openwave.com@[10.37.2.214]
221 mx-10-49-58-127.openwave.com ESMTP server closing connection


!!!!!!!!!!!!!!!!!!!!!!!!!!!!Sending message14!!!!!!!!!!!!!!!!!!!!!!!!!!!!


\ sending message14:


220 mx-10-49-58-127.openwave.com ESMTP server (InterMail vM.9.05.01.00 201-2473-137-123) ready Thu, 16 Nov 2017 09:32:20 +0000
250 Sender <xx2> Ok
250 Recipient <xx1> Ok
354 Ok Send data ending with <CRLF>.<CRLF>
250 Message received: 20171116093220.ALG522.mx-10-49-58-127.openwave.com@[10.37.2.214]
221 mx-10-49-58-127.openwave.com ESMTP server closing connection


!!!!!!!!!!!!!!!!!!!!!!!!!!!!Sending message15!!!!!!!!!!!!!!!!!!!!!!!!!!!!


\ sending message15:


220 mx-10-49-58-127.openwave.com ESMTP server (InterMail vM.9.05.01.00 201-2473-137-123) ready Thu, 16 Nov 2017 09:32:20 +0000
250 Sender <xx2> Ok
250 Recipient <xx1> Ok
354 Ok Send data ending with <CRLF>.<CRLF>
250 Message received: 20171116093221.ALH522.mx-10-49-58-127.openwave.com@[10.37.2.214]
221 mx-10-49-58-127.openwave.com ESMTP server closing connection


!!!!!!!!!!!!!!!!!!!!!!!!!!!!Sending message16!!!!!!!!!!!!!!!!!!!!!!!!!!!!


\ sending message16:


220 mx-10-49-58-127.openwave.com ESMTP server (InterMail vM.9.05.01.00 201-2473-137-123) ready Thu, 16 Nov 2017 09:32:21 +0000
250 Sender <xx2> Ok
250 Recipient <xx1> Ok
354 Ok Send data ending with <CRLF>.<CRLF>
250 Message received: 20171116093222.ALI522.mx-10-49-58-127.openwave.com@[10.37.2.214]
221 mx-10-49-58-127.openwave.com ESMTP server closing connection


!!!!!!!!!!!!!!!!!!!!!!!!!!!!Sending message17!!!!!!!!!!!!!!!!!!!!!!!!!!!!


\ sending message17:


220 mx-10-49-58-127.openwave.com ESMTP server (InterMail vM.9.05.01.00 201-2473-137-123) ready Thu, 16 Nov 2017 09:32:22 +0000
250 Sender <xx2> Ok
250 Recipient <xx1> Ok
354 Ok Send data ending with <CRLF>.<CRLF>
250 Message received: 20171116093222.ALJ522.mx-10-49-58-127.openwave.com@[10.37.2.214]
221 mx-10-49-58-127.openwave.com ESMTP server closing connection


!!!!!!!!!!!!!!!!!!!!!!!!!!!!Sending message18!!!!!!!!!!!!!!!!!!!!!!!!!!!!


\ sending message18:


220 mx-10-49-58-127.openwave.com ESMTP server (InterMail vM.9.05.01.00 201-2473-137-123) ready Thu, 16 Nov 2017 09:32:23 +0000
250 Sender <xx2> Ok
250 Recipient <xx1> Ok
354 Ok Send data ending with <CRLF>.<CRLF>
250 Message received: 20171116093223.ALK522.mx-10-49-58-127.openwave.com@[10.37.2.214]
221 mx-10-49-58-127.openwave.com ESMTP server closing connection


!!!!!!!!!!!!!!!!!!!!!!!!!!!!Sending message19!!!!!!!!!!!!!!!!!!!!!!!!!!!!


\ sending message19:


220 mx-10-49-58-127.openwave.com ESMTP server (InterMail vM.9.05.01.00 201-2473-137-123) ready Thu, 16 Nov 2017 09:32:24 +0000
250 Sender <xx2> Ok
250 Recipient <xx1> Ok
354 Ok Send data ending with <CRLF>.<CRLF>
250 Message received: 20171116093224.ALL522.mx-10-49-58-127.openwave.com@[10.37.2.214]
221 mx-10-49-58-127.openwave.com ESMTP server closing connection


!!!!!!!!!!!!!!!!!!!!!!!!!!!!Sending message20!!!!!!!!!!!!!!!!!!!!!!!!!!!!


\ sending message20:


220 mx-10-49-58-127.openwave.com ESMTP server (InterMail vM.9.05.01.00 201-2473-137-123) ready Thu, 16 Nov 2017 09:32:25 +0000
250 Sender <xx2> Ok
250 Recipient <xx1> Ok
354 Ok Send data ending with <CRLF>.<CRLF>
250 Message received: 20171116093225.ALM522.mx-10-49-58-127.openwave.com@[10.37.2.214]
221 mx-10-49-58-127.openwave.com ESMTP server closing connection


!!!!!!!!!!!!!!!!!!!!!!!!!!!!Sending message21!!!!!!!!!!!!!!!!!!!!!!!!!!!!


\ sending message21:


220 mx-10-49-58-127.openwave.com ESMTP server (InterMail vM.9.05.01.00 201-2473-137-123) ready Thu, 16 Nov 2017 09:32:26 +0000
250 Sender <xx2> Ok
250 Recipient <xx1> Ok
354 Ok Send data ending with <CRLF>.<CRLF>
250 Message received: 20171116093226.ALN522.mx-10-49-58-127.openwave.com@[10.37.2.214]
221 mx-10-49-58-127.openwave.com ESMTP server closing connection


!!!!!!!!!!!!!!!!!!!!!!!!!!!!Sending message22!!!!!!!!!!!!!!!!!!!!!!!!!!!!


\ sending message22:


220 mx-10-49-58-127.openwave.com ESMTP server (InterMail vM.9.05.01.00 201-2473-137-123) ready Thu, 16 Nov 2017 09:32:26 +0000
250 Sender <xx2> Ok
250 Recipient <xx1> Ok
354 Ok Send data ending with <CRLF>.<CRLF>
250 Message received: 20171116093227.ALO522.mx-10-49-58-127.openwave.com@[10.37.2.214]
221 mx-10-49-58-127.openwave.com ESMTP server closing connection


!!!!!!!!!!!!!!!!!!!!!!!!!!!!Sending message23!!!!!!!!!!!!!!!!!!!!!!!!!!!!


\ sending message23:


220 mx-10-49-58-127.openwave.com ESMTP server (InterMail vM.9.05.01.00 201-2473-137-123) ready Thu, 16 Nov 2017 09:32:27 +0000
250 Sender <xx2> Ok
250 Recipient <xx1> Ok
354 Ok Send data ending with <CRLF>.<CRLF>
250 Message received: 20171116093228.ALP522.mx-10-49-58-127.openwave.com@[10.37.2.214]
221 mx-10-49-58-127.openwave.com ESMTP server closing connection


!!!!!!!!!!!!!!!!!!!!!!!!!!!!Sending message24!!!!!!!!!!!!!!!!!!!!!!!!!!!!


\ sending message24:


220 mx-10-49-58-127.openwave.com ESMTP server (InterMail vM.9.05.01.00 201-2473-137-123) ready Thu, 16 Nov 2017 09:32:28 +0000
250 Sender <xx2> Ok
250 Recipient <xx1> Ok
354 Ok Send data ending with <CRLF>.<CRLF>
250 Message received: 20171116093228.ALQ522.mx-10-49-58-127.openwave.com@[10.37.2.214]
221 mx-10-49-58-127.openwave.com ESMTP server closing connection


!!!!!!!!!!!!!!!!!!!!!!!!!!!!Sending message25!!!!!!!!!!!!!!!!!!!!!!!!!!!!


\ sending message25:


220 mx-10-49-58-127.openwave.com ESMTP server (InterMail vM.9.05.01.00 201-2473-137-123) ready Thu, 16 Nov 2017 09:32:29 +0000
250 Sender <xx2> Ok
250 Recipient <xx1> Ok
354 Ok Send data ending with <CRLF>.<CRLF>
250 Message received: 20171116093229.ALR522.mx-10-49-58-127.openwave.com@[10.37.2.214]
221 mx-10-49-58-127.openwave.com ESMTP server closing connection
