imapmail: host[10.49.58.118] port[20143] user[ar30415] pass[p] folder[inbox] message[2]
xx OK LOGIN completed
* 2 EXISTS
* OK [UNSEEN 1] First unseen message
* OK [UIDVALIDITY 1510214534] UIDs valid
* OK [UIDNEXT 1002] Predicted next UID
* FLAGS (\Answered \Flagged \Deleted \Draft \Seen)
* OK [PERMANENTFLAGS (\* \Answered \Flagged \Deleted \Draft \Seen)] Permanent flags
* 1 RECENT
xx OK [READ-WRITE] SELECT completed
* 2 FETCH (BODY[] {534}
Return-Path: <>
Subject: Re: test message about autoreply feature
To: ar30415@openwave.com
From: "Auto-reply from ar1845@openwave.com" <ar1845@openwave.com>
In-Reply-To: <20171109080459.AAX4894.mx-10-49-58-118.openwave.com@ar30415>
Precedence: bulk
Date: Thu, 9 Nov 2017 03:05:00 -0500
Message-ID: <20171109080500.AAY4894.mx-10-49-58-118.openwave.com@mx-10-49-58-118>
MIME-Version: 1.0
Content-Type: text/plain;
		charset=UTF-8
Content-Transfer-Encoding: 7bit


Reply,This is an autoreply message for internal senders!
 FLAGS (\Recent \Seen))
xx OK FETCH completed
* BYE IMAP4 server terminating connection
xx OK LOGOUT completed
