imapmail: host[10.49.58.118] port[20143] user[ar21270] pass[p] folder[inbox] message[2]
xx OK LOGIN completed
* 2 EXISTS
* OK [UNSEEN 1] First unseen message
* OK [UIDVALIDITY 1510929990] UIDs valid
* OK [UIDNEXT 1002] Predicted next UID
* FLAGS (\Answered \Flagged \Deleted \Draft \Seen)
* OK [PERMANENTFLAGS (\* \Answered \Flagged \Deleted \Draft \Seen)] Permanent flags
* 1 RECENT
xx OK [READ-WRITE] SELECT completed
* 2 FETCH (BODY[] {539}
Return-Path: <>
Subject: Re: test message about autoreply feature
To: ar21270@openwave.com
From: "Auto-reply from ar32714@openwave.com" <ar32714@openwave.com>
In-Reply-To: <20171117145024.AAT28858.mx-10-49-58-118.openwave.com@ar21270>
Precedence: bulk
Date: Fri, 17 Nov 2017 09:50:25 -0500
Message-ID: <20171117145025.AAU28858.mx-10-49-58-118.openwave.com@mx-10-49-58-118>
MIME-Version: 1.0
Content-Type: text/plain;
		charset=UTF-8
Content-Transfer-Encoding: 7bit


Reply,This is an autoreply message for internal senders!
 FLAGS (\Recent \Seen))
xx OK FETCH completed
* BYE IMAP4 server terminating connection
xx OK LOGOUT completed
