imapmail: host[10.49.58.118] port[20143] user[ar4002] pass[p] folder[inbox] message[2]
xx OK LOGIN completed
* 2 EXISTS
* OK [UNSEEN 1] First unseen message
* OK [UIDVALIDITY 1510799228] UIDs valid
* OK [UIDNEXT 1002] Predicted next UID
* FLAGS (\Answered \Flagged \Deleted \Draft \Seen)
* OK [PERMANENTFLAGS (\* \Answered \Flagged \Deleted \Draft \Seen)] Permanent flags
* 1 RECENT
xx OK [READ-WRITE] SELECT completed
* 2 FETCH (BODY[] {541}
Return-Path: <>
Subject: Re: test message about autoreply feature
To: ar4002@openwave.com
From: "Auto-reply from ar3312@openwave.com" <ar3312@openwave.com>
In-Reply-To: <20171116023037.ABK11909.mx-10-49-58-118.openwave.com@openwave.com>
Precedence: bulk
Date: Wed, 15 Nov 2017 21:30:38 -0500
Message-ID: <20171116023038.ABO11909.mx-10-49-58-118.openwave.com@mx-10-49-58-118>
MIME-Version: 1.0
Content-Type: text/plain;
		charset=UTF-8
Content-Transfer-Encoding: 7bit


Reply,This is an autoreply message for internal senders!
 FLAGS (\Recent \Seen))
xx OK FETCH completed
* BYE IMAP4 server terminating connection
xx OK LOGOUT completed
imapmail: host[10.49.58.118] port[20143] user[ar1800] pass[p] folder[inbox] message[2]
xx OK LOGIN completed
* 2 EXISTS
* OK [UNSEEN 1] First unseen message
* OK [UIDVALIDITY 1510799377] UIDs valid
* OK [UIDNEXT 1002] Predicted next UID
* FLAGS (\Answered \Flagged \Deleted \Draft \Seen)
* OK [PERMANENTFLAGS (\* \Answered \Flagged \Deleted \Draft \Seen)] Permanent flags
* 1 RECENT
xx OK [READ-WRITE] SELECT completed
* 2 FETCH (BODY[] {541}
Return-Path: <>
Subject: Re: test message about autoreply feature
To: ar1800@openwave.com
From: "Auto-reply from ar3312@openwave.com" <ar3312@openwave.com>
In-Reply-To: <20171116023037.ABN11909.mx-10-49-58-118.openwave.com@openwave.com>
Precedence: bulk
Date: Wed, 15 Nov 2017 21:30:38 -0500
Message-ID: <20171116023038.ABQ11909.mx-10-49-58-118.openwave.com@mx-10-49-58-118>
MIME-Version: 1.0
Content-Type: text/plain;
		charset=UTF-8
Content-Transfer-Encoding: 7bit


Reply,This is an autoreply message for internal senders!
 FLAGS (\Recent \Seen))
xx OK FETCH completed
* BYE IMAP4 server terminating connection
xx OK LOGOUT completed
imapmail: host[10.49.58.118] port[20143] user[ar7945] pass[p] folder[inbox] message[2]
xx OK LOGIN completed
* 2 EXISTS
* OK [UNSEEN 1] First unseen message
* OK [UIDVALIDITY 1510799230] UIDs valid
* OK [UIDNEXT 1002] Predicted next UID
* FLAGS (\Answered \Flagged \Deleted \Draft \Seen)
* OK [PERMANENTFLAGS (\* \Answered \Flagged \Deleted \Draft \Seen)] Permanent flags
* 1 RECENT
xx OK [READ-WRITE] SELECT completed
* 2 FETCH (BODY[] {546}
Return-Path: <>
Subject: Re: test message about autoreply feature
To: ar7945@whsasf.com
From: "Auto-reply from ar3312@openwave.com" <ar3312@openwave.com>
In-Reply-To: <20171116023037.ABM11909.mx-10-49-58-118.openwave.com@whsasf.com>
Precedence: bulk
Date: Wed, 15 Nov 2017 21:30:38 -0500
Message-ID: <20171116023038.ABP11909.mx-10-49-58-118.openwave.com@mx-10-49-58-118>
MIME-Version: 1.0
Content-Type: text/plain;
		charset=UTF-8
Content-Transfer-Encoding: 7bit


Reply,This is an external autoreply message for external senders!
 FLAGS (\Recent \Seen))
xx OK FETCH completed
* BYE IMAP4 server terminating connection
xx OK LOGOUT completed
imapmail: host[10.49.58.118] port[20143] user[ar8922] pass[p] folder[inbox] message[2]
xx OK LOGIN completed
* 2 EXISTS
* OK [UNSEEN 1] First unseen message
* OK [UIDVALIDITY 1510799379] UIDs valid
* OK [UIDNEXT 1002] Predicted next UID
* FLAGS (\Answered \Flagged \Deleted \Draft \Seen)
* OK [PERMANENTFLAGS (\* \Answered \Flagged \Deleted \Draft \Seen)] Permanent flags
* 1 RECENT
xx OK [READ-WRITE] SELECT completed
* 2 FETCH (BODY[] {546}
Return-Path: <>
Subject: Re: test message about autoreply feature
To: ar8922@whsasf.com
From: "Auto-reply from ar3312@openwave.com" <ar3312@openwave.com>
In-Reply-To: <20171116023037.ABL11909.mx-10-49-58-118.openwave.com@whsasf.com>
Precedence: bulk
Date: Wed, 15 Nov 2017 21:30:38 -0500
Message-ID: <20171116023038.ABR11909.mx-10-49-58-118.openwave.com@mx-10-49-58-118>
MIME-Version: 1.0
Content-Type: text/plain;
		charset=UTF-8
Content-Transfer-Encoding: 7bit


Reply,This is an external autoreply message for external senders!
 FLAGS (\Recent \Seen))
xx OK FETCH completed
* BYE IMAP4 server terminating connection
xx OK LOGOUT completed
