
!!!!!!!!!!!!!!!!!!!!!!!!!!!!fetching first line data!!!!!!!!!!!!!!!!!!!!!!!!!!!!!
* OK IMAP4 server (InterMail vM.9.05.01.00 201-2473-137-123) ready Thu, 16 Nov 2017 13:52:16 +0000 (GMT)
a OK LOGIN completed
* 1 EXISTS
* OK [UNSEEN 1] First unseen message
* OK [UIDVALIDITY 1510820600] UIDs valid
* OK [UIDNEXT 3068] Predicted next UID
* FLAGS (\Answered \Flagged \Deleted \Draft \Seen)
* OK [PERMANENTFLAGS (\* \Answered \Flagged \Deleted \Draft \Seen)] Permanent flags
* 1 RECENT
a OK [READ-WRITE] SELECT completed
* 1 FETCH (RFC822 {1631}
Return-Path: <xx2@openwave.com>
Received: from [10.37.2.214] by mx-10-49-58-127.openwave.com
          (InterMail vM.9.05.01.00 201-2473-137-123) with SMTP
          id <20171116135215.BGG522.mx-10-49-58-127.openwave.com@[10.37.2.214]>
          for <xx1@openwave.com>; Thu, 16 Nov 2017 13:52:15 +0000
Received: from [10.13.8.221] by mx-172-26-202-87.openwave.com
          (InterMail vM.9.05.00.00 201-2473-137-108) with ESMTP
          id <20170218154439.BHV23163.mx-172-26-202-87.openwave.com@[10.13.8.221]>
          for <xx1@openwave.com>; Sat, 18 Feb 2017 07:44:39 -0800
Return-Path: <xx2@openwave.com>
Subject: pure python attachment
Message-ID: <f4b68838-6988-d281-cad9-b0826c0c458d@openwave.com>
Date: Sat, 18 Feb 2017 23:44:38 +0800
User-Agent: Mozilla/5.0 (X11; Linux x86_64; rv:45.0) Gecko/20100101
 Thunderbird/45.7.0
MIME-Version: 1.0
Content-Type: multipart/mixed;
 boundary="------------5B4737F918E46C38B46FEF4F"
From: <xx2@openwave.com>

This is a multi-part message in MIME format.
--------------5B4737F918E46C38B46FEF4F
Content-Type: text/plain; charset=utf-8; format=flowed
Content-Transfer-Encoding: quoted-printable

--------------5B4737F918E46C38B46FEF4F
Content-Type: text/x-python;
 name="report-2.py"
Content-Transfer-Encoding: 7bit
Content-Disposition: attachment;
 filename="report-2.py"

# coding: utf-8 

# Run "python report.py" to generate the mxos test result summay

file_in=open('summary.log','rb')

feature_list=[
"Domain",
"Mailbox",
"Cos",
"Folder",
"Message",
"Notify",
"Address Book",
"Tasks",
]


--------------5B4737F918E46C38B46FEF4F--
 FLAGS (\Recent \Seen))
a OK FETCH completed
* 1 FETCH (FIRSTLINE (""))
a OK FETCH completed
* 1 FETCH (FIRSTLINE ("") UID 3067)
a OK UID FETCH completed
* BYE IMAP4 server terminating connection
a OK LOGOUT completed
