imapmail: host[10.49.58.118] port[20143] user[ar4911] pass[p] folder[inbox] message[2]
xx OK LOGIN completed
* 2 EXISTS
* OK [UNSEEN 1] First unseen message
* OK [UIDVALIDITY 1511142349] UIDs valid
* OK [UIDNEXT 1002] Predicted next UID
* FLAGS (\Answered \Flagged \Deleted \Draft \Seen)
* OK [PERMANENTFLAGS (\* \Answered \Flagged \Deleted \Draft \Seen)] Permanent flags
* 1 RECENT
xx OK [READ-WRITE] SELECT completed
* 2 FETCH (BODY[] {541}
Return-Path: <>
Subject: Re: test message about autoreply feature
To: ar4911@openwave.com
From: "Auto-reply from ar4805@openwave.com" <ar4805@openwave.com>
In-Reply-To: <20171120014623.AAX14943.mx-10-49-58-118.openwave.com@openwave.com>
Precedence: bulk
Date: Sun, 19 Nov 2017 20:46:24 -0500
Message-ID: <20171120014624.ABB14943.mx-10-49-58-118.openwave.com@mx-10-49-58-118>
MIME-Version: 1.0
Content-Type: text/plain;
		charset=UTF-8
Content-Transfer-Encoding: 7bit


Reply,This is an autoreply message for internal senders!
 FLAGS (\Recent \Seen))
xx OK FETCH completed
* BYE IMAP4 server terminating connection
xx OK LOGOUT completed
imapmail: host[10.49.58.118] port[20143] user[ar8579] pass[p] folder[inbox] message[2]
xx OK LOGIN completed
* 2 EXISTS
* OK [UNSEEN 1] First unseen message
* OK [UIDVALIDITY 1511142195] UIDs valid
* OK [UIDNEXT 1002] Predicted next UID
* FLAGS (\Answered \Flagged \Deleted \Draft \Seen)
* OK [PERMANENTFLAGS (\* \Answered \Flagged \Deleted \Draft \Seen)] Permanent flags
* 1 RECENT
xx OK [READ-WRITE] SELECT completed
* 2 FETCH (BODY[] {541}
Return-Path: <>
Subject: Re: test message about autoreply feature
To: ar8579@openwave.com
From: "Auto-reply from ar4805@openwave.com" <ar4805@openwave.com>
In-Reply-To: <20171120014623.AAY14943.mx-10-49-58-118.openwave.com@openwave.com>
Precedence: bulk
Date: Sun, 19 Nov 2017 20:46:24 -0500
Message-ID: <20171120014624.ABC14943.mx-10-49-58-118.openwave.com@mx-10-49-58-118>
MIME-Version: 1.0
Content-Type: text/plain;
		charset=UTF-8
Content-Transfer-Encoding: 7bit


Reply,This is an autoreply message for internal senders!
 FLAGS (\Recent \Seen))
xx OK FETCH completed
* BYE IMAP4 server terminating connection
xx OK LOGOUT completed
imapmail: host[10.49.58.118] port[20143] user[ar32319] pass[p] folder[inbox] message[2]
xx OK LOGIN completed
* 2 EXISTS
* OK [UNSEEN 1] First unseen message
* OK [UIDVALIDITY 1511142195] UIDs valid
* OK [UIDNEXT 1002] Predicted next UID
* FLAGS (\Answered \Flagged \Deleted \Draft \Seen)
* OK [PERMANENTFLAGS (\* \Answered \Flagged \Deleted \Draft \Seen)] Permanent flags
* 1 RECENT
xx OK [READ-WRITE] SELECT completed
* 2 FETCH (BODY[] {547}
Return-Path: <>
Subject: Re: test message about autoreply feature
To: ar32319@whsasf.com
From: "Auto-reply from ar4805@openwave.com" <ar4805@openwave.com>
In-Reply-To: <20171120014623.AAZ14943.mx-10-49-58-118.openwave.com@whsasf.com>
Precedence: bulk
Date: Sun, 19 Nov 2017 20:46:24 -0500
Message-ID: <20171120014624.ABD14943.mx-10-49-58-118.openwave.com@mx-10-49-58-118>
MIME-Version: 1.0
Content-Type: text/plain;
		charset=UTF-8
Content-Transfer-Encoding: 7bit


Reply,This is an external autoreply message for external senders!
 FLAGS (\Recent \Seen))
xx OK FETCH completed
* BYE IMAP4 server terminating connection
xx OK LOGOUT completed
imapmail: host[10.49.58.118] port[20143] user[ar30780] pass[p] folder[inbox] message[2]
xx OK LOGIN completed
* 2 EXISTS
* OK [UNSEEN 1] First unseen message
* OK [UIDVALIDITY 1511142351] UIDs valid
* OK [UIDNEXT 1002] Predicted next UID
* FLAGS (\Answered \Flagged \Deleted \Draft \Seen)
* OK [PERMANENTFLAGS (\* \Answered \Flagged \Deleted \Draft \Seen)] Permanent flags
* 1 RECENT
xx OK [READ-WRITE] SELECT completed
* 2 FETCH (BODY[] {547}
Return-Path: <>
Subject: Re: test message about autoreply feature
To: ar30780@whsasf.com
From: "Auto-reply from ar4805@openwave.com" <ar4805@openwave.com>
In-Reply-To: <20171120014623.AAW14943.mx-10-49-58-118.openwave.com@whsasf.com>
Precedence: bulk
Date: Sun, 19 Nov 2017 20:46:24 -0500
Message-ID: <20171120014624.ABA14943.mx-10-49-58-118.openwave.com@mx-10-49-58-118>
MIME-Version: 1.0
Content-Type: text/plain;
		charset=UTF-8
Content-Transfer-Encoding: 7bit


Reply,This is an external autoreply message for external senders!
 FLAGS (\Recent \Seen))
xx OK FETCH completed
* BYE IMAP4 server terminating connection
xx OK LOGOUT completed
