imapmail: host[10.49.58.118] port[20143] user[ar11387] pass[p] folder[inbox] message[2]
xx OK LOGIN completed
* 2 EXISTS
* OK [UNSEEN 1] First unseen message
* OK [UIDVALIDITY 1510300453] UIDs valid
* OK [UIDNEXT 1002] Predicted next UID
* FLAGS (\Answered \Flagged \Deleted \Draft \Seen)
* OK [PERMANENTFLAGS (\* \Answered \Flagged \Deleted \Draft \Seen)] Permanent flags
* 1 RECENT
xx OK [READ-WRITE] SELECT completed
* 2 FETCH (BODY[] {1418}
Return-Path: <>
Subject: Re: test message about autoreply feature
To: ar11387@whsasf.com
From: "Auto-reply from ar27770@openwave.com" <ar27770@openwave.com>
In-Reply-To: <20171110075646.AAH30268.mx-10-49-58-118.openwave.com@whsasf.com>
Precedence: bulk
Date: Fri, 10 Nov 2017 02:56:47 -0500
Message-ID: <20171110075647.AAI30268.mx-10-49-58-118.openwave.com@mx-10-49-58-118>
MIME-Version: 1.0
Content-Type: multipart/mixed;
		Boundary="===========================_ _= 8419772(30268)1510300607"


--===========================_ _= 8419772(30268)1510300607
Content-Type: text/plain; charset=UTF-8
Content-Transfer-Encoding: 7bit


Echo,This is an external autoreply message for external senders!

--===========================_ _= 8419772(30268)1510300607
Content-Type: message/rfc822

Received: from whsasf.com ([10.37.2.214]) by mx-10-49-58-118.openwave.com
          (InterMail vM.9.05.01.00 201-2473-137-123) with ESMTP
          id <20171110075646.AAH30268.mx-10-49-58-118.openwave.com@whsasf.com>
          for <ar27770@openwave.com>; Fri, 10 Nov 2017 02:56:46 -0500
Subject: test message about autoreply feature
To: ar27770@openwave.com
Date: Fri, 10 Nov 2017 02:56:47 -0500
Message-Id: <20171110075646.AAH30268.mx-10-49-58-118.openwave.com@whsasf.com>
From: <ar11387@whsasf.com>

Echo,This ia a wonderful world!!

--===========================_ _= 8419772(30268)1510300607--

 FLAGS (\Recent \Seen))
xx OK FETCH completed
* BYE IMAP4 server terminating connection
xx OK LOGOUT completed
